Could get FontBBox from font descriptor because None cannot be parsed as 4 floats
Could get FontBBox from font descriptor because None cannot be parsed as 4 floats
Could get FontBBox from font descriptor because None cannot be parsed as 4 floats
Could get FontBBox from font descriptor because None cannot be parsed as 4 floats
Could get FontBBox from font descriptor because None cannot be parsed as 4 floats
Could get FontBBox from font descriptor because None cannot be parsed as 4 floats
Could get FontBBox from font descriptor because None cannot be parsed as 4 floats
Could get FontBBox from font descriptor because None cannot be parsed as 4 floats
Could get FontBBox from font descriptor because None cannot be parsed as 4 floats
Could get FontBBox from font descriptor because None cannot be parsed as 4 floats
Cannot set gray stroke color because /'P20' is an invalid float value
Cannot set gray non-stroke color because /'P20' is an invalid float value
Could get FontBBox from font descriptor because None cannot be parsed as 4 floats
Could get FontBBox from font descriptor because None cannot be parsed as 4 floats
Cannot set gray stroke color because /'P104' is an invalid float value
Cannot set gray non-stroke color because /'P104' is an invalid float value
Cannot set gray stroke color because /'P105' is an invalid float value
Cannot set gray non-stroke color because /'P105' is an invalid float value
Cannot set gray stroke color because /'P106' is an invalid float value
Cannot set gray non-stroke color because /'P106' is an invalid float value
Cannot set gray stroke color because /'P107' is an invalid float value
Cannot set gray non-stroke color because /'P107' is an invalid float value
Cannot set gray stroke color because /'P108' is an invalid float value
Cannot set gray non-stroke color because /'P108' is an invalid float value
Cannot set gray stroke color because /'P109' is an invalid float value
Cannot set gray non-stroke color because /'P109' is an invalid float value
Cannot set gray stroke color because /'P110' is an invalid float value
Cannot set gray non-stroke color because /'P110' is an invalid float value
Cannot set gray stroke color because /'P111' is an invalid float value
Cannot set gray non-stroke color because /'P111' is an invalid float value
Cannot set gray stroke color because /'P112' is an invalid float value
Cannot set gray non-stroke color because /'P112' is an invalid float value
Cannot set gray stroke color because /'P113' is an invalid float value
Cannot set gray non-stroke color because /'P113' is an invalid float value
Cannot set gray stroke color because /'P114' is an invalid float value
Cannot set gray non-stroke color because /'P114' is an invalid float value
Cannot set gray stroke color because /'P115' is an invalid float value
Cannot set gray non-stroke color because /'P115' is an invalid float value
Cannot set gray stroke color because /'P116' is an invalid float value
Cannot set gray non-stroke color because /'P116' is an invalid float value
Cannot set gray stroke color because /'P117' is an invalid float value
Cannot set gray non-stroke color because /'P117' is an invalid float value
Cannot set gray stroke color because /'P118' is an invalid float value
Cannot set gray non-stroke color because /'P118' is an invalid float value
Cannot set gray stroke color because /'P119' is an invalid float value
Cannot set gray non-stroke color because /'P119' is an invalid float value
Cannot set gray stroke color because /'P120' is an invalid float value
Cannot set gray non-stroke color because /'P120' is an invalid float value
Cannot set gray stroke color because /'P121' is an invalid float value
Cannot set gray non-stroke color because /'P121' is an invalid float value
Cannot set gray stroke color because /'P122' is an invalid float value
Cannot set gray non-stroke color because /'P122' is an invalid float value
Cannot set gray stroke color because /'P123' is an invalid float value
Cannot set gray non-stroke color because /'P123' is an invalid float value
Cannot set gray stroke color because /'P124' is an invalid float value
Cannot set gray non-stroke color because /'P124' is an invalid float value
Cannot set gray stroke color because /'P125' is an invalid float value
Cannot set gray non-stroke color because /'P125' is an invalid float value
Cannot set gray stroke color because /'P126' is an invalid float value
Cannot set gray non-stroke color because /'P126' is an invalid float value
Cannot set gray stroke color because /'P104' is an invalid float value
Cannot set gray non-stroke color because /'P104' is an invalid float value
Cannot set gray stroke color because /'P105' is an invalid float value
Cannot set gray non-stroke color because /'P105' is an invalid float value
Cannot set gray stroke color because /'P106' is an invalid float value
Cannot set gray non-stroke color because /'P106' is an invalid float value
Cannot set gray stroke color because /'P107' is an invalid float value
Cannot set gray non-stroke color because /'P107' is an invalid float value
Cannot set gray stroke color because /'P108' is an invalid float value
Cannot set gray non-stroke color because /'P108' is an invalid float value
Cannot set gray stroke color because /'P109' is an invalid float value
Cannot set gray non-stroke color because /'P109' is an invalid float value
Cannot set gray stroke color because /'P110' is an invalid float value
Cannot set gray non-stroke color because /'P110' is an invalid float value
Cannot set gray stroke color because /'P111' is an invalid float value
Cannot set gray non-stroke color because /'P111' is an invalid float value
Cannot set gray stroke color because /'P112' is an invalid float value
Cannot set gray non-stroke color because /'P112' is an invalid float value
Cannot set gray stroke color because /'P113' is an invalid float value
Cannot set gray non-stroke color because /'P113' is an invalid float value
Cannot set gray stroke color because /'P114' is an invalid float value
Cannot set gray non-stroke color because /'P114' is an invalid float value
Cannot set gray stroke color because /'P115' is an invalid float value
Cannot set gray non-stroke color because /'P115' is an invalid float value
Cannot set gray stroke color because /'P116' is an invalid float value
Cannot set gray non-stroke color because /'P116' is an invalid float value
Cannot set gray stroke color because /'P117' is an invalid float value
Cannot set gray non-stroke color because /'P117' is an invalid float value
Cannot set gray stroke color because /'P118' is an invalid float value
Cannot set gray non-stroke color because /'P118' is an invalid float value
Cannot set gray stroke color because /'P119' is an invalid float value
Cannot set gray non-stroke color because /'P119' is an invalid float value
Cannot set gray stroke color because /'P120' is an invalid float value
Cannot set gray non-stroke color because /'P120' is an invalid float value
Cannot set gray stroke color because /'P121' is an invalid float value
Cannot set gray non-stroke color because /'P121' is an invalid float value
Cannot set gray stroke color because /'P122' is an invalid float value
Cannot set gray non-stroke color because /'P122' is an invalid float value
Cannot set gray stroke color because /'P123' is an invalid float value
Cannot set gray non-stroke color because /'P123' is an invalid float value
Cannot set gray stroke color because /'P124' is an invalid float value
Cannot set gray non-stroke color because /'P124' is an invalid float value
Cannot set gray stroke color because /'P125' is an invalid float value
Cannot set gray non-stroke color because /'P125' is an invalid float value
Cannot set gray stroke color because /'P126' is an invalid float value
Cannot set gray non-stroke color because /'P126' is an invalid float value
Cannot set gray stroke color because /'P104' is an invalid float value
Cannot set gray non-stroke color because /'P104' is an invalid float value
Cannot set gray stroke color because /'P105' is an invalid float value
Cannot set gray non-stroke color because /'P105' is an invalid float value
Cannot set gray stroke color because /'P106' is an invalid float value
Cannot set gray non-stroke color because /'P106' is an invalid float value
Cannot set gray stroke color because /'P107' is an invalid float value
Cannot set gray non-stroke color because /'P107' is an invalid float value
Cannot set gray stroke color because /'P108' is an invalid float value
Cannot set gray non-stroke color because /'P108' is an invalid float value
Cannot set gray stroke color because /'P109' is an invalid float value
Cannot set gray non-stroke color because /'P109' is an invalid float value
Cannot set gray stroke color because /'P110' is an invalid float value
Cannot set gray non-stroke color because /'P110' is an invalid float value
Cannot set gray stroke color because /'P111' is an invalid float value
Cannot set gray non-stroke color because /'P111' is an invalid float value
Cannot set gray stroke color because /'P112' is an invalid float value
Cannot set gray non-stroke color because /'P112' is an invalid float value
Cannot set gray stroke color because /'P113' is an invalid float value
Cannot set gray non-stroke color because /'P113' is an invalid float value
Cannot set gray stroke color because /'P114' is an invalid float value
Cannot set gray non-stroke color because /'P114' is an invalid float value
Cannot set gray stroke color because /'P115' is an invalid float value
Cannot set gray non-stroke color because /'P115' is an invalid float value
Cannot set gray stroke color because /'P116' is an invalid float value
Cannot set gray non-stroke color because /'P116' is an invalid float value
Cannot set gray stroke color because /'P117' is an invalid float value
Cannot set gray non-stroke color because /'P117' is an invalid float value
Cannot set gray stroke color because /'P118' is an invalid float value
Cannot set gray non-stroke color because /'P118' is an invalid float value
Cannot set gray stroke color because /'P119' is an invalid float value
Cannot set gray non-stroke color because /'P119' is an invalid float value
Cannot set gray stroke color because /'P120' is an invalid float value
Cannot set gray non-stroke color because /'P120' is an invalid float value
Cannot set gray stroke color because /'P121' is an invalid float value
Cannot set gray non-stroke color because /'P121' is an invalid float value
Cannot set gray stroke color because /'P122' is an invalid float value
Cannot set gray non-stroke color because /'P122' is an invalid float value
Cannot set gray stroke color because /'P123' is an invalid float value
Cannot set gray non-stroke color because /'P123' is an invalid float value
Cannot set gray stroke color because /'P124' is an invalid float value
Cannot set gray non-stroke color because /'P124' is an invalid float value
Cannot set gray stroke color because /'P125' is an invalid float value
Cannot set gray non-stroke color because /'P125' is an invalid float value
Cannot set gray stroke color because /'P126' is an invalid float value
Cannot set gray non-stroke color because /'P126' is an invalid float value
Cannot set gray stroke color because /'P104' is an invalid float value
Cannot set gray non-stroke color because /'P104' is an invalid float value
Cannot set gray stroke color because /'P105' is an invalid float value
Cannot set gray non-stroke color because /'P105' is an invalid float value
Cannot set gray stroke color because /'P106' is an invalid float value
Cannot set gray non-stroke color because /'P106' is an invalid float value
Cannot set gray stroke color because /'P107' is an invalid float value
Cannot set gray non-stroke color because /'P107' is an invalid float value
Cannot set gray stroke color because /'P108' is an invalid float value
Cannot set gray non-stroke color because /'P108' is an invalid float value
Cannot set gray stroke color because /'P109' is an invalid float value
Cannot set gray non-stroke color because /'P109' is an invalid float value
Cannot set gray stroke color because /'P110' is an invalid float value
Cannot set gray non-stroke color because /'P110' is an invalid float value
Cannot set gray stroke color because /'P111' is an invalid float value
Cannot set gray non-stroke color because /'P111' is an invalid float value
Cannot set gray stroke color because /'P112' is an invalid float value
Cannot set gray non-stroke color because /'P112' is an invalid float value
Cannot set gray stroke color because /'P113' is an invalid float value
Cannot set gray non-stroke color because /'P113' is an invalid float value
Cannot set gray stroke color because /'P114' is an invalid float value
Cannot set gray non-stroke color because /'P114' is an invalid float value
Cannot set gray stroke color because /'P115' is an invalid float value
Cannot set gray non-stroke color because /'P115' is an invalid float value
Cannot set gray stroke color because /'P116' is an invalid float value
Cannot set gray non-stroke color because /'P116' is an invalid float value
Cannot set gray stroke color because /'P117' is an invalid float value
Cannot set gray non-stroke color because /'P117' is an invalid float value
Cannot set gray stroke color because /'P118' is an invalid float value
Cannot set gray non-stroke color because /'P118' is an invalid float value
Cannot set gray stroke color because /'P119' is an invalid float value
Cannot set gray non-stroke color because /'P119' is an invalid float value
Cannot set gray stroke color because /'P120' is an invalid float value
Cannot set gray non-stroke color because /'P120' is an invalid float value
Cannot set gray stroke color because /'P121' is an invalid float value
Cannot set gray non-stroke color because /'P121' is an invalid float value
Cannot set gray stroke color because /'P122' is an invalid float value
Cannot set gray non-stroke color because /'P122' is an invalid float value
Cannot set gray stroke color because /'P123' is an invalid float value
Cannot set gray non-stroke color because /'P123' is an invalid float value
Cannot set gray stroke color because /'P124' is an invalid float value
Cannot set gray non-stroke color because /'P124' is an invalid float value
Cannot set gray stroke color because /'P125' is an invalid float value
Cannot set gray non-stroke color because /'P125' is an invalid float value
Cannot set gray stroke color because /'P126' is an invalid float value
Cannot set gray non-stroke color because /'P126' is an invalid float value
Could get FontBBox from font descriptor because None cannot be parsed as 4 floats
Could get FontBBox from font descriptor because None cannot be parsed as 4 floats
Could get FontBBox from font descriptor because None cannot be parsed as 4 floats
Could get FontBBox from font descriptor because None cannot be parsed as 4 floats
Could get FontBBox from font descriptor because None cannot be parsed as 4 floats
Could get FontBBox from font descriptor because None cannot be parsed as 4 floats
Could get FontBBox from font descriptor because None cannot be parsed as 4 floats
Could get FontBBox from font descriptor because None cannot be parsed as 4 floats
-> Reading CSV: /Users/kevinvera/Documents/GitHub/ReviewMyCoach.com/reviewmycoach/reviewmycoach-python-venv/pdfs-n-csvs/ga/Stone Platforms College Athletics.csv
-> Output PDFs to: /Users/kevinvera/Documents/GitHub/ReviewMyCoach.com/reviewmycoach/reviewmycoach-python-venv/pdfs-n-csvs/ga

Printing completed in 363.7s
Success: 22 | Skipped: 9 | Errors: 0

Resolved URLs used:
- Georgia State University.pdf: https://georgiastatesports.com/staff-directory?print=true
- Emory University.pdf: https://emoryathletics.com/staff-directory?print=true
- Clark Atlanta University.pdf: https://clarkatlantasports.com/staff-directory?print=true
- Georgia Institute of Technology (Georgia Tech).pdf: https://ramblinwreck.com/staff-directory?print=true
- LaGrange College.pdf: https://lagrangepanthers.com/staff-directory?print=true
- Columbus State University.pdf: https://csucougars.com/staff-directory?print=true
- University of Georgia.pdf: https://georgiadogs.com/staff-directory?print=true
- Georgia Southern University.pdf: https://gseagles.com/staff-directory?print=true
- Piedmont University.pdf: https://piedmontlions.com/staff-directory?print=true
- Fort Valley State University.pdf: https://fvsusports.com/staff-directory?print=true
- Oglethorpe University.pdf: https://gopetrels.com/staff-directory?print=true
- Kennesaw State University.pdf: https://ksuowls.com/staff-directory?print=true
- Shorter University.pdf: https://goshorterhawks.com/staff-directory?print=true
- Brewton-Parker College.pdf: https://bpcathletics.com/staff-directory?print=true
- Truett McConnell University.pdf: https://tmbears.com/staff-directory?print=true
- College of Coastal Georgia.pdf: https://coastalgeorgiasports.com/staff-directory?print=true
- Albany State University.pdf: https://asugoldenrams.com/staff-directory?print=true
- Valdosta State University.pdf: https://vstateblazers.com/staff-directory?print=true
- Georgia College & State University.pdf: https://gcsubobcats.com/staff-directory/print
- Augusta University.pdf: https://augustajags.com/staff-directory?print=true
- Berry College.pdf: https://berryvikings.com/staff-directory?print=true
- Mercer University.pdf: https://mercerbears.com/staff-directory/print

Skipped:
- https://pointskyhawks.com/staff-directory -> Navigation failed: Page.goto: net::ERR_NAME_NOT_RESOLVED at https://pointskyhawks.com/staff-directory/index
Call log:
  - navigating to "https://pointskyhawks.com/staff-directory/index", waiting until "networkidle"
 (tried: https://pointskyhawks.com/staff-directory?print=true, https://pointskyhawks.com/staff-directory/print, https://pointskyhawks.com/staff-directory, https://pointskyhawks.com/staff-directory/index?print=true, https://pointskyhawks.com/staff-directory/index/print, https://pointskyhawks.com/staff-directory/index)
- https://thomasnighthawks.com/staff-directory -> Navigation failed: Page.goto: net::ERR_NAME_NOT_RESOLVED at https://thomasnighthawks.com/staff-directory/index
Call log:
  - navigating to "https://thomasnighthawks.com/staff-directory/index", waiting until "networkidle"
 (tried: https://thomasnighthawks.com/staff-directory?print=true, https://thomasnighthawks.com/staff-directory/print, https://thomasnighthawks.com/staff-directory, https://thomasnighthawks.com/staff-directory/index?print=true, https://thomasnighthawks.com/staff-directory/index/print, https://thomasnighthawks.com/staff-directory/index)
- https://tigerathletics.com/staff-directory -> Navigation failed: Page.goto: net::ERR_CERT_AUTHORITY_INVALID at https://tigerathletics.com/staff-directory/index
Call log:
  - navigating to "https://tigerathletics.com/staff-directory/index", waiting until "networkidle"
 (tried: https://tigerathletics.com/staff-directory?print=true, https://tigerathletics.com/staff-directory/print, https://tigerathletics.com/staff-directory, https://tigerathletics.com/staff-directory/index?print=true, https://tigerathletics.com/staff-directory/index/print, https://tigerathletics.com/staff-directory/index)
- https://uwgsports.com/staff-directory -> HTTP 403 returned (tried: https://uwgsports.com/staff-directory?print=true, https://uwgsports.com/staff-directory/print, https://uwgsports.com/staff-directory, https://uwgsports.com/staff-directory/index?print=true, https://uwgsports.com/staff-directory/index/print, https://uwgsports.com/staff-directory/index)
- https://voorheestigers.com/staff-directory -> Navigation failed: Page.goto: net::ERR_NAME_NOT_RESOLVED at https://voorheestigers.com/staff-directory/index
Call log:
  - navigating to "https://voorheestigers.com/staff-directory/index", waiting until "networkidle"
 (tried: https://voorheestigers.com/staff-directory?print=true, https://voorheestigers.com/staff-directory/print, https://voorheestigers.com/staff-directory, https://voorheestigers.com/staff-directory/index?print=true, https://voorheestigers.com/staff-directory/index/print, https://voorheestigers.com/staff-directory/index)
- https://dsceagles.com/staff-directory -> Navigation failed: Page.goto: net::ERR_NAME_NOT_RESOLVED at https://dsceagles.com/staff-directory/index
Call log:
  - navigating to "https://dsceagles.com/staff-directory/index", waiting until "networkidle"
 (tried: https://dsceagles.com/staff-directory?print=true, https://dsceagles.com/staff-directory/print, https://dsceagles.com/staff-directory, https://dsceagles.com/staff-directory/index?print=true, https://dsceagles.com/staff-directory/index/print, https://dsceagles.com/staff-directory/index)
- https://wesleyancollegeathletics.com/staff-directory -> Navigation failed: Page.goto: net::ERR_NAME_NOT_RESOLVED at https://wesleyancollegeathletics.com/staff-directory/index
Call log:
  - navigating to "https://wesleyancollegeathletics.com/staff-directory/index", waiting until "networkidle"
 (tried: https://wesleyancollegeathletics.com/staff-directory?print=true, https://wesleyancollegeathletics.com/staff-directory/print, https://wesleyancollegeathletics.com/staff-directory, https://wesleyancollegeathletics.com/staff-directory/index?print=true, https://wesleyancollegeathletics.com/staff-directory/index/print, https://wesleyancollegeathletics.com/staff-directory/index)
- https://mga.knightsathletics.com/staff-directory -> Navigation failed: Page.goto: net::ERR_SSL_UNRECOGNIZED_NAME_ALERT at https://mga.knightsathletics.com/staff-directory/index
Call log:
  - navigating to "https://mga.knightsathletics.com/staff-directory/index", waiting until "networkidle"
 (tried: https://mga.knightsathletics.com/staff-directory?print=true, https://mga.knightsathletics.com/staff-directory/print, https://mga.knightsathletics.com/staff-directory, https://mga.knightsathletics.com/staff-directory/index?print=true, https://mga.knightsathletics.com/staff-directory/index/print, https://mga.knightsathletics.com/staff-directory/index)
- https://reinhardteagles.com/staff-directory -> Navigation failed: Page.goto: Timeout 45000ms exceeded.
Call log:
  - navigating to "https://reinhardteagles.com/staff-directory/index", waiting until "networkidle"
 (tried: https://reinhardteagles.com/staff-directory?print=true, https://reinhardteagles.com/staff-directory/print, https://reinhardteagles.com/staff-directory, https://reinhardteagles.com/staff-directory/index?print=true, https://reinhardteagles.com/staff-directory/index/print, https://reinhardteagles.com/staff-directory/index)

Parsing printed PDFs and preparing upload entries...
âœ” Total coach entries prepared: 441
âœ” Created unclaimed coach profile: Head Coach (bstromdahl@gsu.edu) â†’ coaches/bstromdahl
âœ” Created unclaimed coach profile: Assistant Coach/Recruiting (ldavis160@gsu.edu) â†’ coaches/ldavis160
âœ” Created unclaimed coach profile: Assistant Coach (ccastorri@gsu.edu) â†’ coaches/ccastorri
âœ” Created unclaimed coach profile: Assistant Coach (mleeder@gsu.edu) â†’ coaches/mleeder
âœ” Created unclaimed coach profile: Head Coach (kdavison2@gsu.edu) â†’ coaches/kdavison2
âœ” Created unclaimed coach profile: Assistant Coach (apayne41@gsu.edu) â†’ coaches/apayne41
âœ” Created unclaimed coach profile: Assistant Coach (jhayes34@gsu.edu) â†’ coaches/jhayes34
âœ” Created unclaimed coach profile: Assistant Coach (jdunlap10@gsu.edu) â†’ coaches/jdunlap10
âœ” Created unclaimed coach profile: Assistant Coach (staylor193@gsu.edu) â†’ coaches/staylor193
ðŸ”„ Updating unclaimed profile for jquarles@gsu.edu
âœ” Updated unclaimed coach profile: Assistant Strength (jquarles@gsu.edu) â†’ coaches/jquarles
âœ” Created unclaimed coach profile: Head Coach (genehill@gsu.edu) â†’ coaches/genehill
âœ” Created unclaimed coach profile: Co-Associate Head (jbollier@gsu.edu) â†’ coaches/jbollier
âœ” Created unclaimed coach profile: Co-Associate Head (ssanders60@gsu.edu) â†’ coaches/ssanders60
âœ” Created unclaimed coach profile: Assistant Coach (phartman1@gsu.edu) â†’ coaches/phartman1
âœ” Created unclaimed coach profile: Head Coach (bvanfleet@gsu.edu) â†’ coaches/bvanfleet
âœ” Created unclaimed coach profile: Associate Head (eblount@gsu.edu) â†’ coaches/eblount
âœ” Created unclaimed coach profile: Assistant Head (jhawkins63@gsu.edu) â†’ coaches/jhawkins63
âœ” Created unclaimed coach profile: Assistant Coach (jadams145@gsu.edu) â†’ coaches/jadams145
âœ” Created unclaimed coach profile: Assistant Coach (dcraig17@gsu.edu) â†’ coaches/dcraig17
âœ” Created unclaimed coach profile: Assistant Coach (edavis137@gsu.edu) â†’ coaches/edavis137
âœ” Created unclaimed coach profile: Assistant Coach (gford12@gsu.edu) â†’ coaches/gford12
âœ” Created unclaimed coach profile: Assistant Coach (tkruchten@gsu.edu) â†’ coaches/tkruchten
âœ” Created unclaimed coach profile: Assistant Coach (jtaylor322@gsu.edu) â†’ coaches/jtaylor322
âœ” Created unclaimed coach profile: Assistant Coach (jsutherland5@gsu.edu) â†’ coaches/jsutherland5
âœ” Created unclaimed coach profile: Assistant Coach (bross40@gsu.edu) â†’ coaches/bross40
âœ” Created unclaimed coach profile: Assistant Coach (cwilford@gsu.edu) â†’ coaches/cwilford
âœ” Created unclaimed coach profile: Assistant Coach (rwilliams316@gsu.edu) â†’ coaches/rwilliams316
âœ” Created unclaimed coach profile: Head Strength (kflorence@gsu.edu) â†’ coaches/kflorence
âœ” Created unclaimed coach profile: Assistant Football (jdurning@gsu.edu) â†’ coaches/jdurning
âœ” Created unclaimed coach profile: Assistant Football (thawthorne3@gsu.edu) â†’ coaches/thawthorne3
âœ” Created unclaimed coach profile: Head Coach (esmith276@gsu.edu) â†’ coaches/esmith276
âœ” Created unclaimed coach profile: Head Coach (bthomas148@gsu.edu) â†’ coaches/bthomas148
âœ” Created unclaimed coach profile: Head Coach (bsurrency@gsu.edu) â†’ coaches/bsurrency
âœ” Created unclaimed coach profile: Associate Head (dmohsen@gsu.edu) â†’ coaches/dmohsen
âœ” Created unclaimed coach profile: Goalkeepers Coach (loesterle1@gsu.edu) â†’ coaches/loesterle1
âœ” Created unclaimed coach profile: Assistant Coach (gsusoccer@gsu.edu) â†’ coaches/gsusoccer
âœ” Created unclaimed coach profile: Head Coach (edj@gsu.edu) â†’ coaches/edj
âœ” Created unclaimed coach profile: Associate Head (tk1@gsu.edu) â†’ coaches/tk1
âœ” Created unclaimed coach profile: Assistant Coach (bzavala1@gsu.edu) â†’ coaches/bzavala1
âœ” Created unclaimed coach profile: Head Softball (rmueller@gsu.edu) â†’ coaches/rmueller
âœ” Created unclaimed coach profile: Assistant Coach (apreston15@gsu.edu) â†’ coaches/apreston15
âœ” Created unclaimed coach profile: Assistant Coach (mborden@gsu.edu) â†’ coaches/mborden
âœ” Created unclaimed coach profile: Head Coach (dtaylor152@gsu.edu) â†’ coaches/dtaylor152
âœ” Created unclaimed coach profile: Head Coach (lmason17@gsu.edu) â†’ coaches/lmason17
âœ” Created unclaimed coach profile: Assistant Coach- (vgonzales@gsu.edu) â†’ coaches/vgonzales
âœ” Created unclaimed coach profile: Assistant Coach- (llife@gsu.edu) â†’ coaches/llife
âœ” Created unclaimed coach profile: Assistant Coach- (ccollins104@gsu.edu) â†’ coaches/ccollins104
âœ” Created unclaimed coach profile: Head Volleyball (fsiqueira@gsu.edu) â†’ coaches/fsiqueira
âœ” Created unclaimed coach profile: Assistant Coach (bjones250@gsu.edu) â†’ coaches/bjones250
âœ” Created unclaimed coach profile: Assistant Coach (jeckert@gsu.edu) â†’ coaches/jeckert
âœ” Created unclaimed coach profile: Head Strength (jmehlhorn@gsu.edu) â†’ coaches/jmehlhorn
âœ” Created unclaimed coach profile: Assistant Strength (aphrommavanh@gsu.edu) â†’ coaches/aphrommavanh
âœ” Created unclaimed coach profile: Assistant Strength (alipsman1@gsu.edu) â†’ coaches/alipsman1
âœ” Created unclaimed coach profile: Drew Williams (andrew.c.williams@emory.edu) â†’ coaches/andrew.c.williams
âœ” Created unclaimed coach profile: Sonya McMillan (sonya.a.mcmillan@emory.edu) â†’ coaches/sonya.a.mcmillan
âœ” Created unclaimed coach profile: Bobby Perez (rmperez@emory.edu) â†’ coaches/rmperez
âœ” Created unclaimed coach profile: Sam Carpenter (spcarpe@emory.edu) â†’ coaches/spcarpe
âœ” Created unclaimed coach profile: Trace Twardoski (ttward2@emory.edu) â†’ coaches/ttward2
âœ” Created unclaimed coach profile: John Sjoberg (jsjober@emory.edu) â†’ coaches/jsjober
âœ” Created unclaimed coach profile: Sarah Butler (sarah.butler@emory.edu) â†’ coaches/sarah.butler
âœ” Created unclaimed coach profile: Jason Zimmerman (jzimme4@emory.edu) â†’ coaches/jzimme4
âœ” Created unclaimed coach profile: Mak Krause (mark.andres.krause@emory.edu) â†’ coaches/mark.andres.krause
âœ” Created unclaimed coach profile: Charlie Copp (charles.copp@emory.edu) â†’ coaches/charles.copp
âœ” Created unclaimed coach profile: Cory Greiner (cgreine@emory.edu) â†’ coaches/cgreine
âœ” Created unclaimed coach profile: Clayton Schmitt (ceschmi@emory.edu) â†’ coaches/ceschmi
âœ” Created unclaimed coach profile: Jon Howell (jphowel@emory.edu) â†’ coaches/jphowel
âœ” Created unclaimed coach profile: Cindy Fontana (cindy.fontana@emory.edu) â†’ coaches/cindy.fontana
âœ” Created unclaimed coach profile: John Petroff (jpetrof@emory.edu) â†’ coaches/jpetrof
âœ” Created unclaimed coach profile: Bob Hackett (robert.w.hackett.jr@emory.edu) â†’ coaches/robert.w.hackett.jr
âœ” Created unclaimed coach profile: Tomasz Rossa (tomasz.rossa@emory.edu) â†’ coaches/tomasz.rossa
âœ” Created unclaimed coach profile: John Browning (jbrow25@emory.edu) â†’ coaches/jbrow25
âœ” Created unclaimed coach profile: Ian Melnik (ian.melnik@emory.edu) â†’ coaches/ian.melnik
âœ” Created unclaimed coach profile: Linh Nguyen (linh.nguyen@emory.edu) â†’ coaches/linh.nguyen
âœ” Created unclaimed coach profile: Jessica Fritsche (jfrits2@emory.edu) â†’ coaches/jfrits2
âœ” Created unclaimed coach profile: Karl Nyholm (karl.nyholm@emory.edu) â†’ coaches/karl.nyholm
âœ” Created unclaimed coach profile: Jordan Anunike (jordan.anunike@emory.edu) â†’ coaches/jordan.anunike
âœ” Created unclaimed coach profile: Emmanuel Phoulom-Smith (ephoulo@emory.edu) â†’ coaches/ephoulo
âœ” Created unclaimed coach profile: India Chiles (ichiles@emory.edu) â†’ coaches/ichiles
âœ” Created unclaimed coach profile: Katie Griffith (kegrif8@emory.edu) â†’ coaches/kegrif8
âœ” Created unclaimed coach profile: Misha Jackson (misha.jackson@emory.edu) â†’ coaches/misha.jackson
âœ” Created unclaimed coach profile: Alex Berman (alex.berman@emory.edu) â†’ coaches/alex.berman
âœ” Created unclaimed coach profile: Liz Fernandes (elizabeth.fernandes@emory.edu) â†’ coaches/elizabeth.fernandes
âœ” Created unclaimed coach profile: Samantha Gardella (samantha.gardella@emory.edu) â†’ coaches/samantha.gardella
âœ” Created unclaimed coach profile: Sue Patberg (spatber@emory.edu) â†’ coaches/spatber
âœ” Created unclaimed coach profile: Catherine Whitehill (crwhitehill@emory.edu) â†’ coaches/crwhitehill
âœ” Created unclaimed coach profile: Bridget Disher (bridget.harding@emory.edu) â†’ coaches/bridget.harding
âœ” Created unclaimed coach profile: Megan Kurey (megan.elizabeth.kurey@emory.edu) â†’ coaches/megan.elizabeth.kurey
âœ” Created unclaimed coach profile: Brianna Jones (bjjone5@emory.edu) â†’ coaches/bjjone5
âœ” Created unclaimed coach profile: Leah Saunders (leah.saunders@emory.edu) â†’ coaches/leah.saunders
âœ” Created unclaimed coach profile: Joelle Mafo (jmafo@cau.edu) â†’ coaches/jmafo
âœ” Created unclaimed coach profile: Trennis Grant (tgrant@cau.edu) â†’ coaches/tgrant
âœ” Created unclaimed coach profile: Alfred Jordan (ajordan@cau.edu) â†’ coaches/ajordan
ðŸ”„ Updating unclaimed profile for abailey@cau.edu
âœ” Updated unclaimed coach profile: Tony Bailey (abailey@cau.edu) â†’ coaches/abailey
âœ” Created unclaimed coach profile: Taylor Fulton (tfulton@cau.edu) â†’ coaches/tfulton
âœ” Created unclaimed coach profile: Alane Hickman (ahickman@cau.edu) â†’ coaches/ahickman
âœ” Created unclaimed coach profile: Alex Hickman (ahickman1@cau.edu) â†’ coaches/ahickman1
âœ” Created unclaimed coach profile: Carmellia Shivers-Cole (cshiverscole@cau.edu) â†’ coaches/cshiverscole
âœ” Created unclaimed coach profile: Victor Stokes (vstokes@cau.edu) â†’ coaches/vstokes
âœ” Created unclaimed coach profile: Teddy Keaton (tkeaton@cau.edu) â†’ coaches/tkeaton
âœ” Created unclaimed coach profile: L.C. Cole (lcole@cau.edu) â†’ coaches/lcole
âœ” Created unclaimed coach profile: Nicole Bayona (nbayona@cau.edu) â†’ coaches/nbayona
âœ” Created unclaimed coach profile: Daisha Reed (dreed@cau.edu) â†’ coaches/dreed
âœ” Created unclaimed coach profile: David Kelton (dkelton@lagrange.edu) â†’ coaches/dkelton
âœ” Created unclaimed coach profile: Adam Dorn (adorn@lagrange.edu) â†’ coaches/adorn
âœ” Created unclaimed coach profile: Kendal Wallace (kwallace@lagrange.edu) â†’ coaches/kwallace
âœ” Created unclaimed coach profile: Steve Kenner (skenner@lagrange.edu) â†’ coaches/skenner
âœ” Created unclaimed coach profile: Brittany Hasty (bhasty@lagrange.edu) â†’ coaches/bhasty
âœ” Created unclaimed coach profile: Nicole Joseph (najoseph@lagrange.edu) â†’ coaches/najoseph
âœ” Created unclaimed coach profile: Wes Dodson (footballrecruiting@lagrange.edu) â†’ coaches/footballrecruiting
âœ” Created unclaimed coach profile: Breana Sumpter (bsumpter@lagrange.edu) â†’ coaches/bsumpter
âœ” Created unclaimed coach profile: Aaron Feyes (afeyes@lagrange.edu) â†’ coaches/afeyes
âœ” Created unclaimed coach profile: Ryan Dickson (rdickso1@lagrange.edu) â†’ coaches/rdickso1
âœ” Created unclaimed coach profile: Kaine Baker (mbaker3@lagrange.edu) â†’ coaches/mbaker3
âœ” Created unclaimed coach profile: Melanie Rushing (mrushing@lagrange.edu) â†’ coaches/mrushing
âœ” Created unclaimed coach profile: Cire Campbell (ecampbell1@lagrange.edu) â†’ coaches/ecampbell1
âœ” Created unclaimed coach profile: Drew Cantrell (dtcantrell@lagrange.edu) â†’ coaches/dtcantrell
âœ” Created unclaimed coach profile: Daniel Schulte (dschulte@lagrange.edu) â†’ coaches/dschulte
âœ” Created unclaimed coach profile: Kristin Culpepper (culpepper_kristin@columbusstate.edu) â†’ coaches/culpepper_kristin
âœ” Created unclaimed coach profile: Greg Appleton (appleton_greg@columbusstate.edu) â†’ coaches/appleton_greg
âœ” Created unclaimed coach profile: Patrick Collins (collins_patrick@columbusstate.edu) â†’ coaches/collins_patrick
âœ” Created unclaimed coach profile: Carson Bowers (bowers_carson@columbusstate.edu) â†’ coaches/bowers_carson
âœ” Created unclaimed coach profile: Ryan Insco (insco_ryan@students.columbusstate.edu) â†’ coaches/insco_ryan
âœ” Created unclaimed coach profile: Derek Wylie (wylie_derek@columbusstate.edu) â†’ coaches/wylie_derek
âœ” Created unclaimed coach profile: Jimbo Davis (davis_james@columbusstate.edu) â†’ coaches/davis_james
âœ” Created unclaimed coach profile: Xavier Matthews (matthews_xavier@columbusstate.edu) â†’ coaches/matthews_xavier
âœ” Created unclaimed coach profile: Anthony McWilliams (mcwilliams_anthony@columbusstate.edu) â†’ coaches/mcwilliams_anthony
âœ” Created unclaimed coach profile: Shanila Chapman (chapman_shanila@columbusstate.edu) â†’ coaches/chapman_shanila
âœ” Created unclaimed coach profile: Robert Moore (moore_robert@columbusstate.edu) â†’ coaches/moore_robert
âœ” Created unclaimed coach profile: Karl Ivey (ivey_karl@columbusstate.edu) â†’ coaches/ivey_karl
âœ” Created unclaimed coach profile: Stuart Mills-Wells (millswells_stuart@columbusstate.edu) â†’ coaches/millswells_stuart
âœ” Created unclaimed coach profile: Evan Isaacs (isaacs_evan@columbusstate.edu) â†’ coaches/isaacs_evan
âœ” Created unclaimed coach profile: Brad Huskisson (huskisson_brad@columbusstate.edu) â†’ coaches/huskisson_brad
âœ” Created unclaimed coach profile: Giulia Cianfriglia (cianfriglia_giulia@columbusstate.edu) â†’ coaches/cianfriglia_giulia
âœ” Created unclaimed coach profile: Greg Hart (hart_gregory@columbusstate.edu) â†’ coaches/hart_gregory
âœ” Created unclaimed coach profile: Matt Houser (houser_matt@columbusstate.edu) â†’ coaches/houser_matt
âœ” Created unclaimed coach profile: Jada Walton (walton_jada1@columbusstate.edu) â†’ coaches/walton_jada1
âœ” Created unclaimed coach profile: Veronika Roberts (roberts_veronika@columbusstate.edu) â†’ coaches/roberts_veronika
âœ” Created unclaimed coach profile: Hya Haywood (haywood_hya@students.columbusstate.edu) â†’ coaches/haywood_hya
âœ” Created unclaimed coach profile: Jay Entlich (entlich_jay@columbusstate.edu) â†’ coaches/entlich_jay
âœ” Created unclaimed coach profile: Salsa Andrade (andrade_mario@columbusstate.edu) â†’ coaches/andrade_mario
âœ” Created unclaimed coach profile: Shelby Watkins (watkins_shelby@students.columbusstate.edu) â†’ coaches/watkins_shelby
âœ” Created unclaimed coach profile: Jackie DeNova (denova_jackie@columbusstate.edu) â†’ coaches/denova_jackie
âœ” Created unclaimed coach profile: James Heiss (gsfootball@georgiasouthern.edu) â†’ coaches/gsfootball
âœ” Created unclaimed coach profile: Hunter Lakey (hlakey@georgiasouthern.edu) â†’ coaches/hlakey
âœ” Created unclaimed coach profile: Keegan Smith (keegansmith@georgiasouthern.edu) â†’ coaches/keegansmith
âœ” Created unclaimed coach profile: Danny Strohm (dstrohm@georgiasouthern.edu) â†’ coaches/dstrohm
âœ” Created unclaimed coach profile: Addi Henry (ahenry@georgiasouthern.edu) â†’ coaches/ahenry
âœ” Created unclaimed coach profile: Barry Munkasy (GSUCheer@GeorgiaSouthern.edu) â†’ coaches/GSUCheer
ðŸ”„ Updating unclaimed profile for rhennon@georgiasouthern.edu
âœ” Updated unclaimed coach profile: Rodney Hennon (rhennon@georgiasouthern.edu) â†’ coaches/rhennon
âœ” Created unclaimed coach profile: Jason Beverlin (jbeverlin@georgiasouthern.edu) â†’ coaches/jbeverlin
âœ” Created unclaimed coach profile: Cody Wofford (cwofford@georgiasouthern.edu) â†’ coaches/cwofford
âœ” Created unclaimed coach profile: Josh Minjarez (jminjarez@georgiasouthern.edu) â†’ coaches/jminjarez
âœ” Created unclaimed coach profile: Kente' Hart (khart@georgiasouthern.edu) â†’ coaches/khart
âœ” Created unclaimed coach profile: George Neilson (gneilson@georgiasouthern.edu) â†’ coaches/gneilson
âœ” Created unclaimed coach profile: Dexter Jenkins (djenkins@georgiasouthern.edu) â†’ coaches/djenkins
âœ” Created unclaimed coach profile: Tiffany Conner (tconner@georgiasouthern.edu) â†’ coaches/tconner
âœ” Created unclaimed coach profile: Dee Anderson (dyandriaanderson@georgiasouthern.edu) â†’ coaches/dyandriaanderson
âœ” Created unclaimed coach profile: Bryan Schor (gsathletics@georgiasouthern.edu) â†’ coaches/gsathletics
âœ” Created unclaimed coach profile: Carter Collins (cartercollins@georgiasouthern.edu) â†’ coaches/cartercollins
âœ” Created unclaimed coach profile: Connor Pollman (cpollman@georgiasouthern.edu) â†’ coaches/cpollman
âœ” Created unclaimed coach profile: Mimi Burke (mburke@georgiasouthern.edu) â†’ coaches/mburke
âœ” Created unclaimed coach profile: Mia Kness (mkness@georgiasouthern.edu) â†’ coaches/mkness
âœ” Created unclaimed coach profile: Soren Butler (sbutler@georgiasouthern.edu) â†’ coaches/sbutler
âœ” Created unclaimed coach profile: Lee Squires (gsumenssoccer@georgiasouthern.edu) â†’ coaches/gsumenssoccer
âœ” Created unclaimed coach profile: James Smith (jamessmith@georgiasouthern.edu) â†’ coaches/jamessmith
âœ” Created unclaimed coach profile: Clayton Zelin (rzelin@georgiasouthern.edu) â†’ coaches/rzelin
âœ” Created unclaimed coach profile: Harry Nash (hn02948@georgiasouthern.edu) â†’ coaches/hn02948
âœ” Created unclaimed coach profile: Chris Adams (cadams@georgiasouthern.edu) â†’ coaches/cadams
âœ” Created unclaimed coach profile: Dallas Hall (dlhall@georgiasouthern.edu) â†’ coaches/dlhall
âœ” Created unclaimed coach profile: Ellie McIntyre (em18115-sw@georgiasouthern.edu) â†’ coaches/em18115-sw
âœ” Created unclaimed coach profile: Brianna Sroka (bs28204-sw@georgiasouthern.edu) â†’ coaches/bs28204-sw
ðŸ”„ Updating unclaimed profile for sperkins@georgiasouthern.edu
âœ” Updated unclaimed coach profile: Sharon Perkins (sperkins@georgiasouthern.edu) â†’ coaches/sperkins
âœ” Created unclaimed coach profile: Cortney Radke (cradke@georgiasouthern.edu) â†’ coaches/cradke
âœ” Created unclaimed coach profile: Jake Sandlin (jsandlin@georgiasouthern.edu) â†’ coaches/jsandlin
âœ” Created unclaimed coach profile: Morgan McCafferty (mmccafferty@georgiasouthern.edu) â†’ coaches/mmccafferty
âœ” Created unclaimed coach profile: Kyle Weesner (kw32589@georgiasouthern.edu) â†’ coaches/kw32589
âœ” Created unclaimed coach profile: Andrew Goodwin (agoodwin@georgiasouthern.edu) â†’ coaches/agoodwin
âœ” Created unclaimed coach profile: Ege Cankus (uc00196@georgiasouthern.edu) â†’ coaches/uc00196
âœ” Created unclaimed coach profile: Sean McCaffrey (smccaffrey@georgiasouthern.edu) â†’ coaches/smccaffrey
âœ” Created unclaimed coach profile: David Neville (davidneville@georgiasouthern.edu) â†’ coaches/davidneville
ðŸ”„ Updating unclaimed profile for jisaac@georgiasouthern.edu
âœ” Updated unclaimed coach profile: James Isaac (jisaac@georgiasouthern.edu) â†’ coaches/jisaac
âœ” Created unclaimed coach profile: Timothy Susko (tsusko@georgiasouthern.edu) â†’ coaches/tsusko
âœ” Created unclaimed coach profile: Chad Willis (cwillis@georgiasouthern.edu) â†’ coaches/cwillis
âœ” Created unclaimed coach profile: Efrain Negron (enegron@georgiasouthern.edu) â†’ coaches/enegron
âœ” Created unclaimed coach profile: Lexi Uhrhan (auhrhan@georgiasouthern.edu) â†’ coaches/auhrhan
âœ” Created unclaimed coach profile: Justin Scali (jscali@piedmont.edu) â†’ coaches/jscali
ðŸ”„ Updating unclaimed profile for tpearce@piedmont.edu
âœ” Updated unclaimed coach profile: Trey Pearce (tpearce@piedmont.edu) â†’ coaches/tpearce
âœ” Created unclaimed coach profile: JC Cavin (jcavin@piedmont.edu) â†’ coaches/jcavin
âœ” Created unclaimed coach profile: Justin Hoshauer (jhoshauer@piedmont.edu) â†’ coaches/jhoshauer
âœ” Created unclaimed coach profile: Jamie Purdy (jpurdy@piedmont.edu) â†’ coaches/jpurdy
âœ” Created unclaimed coach profile: Christian Buckmire (cbuckmire@piedmont.edu) â†’ coaches/cbuckmire
âœ” Created unclaimed coach profile: Gary Halverson (ghalverson@piedmont.edu) â†’ coaches/ghalverson
âœ” Created unclaimed coach profile: Jame Carney (jcarney@piedmont.edu) â†’ coaches/jcarney
âœ” Created unclaimed coach profile: Emma Frost (efrost@piedmont.edu) â†’ coaches/efrost
âœ” Created unclaimed coach profile: Dustin Meadows (dmeadows@piedmont.edu) â†’ coaches/dmeadows
âœ” Created unclaimed coach profile: Blake Watson (bwatson@piedmont.edu) â†’ coaches/bwatson
âœ” Created unclaimed coach profile: Tim Dunton (tdunton@piedmont.edu) â†’ coaches/tdunton
âœ” Created unclaimed coach profile: Zach Czulada (zczulada@piedmont.edu) â†’ coaches/zczulada
âœ” Created unclaimed coach profile: Brooke Thacker (bthacker@piedmont.edu) â†’ coaches/bthacker
âœ” Created unclaimed coach profile: Monti Hendrix (mhendrix@piedmont.edu) â†’ coaches/mhendrix
âœ” Created unclaimed coach profile: Jimmy Stephens (jstephens@piedmont.edu) â†’ coaches/jstephens
âœ” Created unclaimed coach profile: Zack Ernst (zernst@piedmont.edu) â†’ coaches/zernst
âœ” Created unclaimed coach profile: Timmy McCormack (tmccormack@piedmont.edu) â†’ coaches/tmccormack
âœ” Created unclaimed coach profile: Stephanie Lamm (slamm@piedmont.edu) â†’ coaches/slamm
âœ” Created unclaimed coach profile: Terry Martin (wtmartin@piedmont.edu) â†’ coaches/wtmartin
âœ” Created unclaimed coach profile: Drew Greer (dgreer@piedmont.edu) â†’ coaches/dgreer
âœ” Created unclaimed coach profile: Teddy Guyer (tguyer@piedmont.edu) â†’ coaches/tguyer
âœ” Created unclaimed coach profile: Matt Williams (mattwilliams@piedmont.edu) â†’ coaches/mattwilliams
âœ” Created unclaimed coach profile: Trey Martin (tmartin@piedmont.edu) â†’ coaches/tmartin
âœ” Created unclaimed coach profile: Kat Tatum (ktatum@piedmont.edu) â†’ coaches/ktatum
âœ” Created unclaimed coach profile: J'ernai Argilagos (jargilagos@piedmont.edu) â†’ coaches/jargilagos
âœ” Created unclaimed coach profile: Cristen Rabern (crabern@piedmont.edu) â†’ coaches/crabern
âœ” Created unclaimed coach profile: Marlon Watson (Marlon.Watson@fvsu.edu) â†’ coaches/Marlon.Watson
âœ” Created unclaimed coach profile: Taurean Smith (taurean.smith@fvsu.edu) â†’ coaches/taurean.smith
âœ” Created unclaimed coach profile: Paxton Cottrell (paxton.cottrell@fvsu.edu) â†’ coaches/paxton.cottrell
âœ” Created unclaimed coach profile: Alexander Jones (Alexander.jones@fvsu.edu) â†’ coaches/Alexander.jones
âœ” Created unclaimed coach profile: Brandon Britt (brandon.britt@fvsu.edu) â†’ coaches/brandon.britt
âœ” Created unclaimed coach profile: Brandon Mayhan (brandon.mayhan@fvsu.edu) â†’ coaches/brandon.mayhan
âœ” Created unclaimed coach profile: LaToya Jones (latoya.jones@fvsu.edu) â†’ coaches/latoya.jones
âœ” Created unclaimed coach profile: Rufus Green (rufus.green@fvsu.edu) â†’ coaches/rufus.green
âœ” Created unclaimed coach profile: Larry Wrather (lawrence.wrather@fvsu.edu) â†’ coaches/lawrence.wrather
âœ” Created unclaimed coach profile: Calandria Grace (calandria.grace@fvsu.edu) â†’ coaches/calandria.grace
ðŸ”„ Updating unclaimed profile for kgreer@oglethorpe.edu
âœ” Updated unclaimed coach profile: Kellen Greer (kgreer@oglethorpe.edu) â†’ coaches/kgreer | Phone: (404) 364-8487
âœ” Created unclaimed coach profile: Andy Hoyer (ahoyer@oglethorpe.edu) â†’ coaches/ahoyer | Phone: (404) 364-8487
âœ” Created unclaimed coach profile: Parker Hildebrecht (phildebrecht@oglethorpe.edu) â†’ coaches/phildebrecht | Phone: (404) 364-8487
âœ” Created unclaimed coach profile: Philip Ponder (pponder@oglethorpe.edu) â†’ coaches/pponder | Phone: (404) 364-8422
âœ” Created unclaimed coach profile: Will Long (wlong@oglethorpe.edu) â†’ coaches/wlong | Phone: (404) 364-8422
âœ” Created unclaimed coach profile: Kari Elliott (kelliott2@oglethorpe.edu) â†’ coaches/kelliott2 | Phone: (404) 364-8410
âœ” Created unclaimed coach profile: Patrick Smith (psmith@oglethorpe.edu) â†’ coaches/psmith | Phone: (404) 364-8410
âœ” Created unclaimed coach profile: Jim Owen (jowen@oglethorpe.edu) â†’ coaches/jowen | Phone: (404) 364-8420
âœ” Created unclaimed coach profile: David Potts (davidpottsgolf@gmail.com) â†’ coaches/davidpottsgolf | Phone: (404) 364-8420
âœ” Created unclaimed coach profile: Ana Garcia (as.garcia.juarez@gmail.com) â†’ coaches/as.garcia.juarez | Phone: (678) 674-6416
âœ” Created unclaimed coach profile: Jon Akin (jakin@oglethorpe.edu) â†’ coaches/jakin | Phone: (404) 364-8416
âœ” Created unclaimed coach profile: Dylan Gaither (dgaither@oglethorpe.edu) â†’ coaches/dgaither | Phone: (404) 364-8416
âœ” Created unclaimed coach profile: Richard Quegan (rquegan@oglethorpe.edu) â†’ coaches/rquegan | Phone: (404) 364-8415
âœ” Created unclaimed coach profile: Robbie Bruce (rbruce2@oglethorpe.edu) â†’ coaches/rbruce2 | Phone: (404) 364-8416
âœ” Created unclaimed coach profile: Jibril Stapleton (jstapleton@oglethorpe.edu) â†’ coaches/jstapleton | Phone: (404) 364-8415
âœ” Created unclaimed coach profile: Dwayne Taylor (dtaylor1@oglethorpe.edu) â†’ coaches/dtaylor1 | Phone: (404) 364-8415
âœ” Created unclaimed coach profile: Taylor Stewart (tstewart@oglethorpe.edu) â†’ coaches/tstewart
âœ” Created unclaimed coach profile: Margaret Fox (mfox1@oglethorpe.edu) â†’ coaches/mfox1 | Phone: (404) 364-8410
âœ” Created unclaimed coach profile: Nicki Hudson (nhudson@oglethorpe.edu) â†’ coaches/nhudson | Phone: (404) 364-8410
âœ” Created unclaimed coach profile: Jasen Jonus (jjonus@oglethorpe.edu) â†’ coaches/jjonus | Phone: (706) 957-0698
âœ” Created unclaimed coach profile: Katherine Frisby (kfrisby@oglethorpe.edu) â†’ coaches/kfrisby | Phone: (901) 351-9016
âœ” Created unclaimed coach profile: Mark Random (mrandom@oglethorpe.edu) â†’ coaches/mrandom | Phone: (770) 331-6821
âœ” Created unclaimed coach profile: Rebecca Hart (rhart@oglethorpe.edu) â†’ coaches/rhart
âœ” Created unclaimed coach profile: Rob King (rking1@oglethorpe.edu) â†’ coaches/rking1 | Phone: (404) 364-8896
âœ” Created unclaimed coach profile: Tony Arnesen (carnesen@oglethorpe.edu) â†’ coaches/carnesen | Phone: (404) 364-8896
âœ” Created unclaimed coach profile: Olivia Tidmore (otidmore@oglethorpe.edu) â†’ coaches/otidmore | Phone: (404) 364-8480
âœ” Created unclaimed coach profile: Kylee Zimmer (kzimmer1@oglethorpe.edu) â†’ coaches/kzimmer1 | Phone: (404) 364-8480
âœ” Created unclaimed coach profile: Charlie Asciutto (basciutt@kennesaw.edu) â†’ coaches/basciutt
âœ” Created unclaimed coach profile: Blake Biermen (bbierma1@kennesaw.edu) â†’ coaches/bbierma1
âœ” Created unclaimed coach profile: Rebecca Lindsey (rlinds20@kennesaw.edu) â†’ coaches/rlinds20
ðŸ”„ Updating unclaimed profile for baseball@kennsaw.edu
âœ” Updated unclaimed coach profile: Ryan Coe (baseball@kennsaw.edu) â†’ coaches/baseball
âœ” Created unclaimed coach profile: Matthew Passauer (mpassaue@kennesaw.edu) â†’ coaches/mpassaue
âœ” Created unclaimed coach profile: Brad Tyler (btyler7@kennesaw.edu) â†’ coaches/btyler7
âœ” Created unclaimed coach profile: Willie Watson (wwatso41@kennesaw.edu) â†’ coaches/wwatso41
âœ” Created unclaimed coach profile: Donovan Kates (dkates5@kennesaw.edu) â†’ coaches/dkates5
âœ” Created unclaimed coach profile: Philip Pearson (ppears12@kennesaw.edu) â†’ coaches/ppears12
âœ” Created unclaimed coach profile: Keisha McClinic (kmcclin6@kennesaw.edu) â†’ coaches/kmcclin6
âœ” Created unclaimed coach profile: Chris Straker (cstraker@kennesaw.edu) â†’ coaches/cstraker
âœ” Created unclaimed coach profile: Mike Kershaw (mkersha2@kennesaw.edu) â†’ coaches/mkersha2
âœ” Created unclaimed coach profile: Bryant Odom (bodom10@kennesaw.edu) â†’ coaches/bodom10
âœ” Created unclaimed coach profile: Nick Mackay (nmackay@kennesaw.edu) â†’ coaches/nmackay
âœ” Created unclaimed coach profile: Ket Vanderpool (spreamch@kennesaw.edu) â†’ coaches/spreamch
âœ” Created unclaimed coach profile: Daniella Murguia (dmurguia@kennesaw.edu) â†’ coaches/dmurguia
âœ” Created unclaimed coach profile: Wezly Barnard (wbarnar4@kennesaw.edu) â†’ coaches/wbarnar4
âœ” Created unclaimed coach profile: Laura Maness (lacrosserecruiting@kennesaw.edu) â†’ coaches/lacrosserecruiting
âœ” Created unclaimed coach profile: Morgan Gott (mgott@kennesaw.edu) â†’ coaches/mgott
âœ” Created unclaimed coach profile: Sarah Connally-Linebarger (sconnal4@kennesaw.edu) â†’ coaches/sconnal4
âœ” Created unclaimed coach profile: Bailey Wilson (bwils200@students.kennesaw.edu) â†’ coaches/bwils200
âœ” Created unclaimed coach profile: Selena Collins-Patterson (spatte33@kennesaw.edu) â†’ coaches/spatte33
âœ” Created unclaimed coach profile: Brea Dickey (bdickey2@kennesaw.edu) â†’ coaches/bdickey2
âœ” Created unclaimed coach profile: Crystal Hampton (cscanlo1@kennesaw.edu) â†’ coaches/cscanlo1
âœ” Created unclaimed coach profile: Simon Pritchard (spritc16@kennesaw.edu) â†’ coaches/spritc16
âœ” Created unclaimed coach profile: Jaymes Talkington (jtalking@kennesaw.edu) â†’ coaches/jtalking
âœ” Created unclaimed coach profile: Rachael Coelho (rcoelho@kennesaw.edu) â†’ coaches/rcoelho
âœ” Created unclaimed coach profile: Keith Schunzel (kschunze@kennesaw.edu) â†’ coaches/kschunze
âœ” Created unclaimed coach profile: Garrett Bitter (gbitter@kennesaw.edu) â†’ coaches/gbitter
âœ” Created unclaimed coach profile: Ashley Beyer (abeyer1@kennesaw.edu) â†’ coaches/abeyer1
âœ” Created unclaimed coach profile: Wes Timmons (wtimmons@shorter.edu) â†’ coaches/wtimmons
âœ” Created unclaimed coach profile: Frank Byers (fbyers@shorter.edu) â†’ coaches/fbyers
âœ” Created unclaimed coach profile: Zach Morrison (zmorrison@shorter.edu) â†’ coaches/zmorrison
âœ” Created unclaimed coach profile: Harlen Jacobs (hjacobs@shorter.edu) â†’ coaches/hjacobs
âœ” Created unclaimed coach profile: Tim Glanton (tglanton@shorter.edu) â†’ coaches/tglanton
âœ” Created unclaimed coach profile: Malcolm Mercer (mmercer@shorter.edu) â†’ coaches/mmercer
âœ” Created unclaimed coach profile: Keith Otis (kotis@shorter.edu) â†’ coaches/kotis
ðŸ”„ Updating unclaimed profile for khogan@shorter.edu
âœ” Updated unclaimed coach profile: Kelsey Hogan (khogan@shorter.edu) â†’ coaches/khogan
âœ” Created unclaimed coach profile: Jessi Bruce (jbruce@shorter.edu) â†’ coaches/jbruce
âœ” Created unclaimed coach profile: Orville Adams (oadams@shorter.edu) â†’ coaches/oadams
âœ” Created unclaimed coach profile: Taylor Watson (tlallmann@shorter.edu) â†’ coaches/tlallmann
âœ” Created unclaimed coach profile: Andrew Colborn (acolborn@shorter.edu) â†’ coaches/acolborn
âœ” Created unclaimed coach profile: Keri Nester (knester@bpc.edu) â†’ coaches/knester
âœ” Created unclaimed coach profile: Conner Melton (cmelton@bpc.edu) â†’ coaches/cmelton
âœ” Created unclaimed coach profile: Caleb Lanoux (clanoux@bpc.edu) â†’ coaches/clanoux
âœ” Created unclaimed coach profile: Dakota Connell (Dconnell1@bpc.edu) â†’ coaches/Dconnell1
âœ” Created unclaimed coach profile: Madison Herrin (mherrin@bpc.edu) â†’ coaches/mherrin
âœ” Created unclaimed coach profile: Leonard Epps (lepps@bpc.edu) â†’ coaches/lepps
âœ” Created unclaimed coach profile: Deon Williams (dwilliams4@bpc.edu) â†’ coaches/dwilliams4
âœ” Created unclaimed coach profile: Justin Quarterman (jquarterman@bpc.edu) â†’ coaches/jquarterman
âœ” Created unclaimed coach profile: Alex Telfair (xtelfair@bpc.edu) â†’ coaches/xtelfair
âœ” Created unclaimed coach profile: Marco Macias (mvargas@bpc.edu) â†’ coaches/mvargas
âœ” Created unclaimed coach profile: James Frank (jfrank@bpc.edu) â†’ coaches/jfrank
âœ” Created unclaimed coach profile: Sheldon Miller (smiller2@bpc.edu) â†’ coaches/smiller2
âœ” Created unclaimed coach profile: Mark Davidson (mdavidson@bpc.edu) â†’ coaches/mdavidson
âœ” Created unclaimed coach profile: Bob Neumann (rneumann@bpc.edu) â†’ coaches/rneumann
âœ” Created unclaimed coach profile: Nicolas Mayanguila (nmboungou@bpc.edu) â†’ coaches/nmboungou
âœ” Created unclaimed coach profile: Phillip Borde (pborde1@bpc.edu) â†’ coaches/pborde1
âœ” Created unclaimed coach profile: Justin Russell (jrussell1@bpc.edu) â†’ coaches/jrussell1
ðŸ”„ Updating unclaimed profile for sroberts@bpc.edu
âœ” Updated unclaimed coach profile: Stephen Roberts, (sroberts@bpc.edu) â†’ coaches/sroberts
âœ” Created unclaimed coach profile: Obed Quiles (oquiles@bpc.edu) â†’ coaches/oquiles
âœ” Created unclaimed coach profile: Tyler Smith (tsmith8@bpc.edu) â†’ coaches/tsmith8
âœ” Created unclaimed coach profile: Aris Knight (aknight1@bpc.edu) â†’ coaches/aknight1
âœ” Created unclaimed coach profile: Joshua Sturgill (jsturgill@bpc.edu) â†’ coaches/jsturgill
âœ” Created unclaimed coach profile: Cruz Phillips (cphillips4@bpc.edu) â†’ coaches/cphillips4
âœ” Created unclaimed coach profile: Mike Croley (mcroley@truett.edu) â†’ coaches/mcroley | Phone: (706) 865-2134
âœ” Created unclaimed coach profile: Ross Roberts (rroberts@truett.edu) â†’ coaches/rroberts | Phone: (770) 714-3913
âœ” Created unclaimed coach profile: Jon Yeh (jyeh@truett.edu) â†’ coaches/jyeh | Phone: (706) 865-2134
âœ” Created unclaimed coach profile: John Green (jgreen@truett.edu) â†’ coaches/jgreen | Phone: (919) 601-9765
âœ” Created unclaimed coach profile: Tiek Fields (tfields@truett.edu) â†’ coaches/tfields | Phone: (706) 865-2134
âœ” Created unclaimed coach profile: Andrew Leviner (rleviner@truett.edu) â†’ coaches/rleviner
âœ” Created unclaimed coach profile: Hannah Canady (hcanady@truett.edu) â†’ coaches/hcanady
âœ” Created unclaimed coach profile: Cooper Roland (croland@truett.edu) â†’ coaches/croland
âœ” Created unclaimed coach profile: Audrey Grace (aholder@truett.edu) â†’ coaches/aholder
âœ” Created unclaimed coach profile: Sarah Newton (snewton@truett.edu) â†’ coaches/snewton
âœ” Created unclaimed coach profile: David McDowell (dmcdowell@truett.edu) â†’ coaches/dmcdowell | Phone: (706) 865-2134
âœ” Created unclaimed coach profile: Jonathan Britt (jbritt@truett.edu) â†’ coaches/jbritt | Phone: (706) 865-2134
âœ” Created unclaimed coach profile: Scott Borchers (sborchers@truett.edu) â†’ coaches/sborchers | Phone: (706) 865-2134
âœ” Created unclaimed coach profile: Alex Buchman (abuchman@truett.edu) â†’ coaches/abuchman | Phone: (262) 470-2408
âœ” Created unclaimed coach profile: Dylan Reichenberg (dreichenberg@truett.edu) â†’ coaches/dreichenberg
ðŸ”„ Updating unclaimed profile for pmoore@truett.edu
âœ” Updated unclaimed coach profile: Peyton Moore (pmoore@truett.edu) â†’ coaches/pmoore
âœ” Created unclaimed coach profile: Joe Imhoff (jimhoff@truett.edu) â†’ coaches/jimhoff | Phone: (706) 865-2134
âœ” Created unclaimed coach profile: Jed Woodward (jedoconee@gmail.com) â†’ coaches/jedoconee
âœ” Created unclaimed coach profile: Cody Bond (cbond@truett.edu) â†’ coaches/cbond
âœ” Created unclaimed coach profile: Amanda Hunt (ahunt@truett.edu) â†’ coaches/ahunt
âœ” Created unclaimed coach profile: Michael Shea (mshea@truett.edu) â†’ coaches/mshea
âœ” Created unclaimed coach profile: Kadie Hudgins (khudgins@truett.edu) â†’ coaches/khudgins
âœ” Created unclaimed coach profile: Josh Adair (jdadair@truett.edu) â†’ coaches/jdadair
âœ” Created unclaimed coach profile: Tim MacAllister (tmacallister@ccga.edu) â†’ coaches/tmacallister | Phone: (912) 279-5872
âœ” Created unclaimed coach profile: Adam Sizemore (asizemore@ccga.edu) â†’ coaches/asizemore | Phone: (912) 279-5942
âœ” Created unclaimed coach profile: Corey Harris (charris@ccga.edu) â†’ coaches/charris | Phone: (912) 279-5845
âœ” Created unclaimed coach profile: Jodi Mullins (jmullins@ccga.edu) â†’ coaches/jmullins | Phone: (912) 279-5942
ðŸ”„ Updating unclaimed profile for mcook@ccga.edu
âœ” Updated unclaimed coach profile: Mike Cook (mcook@ccga.edu) â†’ coaches/mcook | Phone: (912) 266-3750
âœ” Created unclaimed coach profile: Nicole Johns (njohns@ccga.edu) â†’ coaches/njohns | Phone: (912) 278-0297
âœ” Created unclaimed coach profile: Mike Minick (mminick@ccga.edu) â†’ coaches/mminick | Phone: (912) 279-5940
âœ” Created unclaimed coach profile: Courtney Rutherford (crutherford@ccga.edu) â†’ coaches/crutherford | Phone: (912) 279-5892
âœ” Created unclaimed coach profile: Verniece Graham (verniece.graham@asurams.edu) â†’ coaches/verniece.graham
âœ” Created unclaimed coach profile: Quinn Fordham (asugoldenramsathletics1903@gmail.com) â†’ coaches/asugoldenramsathletics1903
âœ” Created unclaimed coach profile: Nicholas Sewak (nicholas.sewak@asurams.edu) â†’ coaches/nicholas.sewak
âœ” Created unclaimed coach profile: Jack Pierrot (jpierrot@students.asurams.edu) â†’ coaches/jpierrot
âœ” Created unclaimed coach profile: Damon Frenchers (damon.frenchers@asurams.edu) â†’ coaches/damon.frenchers
âœ” Created unclaimed coach profile: Glenn Davis (glenn.davis@asurams.edu) â†’ coaches/glenn.davis
âœ” Created unclaimed coach profile: Calvin King (calvin.king@asurams.edu) â†’ coaches/calvin.king
âœ” Created unclaimed coach profile: Todd Triplett (todd.triplett@asurams.edu) â†’ coaches/todd.triplett
âœ” Created unclaimed coach profile: Ty'Janae Brown (tyjanae.brown@asurams.edu) â†’ coaches/tyjanae.brown
âœ” Created unclaimed coach profile: Patrick Gayle (patrick.gayle@asurams.edu) â†’ coaches/patrick.gayle
âœ” Created unclaimed coach profile: Adrian White (adrian.white@asurams.edu) â†’ coaches/adrian.white
âœ” Created unclaimed coach profile: Jason Bryant (jason.bryant@asurams.edu) â†’ coaches/jason.bryant
âœ” Created unclaimed coach profile: Jeff Ellis (jeffrey.ellis@asurams.edu) â†’ coaches/jeffrey.ellis
âœ” Created unclaimed coach profile: Scot Hemmings (brandon.hemmings@asurams.edu) â†’ coaches/brandon.hemmings
âœ” Created unclaimed coach profile: Luis Martinez (luis.martinez@asurams.edu) â†’ coaches/luis.martinez
âœ” Created unclaimed coach profile: Jason Townsend (jason.townsend@asurams.edu) â†’ coaches/jason.townsend
âœ” Created unclaimed coach profile: Jo Ann (joann.matthews@asurams.edu) â†’ coaches/joann.matthews
âœ” Created unclaimed coach profile: Ronnie McGirt (Ronnie.mcgirt@asurams.edu) â†’ coaches/Ronnie.mcgirt
âœ” Created unclaimed coach profile: Jared Beauchamp (jared.beauchamp@asurams.edu) â†’ coaches/jared.beauchamp
âœ” Created unclaimed coach profile: Portia Jones (portia.smith3@yahoo.com) â†’ coaches/portia.smith3
âœ” Created unclaimed coach profile: Ashley Chunn- (chunnashley@yahoo.com) â†’ coaches/chunnashley
âœ” Created unclaimed coach profile: Carlton Clark (clarkcarlton@yahoo.com) â†’ coaches/clarkcarlton
âœ” Created unclaimed coach profile: J.D. Hulse (jhulse@valdosta.edu) â†’ coaches/jhulse
âœ” Created unclaimed coach profile: Geoff Bramblett (gbramblett@valdosta.edu) â†’ coaches/gbramblett
âœ” Created unclaimed coach profile: Jared Cantu (jcantu@valdosta.edu) â†’ coaches/jcantu
âœ” Created unclaimed coach profile: Mike Helfer (mrhelfer@valdosta.edu) â†’ coaches/mrhelfer
âœ” Created unclaimed coach profile: Nate Nowicki (njnowicki@valdosta.edu) â†’ coaches/njnowicki
âœ” Created unclaimed coach profile: Chandler Merkerson (cgmerkerson@valdosta.edu) â†’ coaches/cgmerkerson
âœ” Created unclaimed coach profile: Tyler Vaundry (tvaundry@valdosta.edu) â†’ coaches/tvaundry
âœ” Created unclaimed coach profile: Todd Smoot (tlsmoot@valdosta.edu) â†’ coaches/tlsmoot
âœ” Created unclaimed coach profile: Graham Craig (gacraig@valdosta.edu) â†’ coaches/gacraig
âœ” Created unclaimed coach profile: Jared Purvis (jpurvis@valdosta.edu) â†’ coaches/jpurvis
âœ” Created unclaimed coach profile: Stephen Andrew (sandrew@valdosta.edu) â†’ coaches/sandrew
âœ” Created unclaimed coach profile: Thomas Macera (tjmacera@valdosta.edu) â†’ coaches/tjmacera
âœ” Created unclaimed coach profile: John Hansen (jhansen@valdosta.edu) â†’ coaches/jhansen
âœ” Created unclaimed coach profile: Kaleigh Zoucha (kzoucha@valdosta.edu) â†’ coaches/kzoucha
âœ” Created unclaimed coach profile: Rami Mullen (ramullen@valdosta.edu) â†’ coaches/ramullen
âœ” Created unclaimed coach profile: Desiree Hagan (dhagan@valdosta.edu) â†’ coaches/dhagan
âœ” Created unclaimed coach profile: Kelli Fields (kmhollan@valdosta.edu) â†’ coaches/kmhollan
âœ” Created unclaimed coach profile: Melissa Brocato (mbrocato@augusta.edu) â†’ coaches/mbrocato | Phone: (706) 731-7916
âœ” Created unclaimed coach profile: Amanda Fields (amafields@augusta.edu) â†’ coaches/amafields | Phone: (706) 731-7919
âœ” Created unclaimed coach profile: Chris Howell (chris.howell@augusta.edu) â†’ coaches/chris.howell | Phone: (706) 731-7917
âœ” Created unclaimed coach profile: John Friday (jfriday@augusta.edu) â†’ coaches/jfriday | Phone: (706) 731-7915
âœ” Created unclaimed coach profile: Samantha Reece (sreece@augusta.edu) â†’ coaches/sreece
âœ” Created unclaimed coach profile: Dip Metress (dmetress@augusta.edu) â†’ coaches/dmetress | Phone: (706) 667-4765
âœ” Created unclaimed coach profile: Zach Tinkham (ztinkham@augusta.edu) â†’ coaches/ztinkham | Phone: (706) 729-2449
âœ” Created unclaimed coach profile: Steven Paine (spaine@augusta.edu) â†’ coaches/spaine | Phone: (706) 731-7992
âœ” Created unclaimed coach profile: Ruan Pretorius (rpretorius@augusta.edu) â†’ coaches/rpretorius | Phone: (706) 729-2511
âœ” Created unclaimed coach profile: Michael McGrath (mmcgrath@augusta.edu) â†’ coaches/mmcgrath | Phone: (706) 667-4349
âœ” Created unclaimed coach profile: Jacob Burgamy (jburgamy@augusta.edu) â†’ coaches/jburgamy | Phone: (706) 731-7914
âœ” Created unclaimed coach profile: Taylor Senter (tsenter@augusta.edu) â†’ coaches/tsenter
âœ” Created unclaimed coach profile: Jacob Topple (jtopple@augusta.edu) â†’ coaches/jtopple
âœ” Created unclaimed coach profile: Celeste Stewart (cestewart@augusta.edu) â†’ coaches/cestewart | Phone: (706) 731-7909
âœ” Created unclaimed coach profile: Mone Florence (moflorence@augusta.edu) â†’ coaches/moflorence
âœ” Created unclaimed coach profile: Ember Holloway (emholloway@augusta.edu) â†’ coaches/emholloway | Phone: (815) 590-3725
âœ” Created unclaimed coach profile: Sharon Quarles (squarles@augusta.edu) â†’ coaches/squarles | Phone: (706) 667-4766
âœ” Created unclaimed coach profile: Dekyra Dennis (dedennis@augusta.edu) â†’ coaches/dedennis | Phone: (706) 731-7937
âœ” Created unclaimed coach profile: David Beasley (dbeasley@berry.edu) â†’ coaches/dbeasley
âœ” Created unclaimed coach profile: Dylan Beasley (dlabeasley@berry.edu) â†’ coaches/dlabeasley
ðŸ”„ Updating unclaimed profile for gbrown@berry.edu
âœ” Updated unclaimed coach profile: Garrett Brown (gbrown@berry.edu) â†’ coaches/gbrown
âœ” Created unclaimed coach profile: Caitlyn Moriarty (cmoriarty@berry.edu) â†’ coaches/cmoriarty
âœ” Created unclaimed coach profile: Rachel Ford (rford@berry.edu) â†’ coaches/rford
âœ” Created unclaimed coach profile: Molly Bergin (mbergin@berry.edu) â†’ coaches/mbergin
âœ” Created unclaimed coach profile: Leslie Pledger (lpledger@berry.edu) â†’ coaches/lpledger
âœ” Created unclaimed coach profile: Margaret Knight (mellington@berry.edu) â†’ coaches/mellington
ðŸ”„ Updating unclaimed profile for bpurcell@berry.edu
âœ” Updated unclaimed coach profile: Brittany Purcell (bpurcell@berry.edu) â†’ coaches/bpurcell
âœ” Created unclaimed coach profile: Tony Kunczewski (tkunczewski@berry.edu) â†’ coaches/tkunczewski
âœ” Created unclaimed coach profile: Joel Elliott (jelliott@berry.edu) â†’ coaches/jelliott
âœ” Created unclaimed coach profile: Bernard Granville (bgranville@berry.edu) â†’ coaches/bgranville
âœ” Created unclaimed coach profile: Max James (mjames@berry.edu) â†’ coaches/mjames
âœ” Created unclaimed coach profile: Bryant Argote (bargote@berry.edu) â†’ coaches/bargote
âœ” Created unclaimed coach profile: Tobin Sharp (tsharp@berry.edu) â†’ coaches/tsharp
ðŸ”„ Updating unclaimed profile for mrichter@berry.edu
âœ” Updated unclaimed coach profile: Matthew Richter (mrichter@berry.edu) â†’ coaches/mrichter
âœ” Created unclaimed coach profile: Chris Logsdon (clogsdon@berry.edu) â†’ coaches/clogsdon
âœ” Created unclaimed coach profile: Paul Deaton (pdeaton@berry.edu) â†’ coaches/pdeaton
âœ” Created unclaimed coach profile: Brian Farrer (bfarrer@berry.edu) â†’ coaches/bfarrer
ðŸ”„ Updating unclaimed profile for cswilson@berry.edu
âœ” Updated unclaimed coach profile: Chris Wilson (cswilson@berry.edu) â†’ coaches/cswilson
âœ” Created unclaimed coach profile: Curtis Gilbert (cgilbert@berry.edu) â†’ coaches/cgilbert
âœ” Created unclaimed coach profile: Ken Byers (kbyers@berry.edu) â†’ coaches/kbyers
âœ” Created unclaimed coach profile: Koby McMahon (kmcmahon@berry.edu) â†’ coaches/kmcmahon
âœ” Created unclaimed coach profile: Richard Vardy (rvardy@berry.edu) â†’ coaches/rvardy
âœ” Created unclaimed coach profile: Konrad Jacobs (kjacobs@berry.edu) â†’ coaches/kjacobs
âœ” Created unclaimed coach profile: Zach Healy (zhealy@berry.edu) â†’ coaches/zhealy
âœ” Created unclaimed coach profile: Will Dubrowski (wdubrowski@berry.edu) â†’ coaches/wdubrowski
âœ” Created unclaimed coach profile: Doug Elly (delly@berry.edu) â†’ coaches/delly
âœ” Created unclaimed coach profile: Edward Rodionov (erodionov@berry.edu) â†’ coaches/erodionov
âœ” Created unclaimed coach profile: Luke Syverson (lsyverson@berry.edu) â†’ coaches/lsyverson
âœ” Created unclaimed coach profile: Mason Robinson (marobinson@berry.edu) â†’ coaches/marobinson
ðŸ”„ Updating unclaimed profile for tjohnson@berry.edu
âœ” Updated unclaimed coach profile: Thomas Johnson (tjohnson@berry.edu) â†’ coaches/tjohnson
âœ” Created unclaimed coach profile: Delaney Edwards (dedwards@berry.edu) â†’ coaches/dedwards
ðŸ”„ Updating unclaimed profile for wlax@berry.edu
âœ” Updated unclaimed coach profile: Brittni Hall (wlax@berry.edu) â†’ coaches/wlax
âœ” Created unclaimed coach profile: Ginnabeth Day (gday@berry.edu) â†’ coaches/gday
âœ” Created unclaimed coach profile: Kathy Brown (kinselbrown@berry.edu) â†’ coaches/kinselbrown
âœ” Created unclaimed coach profile: Jordan Crawford (jcrawford@berry.edu) â†’ coaches/jcrawford
ðŸ”„ Updating unclaimed profile for mmills@berry.edu
âœ” Updated unclaimed coach profile: Meredith Mills (mmills@berry.edu) â†’ coaches/mmills
âœ” Created unclaimed coach profile: Rebecca Murray (rmurray@berry.edu) â†’ coaches/rmurray

ðŸ“Š Upload Summary:
âœ” 441 coach profiles created/updated
â­ï¸  0 profiles skipped (already claimed)
ðŸ“§ Coaches can now claim their profiles during onboarding using their email address
