Could get FontBBox from font descriptor because None cannot be parsed as 4 floats
Could get FontBBox from font descriptor because None cannot be parsed as 4 floats
Could get FontBBox from font descriptor because None cannot be parsed as 4 floats
Could get FontBBox from font descriptor because None cannot be parsed as 4 floats
Could get FontBBox from font descriptor because None cannot be parsed as 4 floats
Could get FontBBox from font descriptor because None cannot be parsed as 4 floats
Cannot set gray stroke color because /'P6' is an invalid float value
Cannot set gray non-stroke color because /'P6' is an invalid float value
Cannot set gray stroke color because /'P19' is an invalid float value
Cannot set gray non-stroke color because /'P19' is an invalid float value
Cannot set gray stroke color because /'P42' is an invalid float value
Cannot set gray non-stroke color because /'P42' is an invalid float value
Cannot set gray stroke color because /'P104' is an invalid float value
Cannot set gray non-stroke color because /'P104' is an invalid float value
Cannot set gray stroke color because /'P162' is an invalid float value
Cannot set gray non-stroke color because /'P162' is an invalid float value
Cannot set gray stroke color because /'P220' is an invalid float value
Cannot set gray non-stroke color because /'P220' is an invalid float value
Cannot set gray stroke color because /'P278' is an invalid float value
Cannot set gray non-stroke color because /'P278' is an invalid float value
Cannot set gray stroke color because /'P327' is an invalid float value
Cannot set gray non-stroke color because /'P327' is an invalid float value
Cannot set gray stroke color because /'P396' is an invalid float value
Cannot set gray non-stroke color because /'P396' is an invalid float value
Cannot set gray stroke color because /'P459' is an invalid float value
Cannot set gray non-stroke color because /'P459' is an invalid float value
Cannot set gray stroke color because /'P536' is an invalid float value
Cannot set gray non-stroke color because /'P536' is an invalid float value
Cannot set gray stroke color because /'P600' is an invalid float value
Cannot set gray non-stroke color because /'P600' is an invalid float value
Cannot set gray stroke color because /'P663' is an invalid float value
Cannot set gray non-stroke color because /'P663' is an invalid float value
Cannot set gray stroke color because /'P737' is an invalid float value
Cannot set gray non-stroke color because /'P737' is an invalid float value
Cannot set gray stroke color because /'P802' is an invalid float value
Cannot set gray non-stroke color because /'P802' is an invalid float value
Cannot set gray stroke color because /'P860' is an invalid float value
Cannot set gray non-stroke color because /'P860' is an invalid float value
Cannot set gray stroke color because /'P917' is an invalid float value
Cannot set gray non-stroke color because /'P917' is an invalid float value
Cannot set gray stroke color because /'P980' is an invalid float value
Cannot set gray non-stroke color because /'P980' is an invalid float value
Cannot set gray stroke color because /'P1041' is an invalid float value
Cannot set gray non-stroke color because /'P1041' is an invalid float value
Cannot set gray stroke color because /'P1104' is an invalid float value
Cannot set gray non-stroke color because /'P1104' is an invalid float value
Cannot set gray stroke color because /'P1173' is an invalid float value
Cannot set gray non-stroke color because /'P1173' is an invalid float value
Cannot set gray stroke color because /'P1229' is an invalid float value
Cannot set gray non-stroke color because /'P1229' is an invalid float value
Cannot set gray stroke color because /'P1288' is an invalid float value
Cannot set gray non-stroke color because /'P1288' is an invalid float value
Could get FontBBox from font descriptor because None cannot be parsed as 4 floats
Cannot set gray stroke color because /'P1352' is an invalid float value
Cannot set gray non-stroke color because /'P1352' is an invalid float value
Cannot set gray stroke color because /'P1385' is an invalid float value
Cannot set gray non-stroke color because /'P1385' is an invalid float value
Cannot set gray stroke color because /'P1403' is an invalid float value
Cannot set gray non-stroke color because /'P1403' is an invalid float value
Could get FontBBox from font descriptor because None cannot be parsed as 4 floats
Could get FontBBox from font descriptor because None cannot be parsed as 4 floats
Could get FontBBox from font descriptor because None cannot be parsed as 4 floats
Could get FontBBox from font descriptor because None cannot be parsed as 4 floats
Cannot set gray stroke color because /'P1412' is an invalid float value
Cannot set gray non-stroke color because /'P1412' is an invalid float value
Could get FontBBox from font descriptor because None cannot be parsed as 4 floats
Cannot set gray stroke color because /'P118' is an invalid float value
Cannot set gray non-stroke color because /'P118' is an invalid float value
Cannot set gray stroke color because /'P147' is an invalid float value
Cannot set gray non-stroke color because /'P147' is an invalid float value
Cannot set gray stroke color because /'P157' is an invalid float value
Cannot set gray non-stroke color because /'P157' is an invalid float value
Cannot set gray stroke color because /'P6' is an invalid float value
Cannot set gray non-stroke color because /'P6' is an invalid float value
Cannot set gray stroke color because /'P11' is an invalid float value
Cannot set gray non-stroke color because /'P11' is an invalid float value
Cannot set gray stroke color because /'P12' is an invalid float value
Cannot set gray non-stroke color because /'P12' is an invalid float value
Cannot set gray stroke color because /'P16' is an invalid float value
Cannot set gray non-stroke color because /'P16' is an invalid float value
Cannot set gray stroke color because /'P16' is an invalid float value
Cannot set gray non-stroke color because /'P16' is an invalid float value
Cannot set gray stroke color because /'P17' is an invalid float value
Cannot set gray non-stroke color because /'P17' is an invalid float value
Cannot set gray stroke color because /'P73' is an invalid float value
Cannot set gray non-stroke color because /'P73' is an invalid float value
Cannot set gray stroke color because /'P76' is an invalid float value
Cannot set gray non-stroke color because /'P76' is an invalid float value
Cannot set gray stroke color because /'P77' is an invalid float value
Cannot set gray non-stroke color because /'P77' is an invalid float value
Cannot set gray stroke color because /'P87' is an invalid float value
Cannot set gray non-stroke color because /'P87' is an invalid float value
Cannot set gray stroke color because /'P87' is an invalid float value
Cannot set gray non-stroke color because /'P87' is an invalid float value
Cannot set gray stroke color because /'P114' is an invalid float value
Cannot set gray non-stroke color because /'P114' is an invalid float value
Cannot set gray stroke color because /'P115' is an invalid float value
Cannot set gray non-stroke color because /'P115' is an invalid float value
Cannot set gray stroke color because /'P116' is an invalid float value
Cannot set gray non-stroke color because /'P116' is an invalid float value
Cannot set gray stroke color because /'P10' is an invalid float value
Cannot set gray non-stroke color because /'P10' is an invalid float value
Cannot set gray stroke color because /'P10' is an invalid float value
Cannot set gray non-stroke color because /'P10' is an invalid float value
Cannot set gray stroke color because /'P11' is an invalid float value
Cannot set gray non-stroke color because /'P11' is an invalid float value
Cannot set gray stroke color because /'P12' is an invalid float value
Cannot set gray non-stroke color because /'P12' is an invalid float value
Cannot set gray stroke color because /'P13' is an invalid float value
Cannot set gray non-stroke color because /'P13' is an invalid float value
Cannot set gray stroke color because /'P91' is an invalid float value
Cannot set gray non-stroke color because /'P91' is an invalid float value
Cannot set gray stroke color because /'P91' is an invalid float value
Cannot set gray non-stroke color because /'P91' is an invalid float value
Cannot set gray stroke color because /'P92' is an invalid float value
Cannot set gray non-stroke color because /'P92' is an invalid float value
Cannot set gray stroke color because /'P9' is an invalid float value
Cannot set gray non-stroke color because /'P9' is an invalid float value
Cannot set gray stroke color because /'P13' is an invalid float value
Cannot set gray non-stroke color because /'P13' is an invalid float value
Cannot set gray stroke color because /'P14' is an invalid float value
Cannot set gray non-stroke color because /'P14' is an invalid float value
Cannot set gray stroke color because /'P71' is an invalid float value
Cannot set gray non-stroke color because /'P71' is an invalid float value
Cannot set gray stroke color because /'P112' is an invalid float value
Cannot set gray non-stroke color because /'P112' is an invalid float value
Cannot set gray stroke color because /'P128' is an invalid float value
Cannot set gray non-stroke color because /'P128' is an invalid float value
-> Reading CSV: /Users/kevinvera/Documents/GitHub/ReviewMyCoach.com/reviewmycoach/reviewmycoach-python-venv/pdfs-n-csvs/ia/Iowa College Athletics (1).csv
-> Output PDFs to: /Users/kevinvera/Documents/GitHub/ReviewMyCoach.com/reviewmycoach/reviewmycoach-python-venv/pdfs-n-csvs/ia

Printing completed in 137.8s
Success: 20 | Skipped: 5 | Errors: 0

Resolved URLs used:
- Grinnell College.pdf: https://pioneers.grinnell.edu/staff-directory?print=true
- University of Iowa.pdf: https://hawkeyesports.com/staff-directory?print=true
- Iowa State University.pdf: https://cyclones.com/staff-directory?print=true
- Grand View University.pdf: https://gvvikings.com/staff-directory?print=true
- University of Northern Iowa.pdf: https://unipanthers.com/staff-directory?print=true
- Loras College.pdf: https://duhawks.com/staff-directory?print=true
- Upper Iowa University.pdf: https://uiupeacocks.com/staff-directory?print=true
- Luther College.pdf: https://luther.edu/athletics?print=true
- Buena Vista University.pdf: https://bvuathletics.com/staff-directory?print=true
- Simpson College.pdf: https://simpsonathletics.com/staff-directory?print=true
- Wartburg College.pdf: https://go-knights.net/staff-directory?print=true
- Northwestern College (IA).pdf: https://nwcraiders.com/staff-directory?print=true
- Coe College.pdf: https://kohawkathletics.com/staff-directory?print=true
- Briar Cliff University.pdf: https://bcuchargers.com/staff-directory?print=true
- Drake University.pdf: https://godrakebulldogs.com/staff-directory/print
- Cornell College.pdf: https://cornellrams.com/staff-directory?print=true
- Waldorf University.pdf: https://waldorfwarriors.com/staff-directory?print=true
- Clarke University.pdf: https://clarkepride.com/staff-directory?print=true
- William Penn University.pdf: https://statesmenathletics.com/staff-directory?print=true
- Central College.pdf: https://athletics.central.edu/staff-directory/print

Skipped:
- https://dbqspartanathletics.com/staff-directory -> Navigation failed: Page.goto: net::ERR_NAME_NOT_RESOLVED at https://dbqspartanathletics.com/staff-directory/index
Call log:
  - navigating to "https://dbqspartanathletics.com/staff-directory/index", waiting until "networkidle"
 (tried: https://dbqspartanathletics.com/staff-directory?print=true, https://dbqspartanathletics.com/staff-directory/print, https://dbqspartanathletics.com/staff-directory, https://dbqspartanathletics.com/staff-directory/index?print=true, https://dbqspartanathletics.com/staff-directory/index/print, https://dbqspartanathletics.com/staff-directory/index)
- https://guyellowjackets.com/staff-directory -> Navigation failed: Page.goto: net::ERR_NAME_NOT_RESOLVED at https://guyellowjackets.com/staff-directory/index
Call log:
  - navigating to "https://guyellowjackets.com/staff-directory/index", waiting until "networkidle"
 (tried: https://guyellowjackets.com/staff-directory?print=true, https://guyellowjackets.com/staff-directory/print, https://guyellowjackets.com/staff-directory, https://guyellowjackets.com/staff-directory/index?print=true, https://guyellowjackets.com/staff-directory/index/print, https://guyellowjackets.com/staff-directory/index)
- https://iw.edu/athletics -> Navigation failed: Page.goto: net::ERR_NAME_NOT_RESOLVED at https://iw.edu/athletics/index
Call log:
  - navigating to "https://iw.edu/athletics/index", waiting until "networkidle"
 (tried: https://iw.edu/athletics?print=true, https://iw.edu/athletics/print, https://iw.edu/athletics, https://iw.edu/athletics/index?print=true, https://iw.edu/athletics/index/print, https://iw.edu/athletics/index)
- https://mountmercy.mustangsports.com/staff-directory -> Navigation failed: Page.goto: net::ERR_NAME_NOT_RESOLVED at https://mountmercy.mustangsports.com/staff-directory/index
Call log:
  - navigating to "https://mountmercy.mustangsports.com/staff-directory/index", waiting until "networkidle"
 (tried: https://mountmercy.mustangsports.com/staff-directory?print=true, https://mountmercy.mustangsports.com/staff-directory/print, https://mountmercy.mustangsports.com/staff-directory, https://mountmercy.mustangsports.com/staff-directory/index?print=true, https://mountmercy.mustangsports.com/staff-directory/index/print, https://mountmercy.mustangsports.com/staff-directory/index)
- https://dordtdefenders.com/staff-directory -> Navigation failed: Page.goto: Timeout 30000ms exceeded.
Call log:
  - navigating to "https://dordtdefenders.com/staff-directory/index", waiting until "networkidle"
 (tried: https://dordtdefenders.com/staff-directory?print=true, https://dordtdefenders.com/staff-directory/print, https://dordtdefenders.com/staff-directory, https://dordtdefenders.com/staff-directory/index?print=true, https://dordtdefenders.com/staff-directory/index/print, https://dordtdefenders.com/staff-directory/index)

Parsing printed PDFs and preparing upload entries...
✔ Total coach entries prepared: 375
DRY RUN MODE - No actual upload to Firestore
[DRY RUN] Would create unclaimed coach profile: Tim Hollibaugh (hollibau@grinnell.edu) → coaches/hollibau
[DRY RUN] Would create unclaimed coach profile: Sean Pfeiffer (pfeiffers@grinnell.edu) → coaches/pfeiffers
[DRY RUN] Would create unclaimed coach profile: David Arseneault (arseneau2@grinnell.edu) → coaches/arseneau2
[DRY RUN] Would create unclaimed coach profile: DJ Damazo (damazodj@grinnell.edu) → coaches/damazodj
[DRY RUN] Would create unclaimed coach profile: Dana Harrold (harroldd@grinnell.edu) → coaches/harroldd
[DRY RUN] Would create unclaimed coach profile: Jaxson Foster (fosterja@grinnell.edu) → coaches/fosterja
[DRY RUN] Would create unclaimed coach profile: Sarah Burnell (burnells@grinnell.edu) → coaches/burnells
[DRY RUN] Would create unclaimed coach profile: Brent Barnes (barnesbr@grinnell.edu) → coaches/barnesbr
[DRY RUN] Would create unclaimed coach profile: Gene Blalock (blalockg@grinnell.edu) → coaches/blalockg
[DRY RUN] Would create unclaimed coach profile: Malcolm J. (gibsonma@grinnell.edu) → coaches/gibsonma
[DRY RUN] Would create unclaimed coach profile: Eddie Arias (ariasedd@grinnell.edu) → coaches/ariasedd
[DRY RUN] Would create unclaimed coach profile: Connor McKay (mckaycon@grinnell.edu) → coaches/mckaycon
[DRY RUN] Would create unclaimed coach profile: Chris Zug (zugchri@grinnell.edu) → coaches/zugchri
[DRY RUN] Would create unclaimed coach profile: Lauren Chen (chenlauren@grinnell.edu) → coaches/chenlauren
[DRY RUN] Would create unclaimed coach profile: Brian Jaworski (jaworski@grinnell.edu) → coaches/jaworski
[DRY RUN] Would create unclaimed coach profile: Weston McPhee (mcpheew@grinnell.edu) → coaches/mcpheew
[DRY RUN] Would create unclaimed coach profile: Kirsten Koester (koesterk@grinnell.edu) → coaches/koesterk
[DRY RUN] Would create unclaimed coach profile: Lexy Determan (determan@grinnell.edu) → coaches/determan
[DRY RUN] Would create unclaimed coach profile: Dalton Meredith (meredithd@grinnell.edu) → coaches/meredithd
[DRY RUN] Would create unclaimed coach profile: Matt Hedman (hedmanmatthew@grinnell.edu) → coaches/hedmanmatthew
[DRY RUN] Would create unclaimed coach profile: Beth Mitchell (mitchellb@grinnell.edu) → coaches/mitchellb
[DRY RUN] Would create unclaimed coach profile: Zack Hasenyager (hasenyag@grinnell.edu) → coaches/hasenyag
[DRY RUN] Would create unclaimed coach profile: Dan Key (keydaniel@grinnell.edu) → coaches/keydaniel
[DRY RUN] Would create unclaimed coach profile: Andy Hamilton (hamiltoa@grinnell.edu) → coaches/hamiltoa
[DRY RUN] Would create unclaimed coach profile: Jeff Pedersen (pedersej@grinnell.edu) → coaches/pedersej
[DRY RUN] Would create unclaimed coach profile: Jermelle Lewis (lewisjer@grinnell.edu) → coaches/lewisjer
[DRY RUN] Would create unclaimed coach profile: Will Freeman (freemanw@grinnell.edu) → coaches/freemanw
[DRY RUN] Would create unclaimed coach profile: Eric Ragan (raganeri@grinnell.edu) → coaches/raganeri
[DRY RUN] Would create unclaimed coach profile: Kristland Damazo (damazokr@grinnell.edu) → coaches/damazokr
[DRY RUN] Would create unclaimed coach profile: Steve Lewis (lewissteven@grinnell.edu) → coaches/lewissteven
[DRY RUN] Would create unclaimed coach profile: Assistant Coach (jblount@iastate.edu) → coaches/jblount
[DRY RUN] Would create unclaimed coach profile: Assistant Coach (kgreen2@iastate.edu) → coaches/kgreen2
[DRY RUN] Would create unclaimed coach profile: Head Coach (coachf@iastate.edu) → coaches/coachf
[DRY RUN] Would create unclaimed coach profile: Associate Head (jsteyer@iastate.edu) → coaches/jsteyer
[DRY RUN] Would create unclaimed coach profile: Assistant Coach/General (billyfen@iastate.edu) → coaches/billyfen
[DRY RUN] Would create unclaimed coach profile: Assistant Coach (laharris@iastate.edu) → coaches/laharris
[DRY RUN] Would create unclaimed coach profile: Assistant Coach (emilyh2@iastate.edu) → coaches/emilyh2
[DRY RUN] Would create unclaimed coach profile: Head Coach (tank@iastate.edu) → coaches/tank
[DRY RUN] Would create unclaimed coach profile: Head Coach (martensc@iastate.edu) → coaches/martensc
[DRY RUN] Would create unclaimed coach profile: Associate Head (triggs@iastate.edu) → coaches/triggs
[DRY RUN] Would create unclaimed coach profile: Head Coach (amgreig@iastate.edu) → coaches/amgreig
[DRY RUN] Would create unclaimed coach profile: Head Coach (jdpinker@iastate.edu) → coaches/jdpinker
[DRY RUN] Would create unclaimed coach profile: Associate Head (ksinnott@iastate.edu) → coaches/ksinnott
[DRY RUN] Would create unclaimed coach profile: Assistant Coach (lubrun@iastate.edu) → coaches/lubrun
[DRY RUN] Would create unclaimed coach profile: Head Cheer (Krsmith@iastate.edu) → coaches/Krsmith
[DRY RUN] Would create unclaimed coach profile: Assistant Strength (mprado@iastate.edu) → coaches/mprado
[DRY RUN] Would create unclaimed coach profile: Assistant Strength (alexmc@iastate.edu) → coaches/alexmc
[DRY RUN] Would create unclaimed coach profile: Head Diving (jwarrick@iastate.edu) → coaches/jwarrick
[DRY RUN] Would create unclaimed coach profile: Head Coach (kdresser@iastate.edu) → coaches/kdresser
[DRY RUN] Would create unclaimed coach profile: Assistant Coach (bmetcalf@iastate.edu) → coaches/bmetcalf
[DRY RUN] Would create unclaimed coach profile: Assistant Coach (dstjhn@iastate.edu) → coaches/dstjhn
[DRY RUN] Would create unclaimed coach profile: Nick Mitchell (nmitchell@grandview.edu) → coaches/nmitchell
[DRY RUN] Would create unclaimed coach profile: Trevor Dickherber (tdickherber@grandview.edu) → coaches/tdickherber
[DRY RUN] Would create unclaimed coach profile: Angelo Crinzi (acrinzi@grandview.edu) → coaches/acrinzi
[DRY RUN] Would create unclaimed coach profile: Arelys Valles (avalles@grandview.edu) → coaches/avalles
[DRY RUN] Would create unclaimed coach profile: Charlie Mundy (cmundy@grandview.edu) → coaches/cmundy
[DRY RUN] Would create unclaimed coach profile: Doug Brinker (dbrinker@grandview.edu) → coaches/dbrinker
[DRY RUN] Would create unclaimed coach profile: Austin Marchant (amarchant@grandview.edu) → coaches/amarchant
[DRY RUN] Would create unclaimed coach profile: Jasmine Stohr (jstohr@grandview.edu) → coaches/jstohr
[DRY RUN] Would create unclaimed coach profile: Ian Keiderling (ikeiderling@grandview.edu) → coaches/ikeiderling
[DRY RUN] Would create unclaimed coach profile: Denis Schaefer (dschaefer@grandview.edu) → coaches/dschaefer
[DRY RUN] Would create unclaimed coach profile: Tyler Long (tlong@grandview.edu) → coaches/tlong
[DRY RUN] Would create unclaimed coach profile: Melody Felton (mfelton@grandview.edu) → coaches/mfelton
[DRY RUN] Would create unclaimed coach profile: Keith Felton (kfelton@grandview.edu) → coaches/kfelton
[DRY RUN] Would create unclaimed coach profile: Sarah Buss (sbuss@grandview.edu) → coaches/sbuss
[DRY RUN] Would create unclaimed coach profile: Penelope Olsen (penelope.olsen@grandview.edu) → coaches/penelope.olsen
[DRY RUN] Would create unclaimed coach profile: Kelsey Nichols (knichols@grandview.edu) → coaches/knichols
[DRY RUN] Would create unclaimed coach profile: Nikki VanRaalte (nvanraalte@grandview.edu) → coaches/nvanraalte
[DRY RUN] Would create unclaimed coach profile: Nicole Mundy (nmundy@grandview.edu) → coaches/nmundy
[DRY RUN] Would create unclaimed coach profile: E.J. Peterson (epeterson@grandview.edu) → coaches/epeterson
[DRY RUN] Would create unclaimed coach profile: Chris Winkel (cwinkel@grandview.edu) → coaches/cwinkel
[DRY RUN] Would create unclaimed coach profile: David Groves (dgroves@grandview.edu) → coaches/dgroves
[DRY RUN] Would create unclaimed coach profile: Jonathan Rivera (jrivera@grandview.edu) → coaches/jrivera
[DRY RUN] Would create unclaimed coach profile: Matt DeBoer (mdeboer@grandview.edu) → coaches/mdeboer
[DRY RUN] Would create unclaimed coach profile: Marcos Silva (msilva@grandview.edu) → coaches/msilva
[DRY RUN] Would create unclaimed coach profile: Ventsi Stoimirov (vstoimirov@grandview.edu) → coaches/vstoimirov
[DRY RUN] Would create unclaimed coach profile: Joel Comito (jcomito@grandview.edu) → coaches/jcomito
[DRY RUN] Would create unclaimed coach profile: Lou A. (layacinich@grandview.edu) → coaches/layacinich
[DRY RUN] Would create unclaimed coach profile: Jacob Redman (jredman@grandview.edu) → coaches/jredman
[DRY RUN] Would create unclaimed coach profile: Raphael Lima (rlimaseabra@grandview.edu) → coaches/rlimaseabra
[DRY RUN] Would create unclaimed coach profile: Kandace Cook (kcook@grandview.edu) → coaches/kcook
[DRY RUN] Would create unclaimed coach profile: Paul Reedy (preedy@grandview.edu) → coaches/preedy
[DRY RUN] Would create unclaimed coach profile: Grant Henderson (ghenderson@grandview.edu) → coaches/ghenderson
[DRY RUN] Would create unclaimed coach profile: Grant Turner (gturner@grandview.edu) → coaches/gturner
[DRY RUN] Would create unclaimed coach profile: Strength & (rachel.ronan@uni.edu) → coaches/rachel.ronan
[DRY RUN] Would create unclaimed coach profile: Head Coach (ben.jacobson@uni.edu) → coaches/ben.jacobson
[DRY RUN] Would create unclaimed coach profile: Associate Head (pj.hogan@uni.edu) → coaches/pj.hogan
[DRY RUN] Would create unclaimed coach profile: Assistant Coach (seth.tuttle@uni.edu) → coaches/seth.tuttle
[DRY RUN] Would create unclaimed coach profile: Assistant Coach (gameli.k.ahelegbe@uni.edu) → coaches/gameli.k.ahelegbe
[DRY RUN] Would create unclaimed coach profile: Head Coach (tanya.warren@uni.edu) → coaches/tanya.warren
[DRY RUN] Would create unclaimed coach profile: Associate Head (brad.nelson@uni.edu) → coaches/brad.nelson
[DRY RUN] Would create unclaimed coach profile: Assistant Coach (katelin.vandevender@uni.edu) → coaches/katelin.vandevender
[DRY RUN] Would create unclaimed coach profile: Assistant Coach (nathan.oakland@uni.edu) → coaches/nathan.oakland
[DRY RUN] Would create unclaimed coach profile: Head Cross (alexinaw@uni.edu) → coaches/alexinaw
[DRY RUN] Would create unclaimed coach profile: Head Coach (todd.stepsis@uni.edu) → coaches/todd.stepsis
[DRY RUN] Would create unclaimed coach profile: Head Coach (john.bermel@uni.edu) → coaches/john.bermel
[DRY RUN] Would create unclaimed coach profile: Interim Head (alex.placethomas@uni.edu) → coaches/alex.placethomas
[DRY RUN] Would create unclaimed coach profile: Assistant Coach (derek.krebsbach@uni.edu) → coaches/derek.krebsbach
[DRY RUN] Would create unclaimed coach profile: Head Coach (ryan.jacobs@uni.edu) → coaches/ryan.jacobs
[DRY RUN] Would create unclaimed coach profile: Assistant Coach (monica.wright@uni.edu) → coaches/monica.wright
[DRY RUN] Would create unclaimed coach profile: Head Coach (nicholas.lakin@uni.edu) → coaches/nicholas.lakin
[DRY RUN] Would create unclaimed coach profile: Dive Coach (bethany.hovland@uni.edu) → coaches/bethany.hovland
[DRY RUN] Would create unclaimed coach profile: Assistant Coach (benjamin.colin@uni.edu) → coaches/benjamin.colin
[DRY RUN] Would create unclaimed coach profile: Head Coach (chris.sagers@uni.edu) → coaches/chris.sagers
[DRY RUN] Would create unclaimed coach profile: Assistant Coach (jeffrey.coover@uni.edu) → coaches/jeffrey.coover
[DRY RUN] Would create unclaimed coach profile: Assistant Coach (daniel.omara@uni.edu) → coaches/daniel.omara
[DRY RUN] Would create unclaimed coach profile: Head Coach (bobbi.petersen@uni.edu) → coaches/bobbi.petersen
[DRY RUN] Would create unclaimed coach profile: Assistant Coach (kim.davis@uni.edu) → coaches/kim.davis
[DRY RUN] Would create unclaimed coach profile: Assistant Coach (jason.allen@uni.edu) → coaches/jason.allen
[DRY RUN] Would create unclaimed coach profile: Head Coach (doug.schwab@uni.edu) → coaches/doug.schwab
[DRY RUN] Would create unclaimed coach profile: Assistant Coach (randy.pugh@uni.edu) → coaches/randy.pugh
[DRY RUN] Would create unclaimed coach profile: Kristy Duncan (kristy.duncan@loras.edu) → coaches/kristy.duncan | Phone: 563.588.7459
[DRY RUN] Would create unclaimed coach profile: Carl Tebon (carl.tebon@loras.edu) → coaches/carl.tebon | Phone: 563.588.7732
[DRY RUN] Would create unclaimed coach profile: Steve Helminiak (steven.helminiak@loras.edu) → coaches/steven.helminiak | Phone: 563.588.7406
[DRY RUN] Would create unclaimed coach profile: Jake Olsen (jake.olsen@loras.edu) → coaches/jake.olsen | Phone: 563.588.7187
[DRY RUN] Would create unclaimed coach profile: Greg Bower (greg.bower@loras.edu) → coaches/greg.bower | Phone: 563.588.7124
[DRY RUN] Would create unclaimed coach profile: Jon Powers (jonathan.powers@loras.edu) → coaches/jonathan.powers | Phone: 563.588.7580
[DRY RUN] Would create unclaimed coach profile: Cody Hipp (cody.hipp@loras.edu) → coaches/cody.hipp | Phone: 563.588.7220
[DRY RUN] Would create unclaimed coach profile: Ashley Winter (ashley.winter@loras.edu) → coaches/ashley.winter | Phone: 563.588.7159
[DRY RUN] Would create unclaimed coach profile: Nate Weber (nathan.weber@loras.edu) → coaches/nathan.weber | Phone: 563.564.9916
[DRY RUN] Would create unclaimed coach profile: Josh Edwards (joshua.edwards@loras.edu) → coaches/joshua.edwards | Phone: 563.588.7210
[DRY RUN] Would create unclaimed coach profile: Bri Lawrence (lawrenceb631@uiu.edu) → coaches/lawrenceb631
[DRY RUN] Would create unclaimed coach profile: Lizzie Dingbaum (vandyke51@uiu.edu) → coaches/vandyke51
[DRY RUN] Would create unclaimed coach profile: Justis Kruse (krusej77@uiu.edu) → coaches/krusej77
[DRY RUN] Would create unclaimed coach profile: Brian Voigt (voigtb11@uiu.edu) → coaches/voigtb11
[DRY RUN] Would create unclaimed coach profile: Alex Jorgensen (jorgensena72@uiu.edu) → coaches/jorgensena72
[DRY RUN] Would create unclaimed coach profile: Casey Kasperbauer (kasperbauerc@uiu.edu) → coaches/kasperbauerc
[DRY RUN] Would create unclaimed coach profile: Tanner Cooke (cooket@uiu.edu) → coaches/cooket
[DRY RUN] Would create unclaimed coach profile: Justin Maass (maassj76@uiu.edu) → coaches/maassj76
[DRY RUN] Would create unclaimed coach profile: Bridgette Griffin (griffinb40@uiu.edu) → coaches/griffinb40
[DRY RUN] Would create unclaimed coach profile: Nate Rucker (ruckern@uiu.edu) → coaches/ruckern
[DRY RUN] Would create unclaimed coach profile: Brad Wymer (wymerb@uiu.edu) → coaches/wymerb
[DRY RUN] Would create unclaimed coach profile: Jason Hoskins (hoskinsj449@uiu.edu) → coaches/hoskinsj449
[DRY RUN] Would create unclaimed coach profile: Heath Parling (parlingh69@uiu.edu) → coaches/parlingh69
[DRY RUN] Would create unclaimed coach profile: Rhett Mizer (mizerr73@uiu.edu) → coaches/mizerr73
[DRY RUN] Would create unclaimed coach profile: Rob Goode (gooder86@uiu.edu) → coaches/gooder86
[DRY RUN] Would create unclaimed coach profile: Markhus Taylor (taylorm@uiu.edu) → coaches/taylorm
[DRY RUN] Would create unclaimed coach profile: Max Longman (longmanm@uiu.edu) → coaches/longmanm
[DRY RUN] Would create unclaimed coach profile: Jayden Mitchell (mitchellj89@uiu.edu) → coaches/mitchellj89
[DRY RUN] Would create unclaimed coach profile: Drew Wilson (wilsonc870@uiu.edu) → coaches/wilsonc870
[DRY RUN] Would create unclaimed coach profile: Aiden Rodgers (rodgersa09@uiu.edu) → coaches/rodgersa09
[DRY RUN] Would create unclaimed coach profile: Mike Lewis (lewism@uiu.edu) → coaches/lewism
[DRY RUN] Would create unclaimed coach profile: Jason Carlson (carlsonj@uiu.edu) → coaches/carlsonj
[DRY RUN] Would create unclaimed coach profile: Patrick Ritter (ritterp@uiu.edu) → coaches/ritterp
[DRY RUN] Would create unclaimed coach profile: Rachel Rhode (rhoder@uiu.edu) → coaches/rhoder
[DRY RUN] Would create unclaimed coach profile: Jasmin Estrada (estradaj@uiu.edu) → coaches/estradaj
[DRY RUN] Would create unclaimed coach profile: Sarah Hull (hulls785@uiu.edu) → coaches/hulls785
[DRY RUN] Would create unclaimed coach profile: Heath Grimm (grimmh@uiu.edu) → coaches/grimmh
[DRY RUN] Would create unclaimed coach profile: Eric Faught (faughte97@uiu.edu) → coaches/faughte97
[DRY RUN] Would create unclaimed coach profile: Jay Tiedemann (tiedemannj@uiu.edu) → coaches/tiedemannj
[DRY RUN] Would create unclaimed coach profile: Tori Stille (stillev@bvu.edu) → coaches/stillev
[DRY RUN] Would create unclaimed coach profile: Emma Chase (chasem@bvu.eduq) → coaches/chasem | Phone: 712.749.1154
[DRY RUN] Would create unclaimed coach profile: Steve Eddie (EddieS@bvu.edu) → coaches/EddieS | Phone: 712.749.2298
[DRY RUN] Would create unclaimed coach profile: Nate Hanner (hannern@bvu.edu) → coaches/hannern | Phone: 712.749.1297
[DRY RUN] Would create unclaimed coach profile: Brayden Polzien (polzienb@bvu.edu) → coaches/polzienb
[DRY RUN] Would create unclaimed coach profile: Austin Dickinson (dickinson2@bvu.edu) → coaches/dickinson2 | Phone: 712.749.2255
[DRY RUN] Would create unclaimed coach profile: Austin Bresnahan (bresnahana@bvu.edu) → coaches/bresnahana | Phone: 712.749.2259
[DRY RUN] Would create unclaimed coach profile: John Alicea (aliceaj@bvu.edu) → coaches/aliceaj | Phone: 712.749.2259
[DRY RUN] Would create unclaimed coach profile: Trevor Berneking (bernekingt@bvu.edu) → coaches/bernekingt | Phone: 712.749.1454
[DRY RUN] Would create unclaimed coach profile: Jeff Horner (hornerj@bvu.edu) → coaches/hornerj | Phone: 712.749.2252
[DRY RUN] Would create unclaimed coach profile: Vince Grier (grierv@bvu.edu) → coaches/grierv | Phone: 712.749.2297
[DRY RUN] Would create unclaimed coach profile: Paul Loos (loos@bvu.edu) → coaches/loos
[DRY RUN] Would create unclaimed coach profile: Ben Clark (clarkb@bvu.edu) → coaches/clarkb | Phone: 712.749.2221
[DRY RUN] Would create unclaimed coach profile: Aaron Poor (poorbeara@bvu.edu) → coaches/poorbeara | Phone: 712.749.1811
[DRY RUN] Would create unclaimed coach profile: Emily Hoesing (hoesinge@bvu.edu) → coaches/hoesinge | Phone: 712.749.2355
[DRY RUN] Would create unclaimed coach profile: Annika Powell (pattona@bvu.edu) → coaches/pattona | Phone: 712.749.2080
[DRY RUN] Would create unclaimed coach profile: Kelsey Resnick (resnickk@bvu.edu) → coaches/resnickk | Phone: 712.749.2352
[DRY RUN] Would create unclaimed coach profile: Chase Stiner (stinerc@bvu.edu) → coaches/stinerc | Phone: 712.749.2266
[DRY RUN] Would create unclaimed coach profile: Brett Groen (groenb@bvu.edu) → coaches/groenb | Phone: 712.749.2267
[DRY RUN] Would create unclaimed coach profile: Ty Hoover (hoovert@bvu.edu) → coaches/hoovert | Phone: 712.749.2631
[DRY RUN] Would create unclaimed coach profile: Bethany Martin (martinb@bvu.edu) → coaches/martinb | Phone: 712.749.2287
[DRY RUN] Would create unclaimed coach profile: Tammy Utley (utleyt@bvu.edu) → coaches/utleyt | Phone: 712.749.2020
[DRY RUN] Would create unclaimed coach profile: Lauren Greif (greifl@bvu.edu) → coaches/greifl | Phone: 712.749.2020
[DRY RUN] Would create unclaimed coach profile: Kylee Boettcher (boettcherk@bvu.edu) → coaches/boettcherk | Phone: 712.749.2027
[DRY RUN] Would create unclaimed coach profile: Kyle Bernhoft (BernhoftK@bvu.edu) → coaches/BernhoftK | Phone: 712.749.2244
[DRY RUN] Would create unclaimed coach profile: Mauricio Lozada (LozadaM@bvu.edu) → coaches/LozadaM | Phone: 712.749.2031
[DRY RUN] Would create unclaimed coach profile: Trisha Westphal (westphalt@bvu.edu) → coaches/westphalt
[DRY RUN] Would create unclaimed coach profile: Dan Taylor (taylord@bvu.edu) → coaches/taylord | Phone: 712.749.2247
[DRY RUN] Would create unclaimed coach profile: Will Baumann (baumannw@bvu.edu) → coaches/baumannw | Phone: 712.749.2268
[DRY RUN] Would create unclaimed coach profile: Kaitie Laughlin (serkizk@bvu.edu) → coaches/serkizk
[DRY RUN] Would create unclaimed coach profile: Sean White (whites@bvu.edu) → coaches/whites | Phone: 712.749.2029
[DRY RUN] Would create unclaimed coach profile: Michael Elliott (elliottm@bvu.edu) → coaches/elliottm | Phone: 712.749.2028
[DRY RUN] Would create unclaimed coach profile: Tom Mashek (mashekt@bvu.edu) → coaches/mashekt
[DRY RUN] Would create unclaimed coach profile: Paige Storm (StormP@bvu.edu) → coaches/StormP | Phone: 712.749.2032
[DRY RUN] Would create unclaimed coach profile: Abby McIntyre (mcintyrea@bvu.edu) → coaches/mcintyrea
[DRY RUN] Would create unclaimed coach profile: Kelley Jacobs (kelley.jacobs@wartburg.edu) → coaches/kelley.jacobs
[DRY RUN] Would create unclaimed coach profile: Casey Klunder (casey.klunder@wartburg.edu) → coaches/casey.klunder
[DRY RUN] Would create unclaimed coach profile: Tyler Willis (tyler.willis@wartburg.edu) → coaches/tyler.willis
[DRY RUN] Would create unclaimed coach profile: Jared Pirkl (jared.pirkl@wartburg.edu) → coaches/jared.pirkl
[DRY RUN] Would create unclaimed coach profile: Matt Milewski (matt.milewski@wartburg.edu) → coaches/matt.milewski
[DRY RUN] Would create unclaimed coach profile: Bob Amsberry (bob.amsberry@wartburg.edu) → coaches/bob.amsberry
[DRY RUN] Would create unclaimed coach profile: Justin Little (justin.little@wartburg.edu) → coaches/justin.little
[DRY RUN] Would create unclaimed coach profile: Sam Leal (sam.leal@wartburg.edu) → coaches/sam.leal
[DRY RUN] Would create unclaimed coach profile: Kade Terrell (kade.terrell@wartburg.edu) → coaches/kade.terrell
[DRY RUN] Would create unclaimed coach profile: Alexis Neuer (alexis.runk@wartburg.edu) → coaches/alexis.runk
[DRY RUN] Would create unclaimed coach profile: Brandon Runk (brandon.runk@wartburg.edu) → coaches/brandon.runk
[DRY RUN] Would create unclaimed coach profile: Tara Winter (tara.winter@wartburg.edu) → coaches/tara.winter
[DRY RUN] Would create unclaimed coach profile: Bergan Blommers (bergan.blommers@wartburg.edu) → coaches/bergan.blommers
[DRY RUN] Would create unclaimed coach profile: Russell Malterud (russell.malterud@wartburg.edu) → coaches/russell.malterud
[DRY RUN] Would create unclaimed coach profile: Ryan Chapman (ryan.chapman@wartburg.edu) → coaches/ryan.chapman
[DRY RUN] Would create unclaimed coach profile: Philip Spitzer (philip.spitzer@wartburg.edu) → coaches/philip.spitzer
[DRY RUN] Would create unclaimed coach profile: Caleb Ferguson (caleb.ferguson@wartburg.edu) → coaches/caleb.ferguson
[DRY RUN] Would create unclaimed coach profile: Josh "Fisch" (joshua.fischer@wartburg.edu) → coaches/joshua.fischer
[DRY RUN] Would create unclaimed coach profile: Chris Winter (christopher.winter@wartburg.edu) → coaches/christopher.winter
[DRY RUN] Would create unclaimed coach profile: Matt Wheeler (matthew.wheeler@wartburg.edu) → coaches/matthew.wheeler
[DRY RUN] Would create unclaimed coach profile: Luke Summers (luke.summers@wartburg.edu) → coaches/luke.summers
[DRY RUN] Would create unclaimed coach profile: Ethan Lape (ethan.lape@wartburg.edu) → coaches/ethan.lape
[DRY RUN] Would create unclaimed coach profile: Matt Buckner (matt.buckner@wartburg.edu) → coaches/matt.buckner
[DRY RUN] Would create unclaimed coach profile: Jawanza Holmes (jawanza.holmes@wartburg.edu) → coaches/jawanza.holmes
[DRY RUN] Would create unclaimed coach profile: John Thompson (john.thompson@wartburg.edu) → coaches/john.thompson
[DRY RUN] Would create unclaimed coach profile: Mick Angel (mick.angel@wartburg.edu) → coaches/mick.angel
[DRY RUN] Would create unclaimed coach profile: Jason Steege (jason.steege@wartburg.edu) → coaches/jason.steege
[DRY RUN] Would create unclaimed coach profile: Emily Ryan (emily.ryan@wartburg.edu) → coaches/emily.ryan
[DRY RUN] Would create unclaimed coach profile: Cassie Nash (cassie.nash@wartburg.edu) → coaches/cassie.nash
[DRY RUN] Would create unclaimed coach profile: Mike Madigan (michael.madigan@wartburg.edu) → coaches/michael.madigan
[DRY RUN] Would create unclaimed coach profile: Christian Coridon (christian.coridon@wartburg.edu) → coaches/christian.coridon
[DRY RUN] Would create unclaimed coach profile: Jamie Mueller (jamie.mueller@wartburg.edu) → coaches/jamie.mueller
[DRY RUN] Would create unclaimed coach profile: Taylor Dickson (taylor.dickson@wartburg.edu) → coaches/taylor.dickson
[DRY RUN] Would create unclaimed coach profile: Adrian Norris (adrian.norris@wartburg.edu) → coaches/adrian.norris
[DRY RUN] Would create unclaimed coach profile: Chris Gustas (christopher.gustas@wartburg.edu) → coaches/christopher.gustas
[DRY RUN] Would create unclaimed coach profile: Marissa Gustas (marissa.gustas@wartburg.edu) → coaches/marissa.gustas
[DRY RUN] Would create unclaimed coach profile: Seth Roberson (seth.roberson@wartburg.edu) → coaches/seth.roberson
[DRY RUN] Would create unclaimed coach profile: Famiek Cook (famiek.cook@wartburg.edu) → coaches/famiek.cook
[DRY RUN] Would create unclaimed coach profile: DeAnn Akins (deann.akins@wartburg.edu) → coaches/deann.akins
[DRY RUN] Would create unclaimed coach profile: Jennifer Walker (jennifer.walker@wartburg.edu) → coaches/jennifer.walker
[DRY RUN] Would create unclaimed coach profile: Eric Keller (eric.keller@wartburg.edu) → coaches/eric.keller
[DRY RUN] Would create unclaimed coach profile: Trevor Kittleson (trevor.kittleson@wartburg.edu) → coaches/trevor.kittleson
[DRY RUN] Would create unclaimed coach profile: Brady Kyner (brady.kyner@wartburg.edu) → coaches/brady.kyner
[DRY RUN] Would create unclaimed coach profile: Gunnar Wolfensperger (g.wolfensperger@wartburg.edu) → coaches/g.wolfensperger
[DRY RUN] Would create unclaimed coach profile: Brian Wede (bwede@nwciowa.edu) → coaches/bwede
[DRY RUN] Would create unclaimed coach profile: Robby Laughlin (robert.laughlin@nwciowa.edu) → coaches/robert.laughlin
[DRY RUN] Would create unclaimed coach profile: Ben Coldiron (benjamin.coldiron@nwciowa.edu) → coaches/benjamin.coldiron
[DRY RUN] Would create unclaimed coach profile: Drew Nonnemacher (drew.nonnemacher@nwciowa.edu) → coaches/drew.nonnemacher
[DRY RUN] Would create unclaimed coach profile: Colton Kooima (colton.kooima@nwciowa.edu) → coaches/colton.kooima
[DRY RUN] Would create unclaimed coach profile: Ben Miller (benjamin.miller@nwciowa.edu) → coaches/benjamin.miller
[DRY RUN] Would create unclaimed coach profile: Austin Schlatter (austin.schlatter@nwciowa.edu) → coaches/austin.schlatter
[DRY RUN] Would create unclaimed coach profile: Chris Yaw (cyaw@nwciowa.edu) → coaches/cyaw
[DRY RUN] Would create unclaimed coach profile: Morgan Swedorski (morgan.swedorski@nwciowa.edu) → coaches/morgan.swedorski
[DRY RUN] Would create unclaimed coach profile: Gary Richardson (gary.richardson@nwciowa.edu) → coaches/gary.richardson
[DRY RUN] Would create unclaimed coach profile: Taylor Decker (taylor.decker@nwciowa.edu) → coaches/taylor.decker
[DRY RUN] Would create unclaimed coach profile: Michelle van (michelle.vanbeek@nwciowa.edu) → coaches/michelle.vanbeek
[DRY RUN] Would create unclaimed coach profile: Marlon Haverdink (marlon@nwciowa.edu) → coaches/marlon
[DRY RUN] Would create unclaimed coach profile: Matt McCarty (mattmcc@nwciowa.edu) → coaches/mattmcc
[DRY RUN] Would create unclaimed coach profile: Greg Will (gregory.will@nwciowa.edu) → coaches/gregory.will
[DRY RUN] Would create unclaimed coach profile: Ross Fernstrum (rfernstr@nwciowa.edu) → coaches/rfernstr
[DRY RUN] Would create unclaimed coach profile: Brice Byker (brice.byker@nwciowa.edu) → coaches/brice.byker
[DRY RUN] Would create unclaimed coach profile: Benji Kasel (benji.kasel@nwciowa.edu) → coaches/benji.kasel
[DRY RUN] Would create unclaimed coach profile: Sam Rall (samuel.rall@nwciowa.edu) → coaches/samuel.rall
[DRY RUN] Would create unclaimed coach profile: Cody Moser (cody.moser@nwciowa.edu) → coaches/cody.moser
[DRY RUN] Would create unclaimed coach profile: Jonathan Beaver (jonathan.beaver@nwciowa.edu) → coaches/jonathan.beaver
[DRY RUN] Would create unclaimed coach profile: Courtney Den (Courtney.denherder@nwciowa.edu) → coaches/Courtney.denherder
[DRY RUN] Would create unclaimed coach profile: Paul Bartlett (bartlett@nwciowa.edu) → coaches/bartlett
[DRY RUN] Would create unclaimed coach profile: Emily Hulshof (emily.hulshof@nwciowa.edu) → coaches/emily.hulshof
[DRY RUN] Would create unclaimed coach profile: Vitor Pereira (vitor.pereira@nwciowa.edu) → coaches/vitor.pereira
[DRY RUN] Would create unclaimed coach profile: Sarah Hummel (sarah.hummel@nwciowa.edu) → coaches/sarah.hummel
[DRY RUN] Would create unclaimed coach profile: Michael Simmelink (michael.simmelink@nwciowa.edu) → coaches/michael.simmelink
[DRY RUN] Would create unclaimed coach profile: Dan Swier (dswier@nwciowa.edu) → coaches/dswier
[DRY RUN] Would create unclaimed coach profile: Alex Schussman (alex.schussman@nwciowa.edu) → coaches/alex.schussman
[DRY RUN] Would create unclaimed coach profile: Juan Mackrey (juan.mackrey@nwciowa.edu) → coaches/juan.mackrey
[DRY RUN] Would create unclaimed coach profile: Gerrard Uamai (gerrard.uamai@nwciowa.edu) → coaches/gerrard.uamai
[DRY RUN] Would create unclaimed coach profile: Shane Bouman (shane.bouman@nwciowa.edu) → coaches/shane.bouman
[DRY RUN] Would create unclaimed coach profile: Jennifer Boeve (jennifer.boeve@nwciowa.edu) → coaches/jennifer.boeve
[DRY RUN] Would create unclaimed coach profile: Brian VandenBerg (brian.vandenberg@nwciowa.edu) → coaches/brian.vandenberg
[DRY RUN] Would create unclaimed coach profile: Chris Jelken (christopher.jelken@nwciowa.edu) → coaches/christopher.jelken
[DRY RUN] Would create unclaimed coach profile: Tim Vander (tim.vanderploeg@nwciowa.edu) → coaches/tim.vanderploeg
[DRY RUN] Would create unclaimed coach profile: Brian Tooker (brian.tooker@nwciowa.edu) → coaches/brian.tooker
[DRY RUN] Would create unclaimed coach profile: Scott Phelps (scott.phelps@nwciowa.edu) → coaches/scott.phelps
[DRY RUN] Would create unclaimed coach profile: Kyle Van (kylevdb@nwciowa.edu) → coaches/kylevdb
[DRY RUN] Would create unclaimed coach profile: Charity Browning (charity.browning@nwciowa.edu) → coaches/charity.browning
[DRY RUN] Would create unclaimed coach profile: Jamie Schar (jamie.schar@nwciowa.edu) → coaches/jamie.schar
[DRY RUN] Would create unclaimed coach profile: Dylan Costello (dylan.costello@nwciowa.edu) → coaches/dylan.costello
[DRY RUN] Would create unclaimed coach profile: Luis Rivera-Santiago (luis.riverasantiago@nwciowa.edu) → coaches/luis.riverasantiago
[DRY RUN] Would create unclaimed coach profile: Steve Cook (scook@coe.edu) → coaches/scook
[DRY RUN] Would create unclaimed coach profile: AJ Reuter (areuter@coe.edu) → coaches/areuter
[DRY RUN] Would create unclaimed coach profile: Kayla Waskow (kwaskow@coe.edu) → coaches/kwaskow
[DRY RUN] Would create unclaimed coach profile: Don Spellman (thedpspellman@gmail.com) → coaches/thedpspellman
[DRY RUN] Would create unclaimed coach profile: Stephen Vassalotti (svassalotti@coe.edu) → coaches/svassalotti
[DRY RUN] Would create unclaimed coach profile: Rachel Rickert (rrickert@coe.edu) → coaches/rrickert
[DRY RUN] Would create unclaimed coach profile: Cam Armstrong (carmstrong@coe.edu) → coaches/carmstrong
[DRY RUN] Would create unclaimed coach profile: John Heald (jheald@coe.edu) → coaches/jheald
[DRY RUN] Would create unclaimed coach profile: John Payan (jpayan@coe.edu) → coaches/jpayan
[DRY RUN] Would create unclaimed coach profile: Mark Lowe (mlowe@coe.edu) → coaches/mlowe
[DRY RUN] Would create unclaimed coach profile: Randy Dodge (rdodge@coe.edu) → coaches/rdodge
[DRY RUN] Would create unclaimed coach profile: Diate Jackson (DJackson@coe.edu) → coaches/DJackson
[DRY RUN] Would create unclaimed coach profile: Patrick Cory (pcory@coe.edu) → coaches/pcory
[DRY RUN] Would create unclaimed coach profile: Ellie Carver (elliemcarver@gmail.com) → coaches/elliemcarver
[DRY RUN] Would create unclaimed coach profile: Mat Littleton (mlittleton@coe.edu) → coaches/mlittleton
[DRY RUN] Would create unclaimed coach profile: Logan Stroman (lstroman@coe.edu) → coaches/lstroman
[DRY RUN] Would create unclaimed coach profile: Krista Littleton (klittleton@coe.edu) → coaches/klittleton
[DRY RUN] Would create unclaimed coach profile: Curt Kimm (ckimm@coe.edu) → coaches/ckimm
[DRY RUN] Would create unclaimed coach profile: Tyler Staker (tdstaker@coe.edu) → coaches/tdstaker
[DRY RUN] Would create unclaimed coach profile: Cody Baethke (cbaethke@coe.edu) → coaches/cbaethke
[DRY RUN] Would create unclaimed coach profile: Trevor McConnell (tmcconnell@coe.edu) → coaches/tmcconnell
[DRY RUN] Would create unclaimed coach profile: Eric Karius (ekarius@coe.edu) → coaches/ekarius
[DRY RUN] Would create unclaimed coach profile: Bill Vincent (bv200905@gmail.com) → coaches/bv200905
[DRY RUN] Would create unclaimed coach profile: Kyle Bakas (kbakas@coe.edu) → coaches/kbakas
[DRY RUN] Would create unclaimed coach profile: Graham Lynch (glynch@coe.edu) → coaches/glynch
[DRY RUN] Would create unclaimed coach profile: Quentin Fisher (quentinevanfisher@gmail.com) → coaches/quentinevanfisher
[DRY RUN] Would create unclaimed coach profile: James Culotta (jculotta@coe.edu) → coaches/jculotta
[DRY RUN] Would create unclaimed coach profile: Jake Koolbeck (jwkoolbeck@coe.edu) → coaches/jwkoolbeck
[DRY RUN] Would create unclaimed coach profile: Joe Tristan (jtristan@coe.edu) → coaches/jtristan
[DRY RUN] Would create unclaimed coach profile: Tony Kramer (tkramer@coe.edu) → coaches/tkramer
[DRY RUN] Would create unclaimed coach profile: Meredith Nash (mnash@coe.edu) → coaches/mnash
[DRY RUN] Would create unclaimed coach profile: Eric Rodgers (erodgers@coe.edu) → coaches/erodgers
[DRY RUN] Would create unclaimed coach profile: Mike Strydom (mstrydom@coe.edu) → coaches/mstrydom
[DRY RUN] Would create unclaimed coach profile: Claire Christian (cchristian@coe.edu) → coaches/cchristian
[DRY RUN] Would create unclaimed coach profile: Molly Fiala (mgarber@coe.edu) → coaches/mgarber
[DRY RUN] Would create unclaimed coach profile: Amanda Owens (aowens@coe.edu) → coaches/aowens
[DRY RUN] Would create unclaimed coach profile: Kris Tiedt (ktiedt@coe.edu) → coaches/ktiedt
[DRY RUN] Would create unclaimed coach profile: April Elsbernd (aelsbernd@coe.edu) → coaches/aelsbernd
[DRY RUN] Would create unclaimed coach profile: Sam Rossetti (srossetti@coe.edu) → coaches/srossetti
[DRY RUN] Would create unclaimed coach profile: Ilah Perez-Johnson (iperezjohnson@coe.edu) → coaches/iperezjohnson
[DRY RUN] Would create unclaimed coach profile: Kaleb Reeves (kreeves@coe.edu) → coaches/kreeves
[DRY RUN] Would create unclaimed coach profile: John Oostendorp (joostend@coe.edu) → coaches/joostend
[DRY RUN] Would create unclaimed coach profile: Jimmy Gotto (jgotto@coe.edu) → coaches/jgotto
[DRY RUN] Would create unclaimed coach profile: Corby McGlauflin (Corby.McGlauflin@briarcliff.edu) → coaches/Corby.McGlauflin
[DRY RUN] Would create unclaimed coach profile: Darrian Stickney (Darrian.Stickney@briarcliff.edu) → coaches/Darrian.Stickney
[DRY RUN] Would create unclaimed coach profile: Joshua Culliver (Joshua.Culliver@briarcliff.edu) → coaches/Joshua.Culliver
[DRY RUN] Would create unclaimed coach profile: Cyler Melvin (cyler.melvin@briarcliff.edu) → coaches/cyler.melvin
[DRY RUN] Would create unclaimed coach profile: Mark Svagera (Mark.Svagera@briarcliff.edu) → coaches/Mark.Svagera
[DRY RUN] Would create unclaimed coach profile: Adam Schumacher (Adam.Schumacher@briarcliff.edu) → coaches/Adam.Schumacher
[DRY RUN] Would create unclaimed coach profile: Connor Sonius (connor.sonius@briarcliff.edu) → coaches/connor.sonius
[DRY RUN] Would create unclaimed coach profile: Grant Hopkins (Grant.Hopkins@briarcliff.edu) → coaches/Grant.Hopkins
[DRY RUN] Would create unclaimed coach profile: Madison Mahr (Madison.Mahr@briarcliff.edu) → coaches/Madison.Mahr
[DRY RUN] Would create unclaimed coach profile: Riley Miessner (Riley.Miessner@briarcliff.edu) → coaches/Riley.Miessner
[DRY RUN] Would create unclaimed coach profile: Jack Moehrke (jack.moehrke@briarcliff.edu) → coaches/jack.moehrke
[DRY RUN] Would create unclaimed coach profile: Shane LaDage (Shane.LaDage@briarcliff.edu) → coaches/Shane.LaDage
[DRY RUN] Would create unclaimed coach profile: Nathan Koziol (Nathan.Koziol@briarcliff.edu) → coaches/Nathan.Koziol
[DRY RUN] Would create unclaimed coach profile: Ryan Sayre (Ryan.Sayre@briarcliff.edu) → coaches/Ryan.Sayre
[DRY RUN] Would create unclaimed coach profile: Ryan Ross (ryan.ross@briarcliff.edu) → coaches/ryan.ross
[DRY RUN] Would create unclaimed coach profile: Connor Durdan (Connor.Durdan@briarcliff.edu) → coaches/Connor.Durdan
[DRY RUN] Would create unclaimed coach profile: Aydan Prieto (Aydan.Prieto@briarcliff.edu) → coaches/Aydan.Prieto
[DRY RUN] Would create unclaimed coach profile: Ben Irlbeck (Ben.Irlbeck@briarcliff.edu) → coaches/Ben.Irlbeck
[DRY RUN] Would create unclaimed coach profile: Luis de (luis.delafuentecastro@briarcliff.edu) → coaches/luis.delafuentecastro
[DRY RUN] Would create unclaimed coach profile: Yan Rosado (Yan.Rosado@briarcliff.edu) → coaches/Yan.Rosado
[DRY RUN] Would create unclaimed coach profile: Hugo Mariage (Hugo.Mariage@briarcliff.edu) → coaches/Hugo.Mariage
[DRY RUN] Would create unclaimed coach profile: Liam Brandso (Liam.Brandso@briarcliff.edu) → coaches/Liam.Brandso
[DRY RUN] Would create unclaimed coach profile: Ernesto Hidalgo (Ernesto.Hidalgo@briarcliff.edu) → coaches/Ernesto.Hidalgo
[DRY RUN] Would create unclaimed coach profile: TJ Eadus (TJ.Eadus@briarcliff.edu) → coaches/TJ.Eadus
[DRY RUN] Would create unclaimed coach profile: Makensey Pankers (Makensey.Pankers@briarcliff.edu) → coaches/Makensey.Pankers
[DRY RUN] Would create unclaimed coach profile: Mike Leapley (Mike.Leapley@briarcliff.edu) → coaches/Mike.Leapley
[DRY RUN] Would create unclaimed coach profile: Lauren Boatman (Lauren.Boatman@briarcliff.edu) → coaches/Lauren.Boatman
[DRY RUN] Would create unclaimed coach profile: Brady Van (Brady.VanDusen@briarcliff.edu) → coaches/Brady.VanDusen
[DRY RUN] Would create unclaimed coach profile: Donaco Watts (Donaco.Watts@briarcliff.edu) → coaches/Donaco.Watts
[DRY RUN] Would create unclaimed coach profile: Josh Rogers (Josh.Rogers@briarcliff.edu) → coaches/Josh.Rogers
[DRY RUN] Would create unclaimed coach profile: Drew West (Drew.West@briarcliff.edu) → coaches/Drew.West
[DRY RUN] Would create unclaimed coach profile: Jeff Meeker (jmeeker@cornellcollege.edu) → coaches/jmeeker
[DRY RUN] Would create unclaimed coach profile: Robbie Dombrowski (rdombrowski@cornellcollege.edu) → coaches/rdombrowski
[DRY RUN] Would create unclaimed coach profile: Colin Konicek (ckonicek@cornellcollege.edu) → coaches/ckonicek
[DRY RUN] Would create unclaimed coach profile: Frank Fishler (ffishler@cornellcollege.edu) → coaches/ffishler
[DRY RUN] Would create unclaimed coach profile: Josh Soper (jsoper@cornellcollege.edu) → coaches/jsoper
[DRY RUN] Would create unclaimed coach profile: Dave Schlabaugh (dschlabaugh@cornellcollege.edu) → coaches/dschlabaugh
[DRY RUN] Would create unclaimed coach profile: Zach Schlabaugh (zschlabaugh@cornellcollege.edu) → coaches/zschlabaugh
[DRY RUN] Would create unclaimed coach profile: Brent Brase (bbrase@cornellcollege.edu) → coaches/bbrase
[DRY RUN] Would create unclaimed coach profile: Rose Shimaoka (rshimaoka@cornellcollege.edu) → coaches/rshimaoka
[DRY RUN] Would create unclaimed coach profile: Jerry Frawley (jfrawley@cornellcollege.edu) → coaches/jfrawley
[DRY RUN] Would create unclaimed coach profile: Haley Harms-Frawley (hharms@cornellcollege.edu) → coaches/hharms
[DRY RUN] Would create unclaimed coach profile: Curt Ritchie (critchie@cornellcollege.edu) → coaches/critchie
[DRY RUN] Would create unclaimed coach profile: Nate Grosse (ngrosse@cornellcollege.edu) → coaches/ngrosse
[DRY RUN] Would create unclaimed coach profile: Sarah Campbell (scampbell@cornellcollege.edu) → coaches/scampbell
[DRY RUN] Would create unclaimed coach profile: Robin Brand (rbrand@cornellcollege.edu) → coaches/rbrand
[DRY RUN] Would create unclaimed coach profile: Hannah Kalnicky (hkalnicky@cornellcollege.edu) → coaches/hkalnicky
[DRY RUN] Would create unclaimed coach profile: Trent Schneider (tschneider@cornellcollege.edu) → coaches/tschneider
[DRY RUN] Would create unclaimed coach profile: Jerry Monner (jmonner@cornellcollege.edu) → coaches/jmonner
[DRY RUN] Would create unclaimed coach profile: Brent Hamm (bhamm@cornellcollege.edu) → coaches/bhamm
[DRY RUN] Would create unclaimed coach profile: Carter Happel (chappel@cornellcollege.edu) → coaches/chappel
[DRY RUN] Would create unclaimed coach profile: Sydney Meeker (smeeker@cornellcollege.edu) → coaches/smeeker
[DRY RUN] Would create unclaimed coach profile: Paul Hageman (phageman@cornellcollege.edu) → coaches/phageman
[DRY RUN] Would create unclaimed coach profile: Robert Pousak (rpousak@cornellcollege.edu) → coaches/rpousak
[DRY RUN] Would create unclaimed coach profile: Meredith Meier (mmeier@cornellcollege.edu) → coaches/mmeier
[DRY RUN] Would create unclaimed coach profile: Lizzy Ott (eott@cornellcollege.edu) → coaches/eott
[DRY RUN] Would create unclaimed coach profile: Boston Jacobs (bjacobs@cornellcollege.edu) → coaches/bjacobs
[DRY RUN] Would create unclaimed coach profile: Courtney Pennel (cpennel@cornellcollege.edu) → coaches/cpennel
[DRY RUN] Would create unclaimed coach profile: Gabrielle McCoy (gmccoy@cornellcollege.edu) → coaches/gmccoy
[DRY RUN] Would create unclaimed coach profile: Paige Busick (pbusick@cornellcollege.edu) → coaches/pbusick
