Could get FontBBox from font descriptor because None cannot be parsed as 4 floats
Could get FontBBox from font descriptor because None cannot be parsed as 4 floats
Could get FontBBox from font descriptor because None cannot be parsed as 4 floats
Could get FontBBox from font descriptor because None cannot be parsed as 4 floats
Could get FontBBox from font descriptor because None cannot be parsed as 4 floats
Could get FontBBox from font descriptor because None cannot be parsed as 4 floats
Could get FontBBox from font descriptor because None cannot be parsed as 4 floats
Could get FontBBox from font descriptor because None cannot be parsed as 4 floats
Could get FontBBox from font descriptor because None cannot be parsed as 4 floats
Could get FontBBox from font descriptor because None cannot be parsed as 4 floats
Could get FontBBox from font descriptor because None cannot be parsed as 4 floats
Could get FontBBox from font descriptor because None cannot be parsed as 4 floats
Could get FontBBox from font descriptor because None cannot be parsed as 4 floats
Could get FontBBox from font descriptor because None cannot be parsed as 4 floats
Could get FontBBox from font descriptor because None cannot be parsed as 4 floats
Could get FontBBox from font descriptor because None cannot be parsed as 4 floats
Could get FontBBox from font descriptor because None cannot be parsed as 4 floats
Cannot set gray stroke color because /'P27' is an invalid float value
Cannot set gray non-stroke color because /'P27' is an invalid float value
Could get FontBBox from font descriptor because None cannot be parsed as 4 floats
Could get FontBBox from font descriptor because None cannot be parsed as 4 floats
Cannot set gray stroke color because /'P72' is an invalid float value
Cannot set gray non-stroke color because /'P72' is an invalid float value
Cannot set gray stroke color because /'P73' is an invalid float value
Cannot set gray non-stroke color because /'P73' is an invalid float value
Cannot set gray stroke color because /'P99' is an invalid float value
Cannot set gray non-stroke color because /'P99' is an invalid float value
Could get FontBBox from font descriptor because None cannot be parsed as 4 floats
Could get FontBBox from font descriptor because None cannot be parsed as 4 floats
Could get FontBBox from font descriptor because None cannot be parsed as 4 floats
Could get FontBBox from font descriptor because None cannot be parsed as 4 floats
Could get FontBBox from font descriptor because None cannot be parsed as 4 floats
Cannot set gray stroke color because /'P17' is an invalid float value
Cannot set gray non-stroke color because /'P17' is an invalid float value
Could get FontBBox from font descriptor because None cannot be parsed as 4 floats
Could get FontBBox from font descriptor because None cannot be parsed as 4 floats
Could get FontBBox from font descriptor because None cannot be parsed as 4 floats
Cannot set gray stroke color because /'P8' is an invalid float value
Cannot set gray non-stroke color because /'P8' is an invalid float value
Cannot set gray stroke color because /'P13' is an invalid float value
Cannot set gray non-stroke color because /'P13' is an invalid float value
Cannot set gray stroke color because /'P87' is an invalid float value
Cannot set gray non-stroke color because /'P87' is an invalid float value
Cannot set gray stroke color because /'P92' is an invalid float value
Cannot set gray non-stroke color because /'P92' is an invalid float value
Cannot set gray stroke color because /'P93' is an invalid float value
Cannot set gray non-stroke color because /'P93' is an invalid float value
Cannot set gray stroke color because /'P139' is an invalid float value
Cannot set gray non-stroke color because /'P139' is an invalid float value
Cannot set gray stroke color because /'P10' is an invalid float value
Cannot set gray non-stroke color because /'P10' is an invalid float value
Cannot set gray stroke color because /'P11' is an invalid float value
Cannot set gray non-stroke color because /'P11' is an invalid float value
Cannot set gray stroke color because /'P67' is an invalid float value
Cannot set gray non-stroke color because /'P67' is an invalid float value
Cannot set gray stroke color because /'P124' is an invalid float value
Cannot set gray non-stroke color because /'P124' is an invalid float value
Cannot set gray stroke color because /'P13' is an invalid float value
Cannot set gray non-stroke color because /'P13' is an invalid float value
Cannot set gray stroke color because /'P29' is an invalid float value
Cannot set gray non-stroke color because /'P29' is an invalid float value
Cannot set gray stroke color because /'P95' is an invalid float value
Cannot set gray non-stroke color because /'P95' is an invalid float value
Cannot set gray stroke color because /'P168' is an invalid float value
Cannot set gray non-stroke color because /'P168' is an invalid float value
Cannot set gray stroke color because /'P171' is an invalid float value
Cannot set gray non-stroke color because /'P171' is an invalid float value
Cannot set gray stroke color because /'P174' is an invalid float value
Cannot set gray non-stroke color because /'P174' is an invalid float value
Cannot set gray stroke color because /'P178' is an invalid float value
Cannot set gray non-stroke color because /'P178' is an invalid float value
Cannot set gray stroke color because /'P196' is an invalid float value
Cannot set gray non-stroke color because /'P196' is an invalid float value
-> Reading CSV: /Users/kevinvera/Documents/GitHub/ReviewMyCoach.com/reviewmycoach/reviewmycoach-python-venv/pdfs-n-csvs/ks/Kansas College Athletics.csv
-> Output PDFs to: /Users/kevinvera/Documents/GitHub/ReviewMyCoach.com/reviewmycoach/reviewmycoach-python-venv/pdfs-n-csvs/ks

Printing completed in 154.9s
Success: 21 | Skipped: 0 | Errors: 0

Resolved URLs used:
- Emporia State University.pdf: https://esuhornets.com/staff-directory?print=true
- Friends University.pdf: https://friendsathletics.com/staff-directory?print=true
- Tabor College.pdf: https://taborbluejays.com/staff-directory?print=true
- University of Kansas.pdf: https://kuathletics.com/staff-directory?print=true
- University of Saint Mary.pdf: https://gospires.com/staff-directory?print=true
- Kansas Wesleyan University.pdf: https://kwucoyotes.com/staff-directory?print=true
- Pittsburg State University.pdf: https://pittstategorillas.com/staff-directory?print=true
- Fort Hays State University.pdf: https://fhsuathletics.com/staff-directory?print=true
- McPherson College.pdf: https://macbulldogs.com/staff-directory?print=true
- MidAmerica Nazarene University.pdf: https://mnusports.com/staff-directory?print=true
- Washburn University.pdf: https://wusports.com/staff-directory?print=true
- Baker University.pdf: https://bakerwildcats.com/staff-directory?print=true
- Saint Mary, University of (KS).pdf: https://gospires.com/staff-directory?print=true
- Benedictine College.pdf: https://ravenathletics.com/staff-directory?print=true
- Kansas State University.pdf: https://kstatesports.com/staff-directory?print=true
- Bethany College (KS).pdf: https://bethanyswedes.com/staff-directory?print=true
- Wichita State University.pdf: https://goshockers.com/staff-directory?print=true
- Bethel College (KS).pdf: https://bethelthreshers.com/staff-directory?print=true
- Sterling College (KS).pdf: https://scwarriors.com/staff-directory?print=true
- Ottawa University.pdf: https://ottawabraves.com/staff-directory/print
- Southwestern College (KS).pdf: https://buildersports.com/staff-directory/print

Parsing printed PDFs and preparing upload entries...
âœ” Total coach entries prepared: 446
âœ” Created unclaimed coach profile: Lane Brewer (lbrewer@emporia.edu) â†’ coaches/lbrewer
âœ” Created unclaimed coach profile: John Martin (jmartin@emporia.edu) â†’ coaches/jmartin
âœ” Created unclaimed coach profile: Anthony Caenepeel (acaenepe@emporia.edu) â†’ coaches/acaenepe
âœ” Created unclaimed coach profile: Tom Billeter (tbillete@emporia.edu) â†’ coaches/tbillete
âœ” Created unclaimed coach profile: Casey Schlatter (cschlatt@emporia.edu) â†’ coaches/cschlatt
âœ” Created unclaimed coach profile: Devin Whitelow (dwhitelo@emporia.edu) â†’ coaches/dwhitelo
âœ” Created unclaimed coach profile: MJ Baker (mbaker25@emporia.edu) â†’ coaches/mbaker25
ðŸ”„ Updating unclaimed profile for jboland@emporia.edu
âœ” Updated unclaimed coach profile: Josh Boland (jboland@emporia.edu) â†’ coaches/jboland
âœ” Created unclaimed coach profile: Taylor Jones (tjones33@emporia.edu) â†’ coaches/tjones33
âœ” Created unclaimed coach profile: Eric McCabe (emccabe2@emporia.edu) â†’ coaches/emccabe2
âœ” Created unclaimed coach profile: Garin Higgins (ghiggins@emporia.edu) â†’ coaches/ghiggins
âœ” Created unclaimed coach profile: Mike LoPorto (mloporto@emporia.edu) â†’ coaches/mloporto
âœ” Created unclaimed coach profile: Vincent Cashdollar (vcashdol@emporia.edu) â†’ coaches/vcashdol
âœ” Created unclaimed coach profile: Jace McDown (jmcdown@emporia.edu) â†’ coaches/jmcdown
âœ” Created unclaimed coach profile: Jane Grimley-Gunn (jgrimley@emporia.edu) â†’ coaches/jgrimley
âœ” Created unclaimed coach profile: Thomas Bledsoe (tbledso1@emporia.edu) â†’ coaches/tbledso1
âœ” Created unclaimed coach profile: April Rosales (ahuddles@emporia.edu) â†’ coaches/ahuddles
âœ” Created unclaimed coach profile: Megan Hill (mdavison@emporia.edu) â†’ coaches/mdavison
âœ” Created unclaimed coach profile: Aaron Hammond (aaronhammond1988@gmail.com) â†’ coaches/aaronhammond1988
âœ” Created unclaimed coach profile: Dustin Snyder (dsnyder4@g.emporia.edu) â†’ coaches/dsnyder4
âœ” Created unclaimed coach profile: Cyrielle Peyroche (cpeyroch@emporia.edu) â†’ coaches/cpeyroch
âœ” Created unclaimed coach profile: John Blackburn (jblackbu@emporia.edu) â†’ coaches/jblackbu
âœ” Created unclaimed coach profile: Seth Mischke (smischke@emporia.edu) â†’ coaches/smischke
âœ” Created unclaimed coach profile: Kellsey Trimble (ktrimbl1@emporia.edu) â†’ coaches/ktrimbl1
âœ” Created unclaimed coach profile: Payson Maydew (pmaydew@emporia.edu) â†’ coaches/pmaydew
âœ” Created unclaimed coach profile: Tim Byers (tbyers2@emporia.edu) â†’ coaches/tbyers2
âœ” Created unclaimed coach profile: Ken Murczek (kmurczek@emporia.edu) â†’ coaches/kmurczek
âœ” Created unclaimed coach profile: Jeff Grove (jgrove1@emporia.edu) â†’ coaches/jgrove1
âœ” Created unclaimed coach profile: Suzanne Unruh (suzanne_unruh@friends.edu) â†’ coaches/suzanne_unruh | Phone: (316) 295-5763
âœ” Created unclaimed coach profile: Austin Zaring (austin_zaring@friends.edu) â†’ coaches/austin_zaring
âœ” Created unclaimed coach profile: Tyler Mies (tyler_mies@friends.edu) â†’ coaches/tyler_mies | Phone: (316) 295-5701
âœ” Created unclaimed coach profile: Cade Lindsey (cade_lindsey@friends.edu) â†’ coaches/cade_lindsey
âœ” Created unclaimed coach profile: Kate Jones (kati_jones@friends.edu) â†’ coaches/kati_jones | Phone: (316) 295-5615
âœ” Created unclaimed coach profile: Joshua Johnson (joshua_johnson@friends.edu) â†’ coaches/joshua_johnson | Phone: (316) 295-5653
âœ” Created unclaimed coach profile: Taylor Stuchlik (taylor_staley@friends.edu) â†’ coaches/taylor_staley
âœ” Created unclaimed coach profile: Adam Neisius (adam_neisius@friends.edu) â†’ coaches/adam_neisius | Phone: (316) 295-5769
âœ” Created unclaimed coach profile: Kevin Frady (kevin_frady@friends.edu) â†’ coaches/kevin_frady
âœ” Created unclaimed coach profile: Phil McClintock (philip_mcclintock@friends.edu) â†’ coaches/philip_mcclintock | Phone: (316) 295-5932
âœ” Created unclaimed coach profile: Chris Tyler (chris_tyler@student.friends.edu) â†’ coaches/chris_tyler
âœ” Created unclaimed coach profile: Quintin Brown (quintin_brown@student.friends.edu) â†’ coaches/quintin_brown
âœ” Created unclaimed coach profile: Dean Jaderston (dean_jaderston@friends.edu) â†’ coaches/dean_jaderston | Phone: (316) 295-5613
âœ” Created unclaimed coach profile: Holly Smith (holly_smith1@friends.edu) â†’ coaches/holly_smith1 | Phone: (316) 295-5613
âœ” Created unclaimed coach profile: Terrence Phox (Terrence_phox@friends.edu) â†’ coaches/Terrence_phox | Phone: (316) 295-5613
âœ” Created unclaimed coach profile: Aniya Bell (aniya_bell@student.friends.edu) â†’ coaches/aniya_bell
âœ” Created unclaimed coach profile: Tracy Jex (tracy_jex@friends.edu) â†’ coaches/tracy_jex
âœ” Created unclaimed coach profile: McKenna Laing (mckenna_laing@student.friends.edu) â†’ coaches/mckenna_laing
âœ” Created unclaimed coach profile: Terry Harrison (terry_harrison@friends.edu) â†’ coaches/terry_harrison | Phone: (316) 295-5605
âœ” Created unclaimed coach profile: Mason Murray (mason_murray@friends.edu) â†’ coaches/mason_murray | Phone: (316) 295-5605
âœ” Created unclaimed coach profile: Dalton Phillips (dalton_phillips@student.friends.edu) â†’ coaches/dalton_phillips
âœ” Created unclaimed coach profile: Jett Cheatham (jarrett_cheatham@student.friends.edu) â†’ coaches/jarrett_cheatham
âœ” Created unclaimed coach profile: Dustin Galyon (dustin_galyon@friends.edu) â†’ coaches/dustin_galyon | Phone: (316) 295-5011
âœ” Created unclaimed coach profile: Bryan Perez (bryan_perez@friends.edu) â†’ coaches/bryan_perez | Phone: (316) 295-5738
âœ” Created unclaimed coach profile: Mauricio Vargas (mauricio_vargas@friends.edu) â†’ coaches/mauricio_vargas
âœ” Created unclaimed coach profile: Luke Mills (luke_mills@friends.edu) â†’ coaches/luke_mills
âœ” Created unclaimed coach profile: Callahan Riley (callahan_riley@student.friends.edu) â†’ coaches/callahan_riley
âœ” Created unclaimed coach profile: Brent Hobson (hobson@friends.edu) â†’ coaches/hobson | Phone: (316) 295-5185
âœ” Created unclaimed coach profile: Taylor Henry (taylor_henry@friends.edu) â†’ coaches/taylor_henry | Phone: (316) 295-5185
âœ” Created unclaimed coach profile: Colby Swift (colby_swift@student.friends.edu) â†’ coaches/colby_swift | Phone: (316) 295-5185
âœ” Created unclaimed coach profile: Brady Walker (duckdog@sutv.com) â†’ coaches/duckdog
âœ” Created unclaimed coach profile: Alex Lee (alexander_lee1@friends.edu) â†’ coaches/alexander_lee1 | Phone: (316) 295-5135
âœ” Created unclaimed coach profile: Enric Galan (enricgalangarcia@student.friends.edu) â†’ coaches/enricgalangarcia
âœ” Created unclaimed coach profile: Henry Brun (henry_brun@friends.edu) â†’ coaches/henry_brun | Phone: (316) 295-5620
âœ” Created unclaimed coach profile: Trevor Biedron (trevor_biedron@friends.edu) â†’ coaches/trevor_biedron
âœ” Created unclaimed coach profile: Martin Ayin (ayin@friends.edu) â†’ coaches/ayin | Phone: (316) 295-5919
âœ” Created unclaimed coach profile: David Sasson (david_sasson@friends.edu) â†’ coaches/david_sasson | Phone: (316) 295-5919
âœ” Created unclaimed coach profile: Lauren McCreary (lauren_mccreary@student.friends.edu) â†’ coaches/lauren_mccreary
âœ” Created unclaimed coach profile: Scott Moshier (scott_moshier@friends.edu) â†’ coaches/scott_moshier
âœ” Created unclaimed coach profile: Paige Barnes (paige_barnes@student.friends.edu) â†’ coaches/paige_barnes
âœ” Created unclaimed coach profile: Mark Standiford (marks@tabor.edu) â†’ coaches/marks
âœ” Created unclaimed coach profile: Andy Davis (andyd@tabor.edu) â†’ coaches/andyd
âœ” Created unclaimed coach profile: Jake Jones (jacobcjones@tabor.edu) â†’ coaches/jacobcjones
âœ” Created unclaimed coach profile: Reyden Rull (reyden.rull@tabor.edu) â†’ coaches/reyden.rull
âœ” Created unclaimed coach profile: Tanner Tompkins (tanner.tompkins@tabor.edu) â†’ coaches/tanner.tompkins
âœ” Created unclaimed coach profile: Josh Roach (joshua.roach@tabor.edu) â†’ coaches/joshua.roach
âœ” Created unclaimed coach profile: Mike Gombos (michael.gombos@tabor.edu) â†’ coaches/michael.gombos
âœ” Created unclaimed coach profile: Shawn Reed (shawnr@tabor.edu) â†’ coaches/shawnr
âœ” Created unclaimed coach profile: Kate Brickell (katebrickell@tabor.edu) â†’ coaches/katebrickell
âœ” Created unclaimed coach profile: Kassidy Beam (kassidybeam@tabor.edu) â†’ coaches/kassidybeam
âœ” Created unclaimed coach profile: Krista Matlock (kristamatlock@tabor.edu) â†’ coaches/kristamatlock
âœ” Created unclaimed coach profile: Rylee Yoder (ryleeyoder@tabor.edu) â†’ coaches/ryleeyoder
âœ” Created unclaimed coach profile: Amanda Abrahams (amanda.abrahams@tabor.edu) â†’ coaches/amanda.abrahams
âœ” Created unclaimed coach profile: Mike Gardner (michaelg@tabor.edu) â†’ coaches/michaelg
âœ” Created unclaimed coach profile: Armando Meza-Casillas (armandomezacasillas@tabor.edu) â†’ coaches/armandomezacasillas
âœ” Created unclaimed coach profile: Ian McCall (ianmccall@tabor.edu) â†’ coaches/ianmccall
âœ” Created unclaimed coach profile: JoJuan Thompson (jojuanthompson@tabor.edu) â†’ coaches/jojuanthompson
âœ” Created unclaimed coach profile: Christian Tuiasosopo (christia.tuiasosop@tabor.edu) â†’ coaches/christia.tuiasosop
âœ” Created unclaimed coach profile: Deonte Hill (deonte.hill@tabor.edu) â†’ coaches/deonte.hill
âœ” Created unclaimed coach profile: Brooks Gardner (brooksgardner@tabor.edu) â†’ coaches/brooksgardner
âœ” Created unclaimed coach profile: Rafael Marins (rafaelamarins@tabor.edu) â†’ coaches/rafaelamarins
âœ” Created unclaimed coach profile: Rory Cameron (rory.cameron@tabor.edu) â†’ coaches/rory.cameron
âœ” Created unclaimed coach profile: Eric Brown (ericbrown@tabor.edu) â†’ coaches/ericbrown
âœ” Created unclaimed coach profile: Murilo DeOliveira (murilo.deoliveir@tabor.edu) â†’ coaches/murilo.deoliveir
âœ” Created unclaimed coach profile: Thomas Gaskell (thomasogaskell@tabor.edu) â†’ coaches/thomasogaskell
âœ” Created unclaimed coach profile: Paula Moreno (paula.moreno@tabor.edu) â†’ coaches/paula.moreno
âœ” Created unclaimed coach profile: Beatriz Rodrigues (beatriz.rodrigues@tabor.edu) â†’ coaches/beatriz.rodrigues
âœ” Created unclaimed coach profile: Jeremy Nelson (jeremy.nelson@tabor.edu) â†’ coaches/jeremy.nelson
âœ” Created unclaimed coach profile: Jeff Brewer (jeffreybrewer@tabor.edu) â†’ coaches/jeffreybrewer
âœ” Created unclaimed coach profile: Jordyn Farren (jordyn.farren@tabor.edu) â†’ coaches/jordyn.farren
âœ” Created unclaimed coach profile: Darcy Gillen (darcy.gillen@tabor.edu) â†’ coaches/darcy.gillen
âœ” Created unclaimed coach profile: Cheyenne Washington (cheyenne.washingto@tabor.edu) â†’ coaches/cheyenne.washingto
âœ” Created unclaimed coach profile: Maya Bivens-Sommerville (maya.bivens@tabor.edu) â†’ coaches/maya.bivens
âœ” Created unclaimed coach profile: Adam Brewster (adam.brewster@tabor.edu) â†’ coaches/adam.brewster
âœ” Created unclaimed coach profile: Adrianne Zabel (adrianne.ferris@tabor.edu) â†’ coaches/adrianne.ferris
âœ” Created unclaimed coach profile: Josh Jones (joshuajones@tabor.edu) â†’ coaches/joshuajones
âœ” Created unclaimed coach profile: Head Coach (billself@ku.edu) â†’ coaches/billself
âœ” Created unclaimed coach profile: Assistant Coach (ktownmbb@ku.edu) â†’ coaches/ktownmbb
âœ” Created unclaimed coach profile: Assistant Coach (jdcase@ku.edu) â†’ coaches/jdcase
âœ” Created unclaimed coach profile:  (coachnijem@ku.edu) â†’ coaches/coachnijem
âœ” Created unclaimed coach profile: Administrative Assistant (joanstep@ku.edu) â†’ coaches/joanstep
âœ” Created unclaimed coach profile: Head Coach (kansasfootball@ku.edu) â†’ coaches/kansasfootball
âœ” Created unclaimed coach profile: Head Coach (jayhawkgolf@ku.edu) â†’ coaches/jayhawkgolf
âœ” Created unclaimed coach profile: Associate Head (a.blake@ku.edu) â†’ coaches/a.blake
âœ” Created unclaimed coach profile: Head Coach (lkuhle@ku.edu) â†’ coaches/lkuhle
âœ” Created unclaimed coach profile: Associate Head (Bidne@ku.edu) â†’ coaches/Bidne
âœ” Created unclaimed coach profile: Associate Head (smahat@ku.edu) â†’ coaches/smahat
âœ” Created unclaimed coach profile: Head Coach (jmcfalls@ku.edu) â†’ coaches/jmcfalls
âœ” Created unclaimed coach profile: Swimming Head (ccswim@ku.edu) â†’ coaches/ccswim
âœ” Created unclaimed coach profile: Diving Head (zephyrus@ku.edu) â†’ coaches/zephyrus
âœ” Created unclaimed coach profile: Head Coach (sredwine@ku.edu) â†’ coaches/sredwine
âœ” Created unclaimed coach profile: Associate Head (thays@ku.edu) â†’ coaches/thays
âœ” Created unclaimed coach profile: Associate Head (throwcoach@ku.edu) â†’ coaches/throwcoach
âœ” Created unclaimed coach profile: Assistant Coach (pwthornton@ku.edu) â†’ coaches/pwthornton
âœ” Created unclaimed coach profile: Assistant Head (mwhittlesey@ku.edu) â†’ coaches/mwhittlesey
âœ” Created unclaimed coach profile: Assistant Coach (nfortenberry@ku.edu) â†’ coaches/nfortenberry
âœ” Created unclaimed coach profile: Assistant Coach (bwell@ku.edu) â†’ coaches/bwell
âœ” Created unclaimed coach profile: Director of (roser@ku.edu) â†’ coaches/roser
âœ” Created unclaimed coach profile: Rock Chalk (katieburris@ku.edu) â†’ coaches/katieburris
âœ” Created unclaimed coach profile: Cheer Coach (drake.stafford@ku.edu) â†’ coaches/drake.stafford
âœ” Created unclaimed coach profile: Amy Beall (amy.beall@stmary.edu) â†’ coaches/amy.beall | Phone: (913) 758-4343
âœ” Created unclaimed coach profile: Levi Pollreisz (Levi.Pollreisz@stmary.edu) â†’ coaches/Levi.Pollreisz | Phone: (913) 758-4341
ðŸ”„ Updating unclaimed profile for troy.brown@stmary.edu
âœ” Updated unclaimed coach profile: Troy Brown (troy.brown@stmary.edu) â†’ coaches/troy.brown | Phone: (913) 758-6311
âœ” Created unclaimed coach profile: Jamison Carmichael (Jamison.Carmichael@stmary.edu) â†’ coaches/Jamison.Carmichael | Phone: (913) 758-4355
âœ” Created unclaimed coach profile: Andy Kelley (andy.kelley@stmary.edu) â†’ coaches/andy.kelley | Phone: (913) 758-6292
âœ” Created unclaimed coach profile: Mackenzie Skupa (mackenzie.skupa@stmary.edu) â†’ coaches/mackenzie.skupa
âœ” Created unclaimed coach profile: Don Shipman (don.shipman@stmary.edu) â†’ coaches/don.shipman
âœ” Created unclaimed coach profile: Derek Mazeitis (derek.mazeitis@stmary.edu) â†’ coaches/derek.mazeitis | Phone: (913) 758-6164
âœ” Created unclaimed coach profile: Javier Beltran (beltransalvo266@stmary.edu) â†’ coaches/beltransalvo266 | Phone: (913) 758-6164
âœ” Created unclaimed coach profile: Justin Seever (justin.seever@stmary.edu) â†’ coaches/justin.seever | Phone: (913) 758-6289
âœ” Created unclaimed coach profile: Bruce Peddie (bruce.peddie@stmary.edu) â†’ coaches/bruce.peddie | Phone: (913) 758-4337
âœ” Created unclaimed coach profile: Mike Albin (Michael.Albin@stmary.edu) â†’ coaches/Michael.Albin | Phone: (913) 758-4309
âœ” Created unclaimed coach profile: Jay Monhollon (Jay.Monhollon@stmary.edu) â†’ coaches/Jay.Monhollon | Phone: (785) 213-2388
âœ” Created unclaimed coach profile: Elsa Skeie (elsa.skeie@my.stmary.edu) â†’ coaches/elsa.skeie
âœ” Created unclaimed coach profile: Chris Beall (chris.beall@stmary.edu) â†’ coaches/chris.beall | Phone: (641) 485-3417
âœ” Created unclaimed coach profile: Andrea Hinson (andrea.hinson@stmary.edu) â†’ coaches/andrea.hinson | Phone: (325) 307-8030
âœ” Created unclaimed coach profile: Kinleigh Brecheisen (kinleigh.brecheisen@stmary.edu) â†’ coaches/kinleigh.brecheisen
âœ” Created unclaimed coach profile: Joao Almeida (Joao.Almeida@stmary.edu) â†’ coaches/Joao.Almeida
âœ” Created unclaimed coach profile: Chuck Kearney (chuck.kearney@stmary.edu) â†’ coaches/chuck.kearney | Phone: (913) 758-4304
âœ” Created unclaimed coach profile: Gabe Blough (gabriel.blough@stmary.edu) â†’ coaches/gabriel.blough
âœ” Created unclaimed coach profile: Riley Jaramillo (riley.jaramillo@stmary.edu) â†’ coaches/riley.jaramillo
âœ” Created unclaimed coach profile: David Bresser (david.bresser@stmary.edu) â†’ coaches/david.bresser | Phone: (913) 758-6117
âœ” Created unclaimed coach profile: Alstin Benton (alstin.benton@stmary.edu) â†’ coaches/alstin.benton | Phone: (913) 758-4353
âœ” Created unclaimed coach profile: Nolan Ryan (nolan.ryan@stmary.edu) â†’ coaches/nolan.ryan | Phone: (636) 219-6372
âœ” Created unclaimed coach profile: Dylan Biedron (dylan.biedron@stmary.edu) â†’ coaches/dylan.biedron | Phone: (913) 758-6302
âœ” Created unclaimed coach profile: Ethan Paladino (Paladino639@stmary.edu) â†’ coaches/Paladino639
âœ” Created unclaimed coach profile: Amber Clark (amber.clark@stmary.edu) â†’ coaches/amber.clark
âœ” Created unclaimed coach profile: Tim Farina (timothy.farina@kwu.edu) â†’ coaches/timothy.farina
âœ” Created unclaimed coach profile: Bill Neale (bill.neale@kwu.edu) â†’ coaches/bill.neale | Phone: 785.833.4406
âœ” Created unclaimed coach profile: Bret Ringer (bret.ringer@kwu.edu) â†’ coaches/bret.ringer | Phone: 785.833.4406
âœ” Created unclaimed coach profile: Tyler Huffstickler (tyler.huffstickler@kwu.edu) â†’ coaches/tyler.huffstickler | Phone: 785.833.4406
âœ” Created unclaimed coach profile: Blake Maddock (blake.maddock@kwu.edu) â†’ coaches/blake.maddock | Phone: 785.833.4406
âœ” Created unclaimed coach profile: Eric Romero (eric.romero@kwu.edu) â†’ coaches/eric.romero | Phone: 785.833.4406
âœ” Created unclaimed coach profile: Jordan Murdock (jordan.murdock@kwu.edu) â†’ coaches/jordan.murdock | Phone: 785.833.4408
âœ” Created unclaimed coach profile: Brayden White (brayden.white@kwu.edu) â†’ coaches/brayden.white | Phone: 785.833.4630
âœ” Created unclaimed coach profile: Ethan Holloway (ethan.holloway@kwu.edu) â†’ coaches/ethan.holloway
âœ” Created unclaimed coach profile: Harper Taylor (harper.taylor@kwu.edu) â†’ coaches/harper.taylor | Phone: 785.833.4405
âœ” Created unclaimed coach profile: Preston Hardee (preston.hardee@kwu.edu) â†’ coaches/preston.hardee
âœ” Created unclaimed coach profile: Hailey Jordan (hailey.jordan@kwu.edu) â†’ coaches/hailey.jordan
âœ” Created unclaimed coach profile: Herb Halinski (herb.halinski@kwu.edu) â†’ coaches/herb.halinski | Phone: 785.833.4516
âœ” Created unclaimed coach profile: Emma O'Donnell (emma.odonnell@kwu.edu) â†’ coaches/emma.odonnell | Phone: 785.833.4516
âœ” Created unclaimed coach profile: Garrett Young (garrett.young@kwu.edu) â†’ coaches/garrett.young | Phone: 785.833.4438
âœ” Created unclaimed coach profile: Jeremy Gathright (jeremy.gathright@kwu.edu) â†’ coaches/jeremy.gathright
âœ” Created unclaimed coach profile: Shaquelle Lewis (shaquelle.lewis@kwu.edu) â†’ coaches/shaquelle.lewis | Phone: 785.833.4414
âœ” Created unclaimed coach profile: Austin Hess (austin.hess@kwu.edu) â†’ coaches/austin.hess
âœ” Created unclaimed coach profile: Jamie Kootz (jamie.kootz@kwu.edu) â†’ coaches/jamie.kootz
âœ” Created unclaimed coach profile: Kendall Smith (kendall.smith@kwu.edu) â†’ coaches/kendall.smith | Phone: 785.833.4630
âœ” Created unclaimed coach profile: Tabitha Slechta (tabitha.slechta@kwu.edu) â†’ coaches/tabitha.slechta
âœ” Created unclaimed coach profile: Claire Schmidt (claire.schmidt@kwu.edu) â†’ coaches/claire.schmidt | Phone: 785.833.4413
âœ” Created unclaimed coach profile: Matt Middleton (matthew.middleton@kwu.edu) â†’ coaches/matthew.middleton | Phone: 785.833.4424
âœ” Created unclaimed coach profile: Boomer Cunningham (robert.cunningham@kwu.edu) â†’ coaches/robert.cunningham | Phone: 785.833.4423
âœ” Created unclaimed coach profile: Melinda Nguyen (melinda.nguyen@kwu.edu) â†’ coaches/melinda.nguyen | Phone: 785.833.4421
âœ” Created unclaimed coach profile: Alexa Mansur (alexandra.mansur@kwu.edu) â†’ coaches/alexandra.mansur
âœ” Created unclaimed coach profile: Jefferson Cook (jefferson.cook@kwu.edu) â†’ coaches/jefferson.cook | Phone: 785.833.4417
âœ” Created unclaimed coach profile: Gavin McWhorter (gavin.mcwhorter@kwu.edu) â†’ coaches/gavin.mcwhorter | Phone: 785.833.4417
âœ” Created unclaimed coach profile: Sarah Krenowicz (sarah.krenowicz@kwu.edu) â†’ coaches/sarah.krenowicz
âœ” Created unclaimed coach profile: Ryan Palmbaum (ryan.palmbaum@kwu.edu) â†’ coaches/ryan.palmbaum | Phone: 785.833.4403
âœ” Created unclaimed coach profile: Luis Vargas (luis.vargas@kwu.edu) â†’ coaches/luis.vargas | Phone: 785.833.4403
âœ” Created unclaimed coach profile: Jaime Robledo (jaime.robledo@kwu.edu) â†’ coaches/jaime.robledo | Phone: 785.833.4403
ðŸ”„ Updating unclaimed profile for joseph.schwartz@kwu.edu
âœ” Updated unclaimed coach profile: Joe Schwartz (joseph.schwartz@kwu.edu) â†’ coaches/joseph.schwartz | Phone: 785.833.4404
âœ” Created unclaimed coach profile: Michael McIntyre (michael.mcintyre@kwu.edu) â†’ coaches/michael.mcintyre | Phone: 785.833.4404
âœ” Created unclaimed coach profile: Mallorie Lund (mallorie.lund@kwu.edu) â†’ coaches/mallorie.lund | Phone: 785.833.4404
âœ” Created unclaimed coach profile: Ryan Cooper (ryan.cooper@kwu.edu) â†’ coaches/ryan.cooper | Phone: 785.833.4407
ðŸ”„ Updating unclaimed profile for softball@kwu.edu
âœ” Updated unclaimed coach profile: Madison Wallace (softball@kwu.edu) â†’ coaches/softball | Phone: 785.833.4407
âœ” Created unclaimed coach profile: Brian Vancuren (brian.vancuren@kwu.edu) â†’ coaches/brian.vancuren | Phone: 785.833.4415
âœ” Created unclaimed coach profile: Grace Unruh (grace.unruh@kwu.edu) â†’ coaches/grace.unruh | Phone: 785.833.4415
âœ” Created unclaimed coach profile: Jessica Biegert (jessica.biegert@kwu.edu) â†’ coaches/jessica.biegert | Phone: 785.833.4416
âœ” Created unclaimed coach profile: Skylar Lane (skylar.lane@kwu.edu) â†’ coaches/skylar.lane | Phone: 785.833.4416
âœ” Created unclaimed coach profile: Dustin Sahlmann (dustin.sahlmann@kwu.edu) â†’ coaches/dustin.sahlmann | Phone: 785.833.4439
âœ” Created unclaimed coach profile: Evan VanBecelaere (evanbecelaere@pittstate.edu) â†’ coaches/evanbecelaere
âœ” Created unclaimed coach profile: Cody Williams (cody.williams@pittstate.edu) â†’ coaches/cody.williams
âœ” Created unclaimed coach profile: Brock Buckingham (sbuckingham@pittstate.edu) â†’ coaches/sbuckingham
âœ” Created unclaimed coach profile: Kody Sindelar (ksindelar@pittstate.edu) â†’ coaches/ksindelar
âœ” Created unclaimed coach profile: Austin Bonnel (abonnel@pittstate.edu) â†’ coaches/abonnel
âœ” Created unclaimed coach profile: Jeff Boschee (jboschee@pittstate.edu) â†’ coaches/jboschee
âœ” Created unclaimed coach profile: Jamahl DePriest (jdepriest@pittstate.edu) â†’ coaches/jdepriest
âœ” Created unclaimed coach profile: Bryan Yungeberg (byungeberg-vann@pittstate.edu) â†’ coaches/byungeberg-vann
âœ” Created unclaimed coach profile: Blake Rogers (kenneth.rogers@pittstate.edu) â†’ coaches/kenneth.rogers
âœ” Created unclaimed coach profile: Amanda Davied (addavied@pittstate.edu) â†’ coaches/addavied
âœ” Created unclaimed coach profile: Kelby Fritz (kelby.fritz@pittstate.edu) â†’ coaches/kelby.fritz
âœ” Created unclaimed coach profile: Max Olsan (molsan@pittstate.edu) â†’ coaches/molsan
âœ” Created unclaimed coach profile: Hunter Berry (hunter.berry@pittstate.edu) â†’ coaches/hunter.berry
âœ” Created unclaimed coach profile: Kevin Bleil (kbleil@pittstate.edu) â†’ coaches/kbleil
âœ” Created unclaimed coach profile: Lynn Nutt (hnutt@pittstate.edu) â†’ coaches/hnutt
âœ” Created unclaimed coach profile: Tyrell Everett (teverett@pittstate.edu) â†’ coaches/teverett
âœ” Created unclaimed coach profile: Bill Bleil (wbleil@pittstate.edu) â†’ coaches/wbleil
âœ” Created unclaimed coach profile: Gregg Hollins (ghollins@pittstate.edu) â†’ coaches/ghollins
âœ” Created unclaimed coach profile: Brandon Perkins (brandon.perkins@pittstate.edu) â†’ coaches/brandon.perkins
âœ” Created unclaimed coach profile: Mark Smith (marksmith@pittstate.edu) â†’ coaches/marksmith
âœ” Created unclaimed coach profile: James Gilbert (jgilbert@pittstate.edu) â†’ coaches/jgilbert
âœ” Created unclaimed coach profile: Parker Schrater (parker.schrater@pittstate.edu) â†’ coaches/parker.schrater
âœ” Created unclaimed coach profile: Nick Long (nlong@pittstate.edu) â†’ coaches/nlong
âœ” Created unclaimed coach profile: Josh Barnes (jcbarnes@pittstate.edu) â†’ coaches/jcbarnes
âœ” Created unclaimed coach profile: Abby Shoemaker (abigail.shoemaker@pittstate.edu) â†’ coaches/abigail.shoemaker
âœ” Created unclaimed coach profile: Brian Mantooth (bmantooth@pittstate.edu) â†’ coaches/bmantooth
âœ” Created unclaimed coach profile: Jesse Miller (jesselee.miller@pittstate.edu) â†’ coaches/jesselee.miller
âœ” Created unclaimed coach profile: Jason Crow (jasoncrow@pittstate.edu) â†’ coaches/jasoncrow
âœ” Created unclaimed coach profile: Wes Branstetter (wes.branstetter@pittstate.edu) â†’ coaches/wes.branstetter
âœ” Created unclaimed coach profile: Lucca Munhoz (lmunhoz@pittstate.edu) â†’ coaches/lmunhoz
âœ” Created unclaimed coach profile: Megan Besecker (mbesecker@pittstate.edu) â†’ coaches/mbesecker
âœ” Created unclaimed coach profile: Erin Pavlin (epavlin@pittstate.edu) â†’ coaches/epavlin
âœ” Created unclaimed coach profile: Remi Vargas (rvargas@pittstate.edu) â†’ coaches/rvargas
âœ” Created unclaimed coach profile: Abbi Reasor (abbi.reasor@pittstate.edu) â†’ coaches/abbi.reasor
âœ” Created unclaimed coach profile: Elizabeth Smith (elizabeth.d.smith@pittstate.edu) â†’ coaches/elizabeth.d.smith
âœ” Created unclaimed coach profile: Seth Kincaid (sckincaid@fhsu.edu) â†’ coaches/sckincaid | Phone: (785) 628-4785
âœ” Created unclaimed coach profile: Justin Wichert (jkwichert@fhsu.edu) â†’ coaches/jkwichert | Phone: (785) 628-4357
âœ” Created unclaimed coach profile: Cade Lott (cmlott@fhsu.edu) â†’ coaches/cmlott | Phone: (785) 628-4724
âœ” Created unclaimed coach profile: Jeremy Brown (jabrown3@fhsu.edu) â†’ coaches/jabrown3 | Phone: (785) 628-4356
âœ” Created unclaimed coach profile: Rusty Grafel (rkgrafel@fhsu.edu) â†’ coaches/rkgrafel | Phone: (785) 628-4356
âœ” Created unclaimed coach profile: Talia Kahrs (tmmiller3@fhsu.edu) â†’ coaches/tmmiller3 | Phone: (785) 628-4375
âœ” Created unclaimed coach profile: Paige Lunsford (pnlunsford@fhsu.edu) â†’ coaches/pnlunsford | Phone: (785) 628-4024
âœ” Created unclaimed coach profile: Taylor Vasa (ttvasa@fhsu.edu) â†’ coaches/ttvasa | Phone: (785) 628-4024
âœ” Created unclaimed coach profile: Jason McCullough (jmccullo@fhsu.edu) â†’ coaches/jmccullo | Phone: (785) 628-4352
âœ” Created unclaimed coach profile: Chris Brown (cjbrown9@fhsu.edu) â†’ coaches/cjbrown9 | Phone: (785) 628-4399
âœ” Created unclaimed coach profile: Al McCray (a_mccray@fhsu.edu) â†’ coaches/a_mccray | Phone: (785) 628-4679
âœ” Created unclaimed coach profile: Cooper Harris (acharris@fhsu.edu) â†’ coaches/acharris | Phone: (785) 628-4397
âœ” Created unclaimed coach profile: Tom Ross (tjross2@fhsu.edu) â†’ coaches/tjross2 | Phone: (785) 628-5788
âœ” Created unclaimed coach profile: Layton Hickel (lrhickel@fhsu.edu) â†’ coaches/lrhickel | Phone: (785) 628-4682
âœ” Created unclaimed coach profile: Amari Angram-Boldin (a_angram@fhsu.edu) â†’ coaches/a_angram | Phone: (785) 628-5791
âœ” Created unclaimed coach profile: Kyle Murphy (k_murphy3@fhsu.edu) â†’ coaches/k_murphy3 | Phone: (785) 628-5788
âœ” Created unclaimed coach profile: Doug Boucher (dkboucher@fhsu.edu) â†’ coaches/dkboucher | Phone: (785) 628-4730
âœ” Created unclaimed coach profile: Tom Johansen (tcjohansen@fhsu.edu) â†’ coaches/tcjohansen
âœ” Created unclaimed coach profile: Kami Rosin (k_rosin@fhsu.edu) â†’ coaches/k_rosin | Phone: (785) 628-4050
âœ” Created unclaimed coach profile: Alex Nichols (ajnichols@fhsu.edu) â†’ coaches/ajnichols | Phone: (785) 628-5471
âœ” Created unclaimed coach profile: Saad Mohacht (s_mohacht@mail.fhsu.edu) â†’ coaches/s_mohacht
âœ” Created unclaimed coach profile: Tyson John (tjjohn@fhsu.edu) â†’ coaches/tjjohn | Phone: (785) 628-5690
âœ” Created unclaimed coach profile: Jose Macias (j_maciasavalos@mail.fhsu.edu) â†’ coaches/j_maciasavalos
âœ” Created unclaimed coach profile: Livia Silva (lssilva@mail.fhsu.edu) â†’ coaches/lssilva
âœ” Created unclaimed coach profile: Adrian Pilkington (ammohr2@fhsu.edu) â†’ coaches/ammohr2 | Phone: (785) 628-5885
âœ” Created unclaimed coach profile: Lawren McKinney (llmckinney@fhsu.edu) â†’ coaches/llmckinney | Phone: (785) 628-4687
âœ” Created unclaimed coach profile: Kota Wakasa (k_wakasa@fhsu.edu) â†’ coaches/k_wakasa | Phone: (785) 628-4311
âœ” Created unclaimed coach profile: Brian Flax (bflax@fhsu.edu) â†’ coaches/bflax | Phone: (785) 628-5854
âœ” Created unclaimed coach profile: Kelly Meyer (kameyer3@fhsu.edu) â†’ coaches/kameyer3 | Phone: (785) 628-4390
âœ” Created unclaimed coach profile: Jessica Wood-Atkins (jmwoodatkins@fhsu.edu) â†’ coaches/jmwoodatkins | Phone: (785) 628-4392
âœ” Created unclaimed coach profile: Carolynne Barbosa (cdbarbosa@fhsu.edu) â†’ coaches/cdbarbosa | Phone: (785) 628-4363
âœ” Created unclaimed coach profile: Giovanna Kuntze (g_bencardinokuntze@mail.fhsu.edu) â†’ coaches/g_bencardinokuntze
âœ” Created unclaimed coach profile: Erik Wince (emwince@fhsu.edu) â†’ coaches/emwince | Phone: (785) 628-5392
âœ” Created unclaimed coach profile: Colton McKiernan (cjmckiernan@fhsu.edu) â†’ coaches/cjmckiernan
âœ” Created unclaimed coach profile: Alijah Jeffery (a_jeffery@fhsu.edu) â†’ coaches/a_jeffery | Phone: (785) 628-5316
âœ” Created unclaimed coach profile: Victoria Gutierrez (v_gutierrez3@mail.fhsu.edu) â†’ coaches/v_gutierrez3
âœ” Created unclaimed coach profile: Courtney Bartling (cabartling@fhsu.edu) â†’ coaches/cabartling | Phone: (785) 259-3327
âœ” Created unclaimed coach profile: Annika Carter-Powell (abcarter3@fhsu.edu) â†’ coaches/abcarter3 | Phone: (720) 233-8849
âœ” Created unclaimed coach profile: Angelina Froese (froesea@mcpherson.edu) â†’ coaches/froesea
âœ” Created unclaimed coach profile: Chris Dawson (dawsonc@mcpherson.edu) â†’ coaches/dawsonc
âœ” Created unclaimed coach profile: Mack Stephenson (stephenm@mcpherson.edu) â†’ coaches/stephenm
âœ” Created unclaimed coach profile: Nathan Robl (robln@mcpherson.edu) â†’ coaches/robln
âœ” Created unclaimed coach profile: Padraic Walsh (walshp@mcpherson.edu) â†’ coaches/walshp
âœ” Created unclaimed coach profile: T.J. Eskildsen (eskildst@mcpherson.edu) â†’ coaches/eskildst
âœ” Created unclaimed coach profile: Louis Parker (parkerl@mcpherson.edu) â†’ coaches/parkerl
âœ” Created unclaimed coach profile: Ethan Finckbone (Finckboe@mcpherson.edu) â†’ coaches/Finckboe
âœ” Created unclaimed coach profile: Alex Moorehead (moorehea@mcpherson.edu) â†’ coaches/moorehea
âœ” Created unclaimed coach profile: Hannah Showalter (showalth@mcpherson.edu) â†’ coaches/showalth
âœ” Created unclaimed coach profile: Jeremiah Fiscus (fiscusj@mcpherson.edu) â†’ coaches/fiscusj | Phone: (620) 242-0613
âœ” Created unclaimed coach profile: Chris Jenkins (jenkinsc@mcpherson.edu) â†’ coaches/jenkinsc
âœ” Created unclaimed coach profile: Joshua Pisik (pisikj@mcpherson.edu) â†’ coaches/pisikj
âœ” Created unclaimed coach profile: Kaden Beavers (beaversk@mcpherson.edu) â†’ coaches/beaversk
âœ” Created unclaimed coach profile: Kenton Rocheford (rochefok@mcpherson.edu) â†’ coaches/rochefok
âœ” Created unclaimed coach profile: Kent Freund (freundk@mcpherson.edu) â†’ coaches/freundk | Phone: (214) 264-7020
âœ” Created unclaimed coach profile: Miguel Perez (perezm@mcpherson.edu) â†’ coaches/perezm
âœ” Created unclaimed coach profile: Ian Thomson (thomsoni@mcpherson.edu) â†’ coaches/thomsoni
âœ” Created unclaimed coach profile: Brad Pinkus (pinkusb@mcpherson.edu) â†’ coaches/pinkusb
âœ” Created unclaimed coach profile: Michael Davis (davism@mcpherson.edu) â†’ coaches/davism
âœ” Created unclaimed coach profile: Victor Garcia (garciav@mcpherson.edu) â†’ coaches/garciav
âœ” Created unclaimed coach profile: Bri Sansoucie (sansoucb@mcpherson.edu) â†’ coaches/sansoucb
âœ” Created unclaimed coach profile: John Purvis (purvisj@mcpherson.edu) â†’ coaches/purvisj
âœ” Created unclaimed coach profile: Cory Cahill (cahillc@mcpherson.edu) â†’ coaches/cahillc
âœ” Created unclaimed coach profile: Callie Houlihan (houlihac@mcpherson.edu) â†’ coaches/houlihac
âœ” Created unclaimed coach profile: Mitchell Whitehead (whitehem@mcpherson.edu) â†’ coaches/whitehem
âœ” Created unclaimed coach profile: Nolan Hoff (nhoff@mnu.edu) â†’ coaches/nhoff
âœ” Created unclaimed coach profile: Reece Helland (rdhelland@mnu.edu) â†’ coaches/rdhelland
âœ” Created unclaimed coach profile: Adam Hepker (ahepker@mnu.edu) â†’ coaches/ahepker
âœ” Created unclaimed coach profile: Trey Brown (tmbrown2@mnu.edu) â†’ coaches/tmbrown2
âœ” Created unclaimed coach profile: Gabriel Jordan (gjordan@mnu.edu) â†’ coaches/gjordan
âœ” Created unclaimed coach profile: Jon Lewis (jalewis@mnu.edu) â†’ coaches/jalewis
âœ” Created unclaimed coach profile: Alexis McAfee (ammcafee@mnu.edu) â†’ coaches/ammcafee
âœ” Created unclaimed coach profile: Evan Knight (edknight@mnu.edu) â†’ coaches/edknight
âœ” Created unclaimed coach profile: Devan Sawyerr (desawyerr@mnu.edu) â†’ coaches/desawyerr
âœ” Created unclaimed coach profile: Nathan Houser (nrhouser@mnu.edu) â†’ coaches/nrhouser
âœ” Created unclaimed coach profile: Ivan Cordova (ijcordova@mnu.edu) â†’ coaches/ijcordova
âœ” Created unclaimed coach profile: AJ Sambol (ajsambol@mnu.edu) â†’ coaches/ajsambol
âœ” Created unclaimed coach profile: CJ Collins (cpcollins@mnu.edu) â†’ coaches/cpcollins
âœ” Created unclaimed coach profile: Scott Seymour (sdseymour@mnu.edu) â†’ coaches/sdseymour
âœ” Created unclaimed coach profile: Tristan Rabbe (tjrabbe@mnu.edu) â†’ coaches/tjrabbe
âœ” Created unclaimed coach profile: Kevin Wardlaw (kpwardlaw@mnu.edu) â†’ coaches/kpwardlaw
âœ” Created unclaimed coach profile: Atanas Karagyaurov (apkaragyaurov@mnu.edu) â†’ coaches/apkaragyaurov
âœ” Created unclaimed coach profile: Jose Ramos (jhramos@mnu.edu) â†’ coaches/jhramos
âœ” Created unclaimed coach profile: Kayla Wyrsch (kvwyrsch@mnu.edu) â†’ coaches/kvwyrsch
ðŸ”„ Updating unclaimed profile for ahughes@mnu.edu
âœ” Updated unclaimed coach profile: Alistair Hughes (ahughes@mnu.edu) â†’ coaches/ahughes
âœ” Created unclaimed coach profile: Jen Felvus (jjfelvus@mnu.edu) â†’ coaches/jjfelvus
âœ” Created unclaimed coach profile: Elizabeth Thomas (ethomas2@mnu.edu) â†’ coaches/ethomas2
âœ” Created unclaimed coach profile: Olivia Pino (olpino@mnu.edu) â†’ coaches/olpino
âœ” Created unclaimed coach profile: Molly Karagyaurov (mlkaragyaurov@mnu.edu) â†’ coaches/mlkaragyaurov
âœ” Created unclaimed coach profile: Jennifer Scott (jtroth@mnu.edu) â†’ coaches/jtroth
âœ” Created unclaimed coach profile: Whitney Rodden (wtrodden@mnu.edu) â†’ coaches/wtrodden
âœ” Created unclaimed coach profile: Zach Watkins (zach.watkins@washburn.edu) â†’ coaches/zach.watkins
âœ” Created unclaimed coach profile: Kaleb Koch (kaleb.koch@washburn.edu) â†’ coaches/kaleb.koch
âœ” Created unclaimed coach profile: Jarvis Harrod (jarvis.harrod@washburn.edu) â†’ coaches/jarvis.harrod
âœ” Created unclaimed coach profile: Julian Mendez (julian.mendez@washburn.edu) â†’ coaches/julian.mendez
âœ” Created unclaimed coach profile: Nelson Vazquez (nelly.vazquez@washburn.edu) â†’ coaches/nelly.vazquez
âœ” Created unclaimed coach profile: Ross Sharp (ross.sharp@washburn.edu) â†’ coaches/ross.sharp
âœ” Created unclaimed coach profile: Jacob Glendinning (jacob.glendinning@washburn.edu) â†’ coaches/jacob.glendinning
âœ” Created unclaimed coach profile: Chris Herron (chris.herron@washburn.edu) â†’ coaches/chris.herron
âœ” Created unclaimed coach profile: Jessica Hillebert (jessica.hillebert@washburn.edu) â†’ coaches/jessica.hillebert
âœ” Created unclaimed coach profile: Walker Farrar (walker.farrar@washburn.edu) â†’ coaches/walker.farrar
âœ” Created unclaimed coach profile: Colby Yates (colby.yates@washburn.edu) â†’ coaches/colby.yates
âœ” Created unclaimed coach profile: Brett Ballard (brett.ballard@washburn.edu) â†’ coaches/brett.ballard
âœ” Created unclaimed coach profile: Nick Jones (nick.jones@washburn.edu) â†’ coaches/nick.jones
âœ” Created unclaimed coach profile: Jordan Vincent (jordan.vincent@washburn.edu) â†’ coaches/jordan.vincent
âœ” Created unclaimed coach profile: Jake Schadegg (jake.schadegg@washburn.edu) â†’ coaches/jake.schadegg
âœ” Created unclaimed coach profile: Nick Ferrarini (nick.ferrarini@washburn.edu) â†’ coaches/nick.ferrarini
âœ” Created unclaimed coach profile: Katie Dalton (katie.dalton@washburn.edu) â†’ coaches/katie.dalton
âœ” Created unclaimed coach profile: Robin Stahl (robin.stahl@washburn.edu) â†’ coaches/robin.stahl
âœ” Created unclaimed coach profile: Harley Douglas (harley.douglas@washburn.edu) â†’ coaches/harley.douglas
âœ” Created unclaimed coach profile: Connor Crimmins (connor.crimmins@washburn.edu) â†’ coaches/connor.crimmins
âœ” Created unclaimed coach profile: Rane Pfeifer (rane.pfeifer@washburn.edu) â†’ coaches/rane.pfeifer
âœ” Created unclaimed coach profile: Brenda Holaday (brenda.holaday@washburn.edu) â†’ coaches/brenda.holaday
âœ” Created unclaimed coach profile: Taylor Zordel (taylor.zordel@washburn.edu) â†’ coaches/taylor.zordel
âœ” Created unclaimed coach profile: Andi Wehrli (andi.anti@washburn.edu) â†’ coaches/andi.anti
âœ” Created unclaimed coach profile: Jaycee Ginter (jaycee.ginter@washburn.edu) â†’ coaches/jaycee.ginter
âœ” Created unclaimed coach profile: Andrew Ashmore (andrew.ashmore@washburn.edu) â†’ coaches/andrew.ashmore
ðŸ”„ Updating unclaimed profile for epeterson@benedictine.edu
âœ” Updated unclaimed coach profile: Eric Peterson (epeterson@benedictine.edu) â†’ coaches/epeterson | Phone: 785.218.6742
âœ” Created unclaimed coach profile: Ben Bennett (bbennett@benedictine.edu) â†’ coaches/bbennett | Phone: 513.833.4204
âœ” Created unclaimed coach profile: Cole Doherty (cdoherty@benedictine.edu) â†’ coaches/cdoherty | Phone: 816.509.7168
âœ” Created unclaimed coach profile: Ryan Moody (rmoody@benedictine.edu) â†’ coaches/rmoody | Phone: 913.360.7561
âœ” Created unclaimed coach profile: John Peer (jpeer@benedictine.edu) â†’ coaches/jpeer | Phone: 913.360.7379
âœ” Created unclaimed coach profile: Adam Rieschl (arieschl@benedictine.edu) â†’ coaches/arieschl
âœ” Created unclaimed coach profile: Chad Folsom (cfolsom@benedictine.edu) â†’ coaches/cfolsom | Phone: 913.360.7380
âœ” Created unclaimed coach profile: Andi Connelly (awilder@benedictine.edu) â†’ coaches/awilder | Phone: 913.360.7988
âœ” Created unclaimed coach profile: Jacob Cofer (jcofer@benedictine.edu) â†’ coaches/jcofer | Phone: 913.302.6168
âœ” Created unclaimed coach profile: Peyton Hajok (phajok@benedictine.edu) â†’ coaches/phajok | Phone: 214.215.2624
âœ” Created unclaimed coach profile: Megan Chiles (mbartlett@benedictine.edu) â†’ coaches/mbartlett
âœ” Created unclaimed coach profile: Gabby Keating (gkeating@benedictine.edu) â†’ coaches/gkeating
âœ” Created unclaimed coach profile: Joel Osborn (josborn@benedictine.edu) â†’ coaches/josborn | Phone: 913.360.7542
âœ” Created unclaimed coach profile: John Sosa (jsosa@benedictine.edu) â†’ coaches/jsosa | Phone: 913.360.7374
âœ” Created unclaimed coach profile: Gabriel Lewis (glewis@benedictine.edu) â†’ coaches/glewis | Phone: 913.360.0394
âœ” Created unclaimed coach profile: Hunter Nail (hnail@benedictine.edu) â†’ coaches/hnail | Phone: 303.710.8033
âœ” Created unclaimed coach profile: Matthew Ricci (mricci@benedictine.edu) â†’ coaches/mricci | Phone: 913.553.1979
âœ” Created unclaimed coach profile: Kaylin Williams-Mosier (kwmosier@benedictine.edu) â†’ coaches/kwmosier
âœ” Created unclaimed coach profile: Paul Hunt (phunt@benedictine.edu) â†’ coaches/phunt | Phone: 515.408.4868
âœ” Created unclaimed coach profile: Jenna Schwartzhoff (jschwartzhoff@benedictine.edu) â†’ coaches/jschwartzhoff | Phone: 319.929.8354
âœ” Created unclaimed coach profile: Annika Franken (afranken@benedictine.edu) â†’ coaches/afranken | Phone: 913.313.5565
âœ” Created unclaimed coach profile: Victoria Hurtt (vhurtt@benedictine.edu) â†’ coaches/vhurtt | Phone: 913.360.7377
âœ” Created unclaimed coach profile: Camila Leite (cleite@benedictine.edu) â†’ coaches/cleite | Phone: 913.360.7344
âœ” Created unclaimed coach profile: Gregory Barner (gbarner@benedictine.edu) â†’ coaches/gbarner | Phone: 913.360.7362
âœ” Created unclaimed coach profile: Mark Crisco (mcrisco@benedictine.edu) â†’ coaches/mcrisco | Phone: 913.360.7330
âœ” Created unclaimed coach profile: Keaton Carney (kcarney@benedictine.edu) â†’ coaches/kcarney | Phone: 720.469.4029
âœ” Created unclaimed coach profile: Darren Wilhite (dwilhite@benedictine.edu) â†’ coaches/dwilhite
âœ” Created unclaimed coach profile: Clare Hanson (chanson@benedictine.edu) â†’ coaches/chanson | Phone: 785.215.7029
âœ” Created unclaimed coach profile: MacKenzie Petersen (mpetersen@benedictine.edu) â†’ coaches/mpetersen
âœ” Created unclaimed coach profile: April Banwart (abanwart@goshockers.com) â†’ coaches/abanwart
âœ” Created unclaimed coach profile: Amy Pollard-Yarberry (amy.pollard@wichita.edu) â†’ coaches/amy.pollard
ðŸ”„ Updating unclaimed profile for baseball@goshockers.com
âœ” Updated unclaimed coach profile: Brian Green (baseball@goshockers.com) â†’ coaches/baseball
âœ” Created unclaimed coach profile: Anthony Claggett (aclaggett@goshockers.com) â†’ coaches/aclaggett
âœ” Created unclaimed coach profile: Marty Lees (rlees@goshockers.com) â†’ coaches/rlees
âœ” Created unclaimed coach profile: Collin Wilber (cwilber@goshockers.com) â†’ coaches/cwilber
âœ” Created unclaimed coach profile: Paul Mills (rhillard@goshockers.com) â†’ coaches/rhillard
âœ” Created unclaimed coach profile: Kenton Paulino (kpaulino@goshockers.com) â†’ coaches/kpaulino
âœ” Created unclaimed coach profile: Josh Eilert (jeilert@goshockers.com) â†’ coaches/jeilert
âœ” Created unclaimed coach profile: P.J. Couisnard (pcouisnard@goshockers.com) â†’ coaches/pcouisnard
âœ” Created unclaimed coach profile: Iain Laymon (ilaymon@goshockers.com) â†’ coaches/ilaymon
âœ” Created unclaimed coach profile: Xavier Holland (xholland@goshockers.com) â†’ coaches/xholland
âœ” Created unclaimed coach profile: Terry Nooner (tnooner@goshockers.com) â†’ coaches/tnooner
âœ” Created unclaimed coach profile: Antwain Scales (ascales@goshockers.com) â†’ coaches/ascales
âœ” Created unclaimed coach profile: Brooke Costley (bcostley@goshockers.com) â†’ coaches/bcostley
âœ” Created unclaimed coach profile: Patrick Harrison (pharrison@goshockers.com) â†’ coaches/pharrison
âœ” Created unclaimed coach profile: Uyen Tran (utran@goshockers.com) â†’ coaches/utran
âœ” Created unclaimed coach profile: Mandy Willems (mwillems@goshockers.com) â†’ coaches/mwillems
âœ” Created unclaimed coach profile: Holly Harris (hharris@goshockers.com) â†’ coaches/hharris
âœ” Created unclaimed coach profile: Mark Lewis (mark.lewis@wichita.edu) â†’ coaches/mark.lewis
ðŸ”„ Updating unclaimed profile for khunter@goshockers.com
âœ” Updated unclaimed coach profile: Kirk Hunter (khunter@goshockers.com) â†’ coaches/khunter
âœ” Created unclaimed coach profile: Adam Moore (amoore@goshockers.com) â†’ coaches/amoore
âœ” Created unclaimed coach profile: Judd Easterling (jeasterling@goshockers.com) â†’ coaches/jeasterling
âœ” Created unclaimed coach profile: Tom McCurdy (tmccurdy@goshockers.com) â†’ coaches/tmccurdy
âœ” Created unclaimed coach profile: Alejandra Heinen (aarellano@goshockers.com) â†’ coaches/aarellano
âœ” Created unclaimed coach profile: Kristi Bredbenner (kbredbenner@goshockers.com) â†’ coaches/kbredbenner
âœ” Created unclaimed coach profile: Elizabeth Economon (eeconomon@goshockers.com) â†’ coaches/eeconomon
âœ” Created unclaimed coach profile: Courtney Oliver-Elkins (coliver@goshockers.com) â†’ coaches/coliver
âœ” Created unclaimed coach profile: Easton Herring (eherring@goshockers.com) â†’ coaches/eherring
âœ” Created unclaimed coach profile: Darragh Glavin (dglavin@goshockers.com) â†’ coaches/dglavin
âœ” Created unclaimed coach profile: Sonam Phuntsok (sphuntsok@goshockers.com) â†’ coaches/sphuntsok
âœ” Created unclaimed coach profile: Jacob Eddins (jeddins@goshockers.com) â†’ coaches/jeddins
âœ” Created unclaimed coach profile: Steve Rainbolt (srainbolt@goshockers.com) â†’ coaches/srainbolt
âœ” Created unclaimed coach profile: Heidi Benton (hyost@goshockers.com) â†’ coaches/hyost
âœ” Created unclaimed coach profile: Aliyah Fertig (awelter@goshockers.com) â†’ coaches/awelter
âœ” Created unclaimed coach profile: John Hetzendorf (jhetzendorf@goshockers.com) â†’ coaches/jhetzendorf
âœ” Created unclaimed coach profile: Connor Vaughn (f@goshockers.com) â†’ coaches/f
âœ” Created unclaimed coach profile: Chris Lamb (clamb@goshockers.com) â†’ coaches/clamb
âœ” Created unclaimed coach profile: Brian Hosfeld (bhosfeld@goshockers.com) â†’ coaches/bhosfeld
âœ” Created unclaimed coach profile: Katie Zimmerman (kzimmerman@goshockers.com) â†’ coaches/kzimmerman
âœ” Created unclaimed coach profile: Ashleigh Houlton (ahoulton@goshockers.com) â†’ coaches/ahoulton
âœ” Created unclaimed coach profile: Jayson Artaz (jartaz@bethelks.edu) â†’ coaches/jartaz | Phone: (316) 284-5283
âœ” Created unclaimed coach profile: Eric Reid (ereid@bethelks.edu) â†’ coaches/ereid
âœ” Created unclaimed coach profile: Cody Cape (ccape@bethelks.edu) â†’ coaches/ccape
âœ” Created unclaimed coach profile: Jared Mocaby (jmocaby@bethelks.edu) â†’ coaches/jmocaby
âœ” Created unclaimed coach profile: Jara Shoemaker (jshoemaker@bethelks.edu) â†’ coaches/jshoemaker
âœ” Created unclaimed coach profile: Rocky Lamar (rlamar@bethelks.edu) â†’ coaches/rlamar | Phone: (316) 284-5311
âœ” Created unclaimed coach profile: David Bertholf (dbertholf@bethelks.edu) â†’ coaches/dbertholf
âœ” Created unclaimed coach profile: Ciara Schott (cschott@bethelks.edu) â†’ coaches/cschott
âœ” Created unclaimed coach profile: Julio Martinez (jmartinez@bethelks.edu) â†’ coaches/jmartinez
âœ” Created unclaimed coach profile: Katelyn Wilson (kdwilson@bethelks.edu) â†’ coaches/kdwilson
âœ” Created unclaimed coach profile: Kiley McCord (kmccord@bethelks.edu) â†’ coaches/kmccord | Phone: (316) 284-5296
âœ” Created unclaimed coach profile: Josh Lawson (jlawson@bethelks.edu) â†’ coaches/jlawson | Phone: (316) 284-5392
âœ” Created unclaimed coach profile: Kade Miller (kmiller@bethelks.edu) â†’ coaches/kmiller
âœ” Created unclaimed coach profile: Andrew Tisdale (atisdale@bethelks.edu) â†’ coaches/atisdale
âœ” Created unclaimed coach profile: Felicia Teeter (fteeter@bethelks.edu) â†’ coaches/fteeter | Phone: (316) 284-5386
âœ” Created unclaimed coach profile: Gregg Dick (greggd@bethelks.edu) â†’ coaches/greggd | Phone: (316) 284-5277
ðŸ”„ Updating unclaimed profile for kwilson@bethelks.edu
âœ” Updated unclaimed coach profile: Kyle Wilson (kwilson@bethelks.edu) â†’ coaches/kwilson | Phone: (316) 284-5385
âœ” Created unclaimed coach profile: Juan Zamora (jzamora@bethelks.edu) â†’ coaches/jzamora
âœ” Created unclaimed coach profile: James Lipocky (jlipocky@bethelks.edu) â†’ coaches/jlipocky
âœ” Created unclaimed coach profile: David Middleton (dmiddleton@bethelks.edu) â†’ coaches/dmiddleton | Phone: (316) 284-5263
ðŸ”„ Updating unclaimed profile for smiddleton@bethelks.edu
âœ” Updated unclaimed coach profile: Stacy Middleton (smiddleton@bethelks.edu) â†’ coaches/smiddleton | Phone: (316) 284-5218
âœ” Created unclaimed coach profile: Anthony Gonzalez (agonzalez@bethelks.edu) â†’ coaches/agonzalez
âœ” Created unclaimed coach profile: Michael McKelpin (mmckelpin@bethelks.edu) â†’ coaches/mmckelpin
âœ” Created unclaimed coach profile: Jami Minnick (jminnick@bethelks.edu) â†’ coaches/jminnick
âœ” Created unclaimed coach profile: Gabe Johnson (gjohnson@bethelks.edu) â†’ coaches/gjohnson | Phone: (316) 284-5395
âœ” Created unclaimed coach profile: Jordan Singh (jsingh@bethelks.edu) â†’ coaches/jsingh
âœ” Created unclaimed coach profile: Adriana Leake (aleake@bethelks.edu) â†’ coaches/aleake | Phone: (316) 284-5383
âœ” Created unclaimed coach profile: Kara Robeson (krobeson@bethelks.edu) â†’ coaches/krobeson

ðŸ“Š Upload Summary:
âœ” 446 coach profiles created/updated
â­ï¸  0 profiles skipped (already claimed)
ðŸ“§ Coaches can now claim their profiles during onboarding using their email address
