Could get FontBBox from font descriptor because None cannot be parsed as 4 floats
Could get FontBBox from font descriptor because None cannot be parsed as 4 floats
Cannot set gray stroke color because /'P9' is an invalid float value
Cannot set gray non-stroke color because /'P9' is an invalid float value
Cannot set gray stroke color because /'P9' is an invalid float value
Cannot set gray non-stroke color because /'P9' is an invalid float value
Cannot set gray stroke color because /'P10' is an invalid float value
Cannot set gray non-stroke color because /'P10' is an invalid float value
Cannot set gray stroke color because /'P69' is an invalid float value
Cannot set gray non-stroke color because /'P69' is an invalid float value
Cannot set gray stroke color because /'P70' is an invalid float value
Cannot set gray non-stroke color because /'P70' is an invalid float value
Cannot set gray stroke color because /'P77' is an invalid float value
Cannot set gray non-stroke color because /'P77' is an invalid float value
Cannot set gray stroke color because /'P77' is an invalid float value
Cannot set gray non-stroke color because /'P77' is an invalid float value
Cannot set gray stroke color because /'P101' is an invalid float value
Cannot set gray non-stroke color because /'P101' is an invalid float value
Cannot set gray stroke color because /'P101' is an invalid float value
Cannot set gray non-stroke color because /'P101' is an invalid float value
Could get FontBBox from font descriptor because None cannot be parsed as 4 floats
Could get FontBBox from font descriptor because None cannot be parsed as 4 floats
Could get FontBBox from font descriptor because None cannot be parsed as 4 floats
Could get FontBBox from font descriptor because None cannot be parsed as 4 floats
Could get FontBBox from font descriptor because None cannot be parsed as 4 floats
Could get FontBBox from font descriptor because None cannot be parsed as 4 floats
Could get FontBBox from font descriptor because None cannot be parsed as 4 floats
Could get FontBBox from font descriptor because None cannot be parsed as 4 floats
Could get FontBBox from font descriptor because None cannot be parsed as 4 floats
Could get FontBBox from font descriptor because None cannot be parsed as 4 floats
Could get FontBBox from font descriptor because None cannot be parsed as 4 floats
Could get FontBBox from font descriptor because None cannot be parsed as 4 floats
Could get FontBBox from font descriptor because None cannot be parsed as 4 floats
Could get FontBBox from font descriptor because None cannot be parsed as 4 floats
Could get FontBBox from font descriptor because None cannot be parsed as 4 floats
Could get FontBBox from font descriptor because None cannot be parsed as 4 floats
Cannot set gray stroke color because /'P9' is an invalid float value
Cannot set gray non-stroke color because /'P9' is an invalid float value
Cannot set gray stroke color because /'P10' is an invalid float value
Cannot set gray non-stroke color because /'P10' is an invalid float value
Cannot set gray stroke color because /'P11' is an invalid float value
Cannot set gray non-stroke color because /'P11' is an invalid float value
Cannot set gray stroke color because /'P11' is an invalid float value
Cannot set gray non-stroke color because /'P11' is an invalid float value
Cannot set gray stroke color because /'P9' is an invalid float value
Cannot set gray non-stroke color because /'P9' is an invalid float value
Cannot set gray stroke color because /'P68' is an invalid float value
Cannot set gray non-stroke color because /'P68' is an invalid float value
Cannot set gray stroke color because /'P69' is an invalid float value
Cannot set gray non-stroke color because /'P69' is an invalid float value
Cannot set gray stroke color because /'P78' is an invalid float value
Cannot set gray non-stroke color because /'P78' is an invalid float value
Cannot set gray stroke color because /'P78' is an invalid float value
Cannot set gray non-stroke color because /'P78' is an invalid float value
Cannot set gray stroke color because /'P9' is an invalid float value
Cannot set gray non-stroke color because /'P9' is an invalid float value
Cannot set gray stroke color because /'P101' is an invalid float value
Cannot set gray non-stroke color because /'P101' is an invalid float value
-> Reading CSV: /Users/kevinvera/Documents/GitHub/ReviewMyCoach.com/reviewmycoach/reviewmycoach-python-venv/pdfs-n-csvs/ky/Kentucky Athletics Directory.csv
-> Output PDFs to: /Users/kevinvera/Documents/GitHub/ReviewMyCoach.com/reviewmycoach/reviewmycoach-python-venv/pdfs-n-csvs/ky

Printing completed in 307.9s
Success: 19 | Skipped: 4 | Errors: 0

Resolved URLs used:
- Eastern Kentucky University.pdf: https://ekusports.com/staff-directory?print=true
- University of the Cumberlands.pdf: https://cumberlandspatriots.com/staff-directory?print=true
- University of Kentucky.pdf: https://ukathletics.com/staff-directory?print=true
- Murray State University.pdf: https://goracers.com/staff-directory?print=true
- Alice Lloyd College.pdf: https://alc.edu/athletics?print=true
- Asbury University.pdf: https://asburyeagles.com/staff-directory?print=true
- Northern Kentucky University.pdf: https://nkunorse.com/staff-directory?print=true
- University of Pikeville.pdf: https://upikebears.com/staff-directory?print=true
- Campbellsville University.pdf: https://campbellsvilletigers.com/staff-directory?print=true
- Spalding University.pdf: https://spaldingathletics.com/staff-directory?print=true
- Kentucky State University.pdf: https://ksuthorobreds.com/staff-directory?print=true
- Georgetown College (KY).pdf: https://georgetowncollegeathletics.com/staff-directory?print=true
- Centre College.pdf: https://centrecolonels.com/staff-directory?print=true
- Thomas More University (reclassifying).pdf: https://thomasmoresaints.com/staff-directory?print=true
- Transylvania University.pdf: https://transysports.com/staff-directory?print=true
- Midway University.pdf: https://gomidwayeagles.com/staff-directory?print=true
- University of Louisville.pdf: https://gocards.com/staff-directory/print
- Western Kentucky University.pdf: https://wkusports.com/staff-directory/print
- Union College (KY).pdf: https://gounionbulldogs.com/staff-directory/index

Skipped:
- https://bereemountaineers.com/staff-directory -> Navigation failed: Page.goto: net::ERR_NAME_NOT_RESOLVED at https://bereemountaineers.com/staff-directory/index
Call log:
  - navigating to "https://bereemountaineers.com/staff-directory/index", waiting until "networkidle"
 (tried: https://bereemountaineers.com/staff-directory?print=true, https://bereemountaineers.com/staff-directory/print, https://bereemountaineers.com/staff-directory, https://bereemountaineers.com/staff-directory/index?print=true, https://bereemountaineers.com/staff-directory/index/print, https://bereemountaineers.com/staff-directory/index)
- https://bellarminesports.com/staff-directory -> Navigation failed: Page.goto: net::ERR_NAME_NOT_RESOLVED at https://bellarminesports.com/staff-directory/index
Call log:
  - navigating to "https://bellarminesports.com/staff-directory/index", waiting until "networkidle"
 (tried: https://bellarminesports.com/staff-directory?print=true, https://bellarminesports.com/staff-directory/print, https://bellarminesports.com/staff-directory, https://bellarminesports.com/staff-directory/index?print=true, https://bellarminesports.com/staff-directory/index/print, https://bellarminesports.com/staff-directory/index)
- https://kcuathletics.com/staff-directory -> Navigation failed: Page.goto: net::ERR_NAME_NOT_RESOLVED at https://kcuathletics.com/staff-directory/index
Call log:
  - navigating to "https://kcuathletics.com/staff-directory/index", waiting until "networkidle"
 (tried: https://kcuathletics.com/staff-directory?print=true, https://kcuathletics.com/staff-directory/print, https://kcuathletics.com/staff-directory, https://kcuathletics.com/staff-directory/index?print=true, https://kcuathletics.com/staff-directory/index/print, https://kcuathletics.com/staff-directory/index)
- https://lwcsports.com/staff-directory -> Navigation failed: Page.goto: net::ERR_NAME_NOT_RESOLVED at https://lwcsports.com/staff-directory/index
Call log:
  - navigating to "https://lwcsports.com/staff-directory/index", waiting until "networkidle"
 (tried: https://lwcsports.com/staff-directory?print=true, https://lwcsports.com/staff-directory/print, https://lwcsports.com/staff-directory, https://lwcsports.com/staff-directory/index?print=true, https://lwcsports.com/staff-directory/index/print, https://lwcsports.com/staff-directory/index)

Parsing printed PDFs and preparing upload entries...
âœ” Total coach entries prepared: 410
âœ” Created unclaimed coach profile: Tierney Flaherty (tierney.flaherty@eku.edu) â†’ coaches/tierney.flaherty
âœ” Created unclaimed coach profile: Jan Weisberg (jan.weisberg@eku.edu) â†’ coaches/jan.weisberg
âœ” Created unclaimed coach profile: Logan Salow (logan.salow@eku.edu) â†’ coaches/logan.salow
âœ” Created unclaimed coach profile: Troy Squires (troy.squires@eku.edu) â†’ coaches/troy.squires
âœ” Created unclaimed coach profile: Andrew Stepp (andrew.stepp@eku.edu) â†’ coaches/andrew.stepp
âœ” Created unclaimed coach profile: A.W. Hamilton (aw.hamilton@eku.edu) â†’ coaches/aw.hamilton
âœ” Created unclaimed coach profile: AJ Clark (alvin.clark@eku.edu) â†’ coaches/alvin.clark
âœ” Created unclaimed coach profile: Ron Jirsa (ron.jirsa@eku.edu) â†’ coaches/ron.jirsa
âœ” Created unclaimed coach profile: Steve Lepore (steve.lepore@eku.edu) â†’ coaches/steve.lepore
âœ” Created unclaimed coach profile: Jake Lorbach (jacob.lorbach@eku.edu) â†’ coaches/jacob.lorbach
âœ” Created unclaimed coach profile: Greg Todd (greg.todd@eku.edu) â†’ coaches/greg.todd
âœ” Created unclaimed coach profile: Chad Gibney (chad.gibney@eku.edu) â†’ coaches/chad.gibney
âœ” Created unclaimed coach profile: Brie Wajer (gabrielle.wajer@eku.edu) â†’ coaches/gabrielle.wajer
âœ” Created unclaimed coach profile: Ashleigh Fox (ashleigh.fox@eku.edu) â†’ coaches/ashleigh.fox
âœ” Created unclaimed coach profile: Jeff Patton (jeffrey.patton@eku.edu) â†’ coaches/jeffrey.patton
âœ” Created unclaimed coach profile: Jake Johnson (jacob.johnson@eku.edu) â†’ coaches/jacob.johnson
âœ” Created unclaimed coach profile: Andy Richman (andrew.richman@eku.edu) â†’ coaches/andrew.richman
âœ” Created unclaimed coach profile: Caleb Cox (caleb.cox@eku.edu) â†’ coaches/caleb.cox
âœ” Created unclaimed coach profile: Derek Day (derek.day@eku.edu) â†’ coaches/derek.day
âœ” Created unclaimed coach profile: Mike Dietzel (mike.dietzel@eku.edu) â†’ coaches/mike.dietzel
âœ” Created unclaimed coach profile: Eric Ravellette (eric.ravellette@eku.edu) â†’ coaches/eric.ravellette
âœ” Created unclaimed coach profile: Maxwell Smith (maxwell.smith@eku.edu) â†’ coaches/maxwell.smith
âœ” Created unclaimed coach profile: Rashad Watson (rashad.watson@eku.edu) â†’ coaches/rashad.watson
âœ” Created unclaimed coach profile: Josh McClurg (josh.mcclurg@eku.edu) â†’ coaches/josh.mcclurg
âœ” Created unclaimed coach profile: Isaac McClain (isaac.mcclain@eku.edu) â†’ coaches/isaac.mcclain
âœ” Created unclaimed coach profile: Dayton LeBlanc (dayton.leblanc@eku.edu) â†’ coaches/dayton.leblanc
âœ” Created unclaimed coach profile: Ryan Jackson (ryan.jackson@eku.edu) â†’ coaches/ryan.jackson
âœ” Created unclaimed coach profile: Alex Cline (alex.cline@eku.edu) â†’ coaches/alex.cline
âœ” Created unclaimed coach profile: Pat Stephens (pat.stephens@eku.edu) â†’ coaches/pat.stephens
âœ” Created unclaimed coach profile: Noah Combs (Noah.Combs@eku.edu) â†’ coaches/Noah.Combs
ðŸ”„ Updating unclaimed profile for amanda.moore@eku.edu
âœ” Updated unclaimed coach profile: Mandy Moore (amanda.moore@eku.edu) â†’ coaches/amanda.moore
âœ” Created unclaimed coach profile: Evan Cox (evan.cox@eku.edu) â†’ coaches/evan.cox
âœ” Created unclaimed coach profile: Matt Cosinuke (matthew.cosinuke@eku.edu) â†’ coaches/matthew.cosinuke
âœ” Created unclaimed coach profile: Darus Ward (darus.ward@eku.edu) â†’ coaches/darus.ward
âœ” Created unclaimed coach profile: Tatum Tremain (tatum.tremain@eku.edu) â†’ coaches/tatum.tremain
âœ” Created unclaimed coach profile: Jane Worthington (jane.worthington@eku.edu) â†’ coaches/jane.worthington
âœ” Created unclaimed coach profile: Zoe Schafer (zoe.schafer@eku.edu) â†’ coaches/zoe.schafer
âœ” Created unclaimed coach profile: Mollie Paulick (mollie.paulick@eku.edu) â†’ coaches/mollie.paulick
âœ” Created unclaimed coach profile: Sammi Miller (Samantha.miller@eku.edu) â†’ coaches/Samantha.miller
âœ” Created unclaimed coach profile: Chelsea Hamilton (chelsea.hamilton@eku.edu) â†’ coaches/chelsea.hamilton
âœ” Created unclaimed coach profile: Jenna Beckham (jenna.beckham@eku.edu) â†’ coaches/jenna.beckham
âœ” Created unclaimed coach profile: Kiara Powell (kiara.powell@eku.edu) â†’ coaches/kiara.powell
ðŸ”„ Updating unclaimed profile for adam.cohen@eku.edu
âœ” Updated unclaimed coach profile: Adam Cohen (adam.cohen@eku.edu) â†’ coaches/adam.cohen
âœ” Created unclaimed coach profile: Noel Maurin (hans.maurin@eku.edu) â†’ coaches/hans.maurin
âœ” Created unclaimed coach profile: Cory Erdmann (cory.erdmann@eku.edu) â†’ coaches/cory.erdmann
âœ” Created unclaimed coach profile: Rick Erdmann (rick.erdmann@eku.edu) â†’ coaches/rick.erdmann
âœ” Created unclaimed coach profile: Mia Forster (mia.forster@eku.edu) â†’ coaches/mia.forster
âœ” Created unclaimed coach profile: Johnna Bazzani (johnna.bazzani@eku.edu) â†’ coaches/johnna.bazzani
âœ” Created unclaimed coach profile: Kendall Murr (kendall.murr@eku.edu) â†’ coaches/kendall.murr
âœ” Created unclaimed coach profile: Macy Reihing (macy.reihing@eku.edu) â†’ coaches/macy.reihing
âœ” Created unclaimed coach profile: Ashllyn King (ashllyn.king@eku.edu) â†’ coaches/ashllyn.king
âœ” Created unclaimed coach profile: Kelly Buikus (kelly.buikus@ucumberlands.edu) â†’ coaches/kelly.buikus
âœ” Created unclaimed coach profile: Brad Shelton (brad.shelton@ucumberlands.edu) â†’ coaches/brad.shelton
âœ” Created unclaimed coach profile: Kris Strebeck (kris.strebeck@ucumberlands.edu) â†’ coaches/kris.strebeck
âœ” Created unclaimed coach profile: Caleb Kirby (caleb.kirby@ucumberlands.edu) â†’ coaches/caleb.kirby
âœ” Created unclaimed coach profile: Jared Martin (jared.martin@ucumberlands.edu) â†’ coaches/jared.martin
âœ” Created unclaimed coach profile: Jordan Doole (jdoole29473@ucumberlands.edu) â†’ coaches/jdoole29473
âœ” Created unclaimed coach profile: Matt Daniel (matthew.daniel@ucumberlands.edu) â†’ coaches/matthew.daniel
âœ” Created unclaimed coach profile: Kyle Bush (kyle.bush@ucumberlands.edu) â†’ coaches/kyle.bush
âœ” Created unclaimed coach profile: Steven Silvers (steven.silvers@ucumberlands.edu) â†’ coaches/steven.silvers
âœ” Created unclaimed coach profile: Harris Hawkins (hhawkins29067@ucumberlands.edu) â†’ coaches/hhawkins29067
âœ” Created unclaimed coach profile: Rick Reeves (rick.reeves@ucumberlands.edu) â†’ coaches/rick.reeves
âœ” Created unclaimed coach profile: Krystal Evans (krystal.evans@ucumberlands.edu) â†’ coaches/krystal.evans
âœ” Created unclaimed coach profile: Kevin Reigle (kevin.reigle@ucumberlands.edu) â†’ coaches/kevin.reigle
âœ” Created unclaimed coach profile: RJ Conroy (robert.conroy@ucumberlands.edu) â†’ coaches/robert.conroy
âœ” Created unclaimed coach profile: Bradley Sowder (bradley.sowder@ucumberlands.edu) â†’ coaches/bradley.sowder
âœ” Created unclaimed coach profile: James Overholser (james.overholser@ucumberlands.edu) â†’ coaches/james.overholser
âœ” Created unclaimed coach profile: Jacob Ball (jacob.ball@ucumberlands.edu) â†’ coaches/jacob.ball
âœ” Created unclaimed coach profile: Shan Housekeeper (shan.housekeeper@ucumberlands.edu) â†’ coaches/shan.housekeeper
âœ” Created unclaimed coach profile: Tyson Beacham (montgomery.beacham@ucumberlands.edu) â†’ coaches/montgomery.beacham
âœ” Created unclaimed coach profile: Jaelon Benjamin (jaelon.benjamin@ucumberlands.edu) â†’ coaches/jaelon.benjamin
âœ” Created unclaimed coach profile: Will Orbin (william.orbin@ucumberlands.edu) â†’ coaches/william.orbin
âœ” Created unclaimed coach profile: Dan Sutton (dan.sutton@ucumberlands.edu) â†’ coaches/dan.sutton
âœ” Created unclaimed coach profile: Aaron Watkins (aaron.watkins@ucumberlands.edu) â†’ coaches/aaron.watkins
âœ” Created unclaimed coach profile: Kody Swann (Kody.swann@ucumberlands.edu) â†’ coaches/Kody.swann
âœ” Created unclaimed coach profile: Chace Witherow (chace.witherow@ucumberlands.edu) â†’ coaches/chace.witherow
âœ” Created unclaimed coach profile: Bella Ricchiazzi (bella.ricchiazzi@ucumberlands.edu) â†’ coaches/bella.ricchiazzi
âœ” Created unclaimed coach profile: Paulo Neto (paulo.neto@ucumberlands.edu) â†’ coaches/paulo.neto
âœ” Created unclaimed coach profile: Jack Smith (jack.smith@ucumberlands.edu) â†’ coaches/jack.smith
âœ” Created unclaimed coach profile: Wyatt Durbin (wdurbin30208@ucumberlands.edu) â†’ coaches/wdurbin30208
âœ” Created unclaimed coach profile: Steve Hamilton (stephen.hamilton@ucumberlands.edu) â†’ coaches/stephen.hamilton
âœ” Created unclaimed coach profile: Jeremy "Red" (red.boldt@ucumberlands.edu) â†’ coaches/red.boldt
âœ” Created unclaimed coach profile: Bruce Lenington (bruce.lenington@ucumberlands.edu) â†’ coaches/bruce.lenington
âœ” Created unclaimed coach profile: Gilbert Alvarado (galvarado44087@ucumberlands.edu) â†’ coaches/galvarado44087
âœ” Created unclaimed coach profile: Eric Skelly (eric.skelly@ucumberlands.edu) â†’ coaches/eric.skelly
âœ” Created unclaimed coach profile: Jawone "DD" (dd.blankenship@ucumberlands.edu) â†’ coaches/dd.blankenship
âœ” Created unclaimed coach profile: Karolina Bidnik (kbidnik41265@ucumberlands.edu) â†’ coaches/kbidnik41265
âœ” Created unclaimed coach profile: Chin Tan (chin.tan@ucumberlands.edu) â†’ coaches/chin.tan
âœ” Created unclaimed coach profile: Derek White (Derek.White@ucumberlands.edu) â†’ coaches/Derek.White
âœ” Created unclaimed coach profile: Cody Durbin (cody.durbin@ucumberlands.edu) â†’ coaches/cody.durbin
âœ” Created unclaimed coach profile: Kathryn Park (kathryn.park@ucumberlands.edu) â†’ coaches/kathryn.park
âœ” Created unclaimed coach profile: Jung Park (jung.park@ucumberlands.edu) â†’ coaches/jung.park
âœ” Created unclaimed coach profile: Corey Ruff (corey.ruff@ucumberlands.edu) â†’ coaches/corey.ruff
âœ” Created unclaimed coach profile: Jeff Reimel (jeff.reimel@ucumberlands.edu) â†’ coaches/jeff.reimel
âœ” Created unclaimed coach profile: Sarah Allen (sarah.allen@ucumberlands.edu) â†’ coaches/sarah.allen
âœ” Created unclaimed coach profile: Jaky Esquivel (jesquivel4107@ucumberlands.edu) â†’ coaches/jesquivel4107
âœ” Created unclaimed coach profile: Head Strength (csullivan23@murraystate.edu) â†’ coaches/csullivan23
âœ” Created unclaimed coach profile: Head Strength (jmedler@murraystate.edu) â†’ coaches/jmedler
âœ” Created unclaimed coach profile: Strength & (mlaishley@murraystate.edu) â†’ coaches/mlaishley
âœ” Created unclaimed coach profile: Head Coach (msu.baseball@murraystate.edu) â†’ coaches/msu.baseball
âœ” Created unclaimed coach profile: Assistant Coach (sadkins6@murraystate.edu) â†’ coaches/sadkins6
âœ” Created unclaimed coach profile: Associate Head (bmullins11@murraystate.edu) â†’ coaches/bmullins11
âœ” Created unclaimed coach profile: Head Coach (rturner2@murraystate.edu) â†’ coaches/rturner2
âœ” Created unclaimed coach profile: Assistant Coach (mevans8@murraystate.edu) â†’ coaches/mevans8
âœ” Created unclaimed coach profile: Associate Head (wfoust2@murraystate.edu) â†’ coaches/wfoust2
âœ” Created unclaimed coach profile: Assistant Coach (kkleifgen@murraystate.edu) â†’ coaches/kkleifgen
âœ” Created unclaimed coach profile: Assistant Coach (ntucker6@murraystate.edu) â†’ coaches/ntucker6
âœ” Created unclaimed coach profile: Assistant Coach (kriggins1@murraystate.edu) â†’ coaches/kriggins1
âœ” Created unclaimed coach profile: Assistant Coach (jjohnston22@murraystate.edu) â†’ coaches/jjohnston22
âœ” Created unclaimed coach profile: Head Coach (jmiller134@murraystate.edu) â†’ coaches/jmiller134
âœ” Created unclaimed coach profile: Head Coach (pnelson5@murraystate.edu) â†’ coaches/pnelson5
âœ” Created unclaimed coach profile: Head Coach (clollar@murraystate.edu) â†’ coaches/clollar
âœ” Created unclaimed coach profile: Head Coach (kamundson@murraystate.edu) â†’ coaches/kamundson
âœ” Created unclaimed coach profile: Assistant Coach (agilland@murraystate.edu) â†’ coaches/agilland
âœ” Created unclaimed coach profile: Head Coach (mlodge@murraystate.edu) â†’ coaches/mlodge
âœ” Created unclaimed coach profile: Assistant Coach (bwilson54@murraystate.edu) â†’ coaches/bwilson54
âœ” Created unclaimed coach profile: Head Coach (jcaetano@murraystate.edu) â†’ coaches/jcaetano
âœ” Created unclaimed coach profile: Head Coach (david.schwepker@murraystate.edu) â†’ coaches/david.schwepker
âœ” Created unclaimed coach profile: Manny Cervantes (manny.cervantes@asbury.edu) â†’ coaches/manny.cervantes | Phone: (859) 858-3511
âœ” Created unclaimed coach profile: Wynn Harris (winston.harris@asbury.edu) â†’ coaches/winston.harris
âœ” Created unclaimed coach profile: Jackson Cole (jackson.cole@asbury.edu) â†’ coaches/jackson.cole
âœ” Created unclaimed coach profile: Kaden Dugle (kaden.dugle@asbury.edu) â†’ coaches/kaden.dugle
âœ” Created unclaimed coach profile: Will Shouse (will.shouse@asbury.edu) â†’ coaches/will.shouse | Phone: (859) 858-3511
âœ” Created unclaimed coach profile: Russ Abner (russell.abner@asbury.edu) â†’ coaches/russell.abner | Phone: (859) 858-3511
âœ” Created unclaimed coach profile: Jim Freeman (james.freeman@asbury.edu) â†’ coaches/james.freeman
âœ” Created unclaimed coach profile: Blaine May (blainemay22@gmail.com) â†’ coaches/blainemay22
âœ” Created unclaimed coach profile: Chad Mayes (michael.mayes@asbury.edu) â†’ coaches/michael.mayes | Phone: (859) 858-3511
âœ” Created unclaimed coach profile: Katie Wall (katie.wall@asbury.edu) â†’ coaches/katie.wall
âœ” Created unclaimed coach profile: Tyanne Whitworth (tyanne@me.com) â†’ coaches/tyanne
âœ” Created unclaimed coach profile: Randy Crist (randy.crist@asbury.edu) â†’ coaches/randy.crist | Phone: (859) 858-3511
âœ” Created unclaimed coach profile: Brooke Stickel (brooke.stickel@asbury.edu) â†’ coaches/brooke.stickel | Phone: (740) 974-4948
âœ” Created unclaimed coach profile: Grace Raison (sarah.raison@asbury.edu) â†’ coaches/sarah.raison
âœ” Created unclaimed coach profile: Wes Preston (wesley.preston@asbury.edu) â†’ coaches/wesley.preston
âœ” Created unclaimed coach profile: Joe Crouse (Joseph.Crouse@asbury.edu) â†’ coaches/Joseph.Crouse
âœ” Created unclaimed coach profile: Garrett Sturges (garrett.sturges@asbury.edu) â†’ coaches/garrett.sturges
âœ” Created unclaimed coach profile: Ben Andrews (benjamin.andrews@asbury.edu) â†’ coaches/benjamin.andrews | Phone: (859) 858-3511
âœ” Created unclaimed coach profile: John Greer (john.greer@asbury.edu) â†’ coaches/john.greer
âœ” Created unclaimed coach profile: Noah Welch (noah.welch@asbury.edu) â†’ coaches/noah.welch | Phone: (859) 858-3511
âœ” Created unclaimed coach profile: Zach Welch (zachary.welch@asbury.edu) â†’ coaches/zachary.welch | Phone: (859) 858-3511
âœ” Created unclaimed coach profile: Steve Fugmann (steven.fugmann@asbury.edu) â†’ coaches/steven.fugmann
âœ” Created unclaimed coach profile: Stanton Smith (coachssmith1744@gmail.com) â†’ coaches/coachssmith1744
âœ” Created unclaimed coach profile: Ally Moore (allyson.moore@asbury.edu) â†’ coaches/allyson.moore
âœ” Created unclaimed coach profile: Jenn Sarver (jennifer.sarver@asbury.edu) â†’ coaches/jennifer.sarver
âœ” Created unclaimed coach profile: Taylor Enlow (taylor.enlow@asbury.edu) â†’ coaches/taylor.enlow
âœ” Created unclaimed coach profile: Graham Duncan (graham.duncan@asbury.edu) â†’ coaches/graham.duncan | Phone: (859) 858-3511
âœ” Created unclaimed coach profile: Kane Price (travis.price@asbury.edu) â†’ coaches/travis.price
âœ” Created unclaimed coach profile: Jarred Miller (jarred.miller@asbury.edu) â†’ coaches/jarred.miller | Phone: (859) 858-3511
âœ” Created unclaimed coach profile: Greg Hazlett (Gregory.hazlett@asbury.edu) â†’ coaches/Gregory.hazlett
âœ” Created unclaimed coach profile: Tiffany Horton (tiffany.horton@asbury.edu) â†’ coaches/tiffany.horton | Phone: (859) 858-3511
âœ” Created unclaimed coach profile: Hanna Hostetler (hostetler@yahoo.com) â†’ coaches/hostetler
âœ” Created unclaimed coach profile: Zeke Friedeman (Zeke.friedeman@gmail.com) â†’ coaches/Zeke.friedeman
âœ” Created unclaimed coach profile: Maggie Smith (smithm17@nku.edu) â†’ coaches/smithm17
âœ” Created unclaimed coach profile: Dizzy Peyton (nkubaseball@nku.edu) â†’ coaches/nkubaseball
âœ” Created unclaimed coach profile: Simon McCormack (mccormacks1@nku.edu) â†’ coaches/mccormacks1
âœ” Created unclaimed coach profile: David Harris (harrisd21@nku.edu) â†’ coaches/harrisd21
âœ” Created unclaimed coach profile: R.J. Evans (evansr11@nku.edu) â†’ coaches/evansr11
âœ” Created unclaimed coach profile: Ryan Peterson (petersonr4@nku.edu) â†’ coaches/petersonr4
âœ” Created unclaimed coach profile: Molly Bateman (batemanm2@nku.edu) â†’ coaches/batemanm2
âœ” Created unclaimed coach profile: Gabby Johnson (johnsong6@nku.edu) â†’ coaches/johnsong6
âœ” Created unclaimed coach profile: Brenden Stowers (stowersb@nku.edu) â†’ coaches/stowersb
âœ” Created unclaimed coach profile: Steve Kruse (kruses@nku.edu) â†’ coaches/kruses
âœ” Created unclaimed coach profile: Paul Longano (longanot1@nku.edu) â†’ coaches/longanot1
âœ” Created unclaimed coach profile: Pamilla (P.J.) (ballp1@nku.edu) â†’ coaches/ballp1
âœ” Created unclaimed coach profile: Brooks Rexroat (rexroatb3@nku.edu) â†’ coaches/rexroatb3
âœ” Created unclaimed coach profile: Brooks Doughtie (doughtieb1@nku.edu) â†’ coaches/doughtieb1
âœ” Created unclaimed coach profile: David Shearer (shearerd@nku.edu) â†’ coaches/shearerd
âœ” Created unclaimed coach profile: Melissa Yeazell (yeazellm2@nku.edu) â†’ coaches/yeazellm2
âœ” Created unclaimed coach profile: Tom Poitras (poitrast1@nku.edu) â†’ coaches/poitrast1
âœ” Created unclaimed coach profile: Robby Frye (fryer3@nku.edu) â†’ coaches/fryer3
âœ” Created unclaimed coach profile: Sergi Martinez (martinezs7@nku.edu) â†’ coaches/martinezs7
âœ” Created unclaimed coach profile: Bob Sheehan (sheehanr@nku.edu) â†’ coaches/sheehanr
âœ” Created unclaimed coach profile: Morgan Gerak (gerakm4@nku.edu) â†’ coaches/gerakm4
âœ” Created unclaimed coach profile: Maddie Lacer (lacerm1@nku.edu) â†’ coaches/lacerm1
âœ” Created unclaimed coach profile: Shayla Myles-Aaron (myless@nku.edu) â†’ coaches/myless
âœ” Created unclaimed coach profile: Brian Nester (nesterb1@nku.edu) â†’ coaches/nesterb1
âœ” Created unclaimed coach profile: Brandon Ponomarew (ponomarewb2@nku.edu) â†’ coaches/ponomarewb2
âœ” Created unclaimed coach profile: Jim Palilonis (palilonisj1@nku.edu) â†’ coaches/palilonisj1
âœ” Created unclaimed coach profile: Jordan Little (littlej11@nku.edu) â†’ coaches/littlej11
âœ” Created unclaimed coach profile: Liz Hart (harte5@nku.edu) â†’ coaches/harte5
âœ” Created unclaimed coach profile: Jake Neiheisel (neiheiselj2@nku.edu) â†’ coaches/neiheiselj2
âœ” Created unclaimed coach profile: Miranda Wucherer (Wuchererm1@nku.edu) â†’ coaches/Wuchererm1
âœ” Created unclaimed coach profile: Kevin Woodhull-Smith (woodhullsk1@nku.edu) â†’ coaches/woodhullsk1
âœ” Created unclaimed coach profile: Tatum Detwiler (detwilert1@nku.edu) â†’ coaches/detwilert1
âœ” Created unclaimed coach profile: Ginger High (ggcolvin@campbellsville.edu) â†’ coaches/ggcolvin
âœ” Created unclaimed coach profile: Beauford Sanders (bwsanders@campbellsville.edu) â†’ coaches/bwsanders
âœ” Created unclaimed coach profile: Paul Eastridge (paeastridge@campbellsville.edu) â†’ coaches/paeastridge
âœ” Created unclaimed coach profile: Shawn Canada (secanada@campbellsville.edu) â†’ coaches/secanada
âœ” Created unclaimed coach profile: Randy LeBleu (rnlebleu@campbellsville.edu) â†’ coaches/rnlebleu
âœ” Created unclaimed coach profile: Kasey Guinty (kgguinty@campbellsville.edu) â†’ coaches/kgguinty
âœ” Created unclaimed coach profile: Tony Miracle (gmiracle@campbellsville.edu) â†’ coaches/gmiracle
âœ” Created unclaimed coach profile: Brent Vernon (bmvernon@campbellsville.edu) â†’ coaches/bmvernon
âœ” Created unclaimed coach profile: Mark Vernon (mavernon@campbellsville.edu) â†’ coaches/mavernon
âœ” Created unclaimed coach profile: Austin Sparrow (acsparrow@campbellsville.edu) â†’ coaches/acsparrow
âœ” Created unclaimed coach profile: Miranda Denney (mrdenney@campbellsville.edu) â†’ coaches/mrdenney
âœ” Created unclaimed coach profile: Brandon Lakes (bslakes@campbellsville.edu) â†’ coaches/bslakes
âœ” Created unclaimed coach profile: April Higdon (adhigdon@campbellsville.edu) â†’ coaches/adhigdon
âœ” Created unclaimed coach profile: Laura Day (llday@campbellsville.edu) â†’ coaches/llday
âœ” Created unclaimed coach profile: Chase Bulten (cbulten@campbellsville.edu) â†’ coaches/cbulten
âœ” Created unclaimed coach profile: CJ Moritz (crmoritz@campbellsville.edu) â†’ coaches/crmoritz
âœ” Created unclaimed coach profile: Spencer McCown (psmccown@campbellsville.edu) â†’ coaches/psmccown
âœ” Created unclaimed coach profile: Jake Russell (jfrussell@campbellsville.edu) â†’ coaches/jfrussell
âœ” Created unclaimed coach profile: Hunter Brown (thbrown@campbellsville.edu) â†’ coaches/thbrown
âœ” Created unclaimed coach profile: Matt Atwood (tmatwood@campbellsville.edu) â†’ coaches/tmatwood
âœ” Created unclaimed coach profile: Ryan Beatty (rjbeatty@campbellsville.edu) â†’ coaches/rjbeatty
âœ” Created unclaimed coach profile: Jody Ford (jaford@campbellsville.edu) â†’ coaches/jaford
âœ” Created unclaimed coach profile: Jeff Owens (joowens@campbellsville.edu) â†’ coaches/joowens
âœ” Created unclaimed coach profile: Chris Lane (cdlane@campbellsville.edu) â†’ coaches/cdlane
âœ” Created unclaimed coach profile: Robbie Gribbins (RobbieGribbins@yahoo.com) â†’ coaches/RobbieGribbins
âœ” Created unclaimed coach profile: Rick Davis (rddavis@campbellsville.edu) â†’ coaches/rddavis
âœ” Created unclaimed coach profile: Drew Sin (dwsin@campbellsville.edu) â†’ coaches/dwsin
âœ” Created unclaimed coach profile: James Clements (jbclements@campbellsville.edu) â†’ coaches/jbclements
âœ” Created unclaimed coach profile: Trey Henderson (gihenderson@campbellsville.edu) â†’ coaches/gihenderson
âœ” Created unclaimed coach profile: Shannon Wathen (slwathen@campbellsville.edu) â†’ coaches/slwathen
âœ” Created unclaimed coach profile: Kim Borders (kborders@campbellsville.edu) â†’ coaches/kborders
âœ” Created unclaimed coach profile: Bryce White (bdwhite@campbellsville.edu) â†’ coaches/bdwhite
âœ” Created unclaimed coach profile: BeLinda Creech (bscree765@students.campbellsville.edu) â†’ coaches/bscree765
âœ” Created unclaimed coach profile: Anna Brown (abrown@campbellsville.edu) â†’ coaches/abrown
âœ” Created unclaimed coach profile: Ranard Adkison (radkison@campbellsville.edu) â†’ coaches/radkison
ðŸ”„ Updating unclaimed profile for aalvarez@campbellsville.edu
âœ” Updated unclaimed coach profile: Alfonso Alvarez (aalvarez@campbellsville.edu) â†’ coaches/aalvarez
âœ” Created unclaimed coach profile: Peyton Johnston (pjohnston@campbellsville.edu) â†’ coaches/pjohnston
âœ” Created unclaimed coach profile: Camryn Rich (crich@campbellsville.edu) â†’ coaches/crich
âœ” Created unclaimed coach profile: Tess Perdue (clperdue@campbellsville.edu) â†’ coaches/clperdue
âœ” Created unclaimed coach profile: Jacob Murton (jdmurton@campbellsville.edu) â†’ coaches/jdmurton
âœ” Created unclaimed coach profile: Michael Diemer (mwdiemer@campbellsville.edu) â†’ coaches/mwdiemer
âœ” Created unclaimed coach profile: Lee Miracle (rlmiracle@campbellsville.edu) â†’ coaches/rlmiracle
âœ” Created unclaimed coach profile: McKayla Campbell (macampbell@campbellsville.edu) â†’ coaches/macampbell
âœ” Created unclaimed coach profile: Shannon Witzel (switzel@spalding.edu) â†’ coaches/switzel
âœ” Created unclaimed coach profile: Taryn Glass (tglass03@spalding.edu) â†’ coaches/tglass03
âœ” Created unclaimed coach profile: Matt Downs (mdowns03@spalding.edu) â†’ coaches/mdowns03
âœ” Created unclaimed coach profile: Micah Saltzberg (msaltzberg@spalding.edu) â†’ coaches/msaltzberg
âœ” Created unclaimed coach profile: Kevin Gray (kgray@spalding.edu) â†’ coaches/kgray
âœ” Created unclaimed coach profile: Tim Gray (tgray01@spalding.edu) â†’ coaches/tgray01
ðŸ”„ Updating unclaimed profile for dcarson@spalding.edu
âœ” Updated unclaimed coach profile: Devonte Carson (dcarson@spalding.edu) â†’ coaches/dcarson
âœ” Created unclaimed coach profile: Raven Merriweather (rmerriweather@spalding.edu) â†’ coaches/rmerriweather
âœ” Created unclaimed coach profile: Stephen Gray (sgray02@spalding.edu) â†’ coaches/sgray02
âœ” Created unclaimed coach profile: Crystal Pettigrew (cpettigrew@spalding.edu) â†’ coaches/cpettigrew
âœ” Created unclaimed coach profile: Peter McGowan (pmcgowan@spalding.edu) â†’ coaches/pmcgowan
âœ” Created unclaimed coach profile: Jeff Nelson (jnelson07@spalding.edu) â†’ coaches/jnelson07
âœ” Created unclaimed coach profile: Kurt Ohlen (kohlen@spalding.edu) â†’ coaches/kohlen
âœ” Created unclaimed coach profile: Slater Bender (sbender03@spalding.edu) â†’ coaches/sbender03
âœ” Created unclaimed coach profile: Diana Bruder (dbruder@spalding.edu) â†’ coaches/dbruder
âœ” Created unclaimed coach profile: Darren Yeagle (dyeagle@spalding.edu) â†’ coaches/dyeagle
âœ” Created unclaimed coach profile: Jordan Vejar (jvejar@spalding.edu) â†’ coaches/jvejar
âœ” Created unclaimed coach profile: Emma Dufresne (edufresne@spalding.edu) â†’ coaches/edufresne | Phone: (864) 622-9303
âœ” Created unclaimed coach profile: Bryce Mayden (bmayden@spalding.edu) â†’ coaches/bmayden | Phone: (812) 987-6066
âœ” Created unclaimed coach profile: Art Williams (awilliams@spalding.edu) â†’ coaches/awilliams
âœ” Created unclaimed coach profile: Jennifer Grider (jfranconia@spalding.edu) â†’ coaches/jfranconia
âœ” Created unclaimed coach profile: Eric Garvey (egarvey01@spalding.edu) â†’ coaches/egarvey01
âœ” Created unclaimed coach profile: Janaya Simmons (jsimmons03@spalding.edu) â†’ coaches/jsimmons03
âœ” Created unclaimed coach profile: Trevor Johnson (tjohnson20@spalding.edu) â†’ coaches/tjohnson20
âœ” Created unclaimed coach profile: Eric Street (estreet@spalding.edu) â†’ coaches/estreet
âœ” Created unclaimed coach profile: Rob Henry (robert.henry@kysu.edu) â†’ coaches/robert.henry
âœ” Created unclaimed coach profile: Ramon Johnson (ramon.johnson@kysu.edu) â†’ coaches/ramon.johnson
âœ” Created unclaimed coach profile: Felton Huggins (felton.hugginsjr@kysu.edu) â†’ coaches/felton.hugginsjr
âœ” Created unclaimed coach profile: Lavon Meeks (lavon.meeks@kysu.edu) â†’ coaches/lavon.meeks
âœ” Created unclaimed coach profile: Eli Tibbles (elijah.tibbles@kysu.edu) â†’ coaches/elijah.tibbles
âœ” Created unclaimed coach profile: Terrell Lee (terrell.lee@kysu.edu) â†’ coaches/terrell.lee
âœ” Created unclaimed coach profile: Jamaal Jackson (jamaal.jackson1@kysu.edu) â†’ coaches/jamaal.jackson1
âœ” Created unclaimed coach profile: Shaun Smith (shaun.smith@kysu.edu) â†’ coaches/shaun.smith
âœ” Created unclaimed coach profile: Robert Duff (Robert.Duff1@kysu.edu) â†’ coaches/Robert.Duff1
âœ” Created unclaimed coach profile: David Morton (david.morton@kysu.edu) â†’ coaches/david.morton
âœ” Created unclaimed coach profile: Abby Wall (abby.wall@kysu.edu) â†’ coaches/abby.wall
âœ” Created unclaimed coach profile: Braden Tabor (braden.tabor@centre.edu) â†’ coaches/braden.tabor
âœ” Created unclaimed coach profile: Carter Conley (carter.conley@centre.edu) â†’ coaches/carter.conley | Phone: (859) 238-6039
âœ” Created unclaimed coach profile: Drew Briese (drew.briese@centre.edu) â†’ coaches/drew.briese | Phone: (859) 238-5489
âœ” Created unclaimed coach profile: Taylor Valentine (taylor.valentine@centre.edu) â†’ coaches/taylor.valentine
âœ” Created unclaimed coach profile: Rory Costello (rory.costello@centre.edu) â†’ coaches/rory.costello
âœ” Created unclaimed coach profile: Samantha Alongi (samantha.alongi@centre.edu) â†’ coaches/samantha.alongi
âœ” Created unclaimed coach profile: Grant Lyon (grant.lyon@centre.edu) â†’ coaches/grant.lyon | Phone: (859) 238-8710
âœ” Created unclaimed coach profile: Andy Frye (andy.frye@centre.edu) â†’ coaches/andy.frye | Phone: (859) 238-5496
âœ” Created unclaimed coach profile: Nate Simmons (nate.simmons@centre.edu) â†’ coaches/nate.simmons | Phone: (859)238-5495
âœ” Created unclaimed coach profile: Tom Lachendro (thomas.lachendro@centre.edu) â†’ coaches/thomas.lachendro | Phone: (859)238-8720
âœ” Created unclaimed coach profile: Robert Couch (robert.couch@centre.edu) â†’ coaches/robert.couch | Phone: (859)238-5484
âœ” Created unclaimed coach profile: Parker Lewis (parker.lewis@centre.edu) â†’ coaches/parker.lewis
âœ” Created unclaimed coach profile: Sam Murray (sam.murray@centre.edu) â†’ coaches/sam.murray
âœ” Created unclaimed coach profile: Nick Grant (nick.grant@centre.edu) â†’ coaches/nick.grant
âœ” Created unclaimed coach profile: Mark Peach (mark.peach@centre.edu) â†’ coaches/mark.peach
âœ” Created unclaimed coach profile: Grace Goodbarn (grace.goodbarn@centre.edu) â†’ coaches/grace.goodbarn | Phone: (859) 238-8746
âœ” Created unclaimed coach profile: Meghan Speth (meghan.speth@centre.edu) â†’ coaches/meghan.speth
âœ” Created unclaimed coach profile: Gavin Root (gavin.root@centre.edu) â†’ coaches/gavin.root | Phone: (859)238-5854
âœ” Created unclaimed coach profile: Ben Fuqua (ben.fuqua@centre.edu) â†’ coaches/ben.fuqua
âœ” Created unclaimed coach profile: Phil Havira (phil.havira@centre.edu) â†’ coaches/phil.havira | Phone: (859) 238-5878
âœ” Created unclaimed coach profile: Tyler Covey (tyler.covey@centre.edu) â†’ coaches/tyler.covey
âœ” Created unclaimed coach profile: Chris Shelli (christopher.shelli@centre.edu) â†’ coaches/christopher.shelli
âœ” Created unclaimed coach profile: Jeb Burch (jeb.burch@centre.edu) â†’ coaches/jeb.burch | Phone: (859) 238-5253
âœ” Created unclaimed coach profile: Teddy Kolesnikov (teddy.kolesnikov@centre.edu) â†’ coaches/teddy.kolesnikov
âœ” Created unclaimed coach profile: Rich Benson (richard.benson@centre.edu) â†’ coaches/richard.benson | Phone: (859) 238-5559
âœ” Created unclaimed coach profile: Lisa Owens (lisa.owens@centre.edu) â†’ coaches/lisa.owens | Phone: (859) 238-5494
âœ” Created unclaimed coach profile: Edwin Hagans (edwin.hagans@centre.edu) â†’ coaches/edwin.hagans | Phone: (859) 238-5928
âœ” Created unclaimed coach profile: Jacob Carter (jacob.carter@centre.edu) â†’ coaches/jacob.carter | Phone: (859) 238-5861
âœ” Created unclaimed coach profile: Ernest Mosheleketi (ernest.mosheleketi@centre.edu) â†’ coaches/ernest.mosheleketi | Phone: (859) 238-5857
âœ” Created unclaimed coach profile: Wilson Blakeman (wilson.blakeman@centre.edu) â†’ coaches/wilson.blakeman | Phone: (859) 238-5856
âœ” Created unclaimed coach profile: John Hockersmith (john.hockersmith@centre.edu) â†’ coaches/john.hockersmith
âœ” Created unclaimed coach profile: Jim O'Hare (james.ohare@centre.edu) â†’ coaches/james.ohare
âœ” Created unclaimed coach profile: Laura Villagrana (laura.villagrana@centre.edu) â†’ coaches/laura.villagrana | Phone: (859) 238-5859
âœ” Created unclaimed coach profile: Dean Brownley (dean.brownley@centre.edu) â†’ coaches/dean.brownley | Phone: (859) 238-5540
âœ” Created unclaimed coach profile: Tasha Singleton (natasha.singleton@centre.edu) â†’ coaches/natasha.singleton
âœ” Created unclaimed coach profile: Woody Franklin (woody.franklin@centre.edu) â†’ coaches/woody.franklin
âœ” Created unclaimed coach profile: Megan Zerhusen (megan.zerhusen@centre.edu) â†’ coaches/megan.zerhusen
âœ” Created unclaimed coach profile: Wendie Austin (w.austinrobinson@centre.edu) â†’ coaches/w.austinrobinson | Phone: (859) 238-8756
âœ” Created unclaimed coach profile: Abigail Wehby (abigail.wehby@centre.edu) â†’ coaches/abigail.wehby | Phone: (859) 238-8718
âœ” Created unclaimed coach profile: CheyAnn Knudsen (cheyann.knudsen@centre.edu) â†’ coaches/cheyann.knudsen | Phone: (859) 238-6546
âœ” Created unclaimed coach profile: Carter Hall (carter.hall@centre.edu) â†’ coaches/carter.hall
ðŸ”„ Updating unclaimed profile for hoffman@centre.edu
âœ” Updated unclaimed coach profile: Jay Hoffman (hoffman@centre.edu) â†’ coaches/hoffman | Phone: (859) 238-5554
âœ” Created unclaimed coach profile: JK Gonzalez (jk.gonzalez@centre.edu) â†’ coaches/jk.gonzalez
âœ” Created unclaimed coach profile: Morgan Cook (morgan.cook@centre.edu) â†’ coaches/morgan.cook | Phone: (606)524-2645
âœ” Created unclaimed coach profile: Patrick Robidoux (patrick.robidoux@centre.edu) â†’ coaches/patrick.robidoux | Phone: (859) 238-5475
âœ” Created unclaimed coach profile: Emma White (emma.white@centre.edu) â†’ coaches/emma.white
âœ” Created unclaimed coach profile: Lindsay Eagan (lindsay.eagan@thomasmore.edu) â†’ coaches/lindsay.eagan | Phone: (859) 344-3628
âœ” Created unclaimed coach profile: Cole Shaffer (shafferc@thomasmore.edu) â†’ coaches/shafferc | Phone: (859) 344-3673
âœ” Created unclaimed coach profile: Brennen Hunt (huntb@thomasmore.edu) â†’ coaches/huntb
âœ” Created unclaimed coach profile: Justin Ray (rayj@thomasmore.edu) â†’ coaches/rayj | Phone: (859) 344-3630
âœ” Created unclaimed coach profile: Spencer Berlekamp (berleks@thomasmore.edu) â†’ coaches/berleks | Phone: (859) 344-3395
âœ” Created unclaimed coach profile: Adam Goetz (goetza@thomasmore.edu) â†’ coaches/goetza
âœ” Created unclaimed coach profile: Brian Neal (nealb@thomasmore.edu) â†’ coaches/nealb | Phone: (859) 344-3336
âœ” Created unclaimed coach profile: Jillian Miller (millerj2@thomasmore.edu) â†’ coaches/millerj2
âœ” Created unclaimed coach profile: Ronnie Griffin (griffinr@thomasmore.edu) â†’ coaches/griffinr | Phone: (859) 344-3448
âœ” Created unclaimed coach profile: Justin Bryant (bryantj@thomasmore.edu) â†’ coaches/bryantj | Phone: (859) 344-3553
âœ” Created unclaimed coach profile: Phil Amstutz (amstutzp@thomasmore.edu) â†’ coaches/amstutzp
âœ” Created unclaimed coach profile: Collin Strasburger (strasburgc@thomasmore.edu) â†’ coaches/strasburgc
âœ” Created unclaimed coach profile: Kara Thompson (thompsk@thomasmore.edu) â†’ coaches/thompsk | Phone: (859) 344-3536
âœ” Created unclaimed coach profile: Chris Norwell (norwelc@thomasmore.edu) â†’ coaches/norwelc | Phone: (859) 344-3516
âœ” Created unclaimed coach profile: Tim Zeis (zeist@thomasmore.edu) â†’ coaches/zeist
âœ” Created unclaimed coach profile: Jack Schaub (schaubj@thomasmore.edu) â†’ coaches/schaubj
âœ” Created unclaimed coach profile: Derek Burnett (burnettd@thomasmore.edu) â†’ coaches/burnettd | Phone: (859) 344-3560
âœ” Created unclaimed coach profile: Josh Elfers (elfersj@thomasmore.edu) â†’ coaches/elfersj
âœ” Created unclaimed coach profile: Dillon Costello (costellod@thomasmore.edu) â†’ coaches/costellod | Phone: 344-3377
âœ” Created unclaimed coach profile: Sebastian Sims (Shsims01@thomasmore.edu) â†’ coaches/Shsims01 | Phone: (859) 344-4045
âœ” Created unclaimed coach profile: Sean McGinnis (mcginns@thomasmore.edu) â†’ coaches/mcginns | Phone: (859) 344-3523
âœ” Created unclaimed coach profile: Pat Thatcher (thatchp@thomasmore.edu) â†’ coaches/thatchp | Phone: (859) 344-3511
âœ” Created unclaimed coach profile: John Fox (foxj@thomasmore.edu) â†’ coaches/foxj | Phone: (859) 344-3536
âœ” Created unclaimed coach profile: Corey Momsen (momsenc@thomasmore.edu) â†’ coaches/momsenc
âœ” Created unclaimed coach profile: Luis Gonzalez-Garcia (gonzall@thomasmore.edu) â†’ coaches/gonzall
âœ” Created unclaimed coach profile: Matias Caramuti (mcaram54@thomasmore.edu) â†’ coaches/mcaram54
âœ” Created unclaimed coach profile: Scott Phipps (phippsr@thomasmore.edu) â†’ coaches/phippsr | Phone: (859) 344-4053
âœ” Created unclaimed coach profile: Serge Kikonda (kikondas@thomasmore.edu) â†’ coaches/kikondas
âœ” Created unclaimed coach profile: Tom Pearson (pearsont@thomasmore.edu) â†’ coaches/pearsont
âœ” Created unclaimed coach profile: Marquis Walker (walkerm@thomasmore.edu) â†’ coaches/walkerm | Phone: (859) 344-3338
âœ” Created unclaimed coach profile: Stephen Farrell (farrels@thomasmore.edu) â†’ coaches/farrels | Phone: (859) 344-3338
âœ” Created unclaimed coach profile: Pat Eagan (patrick.eagan@thomasmore.edu) â†’ coaches/patrick.eagan | Phone: (859) 344-3381
âœ” Created unclaimed coach profile: Shawn Barone (barones@thomasmore.edu) â†’ coaches/barones | Phone: (859) 344-3448
âœ” Created unclaimed coach profile: Adam Smith (smitha1@thomasmore.edu) â†’ coaches/smitha1
âœ” Created unclaimed coach profile: Harris Boyes (boyesh@thomasmore.edu) â†’ coaches/boyesh | Phone: (859) 344-3547
âœ” Created unclaimed coach profile: Jackson Sinnard (jrsinn53@thomasmore.edu) â†’ coaches/jrsinn53
âœ” Created unclaimed coach profile: Holly Bronner (bronneh@thomasmore.edu) â†’ coaches/bronneh | Phone: (859) 344-3634
âœ” Created unclaimed coach profile: Jason Russell (russelj@thomasmore.edu) â†’ coaches/russelj | Phone: (859) 344-3570
âœ” Created unclaimed coach profile: Amy Barmore (abarmore@transy.edu) â†’ coaches/abarmore
âœ” Created unclaimed coach profile: Daniel Martin (dmartin@transy.edu) â†’ coaches/dmartin
âœ” Created unclaimed coach profile: Zack Getsee (zgetsee@transy.edu) â†’ coaches/zgetsee
âœ” Created unclaimed coach profile: Colton Hann (chann@transy.edu) â†’ coaches/chann
âœ” Created unclaimed coach profile: Dave Doolin (ddoolin@transy.edu) â†’ coaches/ddoolin
âœ” Created unclaimed coach profile: Brian Lane (blane@transy.edu) â†’ coaches/blane
ðŸ”„ Updating unclaimed profile for jhamilton@transy.edu
âœ” Updated unclaimed coach profile: John Hamilton (jhamilton@transy.edu) â†’ coaches/jhamilton
ðŸ”„ Updating unclaimed profile for mstone@transy.edu
âœ” Updated unclaimed coach profile: Mike Stone (mstone@transy.edu) â†’ coaches/mstone
âœ” Created unclaimed coach profile: Hannah Kline (hkline@transy.edu) â†’ coaches/hkline
âœ” Created unclaimed coach profile: Loren Bewley (lbewley@transy.edu) â†’ coaches/lbewley
ðŸ”„ Updating unclaimed profile for dwilliams@transy.edu
âœ” Updated unclaimed coach profile: Delaney Williams (dwilliams@transy.edu) â†’ coaches/dwilliams
ðŸ”„ Updating unclaimed profile for cjohnson@transy.edu
âœ” Updated unclaimed coach profile: Clarissa Johnson (cjohnson@transy.edu) â†’ coaches/cjohnson
âœ” Created unclaimed coach profile: Tracie Smith (Tracie_Smith83@hotmail.com) â†’ coaches/Tracie_Smith83
âœ” Created unclaimed coach profile: Matt Andrews (mandrews@transy.edu) â†’ coaches/mandrews
âœ” Created unclaimed coach profile: Bryce Favors-Charleston (favorscharleston@transy.edu) â†’ coaches/favorscharleston
ðŸ”„ Updating unclaimed profile for tcarter@transy.edu
âœ” Updated unclaimed coach profile: Tora Carter (tcarter@transy.edu) â†’ coaches/tcarter
âœ” Created unclaimed coach profile: Kelly Shores (kshores@transy.edu) â†’ coaches/kshores
âœ” Created unclaimed coach profile: Krystal Cammuse (kcammuse@transy.edu) â†’ coaches/kcammuse
âœ” Created unclaimed coach profile: Tom Campbell (tlcampbell@transy.edu) â†’ coaches/tlcampbell
âœ” Created unclaimed coach profile: Logan Otto (lotto@transy.edu) â†’ coaches/lotto
âœ” Created unclaimed coach profile: DT Trowell (dtrowell@transy.edu) â†’ coaches/dtrowell
âœ” Created unclaimed coach profile: Brianna McCulley (bmcculley@transy.edu) â†’ coaches/bmcculley
âœ” Created unclaimed coach profile: Emilee Heffner (eheffner@transy.edu) â†’ coaches/eheffner
âœ” Created unclaimed coach profile: Ben Federici (bfederici@transy.edu) â†’ coaches/bfederici
âœ” Created unclaimed coach profile: Diego d'Angelo (ddangelo@transy.edu) â†’ coaches/ddangelo
âœ” Created unclaimed coach profile: Trip Rogers (trogers@transy.edu) â†’ coaches/trogers
âœ” Created unclaimed coach profile: Bella Nelson (bnelson@transy.edu) â†’ coaches/bnelson
âœ” Created unclaimed coach profile: Shawn Hendrickson (shendrickson@transy.edu) â†’ coaches/shendrickson
âœ” Created unclaimed coach profile: Bill Carey (bcarey@transy.edu) â†’ coaches/bcarey
âœ” Created unclaimed coach profile: Bryce Favors-Charleston (bfavorscharleston@transy.edu) â†’ coaches/bfavorscharleston
âœ” Created unclaimed coach profile: Darby Bourdon (dbourdon@transy.edu) â†’ coaches/dbourdon
âœ” Created unclaimed coach profile: Kennedy Mang (kennedy.mang@midway.edu) â†’ coaches/kennedy.mang | Phone: 859.846.3347
âœ” Created unclaimed coach profile: Darren Collins (darren.collins@midway.edu) â†’ coaches/darren.collins | Phone: 859.846.5323
âœ” Created unclaimed coach profile: Luther Bramblett (lbramblett@midway.edu) â†’ coaches/lbramblett | Phone: 859.846.3317
âœ” Created unclaimed coach profile: Landon Steiner (landon.steiner@midway.edu) â†’ coaches/landon.steiner | Phone: 859.846.6026
âœ” Created unclaimed coach profile: Akeem Scott (akeem.scott@midway.edu) â†’ coaches/akeem.scott | Phone: 859.846.5753
âœ” Created unclaimed coach profile: Paul Ricker (paul.ricker@midway.edu) â†’ coaches/paul.ricker
âœ” Created unclaimed coach profile: Kylee Gorby (kylee.gorby@midway.edu) â†’ coaches/kylee.gorby | Phone: 859.846.5723
âœ” Created unclaimed coach profile: Jay Lucas (jack.lucas@midway.edu) â†’ coaches/jack.lucas | Phone: 859.321.1647
âœ” Created unclaimed coach profile: Lauren Bodine (lauren.bodine@midway.edu) â†’ coaches/lauren.bodine
âœ” Created unclaimed coach profile: Chris McMillan (christopher.mcmillan@midway.edu) â†’ coaches/christopher.mcmillan | Phone: 859.846.5343
âœ” Created unclaimed coach profile: Isiah Gordon (isiah.gordon@midway.edu) â†’ coaches/isiah.gordon
âœ” Created unclaimed coach profile: Troy Lund (troy.lund@midway.edu) â†’ coaches/troy.lund
âœ” Created unclaimed coach profile: Ashley Freire (ashley.freire@midway.edu) â†’ coaches/ashley.freire | Phone: 859.846.5492
âœ” Created unclaimed coach profile: Whitten McCune (whitten.mccune@midway.edu) â†’ coaches/whitten.mccune
âœ” Created unclaimed coach profile: Jay Walls (jwalls@midway.edu) â†’ coaches/jwalls | Phone: 859.846.5311
âœ” Created unclaimed coach profile: Heath Gunnison (hgunnison@midway.edu) â†’ coaches/hgunnison | Phone: 859.846.5736
âœ” Created unclaimed coach profile: Andrew Garza (andrew.garza@midway.edu) â†’ coaches/andrew.garza | Phone: 859.846.5305
âœ” Created unclaimed coach profile: Otis Smith (osmith@midway.edu) â†’ coaches/osmith | Phone: 859.846.5302
âœ” Created unclaimed coach profile: Sydnee Beard (sbeard@midway.edu) â†’ coaches/sbeard
âœ” Created unclaimed coach profile: Stu Riddle (stu.riddle@midway.edu) â†’ coaches/stu.riddle | Phone: 859.846.3408
âœ” Created unclaimed coach profile: Warren Lipka (warren.lipka@midway.edu) â†’ coaches/warren.lipka | Phone: 859.846.5352
âœ” Created unclaimed coach profile: Mike Toncray (michael.toncray@midway.edu) â†’ coaches/michael.toncray
âœ” Created unclaimed coach profile: Bailey Curry (bailey.curry@midway.edu) â†’ coaches/bailey.curry | Phone: 859.846.5834
âœ” Created unclaimed coach profile: Krae Kelso (kraeton.kelso@midway.edu) â†’ coaches/kraeton.kelso | Phone: 859.846.5792
âœ” Created unclaimed coach profile: John Hallock (john.hallock@midway.edu) â†’ coaches/john.hallock | Phone: 606.383.2373
âœ” Created unclaimed coach profile: Jeff Armstrong (jeff.armstrong@midway.edu) â†’ coaches/jeff.armstrong | Phone: 859.846.3305
âœ” Created unclaimed coach profile: Brad Blanchard (bradley.blanchard@midway.edu) â†’ coaches/bradley.blanchard
âœ” Created unclaimed coach profile: Roscoe Moonieyan (roscoe.moonieyan@midway.edu) â†’ coaches/roscoe.moonieyan | Phone: 859.846.5474
âœ” Created unclaimed coach profile: Ryan Lee (ryan.lee@midway.edu) â†’ coaches/ryan.lee
âœ” Created unclaimed coach profile: Hunter Wethington (hunter.wethington@midway.edu) â†’ coaches/hunter.wethington | Phone: 859.846.5782
âœ” Created unclaimed coach profile: Lauren Kundert (lauren.kundert@midway.edu) â†’ coaches/lauren.kundert
âœ” Created unclaimed coach profile: Steven Tippenhauer (steven.tippenhauer@midway.edu) â†’ coaches/steven.tippenhauer
âœ” Created unclaimed coach profile: Cole Smith (cole.smith@midway.edu) â†’ coaches/cole.smith | Phone: 859.846.5347

ðŸ“Š Upload Summary:
âœ” 410 coach profiles created/updated
â­ï¸  0 profiles skipped (already claimed)
ðŸ“§ Coaches can now claim their profiles during onboarding using their email address
