pdfs-n-csvs/nv/University of Nevada, Las Vegas (UNLV).pdf
pdfs-n-csvs/nv/University of Nevada, Reno.pdf
pdfs-n-csvs/nm/New Mexico Highlands University.pdf
pdfs-n-csvs/nm/Western New Mexico University.pdf
pdfs-n-csvs/nm/Eastern New Mexico University.pdf
pdfs-n-csvs/nm/University of the Southwest.pdf
pdfs-n-csvs/nm/New Mexico State University.pdf
pdfs-n-csvs/nm/University of New Mexico.pdf
pdfs-n-csvs/nh/Saint Anselm College.pdf
pdfs-n-csvs/nh/New England College.pdf
pdfs-n-csvs/nh/University of New Hampshire (UNH).pdf
pdfs-n-csvs/nh/Colby-Sawyer College.pdf
pdfs-n-csvs/nh/Southern New Hampshire University (SNHU).pdf
pdfs-n-csvs/nh/Dartmouth College.pdf
pdfs-n-csvs/nh/Keene State College.pdf
pdfs-n-csvs/ne/University of Nebraska Omaha (UNO).pdf
pdfs-n-csvs/ne/Creighton University.pdf
pdfs-n-csvs/ne/Wayne State College (NE).pdf
pdfs-n-csvs/ne/University of Jamestown (ND, GPAC conf).pdf
pdfs-n-csvs/ne/Concordia University Nebraska.pdf
pdfs-n-csvs/ne/Bellevue University.pdf
pdfs-n-csvs/ne/Doane University.pdf
pdfs-n-csvs/ne/Midland University.pdf
pdfs-n-csvs/ne/Chadron State College.pdf
pdfs-n-csvs/ne/College of Saint Mary.pdf
pdfs-n-csvs/ne/Nebraska Wesleyan University.pdf
pdfs-n-csvs/ne/University of Nebraska–Lincoln.pdf
pdfs-n-csvs/ne/Peru State College.pdf
pdfs-n-csvs/ne/Hastings College.pdf
pdfs-n-csvs/ne/University of Nebraska at Kearney.pdf
pdfs-n-csvs/mt/Montana Tech University.pdf
pdfs-n-csvs/mt/Montana State University.pdf
pdfs-n-csvs/mt/Montana State University Billings.pdf
pdfs-n-csvs/mt/University of Montana.pdf
pdfs-n-csvs/mt/Montana Western, University of.pdf
pdfs-n-csvs/mt/Rocky Mountain College.pdf
pdfs-n-csvs/mt/Carroll College (MT).pdf
pdfs-n-csvs/ms/William Carey University.pdf
pdfs-n-csvs/ms/Mississippi College.pdf
pdfs-n-csvs/ms/Jackson State University.pdf
pdfs-n-csvs/ms/Delta State University.pdf
pdfs-n-csvs/ms/Blue Mountain Christian University.pdf
pdfs-n-csvs/ms/Belhaven University.pdf
pdfs-n-csvs/ms/University of Mississippi (Ole Miss).pdf
pdfs-n-csvs/ms/Millsaps College.pdf
pdfs-n-csvs/ms/Mississippi Valley State University.pdf
pdfs-n-csvs/ms/Mississippi State University.pdf
pdfs-n-csvs/ms/University of Southern Mississippi.pdf
pdfs-n-csvs/ms/Alcorn State University.pdf
pdfs-n-csvs/ms/Rust College.pdf
pdfs-n-csvs/mo/University of Missouri (Mizzou).pdf
pdfs-n-csvs/mo/Lindenwood University (reclassified DI).pdf
pdfs-n-csvs/mo/Missouri Western State University.pdf
pdfs-n-csvs/mo/Central Missouri, University of.pdf
pdfs-n-csvs/mo/William Woods University.pdf
pdfs-n-csvs/mo/Hannibal–LaGrange University.pdf
pdfs-n-csvs/mo/Drury University.pdf
pdfs-n-csvs/mo/Evangel University.pdf
pdfs-n-csvs/mo/William Jewell College.pdf
pdfs-n-csvs/mo/Greenville University (IL, MO conf).pdf
pdfs-n-csvs/mo/Missouri Valley College.pdf
pdfs-n-csvs/mo/Culver-Stockton College.pdf
pdfs-n-csvs/mo/Harris–Stowe State University.pdf
pdfs-n-csvs/mo/Northwest Missouri State University.pdf
pdfs-n-csvs/mo/Lincoln University (MO).pdf
pdfs-n-csvs/mo/Columbia College (MO).pdf
pdfs-n-csvs/mo/Missouri Southern State University.pdf
pdfs-n-csvs/mo/Maryville University (MO).pdf
pdfs-n-csvs/mo/Southwest Baptist University.pdf
pdfs-n-csvs/mo/Saint Louis University.pdf
pdfs-n-csvs/mo/Washington University in St. Louis.pdf
pdfs-n-csvs/mo/Stephens College.pdf
pdfs-n-csvs/mo/Webster University.pdf
pdfs-n-csvs/mo/Missouri Baptist University.pdf
pdfs-n-csvs/mo/Southeast Missouri State University.pdf
pdfs-n-csvs/mo/Truman State University.pdf
pdfs-n-csvs/mo/Missouri State University.pdf
pdfs-n-csvs/mo/Rockhurst University.pdf
pdfs-n-csvs/mo/Central Methodist University.pdf
pdfs-n-csvs/mo/Avila University.pdf
pdfs-n-csvs/mo/University of Missouri–Kansas City (UMKC).pdf
pdfs-n-csvs/mo/Park University.pdf
pdfs-n-csvs/mn/Bethel University (MN).pdf
pdfs-n-csvs/mn/College of Saint Scholastica.pdf
pdfs-n-csvs/mn/Macalester College.pdf
pdfs-n-csvs/mn/Northland College (WI, MN conference).pdf
pdfs-n-csvs/mn/College of Saint Benedict.pdf
pdfs-n-csvs/mn/University of Minnesota Duluth.pdf
pdfs-n-csvs/mn/Bethany Lutheran College.pdf
pdfs-n-csvs/mn/Minnesota State University Moorhead.pdf
pdfs-n-csvs/mn/University of Jamestown (ND, MN region).pdf
pdfs-n-csvs/mn/Concordia College Moorhead.pdf
pdfs-n-csvs/mn/Concordia University, St. Paul.pdf
pdfs-n-csvs/mn/Augsburg University.pdf
pdfs-n-csvs/mn/Minnesota State University, Mankato.pdf
pdfs-n-csvs/mn/Southwest Minnesota State University.pdf
pdfs-n-csvs/mn/University of Wisconsin–Superior (competes in MN conference).pdf
pdfs-n-csvs/mn/Carleton College.pdf
pdfs-n-csvs/mn/University of Northwestern–St. Paul.pdf
pdfs-n-csvs/mn/University of Minnesota, Twin Cities.pdf
pdfs-n-csvs/mn/Hamline University.pdf
pdfs-n-csvs/mn/University of St. Thomas (MN).pdf
pdfs-n-csvs/mn/Bemidji State University.pdf
pdfs-n-csvs/mn/Saint Mary’s University of Minnesota.pdf
pdfs-n-csvs/mn/University of Minnesota Crookston.pdf
pdfs-n-csvs/mn/Winona State University.pdf
pdfs-n-csvs/mn/Crown College (MN).pdf
pdfs-n-csvs/mn/Saint John’s University (MN).pdf
pdfs-n-csvs/mn/St. Cloud State University.pdf
pdfs-n-csvs/mi/Lawrence Technological University.pdf
pdfs-n-csvs/mi/Western Michigan University.pdf
pdfs-n-csvs/mi/University of Michigan.pdf
pdfs-n-csvs/mi/Siena Heights University.pdf
pdfs-n-csvs/mi/Saginaw Valley State University.pdf
pdfs-n-csvs/mi/Concordia University Ann Arbor.pdf
pdfs-n-csvs/mi/Michigan State University.pdf
pdfs-n-csvs/mi/Spring Arbor University.pdf
pdfs-n-csvs/mi/Lake Superior State University.pdf
pdfs-n-csvs/mi/Albion College.pdf
pdfs-n-csvs/mi/University of Detroit Mercy.pdf
pdfs-n-csvs/mi/Cornerstone University.pdf
pdfs-n-csvs/mi/Rochester University (MI).pdf
pdfs-n-csvs/mi/Hope College.pdf
pdfs-n-csvs/mi/Oakland University.pdf
pdfs-n-csvs/mi/Adrian College.pdf
pdfs-n-csvs/mi/Wayne State University.pdf
pdfs-n-csvs/mi/Madonna University.pdf
pdfs-n-csvs/mi/Eastern Michigan University.pdf
pdfs-n-csvs/mi/University of Michigan–Dearborn.pdf
pdfs-n-csvs/mi/Davenport University.pdf
pdfs-n-csvs/mi/Grand Valley State University.pdf
pdfs-n-csvs/mi/Central Michigan University.pdf
pdfs-n-csvs/mi/Hillsdale College.pdf
pdfs-n-csvs/mi/Michigan Technological University.pdf
pdfs-n-csvs/mi/Northern Michigan University.pdf
pdfs-n-csvs/mi/Calvin University.pdf
pdfs-n-csvs/mi/Ferris State University.pdf
pdfs-n-csvs/la/Nicholls State University.pdf
pdfs-n-csvs/la/Southeastern Louisiana University.pdf
pdfs-n-csvs/la/Louisiana State University (LSU).pdf
pdfs-n-csvs/la/University of Louisiana at Monroe.pdf
pdfs-n-csvs/la/Louisiana Christian University (formerly Louisiana College).pdf
pdfs-n-csvs/la/Dillard University.pdf
pdfs-n-csvs/la/Tulane University.pdf
pdfs-n-csvs/la/Louisiana State University Shreveport (LSUS).pdf
pdfs-n-csvs/la/Grambling State University.pdf
pdfs-n-csvs/la/Louisiana Tech University.pdf
pdfs-n-csvs/la/Southern University.pdf
pdfs-n-csvs/la/Centenary College of Louisiana.pdf
pdfs-n-csvs/la/University of Louisiana at Lafayette.pdf
pdfs-n-csvs/la/University of New Orleans.pdf
pdfs-n-csvs/la/Xavier University of Louisiana.pdf
pdfs-n-csvs/la/McNeese State University.pdf
pdfs-n-csvs/la/Loyola University New Orleans.pdf
pdfs-n-csvs/la/Louisiana State University Alexandria (LSUA).pdf
pdfs-n-csvs/ky/Transylvania University.pdf
pdfs-n-csvs/ky/Thomas More University (reclassifying).pdf
pdfs-n-csvs/ky/Asbury University.pdf
pdfs-n-csvs/ky/University of Louisville.pdf
pdfs-n-csvs/ky/Northern Kentucky University.pdf
pdfs-n-csvs/ky/Spalding University.pdf
pdfs-n-csvs/ky/Eastern Kentucky University.pdf
pdfs-n-csvs/ky/Murray State University.pdf
pdfs-n-csvs/ky/Georgetown College (KY).pdf
pdfs-n-csvs/ky/Centre College.pdf
pdfs-n-csvs/ky/Western Kentucky University.pdf
pdfs-n-csvs/ky/University of the Cumberlands.pdf
pdfs-n-csvs/ky/University of Pikeville.pdf
pdfs-n-csvs/ky/Campbellsville University.pdf
pdfs-n-csvs/ky/Midway University.pdf
pdfs-n-csvs/ky/University of Kentucky.pdf
pdfs-n-csvs/ky/Alice Lloyd College.pdf
pdfs-n-csvs/ky/Kentucky State University.pdf
pdfs-n-csvs/ks/Sterling College (KS).pdf
pdfs-n-csvs/ks/Bethel College (KS).pdf
pdfs-n-csvs/ks/Kansas Wesleyan University.pdf
pdfs-n-csvs/ks/Baker University.pdf
pdfs-n-csvs/ks/Bethany College (KS).pdf
pdfs-n-csvs/ks/Friends University.pdf
pdfs-n-csvs/ks/McPherson College.pdf
pdfs-n-csvs/ks/Kansas State University.pdf
pdfs-n-csvs/ks/MidAmerica Nazarene University.pdf
pdfs-n-csvs/ks/Washburn University.pdf
pdfs-n-csvs/ks/University of Saint Mary.pdf
pdfs-n-csvs/ks/Saint Mary, University of (KS).pdf
pdfs-n-csvs/ks/Tabor College.pdf
pdfs-n-csvs/ks/Ottawa University.pdf
pdfs-n-csvs/ks/Pittsburg State University.pdf
pdfs-n-csvs/ks/Fort Hays State University.pdf
pdfs-n-csvs/ks/Benedictine College.pdf
pdfs-n-csvs/ks/Wichita State University.pdf
pdfs-n-csvs/ks/Emporia State University.pdf
pdfs-n-csvs/ks/University of Kansas.pdf
pdfs-n-csvs/ks/Southwestern College (KS).pdf
pdfs-n-csvs/in/Marian University (IN).pdf
pdfs-n-csvs/in/Rose-Hulman Institute of Technology.pdf
pdfs-n-csvs/in/Indiana University South Bend.pdf
pdfs-n-csvs/in/Grace College.pdf
pdfs-n-csvs/in/DePauw University.pdf
pdfs-n-csvs/in/Saint Francis University (Fort Wayne, IN).pdf
pdfs-n-csvs/in/Purdue University Fort Wayne.pdf
pdfs-n-csvs/in/Bethel University (IN).pdf
pdfs-n-csvs/in/Franklin College.pdf
pdfs-n-csvs/in/Saint Mary’s College (IN).pdf
pdfs-n-csvs/in/University of Indianapolis.pdf
pdfs-n-csvs/in/Purdue University.pdf
pdfs-n-csvs/in/Indiana Wesleyan University.pdf
pdfs-n-csvs/in/Indiana State University.pdf
pdfs-n-csvs/in/Goshen College.pdf
pdfs-n-csvs/in/University of Indianapolis (plays NCAA DII).pdf
pdfs-n-csvs/in/Butler University.pdf
pdfs-n-csvs/in/University of Notre Dame.pdf
pdfs-n-csvs/in/Saint Mary’s College.pdf
pdfs-n-csvs/in/Oakland City University.pdf
pdfs-n-csvs/in/Anderson University.pdf
pdfs-n-csvs/in/Trine University.pdf
pdfs-n-csvs/in/University of Saint Francis (IN).pdf
pdfs-n-csvs/in/Huntington University.pdf
pdfs-n-csvs/in/Taylor University.pdf
pdfs-n-csvs/in/Indiana Institute of Technology (Indiana Tech).pdf
pdfs-n-csvs/in/Manchester University.pdf
pdfs-n-csvs/in/Valparaiso University.pdf
pdfs-n-csvs/in/University of Evansville.pdf
pdfs-n-csvs/in/Ball State University.pdf
pdfs-n-csvs/in/Indiana University East.pdf
pdfs-n-csvs/in/Indiana University Bloomington.pdf
pdfs-n-csvs/in/Earlham College.pdf
pdfs-n-csvs/in/Indiana University Northwest.pdf
pdfs-n-csvs/in/Indiana University Kokomo.pdf
pdfs-n-csvs/in/Wabash College.pdf
pdfs-n-csvs/il/Aurora University.pdf
pdfs-n-csvs/il/Millikin University.pdf
pdfs-n-csvs/il/Augustana College.pdf
pdfs-n-csvs/il/Benedictine University.pdf
pdfs-n-csvs/il/University of Illinois Urbana-Champaign.pdf
pdfs-n-csvs/il/Loyola University Chicago.pdf
pdfs-n-csvs/il/Southern Illinois University Carbondale.pdf
pdfs-n-csvs/il/Chicago State University.pdf
pdfs-n-csvs/il/Principia College.pdf
pdfs-n-csvs/il/Roosevelt University.pdf
pdfs-n-csvs/il/McKendree University.pdf
pdfs-n-csvs/il/Olivet Nazarene University.pdf
pdfs-n-csvs/il/Northwestern University.pdf
pdfs-n-csvs/il/Lewis University.pdf
pdfs-n-csvs/il/Illinois Institute of Technology (IIT).pdf
pdfs-n-csvs/il/Rockhurst University (MO, plays in IL conf).pdf
pdfs-n-csvs/il/North Central College.pdf
pdfs-n-csvs/il/Quincy University.pdf
pdfs-n-csvs/il/Greenville University.pdf
pdfs-n-csvs/il/Illinois State University.pdf
pdfs-n-csvs/il/Trinity International University.pdf
pdfs-n-csvs/il/Elmhurst University.pdf
pdfs-n-csvs/il/Bradley University.pdf
pdfs-n-csvs/il/Wheaton College.pdf
pdfs-n-csvs/il/Saint Xavier University.pdf
pdfs-n-csvs/il/University of St. Francis.pdf
pdfs-n-csvs/il/Eureka College.pdf
pdfs-n-csvs/il/Western Illinois University.pdf
pdfs-n-csvs/il/Illinois College.pdf
pdfs-n-csvs/il/Monmouth College.pdf
pdfs-n-csvs/il/Southern Illinois University Edwardsville (SIUE).pdf
pdfs-n-csvs/il/Lake Forest College.pdf
pdfs-n-csvs/il/University of Illinois Springfield.pdf
pdfs-n-csvs/il/DePaul University.pdf
pdfs-n-csvs/il/North Park University.pdf
pdfs-n-csvs/il/Knox College.pdf
pdfs-n-csvs/il/Governors State University.pdf
pdfs-n-csvs/il/Blackburn College.pdf
pdfs-n-csvs/il/Northern Illinois University (NIU).pdf
pdfs-n-csvs/id/College of Idaho.pdf
pdfs-n-csvs/id/Idaho State University.pdf
pdfs-n-csvs/id/University of Idaho.pdf
pdfs-n-csvs/id/Lewis-Clark State College.pdf
pdfs-n-csvs/id/Northwest Nazarene University.pdf
pdfs-n-csvs/id/Boise State University.pdf
pdfs-n-csvs/ia/Drake University.pdf
pdfs-n-csvs/ia/Grand View University.pdf
pdfs-n-csvs/ia/University of Iowa.pdf
pdfs-n-csvs/ia/Cornell College.pdf
pdfs-n-csvs/ia/Grinnell College.pdf
pdfs-n-csvs/ia/Central College.pdf
pdfs-n-csvs/ia/Iowa State University.pdf
pdfs-n-csvs/ia/Waldorf University.pdf
pdfs-n-csvs/ia/Loras College.pdf
pdfs-n-csvs/ia/Wartburg College.pdf
pdfs-n-csvs/ia/Upper Iowa University.pdf
pdfs-n-csvs/ia/Buena Vista University.pdf
pdfs-n-csvs/ia/Coe College.pdf
pdfs-n-csvs/ia/Simpson College.pdf
pdfs-n-csvs/ia/William Penn University.pdf
pdfs-n-csvs/ia/Clarke University.pdf
pdfs-n-csvs/ia/Northwestern College (IA).pdf
pdfs-n-csvs/ia/Briar Cliff University.pdf
pdfs-n-csvs/ia/University of Northern Iowa.pdf
pdfs-n-csvs/ia/Luther College.pdf
pdfs-n-csvs/hi/Chaminade University of Honolulu.pdf
pdfs-n-csvs/hi/University of Hawaii at Manoa.pdf
pdfs-n-csvs/hi/Hawaii Pacific University.pdf
pdfs-n-csvs/hi/University of Hawaii at Hilo.pdf
pdfs-n-csvs/ga/Clark Atlanta University.pdf
pdfs-n-csvs/ga/LaGrange College.pdf
pdfs-n-csvs/ga/Valdosta State University.pdf
pdfs-n-csvs/ga/Truett McConnell University.pdf
pdfs-n-csvs/ga/Brewton-Parker College.pdf
pdfs-n-csvs/ga/Mercer University.pdf
pdfs-n-csvs/ga/Fort Valley State University.pdf
pdfs-n-csvs/ga/Georgia Institute of Technology (Georgia Tech).pdf
pdfs-n-csvs/ga/Albany State University.pdf
pdfs-n-csvs/ga/Kennesaw State University.pdf
pdfs-n-csvs/ga/Georgia State University.pdf
pdfs-n-csvs/ga/Berry College.pdf
pdfs-n-csvs/ga/Columbus State University.pdf
pdfs-n-csvs/ga/Georgia Southern University.pdf
pdfs-n-csvs/ga/College of Coastal Georgia.pdf
pdfs-n-csvs/ga/Augusta University.pdf
pdfs-n-csvs/ga/Georgia College & State University.pdf
pdfs-n-csvs/ga/Shorter University.pdf
pdfs-n-csvs/ga/Piedmont University.pdf
pdfs-n-csvs/ga/Emory University.pdf
pdfs-n-csvs/ga/University of Georgia.pdf
pdfs-n-csvs/ga/Oglethorpe University.pdf
pdfs-n-csvs/fl/Rollins College.pdf
pdfs-n-csvs/fl/Florida International University (FIU).pdf
pdfs-n-csvs/fl/Ave Maria University.pdf
pdfs-n-csvs/fl/University of North Florida (UNF).pdf
pdfs-n-csvs/fl/Palm Beach Atlantic University (PBA).pdf
pdfs-n-csvs/fl/Jacksonville University.pdf
pdfs-n-csvs/fl/Florida Atlantic University (FAU).pdf
pdfs-n-csvs/fl/Barry University.pdf
pdfs-n-csvs/fl/St. Thomas University (Miami Gardens).pdf
pdfs-n-csvs/fl/Keiser University.pdf
pdfs-n-csvs/fl/Southeastern University.pdf
pdfs-n-csvs/fl/Florida A&M University (FAMU).pdf
pdfs-n-csvs/fl/Florida State University.pdf
pdfs-n-csvs/fl/University of Central Florida (UCF).pdf
pdfs-n-csvs/fl/University of South Florida (USF).pdf
pdfs-n-csvs/fl/Saint Leo University.pdf
pdfs-n-csvs/fl/Lynn University.pdf
pdfs-n-csvs/fl/Nova Southeastern University (NSU).pdf
pdfs-n-csvs/fl/Warner University.pdf
pdfs-n-csvs/fl/Florida College.pdf
pdfs-n-csvs/fl/Florida Institute of Technology (Florida Tech).pdf
pdfs-n-csvs/fl/Eckerd College.pdf
pdfs-n-csvs/fl/Bethune-Cookman University.pdf
pdfs-n-csvs/fl/Florida Southern College.pdf
pdfs-n-csvs/fl/Webber International University.pdf
pdfs-n-csvs/fl/University of Florida.pdf
pdfs-n-csvs/fl/Stetson University.pdf
pdfs-n-csvs/fl/Flagler College.pdf
pdfs-n-csvs/fl/University of Tampa.pdf
pdfs-n-csvs/fl/Embry-Riddle Aeronautical University.pdf
pdfs-n-csvs/fl/Florida Gulf Coast University (FGCU).pdf
pdfs-n-csvs/co/University of Colorado Colorado Springs (UCCS).pdf
pdfs-n-csvs/co/Colorado School of Mines.pdf
pdfs-n-csvs/co/Western Colorado University.pdf
pdfs-n-csvs/co/University of Denver.pdf
pdfs-n-csvs/co/Metropolitan State University of Denver (MSU Denver).pdf
pdfs-n-csvs/co/Adams State University.pdf
pdfs-n-csvs/co/United States Air Force Academy.pdf
pdfs-n-csvs/co/Colorado State University Pueblo.pdf
pdfs-n-csvs/co/University of Colorado Boulder.pdf
pdfs-n-csvs/co/Colorado College.pdf
pdfs-n-csvs/co/Colorado Mesa University.pdf
pdfs-n-csvs/co/University of Northern Colorado.pdf
pdfs-n-csvs/co/Colorado State University.pdf
pdfs-n-csvs/co/Colorado Christian University.pdf
pdfs-n-csvs/co/Fort Lewis College.pdf
pdfs-n-csvs/co/Regis University.pdf
pdfs-n-csvs/ca/Pacific Union College.pdf
pdfs-n-csvs/ca/University of California, Berkeley (Cal).pdf
pdfs-n-csvs/ca/Academy of Art University.pdf
pdfs-n-csvs/ca/Fresno State (California State University, Fresno).pdf
pdfs-n-csvs/ca/UC Riverside.pdf
pdfs-n-csvs/ca/The Master’s University.pdf
pdfs-n-csvs/ca/University of San Diego (USD).pdf
pdfs-n-csvs/ca/Menlo College.pdf
pdfs-n-csvs/ca/Stanford University.pdf
pdfs-n-csvs/ca/UC Irvine.pdf
pdfs-n-csvs/ca/Sonoma State University.pdf
pdfs-n-csvs/ca/Dominican University of California.pdf
pdfs-n-csvs/ca/University of the Pacific.pdf
pdfs-n-csvs/ca/University of San Francisco (USF).pdf
pdfs-n-csvs/ca/California State University, East Bay.pdf
pdfs-n-csvs/ca/Santa Clara University.pdf
pdfs-n-csvs/ca/California State University, Chico (Chico State).pdf
pdfs-n-csvs/ca/Concordia University Irvine.pdf
pdfs-n-csvs/ca/California State University, San Bernardino.pdf
pdfs-n-csvs/ca/Fresno Pacific University.pdf
pdfs-n-csvs/ca/Chapman University.pdf
pdfs-n-csvs/ca/Biola University.pdf
pdfs-n-csvs/ca/Saint Mary’s College of California.pdf
pdfs-n-csvs/ca/UC Santa Barbara.pdf
pdfs-n-csvs/ca/Westmont College.pdf
pdfs-n-csvs/ca/UC Santa Cruz.pdf
pdfs-n-csvs/ca/Life Pacific University.pdf
pdfs-n-csvs/ca/California State University, Humboldt (Cal Poly Humboldt).pdf
pdfs-n-csvs/ca/Sacramento State.pdf
pdfs-n-csvs/ca/Claremont-Mudd-Scripps (CMS) Athletics.pdf
pdfs-n-csvs/ca/California State University, Monterey Bay.pdf
pdfs-n-csvs/ca/Azusa Pacific University.pdf
pdfs-n-csvs/ca/Pepperdine University.pdf
pdfs-n-csvs/ca/Long Beach State (CSULB).pdf
pdfs-n-csvs/ca/UC San Diego.pdf
pdfs-n-csvs/ca/UC Davis.pdf
pdfs-n-csvs/ca/Caltech (California Institute of Technology).pdf
pdfs-n-csvs/ca/California State University, San Marcos.pdf
pdfs-n-csvs/ca/Cal Maritime (CSU Maritime Academy).pdf
pdfs-n-csvs/ca/Cal State Northridge (CSUN).pdf
pdfs-n-csvs/ca/Simpson University.pdf
pdfs-n-csvs/ca/California Baptist University (CBU).pdf
pdfs-n-csvs/ca/San Diego State University (SDSU).pdf
pdfs-n-csvs/ca/California State University, Dominguez Hills.pdf
pdfs-n-csvs/ca/San José State University (SJSU).pdf
pdfs-n-csvs/ca/Cal State Bakersfield (CSUB).pdf
pdfs-n-csvs/ca/San Francisco State University.pdf
pdfs-n-csvs/ca/University of Redlands.pdf
