Could get FontBBox from font descriptor because None cannot be parsed as 4 floats
Could get FontBBox from font descriptor because None cannot be parsed as 4 floats
Could get FontBBox from font descriptor because None cannot be parsed as 4 floats
Could get FontBBox from font descriptor because None cannot be parsed as 4 floats
Could get FontBBox from font descriptor because None cannot be parsed as 4 floats
Could get FontBBox from font descriptor because None cannot be parsed as 4 floats
Cannot set gray stroke color because /'P6' is an invalid float value
Cannot set gray non-stroke color because /'P6' is an invalid float value
Cannot set gray stroke color because /'P19' is an invalid float value
Cannot set gray non-stroke color because /'P19' is an invalid float value
Cannot set gray stroke color because /'P42' is an invalid float value
Cannot set gray non-stroke color because /'P42' is an invalid float value
Cannot set gray stroke color because /'P104' is an invalid float value
Cannot set gray non-stroke color because /'P104' is an invalid float value
Cannot set gray stroke color because /'P162' is an invalid float value
Cannot set gray non-stroke color because /'P162' is an invalid float value
Cannot set gray stroke color because /'P220' is an invalid float value
Cannot set gray non-stroke color because /'P220' is an invalid float value
Cannot set gray stroke color because /'P278' is an invalid float value
Cannot set gray non-stroke color because /'P278' is an invalid float value
Cannot set gray stroke color because /'P327' is an invalid float value
Cannot set gray non-stroke color because /'P327' is an invalid float value
Cannot set gray stroke color because /'P396' is an invalid float value
Cannot set gray non-stroke color because /'P396' is an invalid float value
Cannot set gray stroke color because /'P459' is an invalid float value
Cannot set gray non-stroke color because /'P459' is an invalid float value
Cannot set gray stroke color because /'P536' is an invalid float value
Cannot set gray non-stroke color because /'P536' is an invalid float value
Cannot set gray stroke color because /'P600' is an invalid float value
Cannot set gray non-stroke color because /'P600' is an invalid float value
Cannot set gray stroke color because /'P663' is an invalid float value
Cannot set gray non-stroke color because /'P663' is an invalid float value
Cannot set gray stroke color because /'P737' is an invalid float value
Cannot set gray non-stroke color because /'P737' is an invalid float value
Cannot set gray stroke color because /'P802' is an invalid float value
Cannot set gray non-stroke color because /'P802' is an invalid float value
Cannot set gray stroke color because /'P860' is an invalid float value
Cannot set gray non-stroke color because /'P860' is an invalid float value
Cannot set gray stroke color because /'P917' is an invalid float value
Cannot set gray non-stroke color because /'P917' is an invalid float value
Cannot set gray stroke color because /'P980' is an invalid float value
Cannot set gray non-stroke color because /'P980' is an invalid float value
Cannot set gray stroke color because /'P1041' is an invalid float value
Cannot set gray non-stroke color because /'P1041' is an invalid float value
Cannot set gray stroke color because /'P1104' is an invalid float value
Cannot set gray non-stroke color because /'P1104' is an invalid float value
Cannot set gray stroke color because /'P1173' is an invalid float value
Cannot set gray non-stroke color because /'P1173' is an invalid float value
Cannot set gray stroke color because /'P1229' is an invalid float value
Cannot set gray non-stroke color because /'P1229' is an invalid float value
Cannot set gray stroke color because /'P1288' is an invalid float value
Cannot set gray non-stroke color because /'P1288' is an invalid float value
Could get FontBBox from font descriptor because None cannot be parsed as 4 floats
Cannot set gray stroke color because /'P1352' is an invalid float value
Cannot set gray non-stroke color because /'P1352' is an invalid float value
Cannot set gray stroke color because /'P1385' is an invalid float value
Cannot set gray non-stroke color because /'P1385' is an invalid float value
Cannot set gray stroke color because /'P1403' is an invalid float value
Cannot set gray non-stroke color because /'P1403' is an invalid float value
Could get FontBBox from font descriptor because None cannot be parsed as 4 floats
Could get FontBBox from font descriptor because None cannot be parsed as 4 floats
Could get FontBBox from font descriptor because None cannot be parsed as 4 floats
Could get FontBBox from font descriptor because None cannot be parsed as 4 floats
Cannot set gray stroke color because /'P1412' is an invalid float value
Cannot set gray non-stroke color because /'P1412' is an invalid float value
Could get FontBBox from font descriptor because None cannot be parsed as 4 floats
Cannot set gray stroke color because /'P118' is an invalid float value
Cannot set gray non-stroke color because /'P118' is an invalid float value
Cannot set gray stroke color because /'P6' is an invalid float value
Cannot set gray non-stroke color because /'P6' is an invalid float value
Cannot set gray stroke color because /'P11' is an invalid float value
Cannot set gray non-stroke color because /'P11' is an invalid float value
Cannot set gray stroke color because /'P12' is an invalid float value
Cannot set gray non-stroke color because /'P12' is an invalid float value
Cannot set gray stroke color because /'P16' is an invalid float value
Cannot set gray non-stroke color because /'P16' is an invalid float value
Cannot set gray stroke color because /'P16' is an invalid float value
Cannot set gray non-stroke color because /'P16' is an invalid float value
Cannot set gray stroke color because /'P17' is an invalid float value
Cannot set gray non-stroke color because /'P17' is an invalid float value
Cannot set gray stroke color because /'P73' is an invalid float value
Cannot set gray non-stroke color because /'P73' is an invalid float value
Cannot set gray stroke color because /'P76' is an invalid float value
Cannot set gray non-stroke color because /'P76' is an invalid float value
Cannot set gray stroke color because /'P77' is an invalid float value
Cannot set gray non-stroke color because /'P77' is an invalid float value
Cannot set gray stroke color because /'P87' is an invalid float value
Cannot set gray non-stroke color because /'P87' is an invalid float value
Cannot set gray stroke color because /'P87' is an invalid float value
Cannot set gray non-stroke color because /'P87' is an invalid float value
Cannot set gray stroke color because /'P114' is an invalid float value
Cannot set gray non-stroke color because /'P114' is an invalid float value
Cannot set gray stroke color because /'P115' is an invalid float value
Cannot set gray non-stroke color because /'P115' is an invalid float value
Cannot set gray stroke color because /'P116' is an invalid float value
Cannot set gray non-stroke color because /'P116' is an invalid float value
Cannot set gray stroke color because /'P10' is an invalid float value
Cannot set gray non-stroke color because /'P10' is an invalid float value
Cannot set gray stroke color because /'P10' is an invalid float value
Cannot set gray non-stroke color because /'P10' is an invalid float value
Cannot set gray stroke color because /'P11' is an invalid float value
Cannot set gray non-stroke color because /'P11' is an invalid float value
Cannot set gray stroke color because /'P12' is an invalid float value
Cannot set gray non-stroke color because /'P12' is an invalid float value
Cannot set gray stroke color because /'P13' is an invalid float value
Cannot set gray non-stroke color because /'P13' is an invalid float value
Cannot set gray stroke color because /'P91' is an invalid float value
Cannot set gray non-stroke color because /'P91' is an invalid float value
Cannot set gray stroke color because /'P91' is an invalid float value
Cannot set gray non-stroke color because /'P91' is an invalid float value
Cannot set gray stroke color because /'P92' is an invalid float value
Cannot set gray non-stroke color because /'P92' is an invalid float value
Cannot set gray stroke color because /'P147' is an invalid float value
Cannot set gray non-stroke color because /'P147' is an invalid float value
Cannot set gray stroke color because /'P157' is an invalid float value
Cannot set gray non-stroke color because /'P157' is an invalid float value
Cannot set gray stroke color because /'P9' is an invalid float value
Cannot set gray non-stroke color because /'P9' is an invalid float value
Cannot set gray stroke color because /'P13' is an invalid float value
Cannot set gray non-stroke color because /'P13' is an invalid float value
Cannot set gray stroke color because /'P14' is an invalid float value
Cannot set gray non-stroke color because /'P14' is an invalid float value
Cannot set gray stroke color because /'P71' is an invalid float value
Cannot set gray non-stroke color because /'P71' is an invalid float value
Cannot set gray stroke color because /'P112' is an invalid float value
Cannot set gray non-stroke color because /'P112' is an invalid float value
Cannot set gray stroke color because /'P128' is an invalid float value
Cannot set gray non-stroke color because /'P128' is an invalid float value
-> Reading CSV: /Users/kevinvera/Documents/GitHub/ReviewMyCoach.com/reviewmycoach/reviewmycoach-python-venv/pdfs-n-csvs/ia/Iowa College Athletics (1).csv
-> Output PDFs to: /Users/kevinvera/Documents/GitHub/ReviewMyCoach.com/reviewmycoach/reviewmycoach-python-venv/pdfs-n-csvs/ia

Printing completed in 153.7s
Success: 20 | Skipped: 5 | Errors: 0

Resolved URLs used:
- Grinnell College.pdf: https://pioneers.grinnell.edu/staff-directory?print=true
- University of Iowa.pdf: https://hawkeyesports.com/staff-directory?print=true
- Grand View University.pdf: https://gvvikings.com/staff-directory?print=true
- Iowa State University.pdf: https://cyclones.com/staff-directory?print=true
- University of Northern Iowa.pdf: https://unipanthers.com/staff-directory?print=true
- Loras College.pdf: https://duhawks.com/staff-directory?print=true
- Upper Iowa University.pdf: https://uiupeacocks.com/staff-directory?print=true
- Buena Vista University.pdf: https://bvuathletics.com/staff-directory?print=true
- Luther College.pdf: https://luther.edu/athletics?print=true
- Simpson College.pdf: https://simpsonathletics.com/staff-directory?print=true
- Central College.pdf: https://athletics.central.edu/staff-directory?print=true
- Northwestern College (IA).pdf: https://nwcraiders.com/staff-directory?print=true
- Wartburg College.pdf: https://go-knights.net/staff-directory?print=true
- Briar Cliff University.pdf: https://bcuchargers.com/staff-directory?print=true
- Coe College.pdf: https://kohawkathletics.com/staff-directory?print=true
- Cornell College.pdf: https://cornellrams.com/staff-directory?print=true
- Waldorf University.pdf: https://waldorfwarriors.com/staff-directory?print=true
- Clarke University.pdf: https://clarkepride.com/staff-directory?print=true
- Drake University.pdf: https://godrakebulldogs.com/staff-directory/print
- William Penn University.pdf: https://statesmenathletics.com/staff-directory?print=true

Skipped:
- https://dbqspartanathletics.com/staff-directory -> Navigation failed: Page.goto: net::ERR_NAME_NOT_RESOLVED at https://dbqspartanathletics.com/staff-directory/index
Call log:
  - navigating to "https://dbqspartanathletics.com/staff-directory/index", waiting until "networkidle"
 (tried: https://dbqspartanathletics.com/staff-directory?print=true, https://dbqspartanathletics.com/staff-directory/print, https://dbqspartanathletics.com/staff-directory, https://dbqspartanathletics.com/staff-directory/index?print=true, https://dbqspartanathletics.com/staff-directory/index/print, https://dbqspartanathletics.com/staff-directory/index)
- https://guyellowjackets.com/staff-directory -> Navigation failed: Page.goto: net::ERR_NAME_NOT_RESOLVED at https://guyellowjackets.com/staff-directory/index
Call log:
  - navigating to "https://guyellowjackets.com/staff-directory/index", waiting until "networkidle"
 (tried: https://guyellowjackets.com/staff-directory?print=true, https://guyellowjackets.com/staff-directory/print, https://guyellowjackets.com/staff-directory, https://guyellowjackets.com/staff-directory/index?print=true, https://guyellowjackets.com/staff-directory/index/print, https://guyellowjackets.com/staff-directory/index)
- https://iw.edu/athletics -> Navigation failed: Page.goto: net::ERR_NAME_NOT_RESOLVED at https://iw.edu/athletics/index
Call log:
  - navigating to "https://iw.edu/athletics/index", waiting until "networkidle"
 (tried: https://iw.edu/athletics?print=true, https://iw.edu/athletics/print, https://iw.edu/athletics, https://iw.edu/athletics/index?print=true, https://iw.edu/athletics/index/print, https://iw.edu/athletics/index)
- https://mountmercy.mustangsports.com/staff-directory -> Navigation failed: Page.goto: net::ERR_NAME_NOT_RESOLVED at https://mountmercy.mustangsports.com/staff-directory/index
Call log:
  - navigating to "https://mountmercy.mustangsports.com/staff-directory/index", waiting until "networkidle"
 (tried: https://mountmercy.mustangsports.com/staff-directory?print=true, https://mountmercy.mustangsports.com/staff-directory/print, https://mountmercy.mustangsports.com/staff-directory, https://mountmercy.mustangsports.com/staff-directory/index?print=true, https://mountmercy.mustangsports.com/staff-directory/index/print, https://mountmercy.mustangsports.com/staff-directory/index)
- https://dordtdefenders.com/staff-directory -> Navigation failed: Page.goto: net::ERR_CONNECTION_TIMED_OUT at https://dordtdefenders.com/staff-directory/index
Call log:
  - navigating to "https://dordtdefenders.com/staff-directory/index", waiting until "networkidle"
 (tried: https://dordtdefenders.com/staff-directory?print=true, https://dordtdefenders.com/staff-directory/print, https://dordtdefenders.com/staff-directory, https://dordtdefenders.com/staff-directory/index?print=true, https://dordtdefenders.com/staff-directory/index/print, https://dordtdefenders.com/staff-directory/index)

Parsing printed PDFs and preparing upload entries...
âœ” Total coach entries prepared: 411
âœ” Created unclaimed coach profile: Tim Hollibaugh (hollibau@grinnell.edu) â†’ coaches/hollibau
âœ” Created unclaimed coach profile: Sean Pfeiffer (pfeiffers@grinnell.edu) â†’ coaches/pfeiffers
âœ” Created unclaimed coach profile: David Arseneault (arseneau2@grinnell.edu) â†’ coaches/arseneau2
âœ” Created unclaimed coach profile: DJ Damazo (damazodj@grinnell.edu) â†’ coaches/damazodj
âœ” Created unclaimed coach profile: Dana Harrold (harroldd@grinnell.edu) â†’ coaches/harroldd
âœ” Created unclaimed coach profile: Jaxson Foster (fosterja@grinnell.edu) â†’ coaches/fosterja
âœ” Created unclaimed coach profile: Sarah Burnell (burnells@grinnell.edu) â†’ coaches/burnells
âœ” Created unclaimed coach profile: Brent Barnes (barnesbr@grinnell.edu) â†’ coaches/barnesbr
âœ” Created unclaimed coach profile: Gene Blalock (blalockg@grinnell.edu) â†’ coaches/blalockg
âœ” Created unclaimed coach profile: Malcolm J. (gibsonma@grinnell.edu) â†’ coaches/gibsonma
âœ” Created unclaimed coach profile: Eddie Arias (ariasedd@grinnell.edu) â†’ coaches/ariasedd
âœ” Created unclaimed coach profile: Connor McKay (mckaycon@grinnell.edu) â†’ coaches/mckaycon
âœ” Created unclaimed coach profile: Chris Zug (zugchri@grinnell.edu) â†’ coaches/zugchri
âœ” Created unclaimed coach profile: Lauren Chen (chenlauren@grinnell.edu) â†’ coaches/chenlauren
âœ” Created unclaimed coach profile: Brian Jaworski (jaworski@grinnell.edu) â†’ coaches/jaworski
âœ” Created unclaimed coach profile: Weston McPhee (mcpheew@grinnell.edu) â†’ coaches/mcpheew
âœ” Created unclaimed coach profile: Kirsten Koester (koesterk@grinnell.edu) â†’ coaches/koesterk
âœ” Created unclaimed coach profile: Lexy Determan (determan@grinnell.edu) â†’ coaches/determan
âœ” Created unclaimed coach profile: Dalton Meredith (meredithd@grinnell.edu) â†’ coaches/meredithd
âœ” Created unclaimed coach profile: Matt Hedman (hedmanmatthew@grinnell.edu) â†’ coaches/hedmanmatthew
âœ” Created unclaimed coach profile: Beth Mitchell (mitchellb@grinnell.edu) â†’ coaches/mitchellb
âœ” Created unclaimed coach profile: Zack Hasenyager (hasenyag@grinnell.edu) â†’ coaches/hasenyag
âœ” Created unclaimed coach profile: Dan Key (keydaniel@grinnell.edu) â†’ coaches/keydaniel
âœ” Created unclaimed coach profile: Andy Hamilton (hamiltoa@grinnell.edu) â†’ coaches/hamiltoa
âœ” Created unclaimed coach profile: Jeff Pedersen (pedersej@grinnell.edu) â†’ coaches/pedersej
âœ” Created unclaimed coach profile: Jermelle Lewis (lewisjer@grinnell.edu) â†’ coaches/lewisjer
âœ” Created unclaimed coach profile: Will Freeman (freemanw@grinnell.edu) â†’ coaches/freemanw
âœ” Created unclaimed coach profile: Eric Ragan (raganeri@grinnell.edu) â†’ coaches/raganeri
âœ” Created unclaimed coach profile: Kristland Damazo (damazokr@grinnell.edu) â†’ coaches/damazokr
âœ” Created unclaimed coach profile: Steve Lewis (lewissteven@grinnell.edu) â†’ coaches/lewissteven
âœ” Created unclaimed coach profile: Nick Mitchell (nmitchell@grandview.edu) â†’ coaches/nmitchell
âœ” Created unclaimed coach profile: Trevor Dickherber (tdickherber@grandview.edu) â†’ coaches/tdickherber
âœ” Created unclaimed coach profile: Angelo Crinzi (acrinzi@grandview.edu) â†’ coaches/acrinzi
âœ” Created unclaimed coach profile: Arelys Valles (avalles@grandview.edu) â†’ coaches/avalles
âœ” Created unclaimed coach profile: Charlie Mundy (cmundy@grandview.edu) â†’ coaches/cmundy
âœ” Created unclaimed coach profile: Doug Brinker (dbrinker@grandview.edu) â†’ coaches/dbrinker
âœ” Created unclaimed coach profile: Austin Marchant (amarchant@grandview.edu) â†’ coaches/amarchant
âœ” Created unclaimed coach profile: Jasmine Stohr (jstohr@grandview.edu) â†’ coaches/jstohr
âœ” Created unclaimed coach profile: Ian Keiderling (ikeiderling@grandview.edu) â†’ coaches/ikeiderling
âœ” Created unclaimed coach profile: Denis Schaefer (dschaefer@grandview.edu) â†’ coaches/dschaefer
âœ” Created unclaimed coach profile: Tyler Long (tlong@grandview.edu) â†’ coaches/tlong
âœ” Created unclaimed coach profile: Melody Felton (mfelton@grandview.edu) â†’ coaches/mfelton
âœ” Created unclaimed coach profile: Keith Felton (kfelton@grandview.edu) â†’ coaches/kfelton
âœ” Created unclaimed coach profile: Sarah Buss (sbuss@grandview.edu) â†’ coaches/sbuss
âœ” Created unclaimed coach profile: Penelope Olsen (penelope.olsen@grandview.edu) â†’ coaches/penelope.olsen
ðŸ”„ Updating unclaimed profile for knichols@grandview.edu
âœ” Updated unclaimed coach profile: Kelsey Nichols (knichols@grandview.edu) â†’ coaches/knichols
âœ” Created unclaimed coach profile: Nikki VanRaalte (nvanraalte@grandview.edu) â†’ coaches/nvanraalte
âœ” Created unclaimed coach profile: Nicole Mundy (nmundy@grandview.edu) â†’ coaches/nmundy
âœ” Created unclaimed coach profile: E.J. Peterson (epeterson@grandview.edu) â†’ coaches/epeterson
âœ” Created unclaimed coach profile: Chris Winkel (cwinkel@grandview.edu) â†’ coaches/cwinkel
âœ” Created unclaimed coach profile: David Groves (dgroves@grandview.edu) â†’ coaches/dgroves
âœ” Created unclaimed coach profile: Jonathan Rivera (jrivera@grandview.edu) â†’ coaches/jrivera
âœ” Created unclaimed coach profile: Matt DeBoer (mdeboer@grandview.edu) â†’ coaches/mdeboer
ðŸ”„ Updating unclaimed profile for msilva@grandview.edu
âœ” Updated unclaimed coach profile: Marcos Silva (msilva@grandview.edu) â†’ coaches/msilva
âœ” Created unclaimed coach profile: Ventsi Stoimirov (vstoimirov@grandview.edu) â†’ coaches/vstoimirov
âœ” Created unclaimed coach profile: Joel Comito (jcomito@grandview.edu) â†’ coaches/jcomito
âœ” Created unclaimed coach profile: Lou A. (layacinich@grandview.edu) â†’ coaches/layacinich
âœ” Created unclaimed coach profile: Jacob Redman (jredman@grandview.edu) â†’ coaches/jredman
âœ” Created unclaimed coach profile: Raphael Lima (rlimaseabra@grandview.edu) â†’ coaches/rlimaseabra
ðŸ”„ Updating unclaimed profile for kcook@grandview.edu
âœ” Updated unclaimed coach profile: Kandace Cook (kcook@grandview.edu) â†’ coaches/kcook
âœ” Created unclaimed coach profile: Paul Reedy (preedy@grandview.edu) â†’ coaches/preedy
âœ” Created unclaimed coach profile: Grant Henderson (ghenderson@grandview.edu) â†’ coaches/ghenderson
âœ” Created unclaimed coach profile: Grant Turner (gturner@grandview.edu) â†’ coaches/gturner
âœ” Created unclaimed coach profile: Assistant Coach (jblount@iastate.edu) â†’ coaches/jblount
âœ” Created unclaimed coach profile: Assistant Coach (kgreen2@iastate.edu) â†’ coaches/kgreen2
âœ” Created unclaimed coach profile: Head Coach (coachf@iastate.edu) â†’ coaches/coachf
âœ” Created unclaimed coach profile: Associate Head (jsteyer@iastate.edu) â†’ coaches/jsteyer
âœ” Created unclaimed coach profile: Assistant Coach/General (billyfen@iastate.edu) â†’ coaches/billyfen
âœ” Created unclaimed coach profile: Assistant Coach (laharris@iastate.edu) â†’ coaches/laharris
âœ” Created unclaimed coach profile: Assistant Coach (emilyh2@iastate.edu) â†’ coaches/emilyh2
âœ” Created unclaimed coach profile: Head Coach (tank@iastate.edu) â†’ coaches/tank
âœ” Created unclaimed coach profile: Head Coach (martensc@iastate.edu) â†’ coaches/martensc
âœ” Created unclaimed coach profile: Associate Head (triggs@iastate.edu) â†’ coaches/triggs
âœ” Created unclaimed coach profile: Head Coach (amgreig@iastate.edu) â†’ coaches/amgreig
âœ” Created unclaimed coach profile: Head Coach (jdpinker@iastate.edu) â†’ coaches/jdpinker
âœ” Created unclaimed coach profile: Associate Head (ksinnott@iastate.edu) â†’ coaches/ksinnott
âœ” Created unclaimed coach profile: Assistant Coach (lubrun@iastate.edu) â†’ coaches/lubrun
âœ” Created unclaimed coach profile: Head Cheer (Krsmith@iastate.edu) â†’ coaches/Krsmith
âœ” Created unclaimed coach profile: Assistant Strength (mprado@iastate.edu) â†’ coaches/mprado
âœ” Created unclaimed coach profile: Assistant Strength (alexmc@iastate.edu) â†’ coaches/alexmc
âœ” Created unclaimed coach profile: Head Diving (jwarrick@iastate.edu) â†’ coaches/jwarrick
âœ” Created unclaimed coach profile: Head Coach (kdresser@iastate.edu) â†’ coaches/kdresser
âœ” Created unclaimed coach profile: Assistant Coach (bmetcalf@iastate.edu) â†’ coaches/bmetcalf
âœ” Created unclaimed coach profile: Assistant Coach (dstjhn@iastate.edu) â†’ coaches/dstjhn
âœ” Created unclaimed coach profile: Strength & (rachel.ronan@uni.edu) â†’ coaches/rachel.ronan
âœ” Created unclaimed coach profile: Head Coach (ben.jacobson@uni.edu) â†’ coaches/ben.jacobson
âœ” Created unclaimed coach profile: Associate Head (pj.hogan@uni.edu) â†’ coaches/pj.hogan
âœ” Created unclaimed coach profile: Assistant Coach (seth.tuttle@uni.edu) â†’ coaches/seth.tuttle
âœ” Created unclaimed coach profile: Assistant Coach (gameli.k.ahelegbe@uni.edu) â†’ coaches/gameli.k.ahelegbe
âœ” Created unclaimed coach profile: Head Coach (tanya.warren@uni.edu) â†’ coaches/tanya.warren
âœ” Created unclaimed coach profile: Associate Head (brad.nelson@uni.edu) â†’ coaches/brad.nelson
âœ” Created unclaimed coach profile: Assistant Coach (katelin.vandevender@uni.edu) â†’ coaches/katelin.vandevender
âœ” Created unclaimed coach profile: Assistant Coach (nathan.oakland@uni.edu) â†’ coaches/nathan.oakland
âœ” Created unclaimed coach profile: Head Cross (alexinaw@uni.edu) â†’ coaches/alexinaw
âœ” Created unclaimed coach profile: Head Coach (todd.stepsis@uni.edu) â†’ coaches/todd.stepsis
âœ” Created unclaimed coach profile: Head Coach (john.bermel@uni.edu) â†’ coaches/john.bermel
âœ” Created unclaimed coach profile: Interim Head (alex.placethomas@uni.edu) â†’ coaches/alex.placethomas
âœ” Created unclaimed coach profile: Assistant Coach (derek.krebsbach@uni.edu) â†’ coaches/derek.krebsbach
âœ” Created unclaimed coach profile: Head Coach (ryan.jacobs@uni.edu) â†’ coaches/ryan.jacobs
âœ” Created unclaimed coach profile: Assistant Coach (monica.wright@uni.edu) â†’ coaches/monica.wright
âœ” Created unclaimed coach profile: Head Coach (nicholas.lakin@uni.edu) â†’ coaches/nicholas.lakin
âœ” Created unclaimed coach profile: Dive Coach (bethany.hovland@uni.edu) â†’ coaches/bethany.hovland
âœ” Created unclaimed coach profile: Assistant Coach (benjamin.colin@uni.edu) â†’ coaches/benjamin.colin
âœ” Created unclaimed coach profile: Head Coach (chris.sagers@uni.edu) â†’ coaches/chris.sagers
âœ” Created unclaimed coach profile: Assistant Coach (jeffrey.coover@uni.edu) â†’ coaches/jeffrey.coover
âœ” Created unclaimed coach profile: Assistant Coach (daniel.omara@uni.edu) â†’ coaches/daniel.omara
âœ” Created unclaimed coach profile: Head Coach (bobbi.petersen@uni.edu) â†’ coaches/bobbi.petersen
âœ” Created unclaimed coach profile: Assistant Coach (kim.davis@uni.edu) â†’ coaches/kim.davis
âœ” Created unclaimed coach profile: Assistant Coach (jason.allen@uni.edu) â†’ coaches/jason.allen
âœ” Created unclaimed coach profile: Head Coach (doug.schwab@uni.edu) â†’ coaches/doug.schwab
âœ” Created unclaimed coach profile: Assistant Coach (randy.pugh@uni.edu) â†’ coaches/randy.pugh
âœ” Created unclaimed coach profile: Kristy Duncan (kristy.duncan@loras.edu) â†’ coaches/kristy.duncan | Phone: 563.588.7459
âœ” Created unclaimed coach profile: Carl Tebon (carl.tebon@loras.edu) â†’ coaches/carl.tebon | Phone: 563.588.7732
âœ” Created unclaimed coach profile: Steve Helminiak (steven.helminiak@loras.edu) â†’ coaches/steven.helminiak | Phone: 563.588.7406
âœ” Created unclaimed coach profile: Jake Olsen (jake.olsen@loras.edu) â†’ coaches/jake.olsen | Phone: 563.588.7187
âœ” Created unclaimed coach profile: Greg Bower (greg.bower@loras.edu) â†’ coaches/greg.bower | Phone: 563.588.7124
âœ” Created unclaimed coach profile: Jon Powers (jonathan.powers@loras.edu) â†’ coaches/jonathan.powers | Phone: 563.588.7580
âœ” Created unclaimed coach profile: Cody Hipp (cody.hipp@loras.edu) â†’ coaches/cody.hipp | Phone: 563.588.7220
âœ” Created unclaimed coach profile: Ashley Winter (ashley.winter@loras.edu) â†’ coaches/ashley.winter | Phone: 563.588.7159
âœ” Created unclaimed coach profile: Nate Weber (nathan.weber@loras.edu) â†’ coaches/nathan.weber | Phone: 563.564.9916
âœ” Created unclaimed coach profile: Malarie Huseman (malarie.huseman@loras.edu) â†’ coaches/malarie.huseman
âœ” Created unclaimed coach profile: Josh Edwards (joshua.edwards@loras.edu) â†’ coaches/joshua.edwards | Phone: 563.588.7210
âœ” Created unclaimed coach profile: Bri Lawrence (lawrenceb631@uiu.edu) â†’ coaches/lawrenceb631
âœ” Created unclaimed coach profile: Lizzie Dingbaum (vandyke51@uiu.edu) â†’ coaches/vandyke51
âœ” Created unclaimed coach profile: Justis Kruse (krusej77@uiu.edu) â†’ coaches/krusej77
âœ” Created unclaimed coach profile: Brian Voigt (voigtb11@uiu.edu) â†’ coaches/voigtb11
âœ” Created unclaimed coach profile: Alex Jorgensen (jorgensena72@uiu.edu) â†’ coaches/jorgensena72
âœ” Created unclaimed coach profile: Casey Kasperbauer (kasperbauerc@uiu.edu) â†’ coaches/kasperbauerc
âœ” Created unclaimed coach profile: Tanner Cooke (cooket@uiu.edu) â†’ coaches/cooket
âœ” Created unclaimed coach profile: Justin Maass (maassj76@uiu.edu) â†’ coaches/maassj76
âœ” Created unclaimed coach profile: Bridgette Griffin (griffinb40@uiu.edu) â†’ coaches/griffinb40
âœ” Created unclaimed coach profile: Nate Rucker (ruckern@uiu.edu) â†’ coaches/ruckern
âœ” Created unclaimed coach profile: Brad Wymer (wymerb@uiu.edu) â†’ coaches/wymerb
âœ” Created unclaimed coach profile: Jason Hoskins (hoskinsj449@uiu.edu) â†’ coaches/hoskinsj449
âœ” Created unclaimed coach profile: Heath Parling (parlingh69@uiu.edu) â†’ coaches/parlingh69
âœ” Created unclaimed coach profile: Rhett Mizer (mizerr73@uiu.edu) â†’ coaches/mizerr73
âœ” Created unclaimed coach profile: Rob Goode (gooder86@uiu.edu) â†’ coaches/gooder86
âœ” Created unclaimed coach profile: Markhus Taylor (taylorm@uiu.edu) â†’ coaches/taylorm
âœ” Created unclaimed coach profile: Max Longman (longmanm@uiu.edu) â†’ coaches/longmanm
âœ” Created unclaimed coach profile: Jayden Mitchell (mitchellj89@uiu.edu) â†’ coaches/mitchellj89
âœ” Created unclaimed coach profile: Drew Wilson (wilsonc870@uiu.edu) â†’ coaches/wilsonc870
âœ” Created unclaimed coach profile: Aiden Rodgers (rodgersa09@uiu.edu) â†’ coaches/rodgersa09
âœ” Created unclaimed coach profile: Mike Lewis (lewism@uiu.edu) â†’ coaches/lewism
âœ” Created unclaimed coach profile: Jason Carlson (carlsonj@uiu.edu) â†’ coaches/carlsonj
âœ” Created unclaimed coach profile: Patrick Ritter (ritterp@uiu.edu) â†’ coaches/ritterp
âœ” Created unclaimed coach profile: Rachel Rhode (rhoder@uiu.edu) â†’ coaches/rhoder
âœ” Created unclaimed coach profile: Jasmin Estrada (estradaj@uiu.edu) â†’ coaches/estradaj
âœ” Created unclaimed coach profile: Sarah Hull (hulls785@uiu.edu) â†’ coaches/hulls785
âœ” Created unclaimed coach profile: Heath Grimm (grimmh@uiu.edu) â†’ coaches/grimmh
âœ” Created unclaimed coach profile: Eric Faught (faughte97@uiu.edu) â†’ coaches/faughte97
âœ” Created unclaimed coach profile: Jay Tiedemann (tiedemannj@uiu.edu) â†’ coaches/tiedemannj
âœ” Created unclaimed coach profile: Tori Stille (stillev@bvu.edu) â†’ coaches/stillev
âœ” Created unclaimed coach profile: Emma Chase (chasem@bvu.eduq) â†’ coaches/chasem | Phone: 712.749.1154
âœ” Created unclaimed coach profile: Steve Eddie (EddieS@bvu.edu) â†’ coaches/EddieS | Phone: 712.749.2298
âœ” Created unclaimed coach profile: Nate Hanner (hannern@bvu.edu) â†’ coaches/hannern | Phone: 712.749.1297
âœ” Created unclaimed coach profile: Brayden Polzien (polzienb@bvu.edu) â†’ coaches/polzienb
âœ” Created unclaimed coach profile: Austin Dickinson (dickinson2@bvu.edu) â†’ coaches/dickinson2 | Phone: 712.749.2255
âœ” Created unclaimed coach profile: Austin Bresnahan (bresnahana@bvu.edu) â†’ coaches/bresnahana | Phone: 712.749.2259
âœ” Created unclaimed coach profile: John Alicea (aliceaj@bvu.edu) â†’ coaches/aliceaj | Phone: 712.749.2259
âœ” Created unclaimed coach profile: Trevor Berneking (bernekingt@bvu.edu) â†’ coaches/bernekingt | Phone: 712.749.1454
âœ” Created unclaimed coach profile: Jeff Horner (hornerj@bvu.edu) â†’ coaches/hornerj | Phone: 712.749.2252
âœ” Created unclaimed coach profile: Vince Grier (grierv@bvu.edu) â†’ coaches/grierv | Phone: 712.749.2297
âœ” Created unclaimed coach profile: Paul Loos (loos@bvu.edu) â†’ coaches/loos
ðŸ”„ Updating unclaimed profile for clarkb@bvu.edu
âœ” Updated unclaimed coach profile: Ben Clark (clarkb@bvu.edu) â†’ coaches/clarkb | Phone: 712.749.2221
âœ” Created unclaimed coach profile: Aaron Poor (poorbeara@bvu.edu) â†’ coaches/poorbeara | Phone: 712.749.1811
âœ” Created unclaimed coach profile: Emily Hoesing (hoesinge@bvu.edu) â†’ coaches/hoesinge | Phone: 712.749.2355
âœ” Created unclaimed coach profile: Annika Powell (pattona@bvu.edu) â†’ coaches/pattona | Phone: 712.749.2080
âœ” Created unclaimed coach profile: Kelsey Resnick (resnickk@bvu.edu) â†’ coaches/resnickk | Phone: 712.749.2352
âœ” Created unclaimed coach profile: Chase Stiner (stinerc@bvu.edu) â†’ coaches/stinerc | Phone: 712.749.2266
âœ” Created unclaimed coach profile: Brett Groen (groenb@bvu.edu) â†’ coaches/groenb | Phone: 712.749.2267
âœ” Created unclaimed coach profile: Ty Hoover (hoovert@bvu.edu) â†’ coaches/hoovert | Phone: 712.749.2631
âœ” Created unclaimed coach profile: Bethany Martin (martinb@bvu.edu) â†’ coaches/martinb | Phone: 712.749.2287
âœ” Created unclaimed coach profile: Tammy Utley (utleyt@bvu.edu) â†’ coaches/utleyt | Phone: 712.749.2020
âœ” Created unclaimed coach profile: Lauren Greif (greifl@bvu.edu) â†’ coaches/greifl | Phone: 712.749.2020
âœ” Created unclaimed coach profile: Kylee Boettcher (boettcherk@bvu.edu) â†’ coaches/boettcherk | Phone: 712.749.2027
âœ” Created unclaimed coach profile: Kyle Bernhoft (BernhoftK@bvu.edu) â†’ coaches/BernhoftK | Phone: 712.749.2244
âœ” Created unclaimed coach profile: Mauricio Lozada (LozadaM@bvu.edu) â†’ coaches/LozadaM | Phone: 712.749.2031
âœ” Created unclaimed coach profile: Trisha Westphal (westphalt@bvu.edu) â†’ coaches/westphalt
âœ” Created unclaimed coach profile: Dan Taylor (taylord@bvu.edu) â†’ coaches/taylord | Phone: 712.749.2247
âœ” Created unclaimed coach profile: Will Baumann (baumannw@bvu.edu) â†’ coaches/baumannw | Phone: 712.749.2268
âœ” Created unclaimed coach profile: Kaitie Laughlin (serkizk@bvu.edu) â†’ coaches/serkizk
âœ” Created unclaimed coach profile: Sean White (whites@bvu.edu) â†’ coaches/whites | Phone: 712.749.2029
âœ” Created unclaimed coach profile: Michael Elliott (elliottm@bvu.edu) â†’ coaches/elliottm | Phone: 712.749.2028
âœ” Created unclaimed coach profile: Tom Mashek (mashekt@bvu.edu) â†’ coaches/mashekt
âœ” Created unclaimed coach profile: Paige Storm (StormP@bvu.edu) â†’ coaches/StormP | Phone: 712.749.2032
âœ” Created unclaimed coach profile: Abby McIntyre (mcintyrea@bvu.edu) â†’ coaches/mcintyrea
âœ” Created unclaimed coach profile: Adam Carey (careya@central.edu) â†’ coaches/careya
âœ” Created unclaimed coach profile: Ian Boline (bolinei@central.edu) â†’ coaches/bolinei
âœ” Created unclaimed coach profile: Jordan Mathewson (mathewsonj@central.edu) â†’ coaches/mathewsonj
âœ” Created unclaimed coach profile: Conor Riordan (riordanc@central.edu) â†’ coaches/riordanc
âœ” Created unclaimed coach profile: Ryan Schmitt (schmittr@central.edu) â†’ coaches/schmittr
âœ” Created unclaimed coach profile: Justin Weiland (weilandj@central.edu) â†’ coaches/weilandj
âœ” Created unclaimed coach profile: Taryn Barz (barzt@central.edu) â†’ coaches/barzt
âœ” Created unclaimed coach profile: Megan Bouska (bouskam@central.edu) â†’ coaches/bouskam
âœ” Created unclaimed coach profile: Joe Dunham (dunhamj@central.edu) â†’ coaches/dunhamj
âœ” Created unclaimed coach profile: Brandon Sturman (sturmanb@central.edu) â†’ coaches/sturmanb
âœ” Created unclaimed coach profile: Jeff McMartin (mcmartinj@central.edu) â†’ coaches/mcmartinj
âœ” Created unclaimed coach profile: Tim Lydon (lydont@central.edu) â†’ coaches/lydont
âœ” Created unclaimed coach profile: Max Race (racem@central.edu) â†’ coaches/racem | Phone: 641.628.5615
âœ” Created unclaimed coach profile: Tanner Schminke (schminket@central.edu) â†’ coaches/schminket | Phone: 641.628.5590
âœ” Created unclaimed coach profile: Drew Sikkink (sikkinka@central.edu) â†’ coaches/sikkinka
âœ” Created unclaimed coach profile: Mel Blasi (blasim@central.edu) â†’ coaches/blasim
âœ” Created unclaimed coach profile: Mackenzie Biggs (biggsm@central.edu) â†’ coaches/biggsm
âœ” Created unclaimed coach profile: Garry Laidlaw (laidlawg@central.edu) â†’ coaches/laidlawg
âœ” Created unclaimed coach profile: Pauly Apostolopoulos (apostolopoulosp@central.edu) â†’ coaches/apostolopoulosp
âœ” Created unclaimed coach profile: Mike Kobylinski (kobylinskim@central.edu) â†’ coaches/kobylinskim
âœ” Created unclaimed coach profile: Kate Jones (joneskai@central.edu) â†’ coaches/joneskai
âœ” Created unclaimed coach profile: Russ Goodman (goodmanr@central.edu) â†’ coaches/goodmanr
âœ” Created unclaimed coach profile: George Wares (waresg@central.edu) â†’ coaches/waresg
âœ” Created unclaimed coach profile: Ryun Ferrell (ferrellr@central.edu) â†’ coaches/ferrellr
âœ” Created unclaimed coach profile: Aaron Fuller (fullera@central.edu) â†’ coaches/fullera
âœ” Created unclaimed coach profile: Jim Fuller (fullerj@central.edu) â†’ coaches/fullerj
âœ” Created unclaimed coach profile: Jennie Hedrick-Rozenberg (hedrickrozenbergj@central.edu) â†’ coaches/hedrickrozenbergj
âœ” Created unclaimed coach profile: Jeanne Czipri (cziprij@central.edu) â†’ coaches/cziprij
âœ” Created unclaimed coach profile: Nicole Murphy (murphyn@central.edu) â†’ coaches/murphyn
âœ” Created unclaimed coach profile: Landon Williams (williamsl@central.edu) â†’ coaches/williamsl
âœ” Created unclaimed coach profile: Daniel Radcliffe (radcliffed@central.edu) â†’ coaches/radcliffed
âœ” Created unclaimed coach profile: Matt Diehl (diehlm@central.edu) â†’ coaches/diehlm
âœ” Created unclaimed coach profile: Jaime Miranda (mirandaj@central.edu) â†’ coaches/mirandaj
âœ” Created unclaimed coach profile: Matt Sagar (sagarm@central.edu) â†’ coaches/sagarm
âœ” Created unclaimed coach profile: Monica Ruiz (ruizm@central.edu) â†’ coaches/ruizm
âœ” Created unclaimed coach profile: Brian Wede (bwede@nwciowa.edu) â†’ coaches/bwede
âœ” Created unclaimed coach profile: Robby Laughlin (robert.laughlin@nwciowa.edu) â†’ coaches/robert.laughlin
âœ” Created unclaimed coach profile: Ben Coldiron (benjamin.coldiron@nwciowa.edu) â†’ coaches/benjamin.coldiron
âœ” Created unclaimed coach profile: Drew Nonnemacher (drew.nonnemacher@nwciowa.edu) â†’ coaches/drew.nonnemacher
âœ” Created unclaimed coach profile: Colton Kooima (colton.kooima@nwciowa.edu) â†’ coaches/colton.kooima
âœ” Created unclaimed coach profile: Ben Miller (benjamin.miller@nwciowa.edu) â†’ coaches/benjamin.miller
âœ” Created unclaimed coach profile: Austin Schlatter (austin.schlatter@nwciowa.edu) â†’ coaches/austin.schlatter
âœ” Created unclaimed coach profile: Chris Yaw (cyaw@nwciowa.edu) â†’ coaches/cyaw
âœ” Created unclaimed coach profile: Morgan Swedorski (morgan.swedorski@nwciowa.edu) â†’ coaches/morgan.swedorski
âœ” Created unclaimed coach profile: Gary Richardson (gary.richardson@nwciowa.edu) â†’ coaches/gary.richardson
âœ” Created unclaimed coach profile: Taylor Decker (taylor.decker@nwciowa.edu) â†’ coaches/taylor.decker
âœ” Created unclaimed coach profile: Michelle van (michelle.vanbeek@nwciowa.edu) â†’ coaches/michelle.vanbeek
âœ” Created unclaimed coach profile: Marlon Haverdink (marlon@nwciowa.edu) â†’ coaches/marlon
âœ” Created unclaimed coach profile: Matt McCarty (mattmcc@nwciowa.edu) â†’ coaches/mattmcc
âœ” Created unclaimed coach profile: Greg Will (gregory.will@nwciowa.edu) â†’ coaches/gregory.will
âœ” Created unclaimed coach profile: Ross Fernstrum (rfernstr@nwciowa.edu) â†’ coaches/rfernstr
âœ” Created unclaimed coach profile: Brice Byker (brice.byker@nwciowa.edu) â†’ coaches/brice.byker
âœ” Created unclaimed coach profile: Benji Kasel (benji.kasel@nwciowa.edu) â†’ coaches/benji.kasel
âœ” Created unclaimed coach profile: Sam Rall (samuel.rall@nwciowa.edu) â†’ coaches/samuel.rall
âœ” Created unclaimed coach profile: Cody Moser (cody.moser@nwciowa.edu) â†’ coaches/cody.moser
âœ” Created unclaimed coach profile: Jonathan Beaver (jonathan.beaver@nwciowa.edu) â†’ coaches/jonathan.beaver
âœ” Created unclaimed coach profile: Courtney Den (Courtney.denherder@nwciowa.edu) â†’ coaches/Courtney.denherder
âœ” Created unclaimed coach profile: Paul Bartlett (bartlett@nwciowa.edu) â†’ coaches/bartlett
âœ” Created unclaimed coach profile: Emily Hulshof (emily.hulshof@nwciowa.edu) â†’ coaches/emily.hulshof
âœ” Created unclaimed coach profile: Vitor Pereira (vitor.pereira@nwciowa.edu) â†’ coaches/vitor.pereira
âœ” Created unclaimed coach profile: Sarah Hummel (sarah.hummel@nwciowa.edu) â†’ coaches/sarah.hummel
âœ” Created unclaimed coach profile: Michael Simmelink (michael.simmelink@nwciowa.edu) â†’ coaches/michael.simmelink
âœ” Created unclaimed coach profile: Dan Swier (dswier@nwciowa.edu) â†’ coaches/dswier
âœ” Created unclaimed coach profile: Alex Schussman (alex.schussman@nwciowa.edu) â†’ coaches/alex.schussman
âœ” Created unclaimed coach profile: Juan Mackrey (juan.mackrey@nwciowa.edu) â†’ coaches/juan.mackrey
âœ” Created unclaimed coach profile: Gerrard Uamai (gerrard.uamai@nwciowa.edu) â†’ coaches/gerrard.uamai
âœ” Created unclaimed coach profile: Shane Bouman (shane.bouman@nwciowa.edu) â†’ coaches/shane.bouman
âœ” Created unclaimed coach profile: Jennifer Boeve (jennifer.boeve@nwciowa.edu) â†’ coaches/jennifer.boeve
âœ” Created unclaimed coach profile: Brian VandenBerg (brian.vandenberg@nwciowa.edu) â†’ coaches/brian.vandenberg
âœ” Created unclaimed coach profile: Chris Jelken (christopher.jelken@nwciowa.edu) â†’ coaches/christopher.jelken
âœ” Created unclaimed coach profile: Tim Vander (tim.vanderploeg@nwciowa.edu) â†’ coaches/tim.vanderploeg
âœ” Created unclaimed coach profile: Brian Tooker (brian.tooker@nwciowa.edu) â†’ coaches/brian.tooker
âœ” Created unclaimed coach profile: Scott Phelps (scott.phelps@nwciowa.edu) â†’ coaches/scott.phelps
âœ” Created unclaimed coach profile: Kyle Van (kylevdb@nwciowa.edu) â†’ coaches/kylevdb
âœ” Created unclaimed coach profile: Charity Browning (charity.browning@nwciowa.edu) â†’ coaches/charity.browning
âœ” Created unclaimed coach profile: Jamie Schar (jamie.schar@nwciowa.edu) â†’ coaches/jamie.schar
âœ” Created unclaimed coach profile: Dylan Costello (dylan.costello@nwciowa.edu) â†’ coaches/dylan.costello
âœ” Created unclaimed coach profile: Luis Rivera-Santiago (luis.riverasantiago@nwciowa.edu) â†’ coaches/luis.riverasantiago
âœ” Created unclaimed coach profile: Kelley Jacobs (kelley.jacobs@wartburg.edu) â†’ coaches/kelley.jacobs
âœ” Created unclaimed coach profile: Casey Klunder (casey.klunder@wartburg.edu) â†’ coaches/casey.klunder
âœ” Created unclaimed coach profile: Tyler Willis (tyler.willis@wartburg.edu) â†’ coaches/tyler.willis
âœ” Created unclaimed coach profile: Jared Pirkl (jared.pirkl@wartburg.edu) â†’ coaches/jared.pirkl
âœ” Created unclaimed coach profile: Matt Milewski (matt.milewski@wartburg.edu) â†’ coaches/matt.milewski
âœ” Created unclaimed coach profile: Bob Amsberry (bob.amsberry@wartburg.edu) â†’ coaches/bob.amsberry
âœ” Created unclaimed coach profile: Justin Little (justin.little@wartburg.edu) â†’ coaches/justin.little
âœ” Created unclaimed coach profile: Sam Leal (sam.leal@wartburg.edu) â†’ coaches/sam.leal
âœ” Created unclaimed coach profile: Kade Terrell (kade.terrell@wartburg.edu) â†’ coaches/kade.terrell
âœ” Created unclaimed coach profile: Alexis Neuer (alexis.runk@wartburg.edu) â†’ coaches/alexis.runk
âœ” Created unclaimed coach profile: Brandon Runk (brandon.runk@wartburg.edu) â†’ coaches/brandon.runk
âœ” Created unclaimed coach profile: Tara Winter (tara.winter@wartburg.edu) â†’ coaches/tara.winter
âœ” Created unclaimed coach profile: Bergan Blommers (bergan.blommers@wartburg.edu) â†’ coaches/bergan.blommers
âœ” Created unclaimed coach profile: Russell Malterud (russell.malterud@wartburg.edu) â†’ coaches/russell.malterud
âœ” Created unclaimed coach profile: Ryan Chapman (ryan.chapman@wartburg.edu) â†’ coaches/ryan.chapman
âœ” Created unclaimed coach profile: Philip Spitzer (philip.spitzer@wartburg.edu) â†’ coaches/philip.spitzer
âœ” Created unclaimed coach profile: Caleb Ferguson (caleb.ferguson@wartburg.edu) â†’ coaches/caleb.ferguson
âœ” Created unclaimed coach profile: Josh "Fisch" (joshua.fischer@wartburg.edu) â†’ coaches/joshua.fischer
âœ” Created unclaimed coach profile: Chris Winter (christopher.winter@wartburg.edu) â†’ coaches/christopher.winter
âœ” Created unclaimed coach profile: Matt Wheeler (matthew.wheeler@wartburg.edu) â†’ coaches/matthew.wheeler
âœ” Created unclaimed coach profile: Luke Summers (luke.summers@wartburg.edu) â†’ coaches/luke.summers
âœ” Created unclaimed coach profile: Ethan Lape (ethan.lape@wartburg.edu) â†’ coaches/ethan.lape
âœ” Created unclaimed coach profile: Matt Buckner (matt.buckner@wartburg.edu) â†’ coaches/matt.buckner
âœ” Created unclaimed coach profile: Jawanza Holmes (jawanza.holmes@wartburg.edu) â†’ coaches/jawanza.holmes
âœ” Created unclaimed coach profile: John Thompson (john.thompson@wartburg.edu) â†’ coaches/john.thompson
âœ” Created unclaimed coach profile: Mick Angel (mick.angel@wartburg.edu) â†’ coaches/mick.angel
âœ” Created unclaimed coach profile: Jason Steege (jason.steege@wartburg.edu) â†’ coaches/jason.steege
âœ” Created unclaimed coach profile: Emily Ryan (emily.ryan@wartburg.edu) â†’ coaches/emily.ryan
âœ” Created unclaimed coach profile: Cassie Nash (cassie.nash@wartburg.edu) â†’ coaches/cassie.nash
âœ” Created unclaimed coach profile: Mike Madigan (michael.madigan@wartburg.edu) â†’ coaches/michael.madigan
âœ” Created unclaimed coach profile: Christian Coridon (christian.coridon@wartburg.edu) â†’ coaches/christian.coridon
âœ” Created unclaimed coach profile: Jamie Mueller (jamie.mueller@wartburg.edu) â†’ coaches/jamie.mueller
âœ” Created unclaimed coach profile: Taylor Dickson (taylor.dickson@wartburg.edu) â†’ coaches/taylor.dickson
âœ” Created unclaimed coach profile: Adrian Norris (adrian.norris@wartburg.edu) â†’ coaches/adrian.norris
âœ” Created unclaimed coach profile: Chris Gustas (christopher.gustas@wartburg.edu) â†’ coaches/christopher.gustas
âœ” Created unclaimed coach profile: Marissa Gustas (marissa.gustas@wartburg.edu) â†’ coaches/marissa.gustas
âœ” Created unclaimed coach profile: Seth Roberson (seth.roberson@wartburg.edu) â†’ coaches/seth.roberson
âœ” Created unclaimed coach profile: Famiek Cook (famiek.cook@wartburg.edu) â†’ coaches/famiek.cook
âœ” Created unclaimed coach profile: DeAnn Akins (deann.akins@wartburg.edu) â†’ coaches/deann.akins
âœ” Created unclaimed coach profile: Jennifer Walker (jennifer.walker@wartburg.edu) â†’ coaches/jennifer.walker
âœ” Created unclaimed coach profile: Eric Keller (eric.keller@wartburg.edu) â†’ coaches/eric.keller
âœ” Created unclaimed coach profile: Trevor Kittleson (trevor.kittleson@wartburg.edu) â†’ coaches/trevor.kittleson
âœ” Created unclaimed coach profile: Brady Kyner (brady.kyner@wartburg.edu) â†’ coaches/brady.kyner
âœ” Created unclaimed coach profile: Gunnar Wolfensperger (g.wolfensperger@wartburg.edu) â†’ coaches/g.wolfensperger
âœ” Created unclaimed coach profile: Corby McGlauflin (Corby.McGlauflin@briarcliff.edu) â†’ coaches/Corby.McGlauflin
âœ” Created unclaimed coach profile: Darrian Stickney (Darrian.Stickney@briarcliff.edu) â†’ coaches/Darrian.Stickney
âœ” Created unclaimed coach profile: Joshua Culliver (Joshua.Culliver@briarcliff.edu) â†’ coaches/Joshua.Culliver
âœ” Created unclaimed coach profile: Cyler Melvin (cyler.melvin@briarcliff.edu) â†’ coaches/cyler.melvin
âœ” Created unclaimed coach profile: Mark Svagera (Mark.Svagera@briarcliff.edu) â†’ coaches/Mark.Svagera
âœ” Created unclaimed coach profile: Adam Schumacher (Adam.Schumacher@briarcliff.edu) â†’ coaches/Adam.Schumacher
âœ” Created unclaimed coach profile: Connor Sonius (connor.sonius@briarcliff.edu) â†’ coaches/connor.sonius
âœ” Created unclaimed coach profile: Grant Hopkins (Grant.Hopkins@briarcliff.edu) â†’ coaches/Grant.Hopkins
âœ” Created unclaimed coach profile: Madison Mahr (Madison.Mahr@briarcliff.edu) â†’ coaches/Madison.Mahr
âœ” Created unclaimed coach profile: Riley Miessner (Riley.Miessner@briarcliff.edu) â†’ coaches/Riley.Miessner
âœ” Created unclaimed coach profile: Jack Moehrke (jack.moehrke@briarcliff.edu) â†’ coaches/jack.moehrke
âœ” Created unclaimed coach profile: Shane LaDage (Shane.LaDage@briarcliff.edu) â†’ coaches/Shane.LaDage
âœ” Created unclaimed coach profile: Nathan Koziol (Nathan.Koziol@briarcliff.edu) â†’ coaches/Nathan.Koziol
âœ” Created unclaimed coach profile: Ryan Sayre (Ryan.Sayre@briarcliff.edu) â†’ coaches/Ryan.Sayre
âœ” Created unclaimed coach profile: Ryan Ross (ryan.ross@briarcliff.edu) â†’ coaches/ryan.ross
âœ” Created unclaimed coach profile: Connor Durdan (Connor.Durdan@briarcliff.edu) â†’ coaches/Connor.Durdan
âœ” Created unclaimed coach profile: Aydan Prieto (Aydan.Prieto@briarcliff.edu) â†’ coaches/Aydan.Prieto
âœ” Created unclaimed coach profile: Ben Irlbeck (Ben.Irlbeck@briarcliff.edu) â†’ coaches/Ben.Irlbeck
âœ” Created unclaimed coach profile: Luis de (luis.delafuentecastro@briarcliff.edu) â†’ coaches/luis.delafuentecastro
âœ” Created unclaimed coach profile: Yan Rosado (Yan.Rosado@briarcliff.edu) â†’ coaches/Yan.Rosado
âœ” Created unclaimed coach profile: Hugo Mariage (Hugo.Mariage@briarcliff.edu) â†’ coaches/Hugo.Mariage
âœ” Created unclaimed coach profile: Liam Brandso (Liam.Brandso@briarcliff.edu) â†’ coaches/Liam.Brandso
âœ” Created unclaimed coach profile: Ernesto Hidalgo (Ernesto.Hidalgo@briarcliff.edu) â†’ coaches/Ernesto.Hidalgo
âœ” Created unclaimed coach profile: TJ Eadus (TJ.Eadus@briarcliff.edu) â†’ coaches/TJ.Eadus
âœ” Created unclaimed coach profile: Makensey Pankers (Makensey.Pankers@briarcliff.edu) â†’ coaches/Makensey.Pankers
âœ” Created unclaimed coach profile: Mike Leapley (Mike.Leapley@briarcliff.edu) â†’ coaches/Mike.Leapley
âœ” Created unclaimed coach profile: Lauren Boatman (Lauren.Boatman@briarcliff.edu) â†’ coaches/Lauren.Boatman
âœ” Created unclaimed coach profile: Brady Van (Brady.VanDusen@briarcliff.edu) â†’ coaches/Brady.VanDusen
âœ” Created unclaimed coach profile: Donaco Watts (Donaco.Watts@briarcliff.edu) â†’ coaches/Donaco.Watts
âœ” Created unclaimed coach profile: Josh Rogers (Josh.Rogers@briarcliff.edu) â†’ coaches/Josh.Rogers
âœ” Created unclaimed coach profile: Drew West (Drew.West@briarcliff.edu) â†’ coaches/Drew.West
âœ” Created unclaimed coach profile: Steve Cook (scook@coe.edu) â†’ coaches/scook
âœ” Created unclaimed coach profile: AJ Reuter (areuter@coe.edu) â†’ coaches/areuter
âœ” Created unclaimed coach profile: Kayla Waskow (kwaskow@coe.edu) â†’ coaches/kwaskow
âœ” Created unclaimed coach profile: Don Spellman (thedpspellman@gmail.com) â†’ coaches/thedpspellman
âœ” Created unclaimed coach profile: Stephen Vassalotti (svassalotti@coe.edu) â†’ coaches/svassalotti
âœ” Created unclaimed coach profile: Rachel Rickert (rrickert@coe.edu) â†’ coaches/rrickert
âœ” Created unclaimed coach profile: Cam Armstrong (carmstrong@coe.edu) â†’ coaches/carmstrong
âœ” Created unclaimed coach profile: John Heald (jheald@coe.edu) â†’ coaches/jheald
âœ” Created unclaimed coach profile: John Payan (jpayan@coe.edu) â†’ coaches/jpayan
âœ” Created unclaimed coach profile: Mark Lowe (mlowe@coe.edu) â†’ coaches/mlowe
âœ” Created unclaimed coach profile: Randy Dodge (rdodge@coe.edu) â†’ coaches/rdodge
âœ” Created unclaimed coach profile: Diate Jackson (DJackson@coe.edu) â†’ coaches/DJackson
âœ” Created unclaimed coach profile: Patrick Cory (pcory@coe.edu) â†’ coaches/pcory
âœ” Created unclaimed coach profile: Ellie Carver (elliemcarver@gmail.com) â†’ coaches/elliemcarver
ðŸ”„ Updating unclaimed profile for mlittleton@coe.edu
âœ” Updated unclaimed coach profile: Mat Littleton (mlittleton@coe.edu) â†’ coaches/mlittleton
âœ” Created unclaimed coach profile: Logan Stroman (lstroman@coe.edu) â†’ coaches/lstroman
âœ” Created unclaimed coach profile: Krista Littleton (klittleton@coe.edu) â†’ coaches/klittleton
âœ” Created unclaimed coach profile: Curt Kimm (ckimm@coe.edu) â†’ coaches/ckimm
âœ” Created unclaimed coach profile: Tyler Staker (tdstaker@coe.edu) â†’ coaches/tdstaker
âœ” Created unclaimed coach profile: Cody Baethke (cbaethke@coe.edu) â†’ coaches/cbaethke
âœ” Created unclaimed coach profile: Trevor McConnell (tmcconnell@coe.edu) â†’ coaches/tmcconnell
âœ” Created unclaimed coach profile: Eric Karius (ekarius@coe.edu) â†’ coaches/ekarius
âœ” Created unclaimed coach profile: Bill Vincent (bv200905@gmail.com) â†’ coaches/bv200905
âœ” Created unclaimed coach profile: Kyle Bakas (kbakas@coe.edu) â†’ coaches/kbakas
âœ” Created unclaimed coach profile: Graham Lynch (glynch@coe.edu) â†’ coaches/glynch
âœ” Created unclaimed coach profile: Quentin Fisher (quentinevanfisher@gmail.com) â†’ coaches/quentinevanfisher
ðŸ”„ Updating unclaimed profile for jculotta@coe.edu
âœ” Updated unclaimed coach profile: James Culotta (jculotta@coe.edu) â†’ coaches/jculotta
âœ” Created unclaimed coach profile: Jake Koolbeck (jwkoolbeck@coe.edu) â†’ coaches/jwkoolbeck
âœ” Created unclaimed coach profile: Joe Tristan (jtristan@coe.edu) â†’ coaches/jtristan
âœ” Created unclaimed coach profile: Tony Kramer (tkramer@coe.edu) â†’ coaches/tkramer
âœ” Created unclaimed coach profile: Meredith Nash (mnash@coe.edu) â†’ coaches/mnash
âœ” Created unclaimed coach profile: Eric Rodgers (erodgers@coe.edu) â†’ coaches/erodgers
âœ” Created unclaimed coach profile: Mike Strydom (mstrydom@coe.edu) â†’ coaches/mstrydom
ðŸ”„ Updating unclaimed profile for cchristian@coe.edu
âœ” Updated unclaimed coach profile: Claire Christian (cchristian@coe.edu) â†’ coaches/cchristian
âœ” Created unclaimed coach profile: Molly Fiala (mgarber@coe.edu) â†’ coaches/mgarber
âœ” Created unclaimed coach profile: Amanda Owens (aowens@coe.edu) â†’ coaches/aowens
âœ” Created unclaimed coach profile: Kris Tiedt (ktiedt@coe.edu) â†’ coaches/ktiedt
âœ” Created unclaimed coach profile: April Elsbernd (aelsbernd@coe.edu) â†’ coaches/aelsbernd
âœ” Created unclaimed coach profile: Sam Rossetti (srossetti@coe.edu) â†’ coaches/srossetti
âœ” Created unclaimed coach profile: Ilah Perez-Johnson (iperezjohnson@coe.edu) â†’ coaches/iperezjohnson
âœ” Created unclaimed coach profile: Kaleb Reeves (kreeves@coe.edu) â†’ coaches/kreeves
âœ” Created unclaimed coach profile: John Oostendorp (joostend@coe.edu) â†’ coaches/joostend
âœ” Created unclaimed coach profile: Jimmy Gotto (jgotto@coe.edu) â†’ coaches/jgotto
âœ” Created unclaimed coach profile: Jeff Meeker (jmeeker@cornellcollege.edu) â†’ coaches/jmeeker
âœ” Created unclaimed coach profile: Robbie Dombrowski (rdombrowski@cornellcollege.edu) â†’ coaches/rdombrowski
âœ” Created unclaimed coach profile: Colin Konicek (ckonicek@cornellcollege.edu) â†’ coaches/ckonicek
âœ” Created unclaimed coach profile: Frank Fishler (ffishler@cornellcollege.edu) â†’ coaches/ffishler
âœ” Created unclaimed coach profile: Josh Soper (jsoper@cornellcollege.edu) â†’ coaches/jsoper
âœ” Created unclaimed coach profile: Dave Schlabaugh (dschlabaugh@cornellcollege.edu) â†’ coaches/dschlabaugh
âœ” Created unclaimed coach profile: Zach Schlabaugh (zschlabaugh@cornellcollege.edu) â†’ coaches/zschlabaugh
âœ” Created unclaimed coach profile: Brent Brase (bbrase@cornellcollege.edu) â†’ coaches/bbrase
âœ” Created unclaimed coach profile: Rose Shimaoka (rshimaoka@cornellcollege.edu) â†’ coaches/rshimaoka
âœ” Created unclaimed coach profile: Jerry Frawley (jfrawley@cornellcollege.edu) â†’ coaches/jfrawley
âœ” Created unclaimed coach profile: Haley Harms-Frawley (hharms@cornellcollege.edu) â†’ coaches/hharms
âœ” Created unclaimed coach profile: Curt Ritchie (critchie@cornellcollege.edu) â†’ coaches/critchie
âœ” Created unclaimed coach profile: Nate Grosse (ngrosse@cornellcollege.edu) â†’ coaches/ngrosse
âœ” Created unclaimed coach profile: Sarah Campbell (scampbell@cornellcollege.edu) â†’ coaches/scampbell
âœ” Created unclaimed coach profile: Robin Brand (rbrand@cornellcollege.edu) â†’ coaches/rbrand
âœ” Created unclaimed coach profile: Hannah Kalnicky (hkalnicky@cornellcollege.edu) â†’ coaches/hkalnicky
âœ” Created unclaimed coach profile: Trent Schneider (tschneider@cornellcollege.edu) â†’ coaches/tschneider
âœ” Created unclaimed coach profile: Jerry Monner (jmonner@cornellcollege.edu) â†’ coaches/jmonner
âœ” Created unclaimed coach profile: Brent Hamm (bhamm@cornellcollege.edu) â†’ coaches/bhamm
âœ” Created unclaimed coach profile: Carter Happel (chappel@cornellcollege.edu) â†’ coaches/chappel
âœ” Created unclaimed coach profile: Sydney Meeker (smeeker@cornellcollege.edu) â†’ coaches/smeeker
âœ” Created unclaimed coach profile: Paul Hageman (phageman@cornellcollege.edu) â†’ coaches/phageman
âœ” Created unclaimed coach profile: Robert Pousak (rpousak@cornellcollege.edu) â†’ coaches/rpousak
ðŸ”„ Updating unclaimed profile for mmeier@cornellcollege.edu
âœ” Updated unclaimed coach profile: Meredith Meier (mmeier@cornellcollege.edu) â†’ coaches/mmeier
âœ” Created unclaimed coach profile: Lizzy Ott (eott@cornellcollege.edu) â†’ coaches/eott
âœ” Created unclaimed coach profile: Boston Jacobs (bjacobs@cornellcollege.edu) â†’ coaches/bjacobs
âœ” Created unclaimed coach profile: Courtney Pennel (cpennel@cornellcollege.edu) â†’ coaches/cpennel
âœ” Created unclaimed coach profile: Gabrielle McCoy (gmccoy@cornellcollege.edu) â†’ coaches/gmccoy
âœ” Created unclaimed coach profile: Paige Busick (pbusick@cornellcollege.edu) â†’ coaches/pbusick

ðŸ“Š Upload Summary:
âœ” 411 coach profiles created/updated
â­ï¸  0 profiles skipped (already claimed)
ðŸ“§ Coaches can now claim their profiles during onboarding using their email address
