Could get FontBBox from font descriptor because None cannot be parsed as 4 floats
Could get FontBBox from font descriptor because None cannot be parsed as 4 floats
Could get FontBBox from font descriptor because None cannot be parsed as 4 floats
Could get FontBBox from font descriptor because None cannot be parsed as 4 floats
Could get FontBBox from font descriptor because None cannot be parsed as 4 floats
Could get FontBBox from font descriptor because None cannot be parsed as 4 floats
Could get FontBBox from font descriptor because None cannot be parsed as 4 floats
Could get FontBBox from font descriptor because None cannot be parsed as 4 floats
Could get FontBBox from font descriptor because None cannot be parsed as 4 floats
Could get FontBBox from font descriptor because None cannot be parsed as 4 floats
Could get FontBBox from font descriptor because None cannot be parsed as 4 floats
Could get FontBBox from font descriptor because None cannot be parsed as 4 floats
Could get FontBBox from font descriptor because None cannot be parsed as 4 floats
Could get FontBBox from font descriptor because None cannot be parsed as 4 floats
Could get FontBBox from font descriptor because None cannot be parsed as 4 floats
Could get FontBBox from font descriptor because None cannot be parsed as 4 floats
Could get FontBBox from font descriptor because None cannot be parsed as 4 floats
Could get FontBBox from font descriptor because None cannot be parsed as 4 floats
Could get FontBBox from font descriptor because None cannot be parsed as 4 floats
Could get FontBBox from font descriptor because None cannot be parsed as 4 floats
Could get FontBBox from font descriptor because None cannot be parsed as 4 floats
Could get FontBBox from font descriptor because None cannot be parsed as 4 floats
Could get FontBBox from font descriptor because None cannot be parsed as 4 floats
Could get FontBBox from font descriptor because None cannot be parsed as 4 floats
Could get FontBBox from font descriptor because None cannot be parsed as 4 floats
Cannot set gray stroke color because /'P22' is an invalid float value
Cannot set gray non-stroke color because /'P22' is an invalid float value
Could get FontBBox from font descriptor because None cannot be parsed as 4 floats
Cannot set gray stroke color because /'P12' is an invalid float value
Cannot set gray non-stroke color because /'P12' is an invalid float value
Cannot set gray stroke color because /'P12' is an invalid float value
Cannot set gray non-stroke color because /'P12' is an invalid float value
Cannot set gray stroke color because /'P73' is an invalid float value
Cannot set gray non-stroke color because /'P73' is an invalid float value
Cannot set gray stroke color because /'P80' is an invalid float value
Cannot set gray non-stroke color because /'P80' is an invalid float value
Cannot set gray stroke color because /'P81' is an invalid float value
Cannot set gray non-stroke color because /'P81' is an invalid float value
Cannot set gray stroke color because /'P80' is an invalid float value
Cannot set gray non-stroke color because /'P80' is an invalid float value
Cannot set gray stroke color because /'P81' is an invalid float value
Cannot set gray non-stroke color because /'P81' is an invalid float value
Cannot set gray stroke color because /'P113' is an invalid float value
Cannot set gray non-stroke color because /'P113' is an invalid float value
Cannot set gray stroke color because /'P6' is an invalid float value
Cannot set gray non-stroke color because /'P6' is an invalid float value
Cannot set gray stroke color because /'P11' is an invalid float value
Cannot set gray non-stroke color because /'P11' is an invalid float value
Cannot set gray stroke color because /'P12' is an invalid float value
Cannot set gray non-stroke color because /'P12' is an invalid float value
Cannot set gray stroke color because /'P96' is an invalid float value
Cannot set gray non-stroke color because /'P96' is an invalid float value
Cannot set gray stroke color because /'P97' is an invalid float value
Cannot set gray non-stroke color because /'P97' is an invalid float value
Cannot set gray stroke color because /'P10' is an invalid float value
Cannot set gray non-stroke color because /'P10' is an invalid float value
Cannot set gray stroke color because /'P11' is an invalid float value
Cannot set gray non-stroke color because /'P11' is an invalid float value
Cannot set gray stroke color because /'P10' is an invalid float value
Cannot set gray non-stroke color because /'P10' is an invalid float value
Cannot set gray stroke color because /'P11' is an invalid float value
Cannot set gray non-stroke color because /'P11' is an invalid float value
Cannot set gray stroke color because /'P95' is an invalid float value
Cannot set gray non-stroke color because /'P95' is an invalid float value
Cannot set gray stroke color because /'P131' is an invalid float value
Cannot set gray non-stroke color because /'P131' is an invalid float value
Cannot set gray stroke color because /'P131' is an invalid float value
Cannot set gray non-stroke color because /'P131' is an invalid float value
Cannot set gray stroke color because /'P149' is an invalid float value
Cannot set gray non-stroke color because /'P149' is an invalid float value
Cannot set gray stroke color because /'P187' is an invalid float value
Cannot set gray non-stroke color because /'P187' is an invalid float value
Cannot set gray stroke color because /'P188' is an invalid float value
Cannot set gray non-stroke color because /'P188' is an invalid float value
Cannot set gray stroke color because /'P10' is an invalid float value
Cannot set gray non-stroke color because /'P10' is an invalid float value
Cannot set gray stroke color because /'P18' is an invalid float value
Cannot set gray non-stroke color because /'P18' is an invalid float value
Cannot set gray stroke color because /'P92' is an invalid float value
Cannot set gray non-stroke color because /'P92' is an invalid float value
Cannot set gray stroke color because /'P93' is an invalid float value
Cannot set gray non-stroke color because /'P93' is an invalid float value
Cannot set gray stroke color because /'P92' is an invalid float value
Cannot set gray non-stroke color because /'P92' is an invalid float value
Cannot set gray stroke color because /'P170' is an invalid float value
Cannot set gray non-stroke color because /'P170' is an invalid float value
Cannot set gray stroke color because /'P173' is an invalid float value
Cannot set gray non-stroke color because /'P173' is an invalid float value
Cannot set gray stroke color because /'P92' is an invalid float value
Cannot set gray non-stroke color because /'P92' is an invalid float value
Cannot set gray stroke color because /'P175' is an invalid float value
Cannot set gray non-stroke color because /'P175' is an invalid float value
Cannot set gray stroke color because /'P92' is an invalid float value
Cannot set gray non-stroke color because /'P92' is an invalid float value
Cannot set gray stroke color because /'P229' is an invalid float value
Cannot set gray non-stroke color because /'P229' is an invalid float value
Could get FontBBox from font descriptor because None cannot be parsed as 4 floats
Could get FontBBox from font descriptor because None cannot be parsed as 4 floats
Could get FontBBox from font descriptor because None cannot be parsed as 4 floats
Could get FontBBox from font descriptor because None cannot be parsed as 4 floats
Cannot set gray stroke color because /'P246' is an invalid float value
Cannot set gray non-stroke color because /'P246' is an invalid float value
Cannot set gray stroke color because /'P34' is an invalid float value
Cannot set gray non-stroke color because /'P34' is an invalid float value
Cannot set gray stroke color because /'P98' is an invalid float value
Cannot set gray non-stroke color because /'P98' is an invalid float value
Cannot set gray stroke color because /'P150' is an invalid float value
Cannot set gray non-stroke color because /'P150' is an invalid float value
Cannot set gray stroke color because /'P153' is an invalid float value
Cannot set gray non-stroke color because /'P153' is an invalid float value
Cannot set gray stroke color because /'P153' is an invalid float value
Cannot set gray non-stroke color because /'P153' is an invalid float value
Cannot set gray stroke color because /'P167' is an invalid float value
Cannot set gray non-stroke color because /'P167' is an invalid float value
Cannot set gray stroke color because /'P167' is an invalid float value
Cannot set gray non-stroke color because /'P167' is an invalid float value
Cannot set gray stroke color because /'P179' is an invalid float value
Cannot set gray non-stroke color because /'P179' is an invalid float value
Cannot set gray stroke color because /'P179' is an invalid float value
Cannot set gray non-stroke color because /'P179' is an invalid float value
Cannot set gray stroke color because /'P191' is an invalid float value
Cannot set gray non-stroke color because /'P191' is an invalid float value
Cannot set gray stroke color because /'P191' is an invalid float value
Cannot set gray non-stroke color because /'P191' is an invalid float value
Cannot set gray stroke color because /'P203' is an invalid float value
Cannot set gray non-stroke color because /'P203' is an invalid float value
Cannot set gray stroke color because /'P203' is an invalid float value
Cannot set gray non-stroke color because /'P203' is an invalid float value
Cannot set gray stroke color because /'P203' is an invalid float value
Cannot set gray non-stroke color because /'P203' is an invalid float value
Cannot set gray stroke color because /'P203' is an invalid float value
Cannot set gray non-stroke color because /'P203' is an invalid float value
-> Reading CSV: /Users/kevinvera/Documents/GitHub/ReviewMyCoach.com/reviewmycoach/reviewmycoach-python-venv/pdfs-n-csvs/in/Indiana College Athletics.csv
-> Output PDFs to: /Users/kevinvera/Documents/GitHub/ReviewMyCoach.com/reviewmycoach/reviewmycoach-python-venv/pdfs-n-csvs/in

Printing completed in 138.5s
Success: 36 | Skipped: 2 | Errors: 0

Resolved URLs used:
- Wabash College.pdf: https://sports.wabash.edu/staff-directory?print=true
- Ball State University.pdf: https://ballstatesports.com/staff-directory?print=true
- DePauw University.pdf: https://depauwtigers.com/staff-directory/print
- Indiana University Bloomington.pdf: https://iuhoosiers.com/staff-directory?print=true
- Indiana University East.pdf: https://iueredwolves.com/staff-directory?print=true
- University of Saint Francis (IN).pdf: https://sfcougars.com/staff-directory?print=true
- Earlham College.pdf: https://goearlham.com/staff-directory?print=true
- Saint Mary’s College.pdf: https://belles.saintmarys.edu/staff-directory?print=true
- Indiana University Kokomo.pdf: https://iukcougars.com/staff-directory?print=true
- Franklin College.pdf: https://franklingrizzlies.com/staff-directory?print=true
- University of Evansville.pdf: https://gopurpleaces.com/staff-directory?print=true
- Bethel University (IN).pdf: https://bethelathletics.com/staff-directory?print=true
- Indiana University Northwest.pdf: https://iunredhawks.com/staff-directory?print=true
- Grace College.pdf: https://gclancers.com/staff-directory?print=true
- Purdue University.pdf: https://purduesports.com/staff-directory/print
- Indiana University South Bend.pdf: https://iusbtitans.com/staff-directory?print=true
- University of Notre Dame.pdf: https://fightingirish.com/staff-directory?print=true
- Manchester University.pdf: https://muspartans.com/staff-directory?print=true
- Goshen College.pdf: https://goleafs.net/staff-directory?print=true
- Indiana Wesleyan University.pdf: https://iwuwildcats.com/staff-directory?print=true
- Valparaiso University.pdf: https://valpoathletics.com/staff-directory?print=true
- Rose-Hulman Institute of Technology.pdf: https://athletics.rose-hulman.edu/staff-directory?print=true
- University of Indianapolis (plays NCAA DII).pdf: https://athletics.uindy.edu/staff-directory/print
- Huntington University.pdf: https://huntington.edu/athletics?print=true
- Butler University.pdf: https://butlersports.com/staff-directory?print=true
- Saint Mary’s College (IN).pdf: https://belles.saintmarys.edu/staff-directory?print=true
- Oakland City University.pdf: https://ocusports.com/staff-directory?print=true
- Saint Francis University (Fort Wayne, IN).pdf: https://saintfranciscougars.com/staff-directory?print=true
- Indiana State University.pdf: https://gosycamores.com/staff-directory?print=true
- Purdue University Fort Wayne.pdf: https://gomastodons.com/staff-directory/print
- Trine University.pdf: https://trinethunder.com/staff-directory?print=true
- Anderson University.pdf: https://athletics.anderson.edu/staff-directory?print=true
- Indiana Institute of Technology (Indiana Tech).pdf: https://indianatechwarriors.com/staff-directory?print=true
- Taylor University.pdf: https://taylortrojans.com/staff-directory?print=true
- Marian University (IN).pdf: https://muknights.com/staff-directory/print
- University of Indianapolis.pdf: https://athletics.uindy.edu/staff-directory/print

Skipped:
- https://vuathletics.com/staff-directory -> Navigation failed: Page.goto: net::ERR_CERT_AUTHORITY_INVALID at https://vuathletics.com/staff-directory/index
Call log:
  - navigating to "https://vuathletics.com/staff-directory/index", waiting until "networkidle"
 (tried: https://vuathletics.com/staff-directory?print=true, https://vuathletics.com/staff-directory/print, https://vuathletics.com/staff-directory, https://vuathletics.com/staff-directory/index?print=true, https://vuathletics.com/staff-directory/index/print, https://vuathletics.com/staff-directory/index)
- https://hanoverpanthers.com/staff-directory -> Navigation failed: Page.goto: net::ERR_NAME_NOT_RESOLVED at https://hanoverpanthers.com/staff-directory/index
Call log:
  - navigating to "https://hanoverpanthers.com/staff-directory/index", waiting until "networkidle"
 (tried: https://hanoverpanthers.com/staff-directory?print=true, https://hanoverpanthers.com/staff-directory/print, https://hanoverpanthers.com/staff-directory, https://hanoverpanthers.com/staff-directory/index?print=true, https://hanoverpanthers.com/staff-directory/index/print, https://hanoverpanthers.com/staff-directory/index)

Parsing printed PDFs and preparing upload entries...
✔ Total coach entries prepared: 674
DRY RUN MODE - No actual upload to Firestore
[DRY RUN] Would create unclaimed coach profile: Kyle Brumett (brumettk@wabash.edu) → coaches/brumettk
[DRY RUN] Would create unclaimed coach profile: Tyler McCreary (mccreart@wabash.edu) → coaches/mccreart
[DRY RUN] Would create unclaimed coach profile: Olmy Olmstead (olmsteae@wabash.edu) → coaches/olmsteae
[DRY RUN] Would create unclaimed coach profile: Nate Webber (webbern@wabash.edu) → coaches/webbern
[DRY RUN] Would create unclaimed coach profile: Will Bernhardt (bernharw@wabash.edu) → coaches/bernharw
[DRY RUN] Would create unclaimed coach profile: Volunteer Assistant (drbell@bsu.edu) → coaches/drbell
[DRY RUN] Would create unclaimed coach profile: Cheerleading Head (wrichards@varsity.com) → coaches/wrichards
[DRY RUN] Would create unclaimed coach profile: Head Coach (ramaloney@bsu.edu) → coaches/ramaloney
[DRY RUN] Would create unclaimed coach profile: Assistant Coach (alex.maloney@bsu.edu) → coaches/alex.maloney
[DRY RUN] Would create unclaimed coach profile: Assistant Coach (justin.wechsler@bsu.edu) → coaches/justin.wechsler
[DRY RUN] Would create unclaimed coach profile: Head Coach (mbasketball@bsu.edu) → coaches/mbasketball
[DRY RUN] Would create unclaimed coach profile: Head Coach (absallee@bsu.edu) → coaches/absallee
[DRY RUN] Would create unclaimed coach profile: Associate Head (aemcdonald@bsu.edu) → coaches/aemcdonald
[DRY RUN] Would create unclaimed coach profile: Assistant Coach (Moriah.Monaco@bsu.edu) → coaches/Moriah.Monaco
[DRY RUN] Would create unclaimed coach profile: Assistant Women's (cassandra.morrissett@bsu.edu) → coaches/cassandra.morrissett
[DRY RUN] Would create unclaimed coach profile: Assistant Women's (mariah.king@bsu.edu) → coaches/mariah.king
[DRY RUN] Would create unclaimed coach profile: Head Coach (adrian.wheatley@bsu.edu) → coaches/adrian.wheatley
[DRY RUN] Would create unclaimed coach profile: Head Coach (caitlin.walsh@bsu.edu) → coaches/caitlin.walsh
[DRY RUN] Would create unclaimed coach profile: Head Football (football@bsu.edu) → coaches/football
[DRY RUN] Would create unclaimed coach profile: Head Coach (mfleck@bsu.edu) → coaches/mfleck
[DRY RUN] Would create unclaimed coach profile: Head Coach (cameron.andry@bsu.edu) → coaches/cameron.andry
[DRY RUN] Would create unclaimed coach profile: Head Coach (jlsaleem@bsu.edu) → coaches/jlsaleem
[DRY RUN] Would create unclaimed coach profile: Assistant Coach (stwilson@bsu.edu) → coaches/stwilson
[DRY RUN] Would create unclaimed coach profile: Head Coach (helen.pena@bsu.edu) → coaches/helen.pena
[DRY RUN] Would create unclaimed coach profile: Associate Head (matt.burns@bsu.edu) → coaches/matt.burns
[DRY RUN] Would create unclaimed coach profile: Assistant Coach (avrey.steiner@bsu.edu) → coaches/avrey.steiner
[DRY RUN] Would create unclaimed coach profile: Head Coach (jragnew@bsu.edu) → coaches/jragnew
[DRY RUN] Would create unclaimed coach profile: Assistant Coach (James.boone@bsu.edu) → coaches/James.boone
[DRY RUN] Would create unclaimed coach profile: Head Coach (kmiller2@bsu.edu) → coaches/kmiller2
[DRY RUN] Would create unclaimed coach profile: Assistant Coach (darcy.dorton@bsu.edu) → coaches/darcy.dorton
[DRY RUN] Would create unclaimed coach profile: Assistant Coach (tucker.bitting@bsu.edu) → coaches/tucker.bitting
[DRY RUN] Would create unclaimed coach profile: Athletic Performance (edramire@iu.edu) → coaches/edramire
[DRY RUN] Would create unclaimed coach profile: Athletic Performance (dusnyder@iu.edu) → coaches/dusnyder
[DRY RUN] Would create unclaimed coach profile: Head Coach (jeffmerc@iu.edu) → coaches/jeffmerc
[DRY RUN] Would create unclaimed coach profile: Associate Coach/Pitching (dglant@iu.edu) → coaches/dglant
[DRY RUN] Would create unclaimed coach profile: Assistant Coach/Hitting (zweathe@iu.edu) → coaches/zweathe
[DRY RUN] Would create unclaimed coach profile: Assistant Coach/Pitching (dsagerma@iu.edu) → coaches/dsagerma
[DRY RUN] Would create unclaimed coach profile: Head Coach (wbasket@iu.edu) → coaches/wbasket
[DRY RUN] Would create unclaimed coach profile: Associate Head (wierzbar@iu.edu) → coaches/wierzbar
[DRY RUN] Would create unclaimed coach profile: Assistant Coach (apatberg@iu.edu) → coaches/apatberg
[DRY RUN] Would create unclaimed coach profile: Assistant Coach (jwbye@iu.edu) → coaches/jwbye
[DRY RUN] Would create unclaimed coach profile: Head Diving (drjohans@iu.edu) → coaches/drjohans
[DRY RUN] Would create unclaimed coach profile: Assistant Coach (chockers@IU.edu) → coaches/chockers
[DRY RUN] Would create unclaimed coach profile: Associate Head (gklindbe@iu.edu) → coaches/gklindbe
[DRY RUN] Would create unclaimed coach profile: Assistant Coach (samsclif@iu.edu) → coaches/samsclif
[DRY RUN] Would create unclaimed coach profile: Associate Head (kprobson@iu.edu) → coaches/kprobson
[DRY RUN] Would create unclaimed coach profile: Assistant Coach (clomeli@iu.edu) → coaches/clomeli
[DRY RUN] Would create unclaimed coach profile: Assistant Coach (tannthom@iu.edu) → coaches/tannthom
[DRY RUN] Would create unclaimed coach profile: Head Coach (softball@iu.edu) → coaches/softball
[DRY RUN] Would create unclaimed coach profile: Associate Head (bell1@iu.edu) → coaches/bell1
[DRY RUN] Would create unclaimed coach profile: Head Coach (rlooze@iu.edu) → coaches/rlooze
[DRY RUN] Would create unclaimed coach profile: Associate Head (cormchit@iu.edu) → coaches/cormchit
[DRY RUN] Would create unclaimed coach profile: Associate Head (longjoh@iu.edu) → coaches/longjoh
[DRY RUN] Would create unclaimed coach profile: Assistant Head (lukeryan@iu.edu) → coaches/lukeryan
[DRY RUN] Would create unclaimed coach profile: Head Coach (wurtzman@iu.edu) → coaches/wurtzman
[DRY RUN] Would create unclaimed coach profile: Associate Head (mikemurr@iu.edu) → coaches/mikemurr
[DRY RUN] Would create unclaimed coach profile: Head Coach (wvolley@iu.edu) → coaches/wvolley
[DRY RUN] Would create unclaimed coach profile: Associate Head (raclmorr@iu.edu) → coaches/raclmorr
[DRY RUN] Would create unclaimed coach profile: Head Coach (taymac@iu.edu) → coaches/taymac
[DRY RUN] Would create unclaimed coach profile: Head Coach (wrestl@iu.edu) → coaches/wrestl
[DRY RUN] Would create unclaimed coach profile: Assistant Coach (rklefeve@iu.edu) → coaches/rklefeve
[DRY RUN] Would create unclaimed coach profile: Steve Sakosits (sakosst@earlham.edu) → coaches/sakosst | Phone: (765) 983-1730
[DRY RUN] Would create unclaimed coach profile: Lauren Horton (hortola@earlham.edu) → coaches/hortola | Phone: (765) 983-1490
[DRY RUN] Would create unclaimed coach profile: Nicole Chalfant (volgrni@earlham.edu) → coaches/volgrni | Phone: (765) 983-1721
[DRY RUN] Would create unclaimed coach profile: Ryan Covele (covelry@earlham.edu) → coaches/covelry | Phone: (765) 983-1414
[DRY RUN] Would create unclaimed coach profile: Jim Etling (etlinji@earlham.edu) → coaches/etlinji
[DRY RUN] Would create unclaimed coach profile: Brandon Wilson (wilsobr@earlham.edu) → coaches/wilsobr
[DRY RUN] Would create unclaimed coach profile: Josh Slade (sladejo@earlham.edu) → coaches/sladejo
[DRY RUN] Would create unclaimed coach profile: Jason Davis (davisja2@earlham.edu) → coaches/davisja2 | Phone: (937) 218-8908
[DRY RUN] Would create unclaimed coach profile: Chris Krystofiak (krystch@earlham.edu) → coaches/krystch | Phone: (765) 983-1668
[DRY RUN] Would create unclaimed coach profile: George Rickett (rickege@earlham.edu) → coaches/rickege
[DRY RUN] Would create unclaimed coach profile: Isaiah Cavaco (cavacis@earlham.edu) → coaches/cavacis
[DRY RUN] Would create unclaimed coach profile: Matt Brown (brownma@earlham.edu) → coaches/brownma | Phone: (765) 983-1482
[DRY RUN] Would create unclaimed coach profile: Seth Kestranek (kestrse@earlham.edu) → coaches/kestrse
[DRY RUN] Would create unclaimed coach profile: Taylor Lanzillo (lanzita@earlham.edu) → coaches/lanzita | Phone: (856) 520-2007
[DRY RUN] Would create unclaimed coach profile: Aaron Gustine (gustiaa@earlham.edu) → coaches/gustiaa | Phone: (765) 983-1477
[DRY RUN] Would create unclaimed coach profile: Jack Amorosano (amoroja@earlham.edu) → coaches/amoroja
[DRY RUN] Would create unclaimed coach profile: Roy Messer (messero@earlham.edu) → coaches/messero
[DRY RUN] Would create unclaimed coach profile: Jacob Freeland (freelja@earlham.edu) → coaches/freelja | Phone: (740) 516-3770
[DRY RUN] Would create unclaimed coach profile: Stacey Goyette (goyetst@earlham.edu) → coaches/goyetst | Phone: (765) 620-4163
[DRY RUN] Would create unclaimed coach profile: Meg Stanley (stanlme@earlham.edu) → coaches/stanlme
[DRY RUN] Would create unclaimed coach profile: Joe Adams (jtadams10@earlham.edu) → coaches/jtadams10
[DRY RUN] Would create unclaimed coach profile: Nicole Sims (simsni@earlham.edu) → coaches/simsni
[DRY RUN] Would create unclaimed coach profile: Lydia Harvey (ljharvey15@earlham.edu) → coaches/ljharvey15 | Phone: (765) 983-1492
[DRY RUN] Would create unclaimed coach profile: Padgett Gustavson (pygusta16@earlham.edu) → coaches/pygusta16 | Phone: (765) 983-1485
[DRY RUN] Would create unclaimed coach profile: Trayce Wilson-Ruffin (wilsotr@earlham.edu) → coaches/wilsotr
[DRY RUN] Would create unclaimed coach profile: Rob Hoffman (rhoffman@saintmarys.edu) → coaches/rhoffman | Phone: (574) 284-4826
[DRY RUN] Would create unclaimed coach profile: Jackie Bauters (jbauters@saintmarys.edu) → coaches/jbauters | Phone: (574) 284-4027
[DRY RUN] Would create unclaimed coach profile: Kristin Holt (kholt@saintmarys.edu) → coaches/kholt | Phone: (574) 284-4817
[DRY RUN] Would create unclaimed coach profile: Susan Holt (sholt@saintmarys.edu) → coaches/sholt
[DRY RUN] Would create unclaimed coach profile: Kara Visker (kvisker@saintmarys.edu) → coaches/kvisker | Phone: (574) 284-4468
[DRY RUN] Would create unclaimed coach profile: Farkhod Kurbonov (fkurbonov@saintmarys.edu) → coaches/fkurbonov | Phone: (574) 284-4909
[DRY RUN] Would create unclaimed coach profile: Destiny Fulmer (dfulmer@saintmarys.edu) → coaches/dfulmer
[DRY RUN] Would create unclaimed coach profile: Jordyn Walter (jwalter@saintmarys.edu) → coaches/jwalter | Phone: (574) 284-4910
[DRY RUN] Would create unclaimed coach profile: Jillian Humphrey (jhumphrey@saintmarys.edu) → coaches/jhumphrey | Phone: (574) 284-5350
[DRY RUN] Would create unclaimed coach profile: Dale Campbell (dcampbel@saintmarys.edu) → coaches/dcampbel | Phone: (574) 284-4531
[DRY RUN] Would create unclaimed coach profile: Denise Van (dvandewalle@saintmarys.edu) → coaches/dvandewalle | Phone: (574) 284-4908
[DRY RUN] Would create unclaimed coach profile: Kolin Conner (koconner@iu.edu) → coaches/koconner
[DRY RUN] Would create unclaimed coach profile: Joe Kenney (joekenn@iu.edu) → coaches/joekenn
[DRY RUN] Would create unclaimed coach profile: Eric Echelbarger (eechelba@iu.edu) → coaches/eechelba
[DRY RUN] Would create unclaimed coach profile: Tre'Quan Spivey (trespive@iu.edu) → coaches/trespive
[DRY RUN] Would create unclaimed coach profile: Lennon Hardy (lenhardy@iu.edu) → coaches/lenhardy
[DRY RUN] Would create unclaimed coach profile: Lisa Pflueger (lpfluege@iu.edu) → coaches/lpfluege
[DRY RUN] Would create unclaimed coach profile: Josh Colvin (jocolvin@iu.edu) → coaches/jocolvin
[DRY RUN] Would create unclaimed coach profile: Jordan Fivecoate (jordfive@iu.edu) → coaches/jordfive
[DRY RUN] Would create unclaimed coach profile: Nick Liegey (nliegey@iu.edu) → coaches/nliegey
[DRY RUN] Would create unclaimed coach profile: Colton Wallace (cowalla@iu.edu) → coaches/cowalla
[DRY RUN] Would create unclaimed coach profile: Alex Eubanks (algueban@iu.edu) → coaches/algueban
[DRY RUN] Would create unclaimed coach profile: Pete Thatcher (petethatcher@yahoo.com) → coaches/petethatcher
[DRY RUN] Would create unclaimed coach profile: Greg Kloenne (golferwr@gmail.com) → coaches/golferwr
[DRY RUN] Would create unclaimed coach profile: Brandi Jones (jones538@iu.edu) → coaches/jones538
[DRY RUN] Would create unclaimed coach profile: Sohaila Akhavein (soakhave@iu.edu) → coaches/soakhave
[DRY RUN] Would create unclaimed coach profile: Austin Hensley (auhens@iu.edu) → coaches/auhens
[DRY RUN] Would create unclaimed coach profile: Grant Gaylor (gwgaylor@iu.edu) → coaches/gwgaylor
[DRY RUN] Would create unclaimed coach profile: Heather Hayes (herhayes@iu.edu) → coaches/herhayes
[DRY RUN] Would create unclaimed coach profile: Lori Elson (lorielso@iu.edu) → coaches/lorielso
[DRY RUN] Would create unclaimed coach profile: Sarah Morin (sgmorin@iu.edu) → coaches/sgmorin
[DRY RUN] Would create unclaimed coach profile: Lance Marshall (lmarshall@franklincollege.edu) → coaches/lmarshall | Phone: (317) 738-8122
[DRY RUN] Would create unclaimed coach profile: Brittney Harvey (bharvey@franklincollege.edu) → coaches/bharvey | Phone: (317) 738-8130
[DRY RUN] Would create unclaimed coach profile: Justin Johnson (jjohnson2@franklincollege.edu) → coaches/jjohnson2 | Phone: (317) 738-8136
[DRY RUN] Would create unclaimed coach profile: Sam Linette (slinette@franklincollege.edu) → coaches/slinette | Phone: (317) 738-8112
[DRY RUN] Would create unclaimed coach profile: Ashley Pieroni (ahash@franklincollege.edu) → coaches/ahash
[DRY RUN] Would create unclaimed coach profile: Jake Sprinkle (jsprinkle@franklincollege.edu) → coaches/jsprinkle | Phone: (317) 738-8287
[DRY RUN] Would create unclaimed coach profile: Matthew Alter (malter@franklincollege.edu) → coaches/malter | Phone: (317) 738-8287
[DRY RUN] Would create unclaimed coach profile: Mike Leonard (mleonard@franklincollege.edu) → coaches/mleonard | Phone: (317) 738-8121
[DRY RUN] Would create unclaimed coach profile: Daniel Hill (dhill@franklincollege.edu) → coaches/dhill | Phone: (317) 738-8129
[DRY RUN] Would create unclaimed coach profile: Blaine Kowalkowski (bkowalkowski@franklincollege.edu) → coaches/bkowalkowski | Phone: (317) 738-8129
[DRY RUN] Would create unclaimed coach profile: Kenny Kuzmuk (kkuzmuk@franklincollege.edu) → coaches/kkuzmuk | Phone: (317) 738-8571
[DRY RUN] Would create unclaimed coach profile: Mike Wynn (mwynn@franklincollege.edu) → coaches/mwynn
[DRY RUN] Would create unclaimed coach profile: Gil Speer (gspeer@franklincollege.edu) → coaches/gspeer
[DRY RUN] Would create unclaimed coach profile: Chris Hamilton (chamilton@franklincollege.edu) → coaches/chamilton | Phone: (317) 738-8156
[DRY RUN] Would create unclaimed coach profile: Cal Price (cprice1@frankllincollege.edu) → coaches/cprice1 | Phone: (371) 738-8157
[DRY RUN] Would create unclaimed coach profile: Gavin Dowling (gdowling@frankllincollege.edu) → coaches/gdowling | Phone: (371) 738-8157
[DRY RUN] Would create unclaimed coach profile: Brandon Dworak (bdworak@franklincollege.edu) → coaches/bdworak | Phone: (317) 738-8127
[DRY RUN] Would create unclaimed coach profile: Kyle Dell (kdell@franklincollege.edu) → coaches/kdell | Phone: (317) 738-8121
[DRY RUN] Would create unclaimed coach profile: Josh Hughes (jhughes@franklincollege.edu) → coaches/jhughes | Phone: (317) 738-8032
[DRY RUN] Would create unclaimed coach profile: Jorge "Rodrigo" (jalbayeros@franklincollege.edu) → coaches/jalbayeros
[DRY RUN] Would create unclaimed coach profile: Zach Rayce (zrayce@franklincollege.edu) → coaches/zrayce | Phone: (317) 738-8139
[DRY RUN] Would create unclaimed coach profile: Michael Spencer (mspencer@franklincollege.edu) → coaches/mspencer | Phone: (317) 738-8117
[DRY RUN] Would create unclaimed coach profile: Bella Smith (ismith@franklincollege.edu) → coaches/ismith
[DRY RUN] Would create unclaimed coach profile: Ryan Hammer (ryan.hammer@franklincollege.edu) → coaches/ryan.hammer | Phone: (317) 738-8121
[DRY RUN] Would create unclaimed coach profile: Jenna Kuntz (jkuntz@franklincollege.edu) → coaches/jkuntz | Phone: (317) 738-8121
[DRY RUN] Would create unclaimed coach profile: Cameron Smith (csmith@franklincollege.edu) → coaches/csmith | Phone: (317) 738-8136
[DRY RUN] Would create unclaimed coach profile: Dillon Taylor (dtaylor@franklincollege.edu) → coaches/dtaylor | Phone: (317) 738-8130
[DRY RUN] Would create unclaimed coach profile: Morgan Krause (mkrause@franklincollege.edu) → coaches/mkrause | Phone: (317) 738-8130
[DRY RUN] Would create unclaimed coach profile: Amanda Prather (aprather@franklincollege.edu) → coaches/aprather | Phone: (317) 443-8158
[DRY RUN] Would create unclaimed coach profile: Ashley Blanch (ablanch@franklincollege.edu) → coaches/ablanch | Phone: (317) 738-8645
[DRY RUN] Would create unclaimed coach profile: Cyleigh Wilson (cwilson@franklincollege.edu) → coaches/cwilson | Phone: (317) 738-8645
[DRY RUN] Would create unclaimed coach profile: Jamie Haywood (jhaywood@franklincollege.edu) → coaches/jhaywood | Phone: (317) 738-8121
[DRY RUN] Would create unclaimed coach profile: Todd Burris (tburris@franklincollege.edu) → coaches/tburris | Phone: (317) 738-8123
[DRY RUN] Would create unclaimed coach profile: Isabella Frye (ifrye@franklincollege.edu) → coaches/ifrye | Phone: (317) 738-8123
[DRY RUN] Would create unclaimed coach profile: Jennifer Jackson (jjackson@franklincollege.edu) → coaches/jjackson | Phone: (317) 738-8770
[DRY RUN] Would create unclaimed coach profile: Tom Farrington (tfarrington@franklincollege.edu) → coaches/tfarrington | Phone: (317) 738-8770
[DRY RUN] Would create unclaimed coach profile: JT Volz (jvolz@franklincollege.edu) → coaches/jvolz | Phone: (317) 738-8121
[DRY RUN] Would create unclaimed coach profile: Traci Hill (thill@franklincollege.edu) → coaches/thill
[DRY RUN] Would create unclaimed coach profile: Haedyn Scgalski (hscgalski@franklincollege.edu) → coaches/hscgalski
[DRY RUN] Would create unclaimed coach profile: Wes Carroll (wc2@evansville.edu) → coaches/wc2
[DRY RUN] Would create unclaimed coach profile: Matt Wollenzin (MW312@evansville.edu) → coaches/MW312
[DRY RUN] Would create unclaimed coach profile: Jarrett Blunt (jb928@evansville.edu) → coaches/jb928
[DRY RUN] Would create unclaimed coach profile: Brendan Hord (bh312@evansville.edu) → coaches/bh312
[DRY RUN] Would create unclaimed coach profile: Robyn Scherr (rs361@evansville.edu) → coaches/rs361
[DRY RUN] Would create unclaimed coach profile: Ryan Freeman (rf90@evansville.edu) → coaches/rf90
[DRY RUN] Would create unclaimed coach profile: Robbe Tarver (rt134@evansville.edu) → coaches/rt134
[DRY RUN] Would create unclaimed coach profile: Matt Melzer (mm1059@evansville.edu) → coaches/mm1059
[DRY RUN] Would create unclaimed coach profile: Chris Pfau (cp60@evansville.edu) → coaches/cp60
[DRY RUN] Would create unclaimed coach profile: Grace White (gm124@evansville.edu) → coaches/gm124
[DRY RUN] Would create unclaimed coach profile: Bailey Dillender (bd237@evansville.edu) → coaches/bd237
[DRY RUN] Would create unclaimed coach profile: Alyssa Richards (ar639@evansville.edu) → coaches/ar639
[DRY RUN] Would create unclaimed coach profile: Mia Aldridge (ma551@evansville.edu) → coaches/ma551
[DRY RUN] Would create unclaimed coach profile: Jeanay Riley (jr482@evansville.edu) → coaches/jr482
[DRY RUN] Would create unclaimed coach profile: Toby Wilcox (tw247@evansville.edu) → coaches/tw247
[DRY RUN] Would create unclaimed coach profile: Dustin Bredemeier (db35@evansville.edu) → coaches/db35
[DRY RUN] Would create unclaimed coach profile: Zach Weinberg (zw57@evansville.edu) → coaches/zw57
[DRY RUN] Would create unclaimed coach profile: Drew Davis (ad497@evansville.edu) → coaches/ad497
[DRY RUN] Would create unclaimed coach profile: Latrece Blair (latblair@iu.edu) → coaches/latblair | Phone: (219) 320-2296
[DRY RUN] Would create unclaimed coach profile: Javier Heridia (jaheridi@iu.edu) → coaches/jaheridi | Phone: (219) 980-6794
[DRY RUN] Would create unclaimed coach profile: Benjamin Chinn (bachinn@iu.edu) → coaches/bachinn
[DRY RUN] Would create unclaimed coach profile: Devin Ellis (devellis@iu.edu) → coaches/devellis | Phone: (219) 980-6794
[DRY RUN] Would create unclaimed coach profile: Steve Hatchett (stehatch@iu.edu) → coaches/stehatch | Phone: (219) 980-6794
[DRY RUN] Would create unclaimed coach profile: Nicki Monahan-Keith (nmonahan@iu.edu) → coaches/nmonahan | Phone: (219) 405-2599
[DRY RUN] Would create unclaimed coach profile: Brittany Dickerson (bdicker@iu.edu) → coaches/bdicker | Phone: (219) 980-6793
[DRY RUN] Would create unclaimed coach profile: Ben Kososkie (bkososk@iu.edu) → coaches/bkososk | Phone: (219) 980-6775
[DRY RUN] Would create unclaimed coach profile: Cristian Canelo (ccanelo@iu.edu) → coaches/ccanelo
[DRY RUN] Would create unclaimed coach profile: Jamie McNicholas (jmcnich@iu.edu) → coaches/jmcnich | Phone: (252) 301-7405
[DRY RUN] Would create unclaimed coach profile: Olivia Hansen (ohansen@iu.edu) → coaches/ohansen
[DRY RUN] Would create unclaimed coach profile: Alondra Avalos (avalosal@iu.edu) → coaches/avalosal | Phone: (219) 980-6894
[DRY RUN] Would create unclaimed coach profile: Cara Nebel (cnebel@iu.edu) → coaches/cnebel
[DRY RUN] Would create unclaimed coach profile: Katie Hill (katie.hill@grace.edu) → coaches/katie.hill | Phone: (574) 372-5100
[DRY RUN] Would create unclaimed coach profile: Ryan Roth (rothrr@grace.edu) → coaches/rothrr | Phone: (574) 372-5100
[DRY RUN] Would create unclaimed coach profile: Scott Moore (mooresd@grace.edu) → coaches/mooresd | Phone: (574) 372-5100
[DRY RUN] Would create unclaimed coach profile: Jordan Weidner (jordan.weidner@grace.edu) → coaches/jordan.weidner | Phone: (574) 372-5100
[DRY RUN] Would create unclaimed coach profile: Stephen Halstead (halstesc@grace.edu) → coaches/halstesc | Phone: (574) 372-5100
[DRY RUN] Would create unclaimed coach profile: Dan Davis (dan.davis@grace.edu) → coaches/dan.davis | Phone: (574) 372-5100
[DRY RUN] Would create unclaimed coach profile: Jake Anders (andersja1@grace.edu) → coaches/andersja1 | Phone: (574) 372-5100
[DRY RUN] Would create unclaimed coach profile: Jessica Durando (cheer@grace.edu) → coaches/cheer | Phone: (574) 372-5100
[DRY RUN] Would create unclaimed coach profile: Brian Dewey (deweybm@grace.edu) → coaches/deweybm | Phone: (574) 372-5100
[DRY RUN] Would create unclaimed coach profile: Ellis Gallion (ellis.gallion@grace.edu) → coaches/ellis.gallion | Phone: (574) 372-5100
[DRY RUN] Would create unclaimed coach profile: Trey Stoll (trey.stoll@grace.edu) → coaches/trey.stoll | Phone: (574) 372-5100
[DRY RUN] Would create unclaimed coach profile: Denny Duncan (duncandl@grace.edu) → coaches/duncandl | Phone: (574) 372-5100
[DRY RUN] Would create unclaimed coach profile: Arron Patrick (patricaf@grace.edu) → coaches/patricaf | Phone: (574) 372-5100
[DRY RUN] Would create unclaimed coach profile: Austin Altimus (altimua@grace.edu) → coaches/altimua | Phone: (574) 372-5100
[DRY RUN] Would create unclaimed coach profile: Michael Voss (vossmd@grace.edu) → coaches/vossmd | Phone: (574) 372-5100
[DRY RUN] Would create unclaimed coach profile: David Andersen (andersda@grace.edu) → coaches/andersda | Phone: (574) 372-5100
[DRY RUN] Would create unclaimed coach profile: Amanda Jones (amanda.jones@grace.edu) → coaches/amanda.jones | Phone: (574) 372-5100
[DRY RUN] Would create unclaimed coach profile: Logan Swain (swainlj@grace.edu) → coaches/swainlj
[DRY RUN] Would create unclaimed coach profile: Kirk Wyman (wymantk@grace.edu) → coaches/wymantk | Phone: (574) 372-5100
[DRY RUN] Would create unclaimed coach profile: Doug Buysse (dbuysse@iu.edu) → coaches/dbuysse
[DRY RUN] Would create unclaimed coach profile: Zane Gonzalez (zagonzal@iu.edu) → coaches/zagonzal
[DRY RUN] Would create unclaimed coach profile: Kevin Phelps (kevphelp@iu.edu) → coaches/kevphelp
[DRY RUN] Would create unclaimed coach profile: Scott Cooper (scthcoop@iu.edu) → coaches/scthcoop
[DRY RUN] Would create unclaimed coach profile: Jason Clune (jaclune@iu.edu) → coaches/jaclune
[DRY RUN] Would create unclaimed coach profile: Steve Bruce (stbruce@iu.edu) → coaches/stbruce
[DRY RUN] Would create unclaimed coach profile: Terry Leek (leekt@iu.edu) → coaches/leekt
[DRY RUN] Would create unclaimed coach profile: Bobby Barnes (bobarnes@iu.edu) → coaches/bobarnes
[DRY RUN] Would create unclaimed coach profile: Annie Dehnke (andehnke@iu.edu) → coaches/andehnke
[DRY RUN] Would create unclaimed coach profile: Cali Topolski (ctopolsk@iu.edu) → coaches/ctopolsk
[DRY RUN] Would create unclaimed coach profile: Katy Lonergan (klonerg2@nd.edu) → coaches/klonerg2
[DRY RUN] Would create unclaimed coach profile: Travis Duffle (tduffle@nd.edu) → coaches/tduffle | Phone: 631-7475
[DRY RUN] Would create unclaimed coach profile: Tony Fusco (afusco2@nd.edu) → coaches/afusco2 | Phone: 631-7475
[DRY RUN] Would create unclaimed coach profile: Jarrett Moore (jmoore36@nd.edu) → coaches/jmoore36 | Phone: 631-7784
[DRY RUN] Would create unclaimed coach profile: Stu Roche (sroche2@nd.edu) → coaches/sroche2 | Phone: 631-7784
[DRY RUN] Would create unclaimed coach profile: Kyle Skinner (kskinne1@nd.edu) → coaches/kskinne1 | Phone: 631-5832
[DRY RUN] Would create unclaimed coach profile: Zachary Korten (zkorten@nd.edu) → coaches/zkorten | Phone: 631-2650
[DRY RUN] Would create unclaimed coach profile: Meghan Reuter (mreuter@nd.edu) → coaches/mreuter
[DRY RUN] Would create unclaimed coach profile: Valerie Smith-Hale (vsmith4@nd.edu) → coaches/vsmith4 | Phone: 631-5832
[DRY RUN] Would create unclaimed coach profile: Kyle Getter (kgetter@nd.edu) → coaches/kgetter | Phone: 631-5359
[DRY RUN] Would create unclaimed coach profile: Mike Farrelly (mfarre23@nd.edu) → coaches/mfarre23 | Phone: 631-4805
[DRY RUN] Would create unclaimed coach profile: Ryan Owens (rowens5@nd.edu) → coaches/rowens5 | Phone: 631-5357
[DRY RUN] Would create unclaimed coach profile: Tre Whitted (lwhitted@nd.edu) → coaches/lwhitted | Phone: 631-6193
[DRY RUN] Would create unclaimed coach profile: Grady Eifert (geifert2@nd.edu) → coaches/geifert2 | Phone: 631-5356
[DRY RUN] Would create unclaimed coach profile: Basketball Coach (sarah.bailey@nd.edu) → coaches/sarah.bailey
[DRY RUN] Would create unclaimed coach profile: Carol Owens (owens.16@nd.edu) → coaches/owens.16 | Phone: 631-5428
[DRY RUN] Would create unclaimed coach profile: Michaela Mabrey (Michaela.E.Mabrey.1@nd.edu) → coaches/Michaela.E.Mabrey.1
[DRY RUN] Would create unclaimed coach profile: Charel Allen (callen7@nd.edu) → coaches/callen7
[DRY RUN] Would create unclaimed coach profile: Carlos Knox (cknox2@nd.edu) → coaches/cknox2
[DRY RUN] Would create unclaimed coach profile: Delayna Myers (ndcheer@nd.edu) → coaches/ndcheer | Phone: 631-9126
[DRY RUN] Would create unclaimed coach profile: Andrew Weiss (aweiss2@nd.edu) → coaches/aweiss2 | Phone: 274-6929
[DRY RUN] Would create unclaimed coach profile: Gavin Mack (gmack@nd.edu) → coaches/gmack | Phone: 631-9126
[DRY RUN] Would create unclaimed coach profile: Liz Ettinger (eettinge@nd.edu) → coaches/eettinge | Phone: (248) 520-4088
[DRY RUN] Would create unclaimed coach profile: Chris Neal (cneal4@nd.edu) → coaches/cneal4 | Phone: 631-8491
[DRY RUN] Would create unclaimed coach profile: Emily Hosker-Thornhill (ehoskert@nd.edu) → coaches/ehoskert | Phone: 631-3383
[DRY RUN] Would create unclaimed coach profile: Jared Schatz (jschatz2@nd.edu) → coaches/jschatz2 | Phone: 631-5418
[DRY RUN] Would create unclaimed coach profile: Gia Kvaratskhelia (gkvarats@nd.edu) → coaches/gkvarats | Phone: 631-4840
[DRY RUN] Would create unclaimed coach profile: Cedric Loiseau (cedric.loiseau.1@nd.edu) → coaches/cedric.loiseau.1 | Phone: 631-4840
[DRY RUN] Would create unclaimed coach profile: Christian Rascioni (crascion@nd.edu) → coaches/crascion | Phone: 631-4840
[DRY RUN] Would create unclaimed coach profile: Rolando Tucker-Leon (rtuckerl@nd.edu) → coaches/rtuckerl
[DRY RUN] Would create unclaimed coach profile: John Handrigan (jhandrig@nd.edu) → coaches/jhandrig | Phone: 631-6849
[DRY RUN] Would create unclaimed coach profile: Zac Zedrick (zzedrick@nd.edu) → coaches/zzedrick | Phone: (574) 631-6849
[DRY RUN] Would create unclaimed coach profile: Brad Karpick (bkarpick@nd.edu) → coaches/bkarpick | Phone: (319) 212-1872
[DRY RUN] Would create unclaimed coach profile: Kara Carter (kcarter9@nd.edu) → coaches/kcarter9
[DRY RUN] Would create unclaimed coach profile: Breanna Jenco (bjenco@nd.edu) → coaches/bjenco | Phone: (317) 410-8689
[DRY RUN] Would create unclaimed coach profile: Brock Sheahan (ndhockey@nd.edu) → coaches/ndhockey | Phone: 631-3630
[DRY RUN] Would create unclaimed coach profile: Mike Garman (mgarman@nd.edu) → coaches/mgarman | Phone: 631-3630
[DRY RUN] Would create unclaimed coach profile: Andrew Oglevie (aoglevie@nd.edu) → coaches/aoglevie | Phone: 631-3630
[DRY RUN] Would create unclaimed coach profile: Kevin Corrigan (Kevin.M.Corrigan.1@nd.edu) → coaches/Kevin.M.Corrigan.1 | Phone: 631-5108
[DRY RUN] Would create unclaimed coach profile: Ryan Wellner (rwellner@nd.edu) → coaches/rwellner | Phone: 631-8554
[DRY RUN] Would create unclaimed coach profile: Chris Wojcik (cwojcik2@nd.edu) → coaches/cwojcik2 | Phone: 631-3383
[DRY RUN] Would create unclaimed coach profile: Ryder Garnsey (rgarnsey@nd.edu) → coaches/rgarnsey | Phone: 631-3383
[DRY RUN] Would create unclaimed coach profile: Christine Halfpenny (chalfpenny@nd.edu) → coaches/chalfpenny | Phone: 631-4840
[DRY RUN] Would create unclaimed coach profile: Caroline Curnal (ccurnal@nd.edu) → coaches/ccurnal | Phone: 631-8352
[DRY RUN] Would create unclaimed coach profile: Martin Stone (mstone@nd.edu) → coaches/mstone | Phone: 631-3071
[DRY RUN] Would create unclaimed coach profile: Teresa Logemann (tlogeman@nd.edu) → coaches/tlogeman | Phone: 631-3380
[DRY RUN] Would create unclaimed coach profile: Jami Montesano (jmontesa@nd.edu) → coaches/jmontesa | Phone: 631-3658
[DRY RUN] Would create unclaimed coach profile: Dorottya (Dori) (dbene@nd.edu) → coaches/dbene
[DRY RUN] Would create unclaimed coach profile: Marnie Stahl (mstahl1@nd.edu) → coaches/mstahl1 | Phone: 631-3379
[DRY RUN] Would create unclaimed coach profile: Mike Graczyk (mgraczyk@nd.edu) → coaches/mgraczyk | Phone: 631-8039
[DRY RUN] Would create unclaimed coach profile: Jeff Rowland (jrowlan2@nd.edu) → coaches/jrowlan2 | Phone: 631-3383
[DRY RUN] Would create unclaimed coach profile: Martin Rennie (mrennie2@nd.edu) → coaches/mrennie2 | Phone: 631-3376
[DRY RUN] Would create unclaimed coach profile: Gina Lewandowski (glewando@nd.edu) → coaches/glewando | Phone: 631-8431
[DRY RUN] Would create unclaimed coach profile: Kris Ganeff (ganeff.2@nd.edu) → coaches/ganeff.2 | Phone: 631-9125
[DRY RUN] Would create unclaimed coach profile: Boo De (bgillett@nd.edu) → coaches/bgillett | Phone: 631-8295
[DRY RUN] Would create unclaimed coach profile: Mike Perniciaro (mpernici@nd.edu) → coaches/mpernici | Phone: 631-8845
[DRY RUN] Would create unclaimed coach profile: Joshua Arndt (jarndt4@nd.edu) → coaches/jarndt4
[DRY RUN] Would create unclaimed coach profile: Max McHugh (mmchugh7@nd.edu) → coaches/mmchugh7
[DRY RUN] Would create unclaimed coach profile: Trevor Carroll (tcarrol4@nd.edu) → coaches/tcarrol4
[DRY RUN] Would create unclaimed coach profile: Joao Bevilaqua (jbevilaq@nd.edu) → coaches/jbevilaq
[DRY RUN] Would create unclaimed coach profile: Ryan Sachire (rsachir1@nd.edu) → coaches/rsachir1 | Phone: 631-4841
[DRY RUN] Would create unclaimed coach profile: Alex Kasarov (akasarov@nd.edu) → coaches/akasarov
[DRY RUN] Would create unclaimed coach profile: Sam Kercheval (skerchev@nd.edu) → coaches/skerchev | Phone: 631-6929
[DRY RUN] Would create unclaimed coach profile: Alison Silverio (asilveri@nd.edu) → coaches/asilveri | Phone: 631-5149
[DRY RUN] Would create unclaimed coach profile: Jason Kerst (jkerst@nd.edu) → coaches/jkerst | Phone: 631-6929
[DRY RUN] Would create unclaimed coach profile: Rodney Zuyderwyk (rzuyderw@nd.edu) → coaches/rzuyderw | Phone: 631-1694
[DRY RUN] Would create unclaimed coach profile: Cathrine Erickson (cericks2@nd.edu) → coaches/cericks2 | Phone: 631-3383
[DRY RUN] Would create unclaimed coach profile: Luke Grady (lgrady2@nd.edu) → coaches/lgrady2
[DRY RUN] Would create unclaimed coach profile: Salima Rockwell (srockwe3@nd.edu) → coaches/srockwe3 | Phone: 631-5987
[DRY RUN] Would create unclaimed coach profile: Paul Koncir (pkoncir@nd.edu) → coaches/pkoncir | Phone: 631-4840
[DRY RUN] Would create unclaimed coach profile: Rick Espeset (rbespeset@manchester.edu) → coaches/rbespeset
[DRY RUN] Would create unclaimed coach profile: Sara Emerich (sjemerich@manchester.edu) → coaches/sjemerich
[DRY RUN] Would create unclaimed coach profile: Kyle Baker (kabaker@manchester.edu) → coaches/kabaker
[DRY RUN] Would create unclaimed coach profile: Josh Brock (jgbrock@manchester.edu) → coaches/jgbrock
[DRY RUN] Would create unclaimed coach profile: Tom Davidson (davidsontom22@gmail.com) → coaches/davidsontom22
[DRY RUN] Would create unclaimed coach profile: Shane Smith (sesmith@manchester.edu) → coaches/sesmith
[DRY RUN] Would create unclaimed coach profile: Sam Katon (swkaton@manchester.edu) → coaches/swkaton
[DRY RUN] Would create unclaimed coach profile: Andre White (afwhite@manchester.edu) → coaches/afwhite
[DRY RUN] Would create unclaimed coach profile: Blake Harris (bmharris@manchester.edu) → coaches/bmharris
[DRY RUN] Would create unclaimed coach profile: Vann Hunt (vahunt@manchester.edu) → coaches/vahunt
[DRY RUN] Would create unclaimed coach profile: Walter Raines (wcraines@manchester.edu) → coaches/wcraines
[DRY RUN] Would create unclaimed coach profile: Alan Bowen (AMBowen@manchester.edu) → coaches/AMBowen
[DRY RUN] Would create unclaimed coach profile: Aeneas Bell (ajbell@manchester.edu) → coaches/ajbell
[DRY RUN] Would create unclaimed coach profile: Max Anderson (mtanderson@manchester.edu) → coaches/mtanderson
[DRY RUN] Would create unclaimed coach profile: Warren Thomas (wdthomas@manchester.edu) → coaches/wdthomas
[DRY RUN] Would create unclaimed coach profile: Brian Staats (bdstaats@manchester.edu) → coaches/bdstaats
[DRY RUN] Would create unclaimed coach profile: Cole Carder (cjcarder@manchester.edu) → coaches/cjcarder
[DRY RUN] Would create unclaimed coach profile: Darren Ridenour (dpridenour@manchester.edu) → coaches/dpridenour
[DRY RUN] Would create unclaimed coach profile: Parker York (pkyork@manchester.edu) → coaches/pkyork
[DRY RUN] Would create unclaimed coach profile: Olaoluwade Ladapo (ooladapo@manchester.edu) → coaches/ooladapo
[DRY RUN] Would create unclaimed coach profile: Cory Mitchell (wcmitchell@manchester.edu) → coaches/wcmitchell
[DRY RUN] Would create unclaimed coach profile: Kyle Watson (kdwatson@manchester.edu) → coaches/kdwatson
[DRY RUN] Would create unclaimed coach profile: Rachel Oberholtzer (rnoberholtzer@manchester.edu) → coaches/rnoberholtzer
[DRY RUN] Would create unclaimed coach profile: Scott Jennings (sajennings@manchester.edu) → coaches/sajennings
[DRY RUN] Would create unclaimed coach profile: Jamie Peters (jpeters@manchester.edu) → coaches/jpeters
[DRY RUN] Would create unclaimed coach profile: Malia Velker (mjvelker@manchester.edu) → coaches/mjvelker
[DRY RUN] Would create unclaimed coach profile: Ivan Matos (ijmatos@manchester.edu) → coaches/ijmatos
[DRY RUN] Would create unclaimed coach profile: Corinne Savage (cmsavage@manchester.edu) → coaches/cmsavage
[DRY RUN] Would create unclaimed coach profile: Trevor Young (tkyoung@manchester.edu) → coaches/tkyoung
[DRY RUN] Would create unclaimed coach profile: JaVon Phillips (jlphillips@manchester.edu) → coaches/jlphillips
[DRY RUN] Would create unclaimed coach profile: Mikka Hunt (mjhunt@manchester.edu) → coaches/mjhunt
[DRY RUN] Would create unclaimed coach profile: Brad Stoltzfus (bradleys@goshen.edu) → coaches/bradleys
[DRY RUN] Would create unclaimed coach profile: James Stricker (jastricker@goshen.edu) → coaches/jastricker
[DRY RUN] Would create unclaimed coach profile: Dwight Gingerich (dwightag@goshen.edu) → coaches/dwightag
[DRY RUN] Would create unclaimed coach profile: Erik Bowen (ebowen@goshen.edu) → coaches/ebowen
[DRY RUN] Would create unclaimed coach profile: Tyra Carver (tlcarver@goshen.edu) → coaches/tlcarver
[DRY RUN] Would create unclaimed coach profile: Jomani Thomas (jtthomas@goshen.edu) → coaches/jtthomas
[DRY RUN] Would create unclaimed coach profile: Jaime Applegate (jrstack@goshen.edu) → coaches/jrstack
[DRY RUN] Would create unclaimed coach profile: Thomas Applegate (taapplegate@goshen.edu) → coaches/taapplegate
[DRY RUN] Would create unclaimed coach profile: Scott Curtis (scurtis@goshen.edu) → coaches/scurtis
[DRY RUN] Would create unclaimed coach profile: Lisa Voyles (lmvoyles@goshen.edu) → coaches/lmvoyles
[DRY RUN] Would create unclaimed coach profile: Dan Sullivan (desullivan@goshen.edu) → coaches/desullivan
[DRY RUN] Would create unclaimed coach profile: Justin Crew (jcrew@goshen.edu) → coaches/jcrew
[DRY RUN] Would create unclaimed coach profile: Juliana Chupp (jalvesdasilva@goshen.edu) → coaches/jalvesdasilva
[DRY RUN] Would create unclaimed coach profile: Giovanni Lopez (gglopez@goshen.edu) → coaches/gglopez
[DRY RUN] Would create unclaimed coach profile: Luke Wagner (jlwagner@goshen.edu) → coaches/jlwagner
[DRY RUN] Would create unclaimed coach profile: Doug Gossman (dgossman@goshen.edu) → coaches/dgossman
[DRY RUN] Would create unclaimed coach profile: Mandi Lloyd (mlloyd@goshen.edu) → coaches/mlloyd
[DRY RUN] Would create unclaimed coach profile: Wyatt Bollinger (ewbollinger@goshen.edu) → coaches/ewbollinger
[DRY RUN] Would create unclaimed coach profile: Jeff Phillips (jphillips@goshen.edu) → coaches/jphillips
[DRY RUN] Would create unclaimed coach profile: Bri Foster (bfoster@goshen.edu) → coaches/bfoster
[DRY RUN] Would create unclaimed coach profile: Mathew Bair (mathew.bair@indwes.edu) → coaches/mathew.bair
[DRY RUN] Would create unclaimed coach profile: Carlos Leyva (carlos.leyva@indwes.edu) → coaches/carlos.leyva
[DRY RUN] Would create unclaimed coach profile: Logan Wagner (logan.wagner@indwes.edu) → coaches/logan.wagner
[DRY RUN] Would create unclaimed coach profile: Steve Friend (steve.friend@indwes.edu) → coaches/steve.friend
[DRY RUN] Would create unclaimed coach profile: Dalton Miller (dalton.miller2@myemail.indwes.edu) → coaches/dalton.miller2
[DRY RUN] Would create unclaimed coach profile: Chris Gallagher (chris.gallagher@indwes.edu) → coaches/chris.gallagher
[DRY RUN] Would create unclaimed coach profile: Greg Tonagel (greg.tonagel@indwes.edu) → coaches/greg.tonagel
[DRY RUN] Would create unclaimed coach profile: Jeff Clark (jeff.clark@indwes.edu) → coaches/jeff.clark
[DRY RUN] Would create unclaimed coach profile: Caleb Muthiah (caleb.muthiah@indwes.edu) → coaches/caleb.muthiah
[DRY RUN] Would create unclaimed coach profile: Ethan Whaley (ethan.whaley@indwes.edu) → coaches/ethan.whaley
[DRY RUN] Would create unclaimed coach profile: Anne Secrest (anne.secrest@indwes.edu) → coaches/anne.secrest
[DRY RUN] Would create unclaimed coach profile: Wesley Sloan (wesley.sloan@indwes.edu) → coaches/wesley.sloan
[DRY RUN] Would create unclaimed coach profile: Chris Karlin (chris.karlin@indwes.edu) → coaches/chris.karlin
[DRY RUN] Would create unclaimed coach profile: Lindsay Reep (lindsay.reep@indwes.edu) → coaches/lindsay.reep
[DRY RUN] Would create unclaimed coach profile: Sean Chamberlain (sean.chamberlain@indwes.edu) → coaches/sean.chamberlain
[DRY RUN] Would create unclaimed coach profile: Brody Beiler (brody.beiler@indwes.edu) → coaches/brody.beiler
[DRY RUN] Would create unclaimed coach profile: Wes Kundo (wes.kundo@indwes.edu) → coaches/wes.kundo
[DRY RUN] Would create unclaimed coach profile: Luke Pohl (luke.pohl@indwes.edu) → coaches/luke.pohl
[DRY RUN] Would create unclaimed coach profile: Ryan Plummer (ryan.plummer@indwes.edu) → coaches/ryan.plummer
[DRY RUN] Would create unclaimed coach profile: Andrew Rode (andrew.rode@indwes.edu) → coaches/andrew.rode
[DRY RUN] Would create unclaimed coach profile: Austin Taylor (austin.taylor@indwes.edu) → coaches/austin.taylor
[DRY RUN] Would create unclaimed coach profile: Devin Bacchus (devin.bacchus@myemail.indwes.edu) → coaches/devin.bacchus
[DRY RUN] Would create unclaimed coach profile: John Dutton (john.dutton@indwes.edu) → coaches/john.dutton
[DRY RUN] Would create unclaimed coach profile: Will Keaveney (will.keaveney@indwes.edu) → coaches/will.keaveney
[DRY RUN] Would create unclaimed coach profile: Koby Orris (koby.orris@indwes.edu) → coaches/koby.orris
[DRY RUN] Would create unclaimed coach profile: Wilson Wirebaugh (wilson.wirebaugh@myemail.indwes.edu) → coaches/wilson.wirebaugh
[DRY RUN] Would create unclaimed coach profile: CD Daniels (cd.daniels@indwes.edu) → coaches/cd.daniels
[DRY RUN] Would create unclaimed coach profile: Kyle Bloom (kyle.bloom@indwes.edu) → coaches/kyle.bloom
[DRY RUN] Would create unclaimed coach profile: Matt Reeb (matt.reeb@indwes.edu) → coaches/matt.reeb
[DRY RUN] Would create unclaimed coach profile: Drew Glover (Andrew.Glover@indwes.edu) → coaches/Andrew.Glover
[DRY RUN] Would create unclaimed coach profile: Jaxon Carpenter (jax.carpenter@myemail.indwes.edu) → coaches/jax.carpenter
[DRY RUN] Would create unclaimed coach profile: Hannah Shay (hannah.shay@indwes.edu) → coaches/hannah.shay
[DRY RUN] Would create unclaimed coach profile: Sydney Stott (sydney.stott@myemail.indwes.edu) → coaches/sydney.stott
[DRY RUN] Would create unclaimed coach profile: Olivia Schmidt (olivia.schmidt@indwes.edu) → coaches/olivia.schmidt
[DRY RUN] Would create unclaimed coach profile: Payton Fraley (payton.fraley@indwes.edu) → coaches/payton.fraley
[DRY RUN] Would create unclaimed coach profile: Kelsey Kooistra (kelsey.kooistra@indwes.edu) → coaches/kelsey.kooistra
[DRY RUN] Would create unclaimed coach profile: Kevin Juber (kevin.juber@indwes.edu) → coaches/kevin.juber
[DRY RUN] Would create unclaimed coach profile: Evelyn Waymire (iwusoftball@indwes.edu) → coaches/iwusoftball
[DRY RUN] Would create unclaimed coach profile: Stephen Wolcott (stephen.wolcott@indwes.edu) → coaches/stephen.wolcott
[DRY RUN] Would create unclaimed coach profile: James Gleghorn (james.gleghorn@indwes.edu) → coaches/james.gleghorn
[DRY RUN] Would create unclaimed coach profile: Caleb Snyder (caleb.snyder@indwes.edu) → coaches/caleb.snyder
[DRY RUN] Would create unclaimed coach profile: Lauren Snyder (lauren.snyder@indwes.edu) → coaches/lauren.snyder
[DRY RUN] Would create unclaimed coach profile: Chris Coy (chris.coy@indwes.edu) → coaches/chris.coy
[DRY RUN] Would create unclaimed coach profile: Tim Schortgen (Tim.Schortgen@indwes.edu) → coaches/Tim.Schortgen
[DRY RUN] Would create unclaimed coach profile: Dan Heinig (dan.heinig@indwes.edu) → coaches/dan.heinig
[DRY RUN] Would create unclaimed coach profile: Dalen Beck (dalen.beck@indwes.edu) → coaches/dalen.beck
[DRY RUN] Would create unclaimed coach profile: Luke Currens (luke.currens@indwes.edu) → coaches/luke.currens
[DRY RUN] Would create unclaimed coach profile: Jason Ewer (Jason.Ewer@indwes.edu) → coaches/Jason.Ewer
[DRY RUN] Would create unclaimed coach profile: Jill Shigley (jill.shigley@indwes.edu) → coaches/jill.shigley
[DRY RUN] Would create unclaimed coach profile: Candace Moats (candace.moats@indwes.edu) → coaches/candace.moats
[DRY RUN] Would create unclaimed coach profile: Caleb Gibson (Caleb.Gibson@valpo.edu) → coaches/Caleb.Gibson
[DRY RUN] Would create unclaimed coach profile: Brian Schmack (Brian.Schmack@valpo.edu) → coaches/Brian.Schmack
[DRY RUN] Would create unclaimed coach profile: Chase Hetzel (Chase.Hetzel@valpo.edu) → coaches/Chase.Hetzel
[DRY RUN] Would create unclaimed coach profile: Adam Brian (Adam.Brian@valpo.edu) → coaches/Adam.Brian
[DRY RUN] Would create unclaimed coach profile: Brady Nowicki (Brady.Nowicki@valpo.edu) → coaches/Brady.Nowicki
[DRY RUN] Would create unclaimed coach profile: Roger Powell (mensbasketball@valpo.edu) → coaches/mensbasketball
[DRY RUN] Would create unclaimed coach profile: Pat Baldwin (Pb.Baldwin@valpo.edu) → coaches/Pb.Baldwin
[DRY RUN] Would create unclaimed coach profile: Matt Gordon (Matthew.Gordon@valpo.edu) → coaches/Matthew.Gordon
[DRY RUN] Would create unclaimed coach profile: Jesse McClung (Jesse.Mcclung@valpo.edu) → coaches/Jesse.Mcclung
[DRY RUN] Would create unclaimed coach profile: Quintin Garrison (Quintin.Garrison@valpo.edu) → coaches/Quintin.Garrison
[DRY RUN] Would create unclaimed coach profile: Lavonte Dority (lavonte.dority@valpo.edu) → coaches/lavonte.dority
[DRY RUN] Would create unclaimed coach profile: Sean Taylor (Sean.Taylor1@valpo.edu) → coaches/Sean.Taylor1
[DRY RUN] Would create unclaimed coach profile: Brooke Bailey (Brooke.Bailey@valpo.edu) → coaches/Brooke.Bailey
[DRY RUN] Would create unclaimed coach profile: Andrew Whitt (Andrew.Whitt@valpo.edu) → coaches/Andrew.Whitt
[DRY RUN] Would create unclaimed coach profile: Jasmine Hackett (jasmine.hackett@valpo.edu) → coaches/jasmine.hackett
[DRY RUN] Would create unclaimed coach profile: Dale Linderwell (dale.linderwell@valpo.edu) → coaches/dale.linderwell
[DRY RUN] Would create unclaimed coach profile: Sky Culbertson (sky.culbertson@valpo.edu) → coaches/sky.culbertson
[DRY RUN] Would create unclaimed coach profile: John Martin (John.Martin5@valpo.edu) → coaches/John.Martin5
[DRY RUN] Would create unclaimed coach profile: Andy Waddle (Andy.Waddle@valpo.edu) → coaches/Andy.Waddle
[DRY RUN] Would create unclaimed coach profile: Reed Florence (Reed.Florence@valpo.edu) → coaches/Reed.Florence
[DRY RUN] Would create unclaimed coach profile: Zach Feltrop (Zach.Feltrop@valpo.edu) → coaches/Zach.Feltrop
[DRY RUN] Would create unclaimed coach profile: RJ Ghilarducci (Robert.Ghilarducci@valpo.edu) → coaches/Robert.Ghilarducci
[DRY RUN] Would create unclaimed coach profile: Terry Geiger (Terry.Geiger@valpo.edu) → coaches/Terry.Geiger
[DRY RUN] Would create unclaimed coach profile: Michael Joseph (Michael.Joseph1@valpo.edu) → coaches/Michael.Joseph1
[DRY RUN] Would create unclaimed coach profile: Peter Nank (Pete.Nank@valpo.edu) → coaches/Pete.Nank
[DRY RUN] Would create unclaimed coach profile: Connor Vierstra (Connor.Vierstra@valpo.edu) → coaches/Connor.Vierstra
[DRY RUN] Would create unclaimed coach profile: Evan Matthes (Evan.Matthes@valpo.edu) → coaches/Evan.Matthes
[DRY RUN] Would create unclaimed coach profile: Colin Graves (Colin.Graves@valpo.edu) → coaches/Colin.Graves
[DRY RUN] Would create unclaimed coach profile: Danny Files (Danny.Files@valpo.edu) → coaches/Danny.Files
[DRY RUN] Would create unclaimed coach profile: David Gring (David.Gring@valpo.edu) → coaches/David.Gring
[DRY RUN] Would create unclaimed coach profile: Ron Gring (Ron.Gring@valpo.edu) → coaches/Ron.Gring
[DRY RUN] Would create unclaimed coach profile: Jill McCoy (Jill.McCoy@valpo.edu) → coaches/Jill.McCoy
[DRY RUN] Would create unclaimed coach profile: John Marovich (John.Marovich@valpo.edu) → coaches/John.Marovich
[DRY RUN] Would create unclaimed coach profile: Brianne Barnes (brianne.barnes@valpo.edu) → coaches/brianne.barnes
[DRY RUN] Would create unclaimed coach profile: Mike Armitage (Michael.Armitage@valpo.edu) → coaches/Michael.Armitage
[DRY RUN] Would create unclaimed coach profile: Addy Jarvis (addy.jarvis@valpo.edu) → coaches/addy.jarvis
[DRY RUN] Would create unclaimed coach profile: Maggie Kroemer (maggie.kroemer@valpo.edu) → coaches/maggie.kroemer
[DRY RUN] Would create unclaimed coach profile: Paula Chenquer (paula.dacostachenquer@valpo.edu) → coaches/paula.dacostachenquer
[DRY RUN] Would create unclaimed coach profile: Sara Bozso (Sara.Bozso@valpo.edu) → coaches/Sara.Bozso
[DRY RUN] Would create unclaimed coach profile: Bob Modesto (Robert.Modesto@valpo.edu) → coaches/Robert.Modesto
[DRY RUN] Would create unclaimed coach profile: Olivia Czerwonka (Olivia.Czerwonka@valpo.edu) → coaches/Olivia.Czerwonka
[DRY RUN] Would create unclaimed coach profile: Ricardo Torres (Ricardo.Torres@valpo.edu) → coaches/Ricardo.Torres
[DRY RUN] Would create unclaimed coach profile: Carin Avery (Carin.Avery@valpo.edu) → coaches/Carin.Avery
[DRY RUN] Would create unclaimed coach profile: Nick Polite (Nick.Polite@valpo.edu) → coaches/Nick.Polite
[DRY RUN] Would create unclaimed coach profile: Laura Yoder (Laura.Yoder@valpo.edu) → coaches/Laura.Yoder
[DRY RUN] Would create unclaimed coach profile: Thomas Hohnholt (Thomas.Hohnholt@valpo.edu) → coaches/Thomas.Hohnholt
[DRY RUN] Would create unclaimed coach profile: Chase Ludington (Chase.Ludington@valpo.edu) → coaches/Chase.Ludington
[DRY RUN] Would create unclaimed coach profile: Bryce Jones (Bryce.Jones@valpo.edu) → coaches/Bryce.Jones
[DRY RUN] Would create unclaimed coach profile: Nick Sales (sales@rose-hulman.edu) → coaches/sales
[DRY RUN] Would create unclaimed coach profile: Jeff Sokol (sokol@rose-hulman.edu) → coaches/sokol
[DRY RUN] Would create unclaimed coach profile: Blake Beemer (btbeemer@butler.edu) → coaches/btbeemer
[DRY RUN] Would create unclaimed coach profile: Ty Neal (tneal2@butler.edu) → coaches/tneal2
[DRY RUN] Would create unclaimed coach profile: Bladen Bales (bbales@butler.edu) → coaches/bbales
[DRY RUN] Would create unclaimed coach profile: Seth Petry (spetry@butler.edu) → coaches/spetry
[DRY RUN] Would create unclaimed coach profile: Thad Matta (butlermbb@butler.edu) → coaches/butlermbb
[DRY RUN] Would create unclaimed coach profile: Mike Pegues (mpegues@butler.edu) → coaches/mpegues
[DRY RUN] Would create unclaimed coach profile: Maurice Joseph (mmjoseph1@butler.edu) → coaches/mmjoseph1
[DRY RUN] Would create unclaimed coach profile: Alex Barlow (atbarlow@butler.edu) → coaches/atbarlow
[DRY RUN] Would create unclaimed coach profile: Jon Diebler (jdiebler@butler.edu) → coaches/jdiebler
[DRY RUN] Would create unclaimed coach profile: Connor McCaffery (cmccaffery@butler.edu) → coaches/cmccaffery
[DRY RUN] Would create unclaimed coach profile: Austin Parkinson (womensbasketball@butler.edu) → coaches/womensbasketball
[DRY RUN] Would create unclaimed coach profile: Latrell Fleming (blfleming@butler.edu) → coaches/blfleming
[DRY RUN] Would create unclaimed coach profile: Kristin Wodrich (kwodrich@butler.edu) → coaches/kwodrich
[DRY RUN] Would create unclaimed coach profile: Holly Hoopingarner (hhoopingarner@butler.edu) → coaches/hhoopingarner
[DRY RUN] Would create unclaimed coach profile: Chelsey Perry (cperry1@butler.edu) → coaches/cperry1
[DRY RUN] Would create unclaimed coach profile: Cole Hester (bchester@butler.edu) → coaches/bchester
[DRY RUN] Would create unclaimed coach profile: Jeff Fiebelkorn (jfiebelkorn@butler.edu) → coaches/jfiebelkorn
[DRY RUN] Would create unclaimed coach profile: Mikayla Reed (mmreed@butler.edu) → coaches/mmreed
[DRY RUN] Would create unclaimed coach profile: Jacob Lough (jlough@butler.edu) → coaches/jlough
[DRY RUN] Would create unclaimed coach profile: Kevin Lynch (kplynch1@butler.edu) → coaches/kplynch1
[DRY RUN] Would create unclaimed coach profile: Colin Johnson (cjohnso1@butler.edu) → coaches/cjohnso1
[DRY RUN] Would create unclaimed coach profile: Jordan Belfiori (jbelfiori@butler.edu) → coaches/jbelfiori
[DRY RUN] Would create unclaimed coach profile: Joe Cheshire (jcheshir@butler.edu) → coaches/jcheshir
[DRY RUN] Would create unclaimed coach profile: Luke Shively (lshively@butler.edu) → coaches/lshively
[DRY RUN] Would create unclaimed coach profile: Preston Gordon (pgordon1@butler.edu) → coaches/pgordon1
[DRY RUN] Would create unclaimed coach profile: Jack Connolly (jwconnol@butler.edu) → coaches/jwconnol
[DRY RUN] Would create unclaimed coach profile: Eddie Schott (eschott@butler.edu) → coaches/eschott
[DRY RUN] Would create unclaimed coach profile: Clint Hostler (chostler@butler.edu) → coaches/chostler
[DRY RUN] Would create unclaimed coach profile: Jake DelCampo (jdelcampo@butler.edu) → coaches/jdelcampo
[DRY RUN] Would create unclaimed coach profile: Alex Mitchell (amitchell4@butler.edu) → coaches/amitchell4
[DRY RUN] Would create unclaimed coach profile: Colby Huffman (crhuffman@butler.edu) → coaches/crhuffman
[DRY RUN] Would create unclaimed coach profile: Shaun Micheel (smicheel@butler.edu) → coaches/smicheel
[DRY RUN] Would create unclaimed coach profile: Christie Cates (ccates@butler.edu) → coaches/ccates
[DRY RUN] Would create unclaimed coach profile: Maggie Zentgraf (butlerwlax@butler.edu) → coaches/butlerwlax
[DRY RUN] Would create unclaimed coach profile: Abigail Lagos (aelagos@butler.edu) → coaches/aelagos
[DRY RUN] Would create unclaimed coach profile: Meghan Deehan (mdeehan@butler.edu) → coaches/mdeehan
[DRY RUN] Would create unclaimed coach profile: MC Wright (mcwright@butler.edu) → coaches/mcwright
[DRY RUN] Would create unclaimed coach profile: Paul Snape (psnape@butler.edu) → coaches/psnape
[DRY RUN] Would create unclaimed coach profile: Adam Bruh (abruh@butler.edu) → coaches/abruh
[DRY RUN] Would create unclaimed coach profile: Joe Moulden (jmoulden@butler.edu) → coaches/jmoulden
[DRY RUN] Would create unclaimed coach profile: Fabian Knopfler (fknopfle@butler.edu) → coaches/fknopfle
[DRY RUN] Would create unclaimed coach profile: Rob Alman (ralman@butler.edu) → coaches/ralman
[DRY RUN] Would create unclaimed coach profile: Tari St. (tstjohn@butler.edu) → coaches/tstjohn
[DRY RUN] Would create unclaimed coach profile: Alex Collier (abcollie@butler.edu) → coaches/abcollie
[DRY RUN] Would create unclaimed coach profile: Joe Sochacki (jsochack@butler.edu) → coaches/jsochack
[DRY RUN] Would create unclaimed coach profile: Scott Hall (sahall@butler.edu) → coaches/sahall
[DRY RUN] Would create unclaimed coach profile: Mallory Winters (mfwinter@butler.edu) → coaches/mfwinter
[DRY RUN] Would create unclaimed coach profile: Cory Rywalt (crywalt@butler.edu) → coaches/crywalt
[DRY RUN] Would create unclaimed coach profile: Maurice Stewart (mpstewar@butler.edu) → coaches/mpstewar
[DRY RUN] Would create unclaimed coach profile: Hannah Cressman (hcressman@butler.edu) → coaches/hcressman
[DRY RUN] Would create unclaimed coach profile: Emily Landwehr (elandwehr@butler.edu) → coaches/elandwehr
[DRY RUN] Would create unclaimed coach profile: Sam Miles (smiles2@butler.edu) → coaches/smiles2
[DRY RUN] Would create unclaimed coach profile: Patrick Fletchall (pfletchall@butler.edu) → coaches/pfletchall
[DRY RUN] Would create unclaimed coach profile: Cassie Shultz (cshultz@butler.edu) → coaches/cshultz
[DRY RUN] Would create unclaimed coach profile: Kyle Shondell (kshondell@butler.edu) → coaches/kshondell
[DRY RUN] Would create unclaimed coach profile: Tyler Golsteyn (tgolsteyn@butler.edu) → coaches/tgolsteyn
[DRY RUN] Would create unclaimed coach profile: AJ Lux (alux1@butler.edu) → coaches/alux1
[DRY RUN] Would create unclaimed coach profile: Ainise Havili (ahavili@butler.edu) → coaches/ahavili
[DRY RUN] Would create unclaimed coach profile: Brenda Jamerson (bjamerso@butler.edu) → coaches/bjamerso
[DRY RUN] Would create unclaimed coach profile: Cole Bonewit (cbonewit@butler.edu) → coaches/cbonewit
[DRY RUN] Would create unclaimed coach profile: Paige Burns (pcamp@butler.edu) → coaches/pcamp
[DRY RUN] Would create unclaimed coach profile: Alyssa Hartsock (ahartsock@butler.edu) → coaches/ahartsock
[DRY RUN] Would create unclaimed coach profile: Greg Moore (gamoore1@butler.edu) → coaches/gamoore1
[DRY RUN] Would create unclaimed coach profile: Tyler Watson (tawatson@butler.edu) → coaches/tawatson
[DRY RUN] Would create unclaimed coach profile: Dan Wenger (dwenger1@butler.edu) → coaches/dwenger1
[DRY RUN] Would create unclaimed coach profile: Cameron Razzano (crazzano@butler.edu) → coaches/crazzano
[DRY RUN] Would create unclaimed coach profile: Antonio Petrucelli (apetrucelli1@butler.edu) → coaches/apetrucelli1
[DRY RUN] Would create unclaimed coach profile: Bryce Small (bjsmall@butler.edu) → coaches/bjsmall
[DRY RUN] Would create unclaimed coach profile: Kristen Coventon (kmcoventon@okcu.edu) → coaches/kmcoventon
[DRY RUN] Would create unclaimed coach profile: Baleigh Garner (baleigh.garner@okcu.edu) → coaches/baleigh.garner
[DRY RUN] Would create unclaimed coach profile: Quentre Roberts (qroberts@okcu.edu) → coaches/qroberts
[DRY RUN] Would create unclaimed coach profile: Keith Lytle (klytle@okcu.edu) → coaches/klytle
[DRY RUN] Would create unclaimed coach profile: Derek Snell (dsnell27@hotmail.com) → coaches/dsnell27
[DRY RUN] Would create unclaimed coach profile: Tanner Schoeninger (jtschoeninger@okcu.edu) → coaches/jtschoeninger
[DRY RUN] Would create unclaimed coach profile: Billy Easley (beasley@okcu.edu) → coaches/beasley
[DRY RUN] Would create unclaimed coach profile: Sam Kohnke (skohnke@okcu.edu) → coaches/skohnke
[DRY RUN] Would create unclaimed coach profile: Mikey Malone (michael.malone@okcu.edu) → coaches/michael.malone
[DRY RUN] Would create unclaimed coach profile: Alexis Lawrence (alawrence@okcu.edu) → coaches/alawrence
[DRY RUN] Would create unclaimed coach profile: Alicia Bailey (abailey@okcu.edu) → coaches/abailey
[DRY RUN] Would create unclaimed coach profile: Keyanna Salmon (kssalmon@okcu.edu) → coaches/kssalmon
[DRY RUN] Would create unclaimed coach profile: Tasha Hinex (lhinex@okcu.edu) → coaches/lhinex
[DRY RUN] Would create unclaimed coach profile: Davion Scott (dscott@okcu.edu) → coaches/dscott
[DRY RUN] Would create unclaimed coach profile: Blake Trimble (btrimble@okcu.edu) → coaches/btrimble
[DRY RUN] Would create unclaimed coach profile: Josh Gorzney (jgorzney@okcu.edu) → coaches/jgorzney
[DRY RUN] Would create unclaimed coach profile: Bryan Volpenhein (bvolpenhein@okcu.edu) → coaches/bvolpenhein
[DRY RUN] Would create unclaimed coach profile: Billy Martin (wjmartin@okcu.edu) → coaches/wjmartin
[DRY RUN] Would create unclaimed coach profile: Harvey Paul (hlpaul1@okcu.edu) → coaches/hlpaul1
[DRY RUN] Would create unclaimed coach profile: Phil McSpadden (pmcspadden@okcu.edu) → coaches/pmcspadden
[DRY RUN] Would create unclaimed coach profile: Bobbi Bridges (bbridges@okcu.edu) → coaches/bbridges
[DRY RUN] Would create unclaimed coach profile: Justin Ensign (jpensign@okcu.edu) → coaches/jpensign
[DRY RUN] Would create unclaimed coach profile: Josh Powell (jjpowell@okcu.edu) → coaches/jjpowell
[DRY RUN] Would create unclaimed coach profile: William McKinney (rmckinney@okcu.edu) → coaches/rmckinney
[DRY RUN] Would create unclaimed coach profile: Jack Pugh (jpugh7@cox.net) → coaches/jpugh7
[DRY RUN] Would create unclaimed coach profile: Logan Spung (Logan.Spung@indstate.edu) → coaches/Logan.Spung
[DRY RUN] Would create unclaimed coach profile: Aaron Roelfs (rroelfs@sycamores.indstate.edu) → coaches/rroelfs
[DRY RUN] Would create unclaimed coach profile: Tracy Archuleta (Tracy.Archuleta@indstate.edu) → coaches/Tracy.Archuleta
[DRY RUN] Would create unclaimed coach profile: Nick Gobert (Nick.Gobert@indstate.edu) → coaches/Nick.Gobert
[DRY RUN] Would create unclaimed coach profile: Gordon Cardenas (Gordon.Cardenas@indstate.edu) → coaches/Gordon.Cardenas
[DRY RUN] Would create unclaimed coach profile: Alex Archuleta (Alex.Archuleta@indstate.edu) → coaches/Alex.Archuleta
[DRY RUN] Would create unclaimed coach profile: Bradley Feig (bradley.feig@indstate.edu) → coaches/bradley.feig
[DRY RUN] Would create unclaimed coach profile: Marc Mitchell (Marc.Mitchell@indstate.edu) → coaches/Marc.Mitchell
[DRY RUN] Would create unclaimed coach profile: Jason Pruitt (Jason.Pruitt@indstate.edu) → coaches/Jason.Pruitt
[DRY RUN] Would create unclaimed coach profile: Kietta Saunders (Kietta.Saunders@indstate.edu) → coaches/Kietta.Saunders
[DRY RUN] Would create unclaimed coach profile: Mollie Williams (Mollie.Williams@indstate.edu) → coaches/Mollie.Williams
[DRY RUN] Would create unclaimed coach profile: Angela Martin (Angela.Martin@indstate.edu) → coaches/Angela.Martin
[DRY RUN] Would create unclaimed coach profile: Jeff Martin (Jeffrey.Martin@indstate.edu) → coaches/Jeffrey.Martin
[DRY RUN] Would create unclaimed coach profile: Julian Harvey (Julian.Harvey@indstate.edu) → coaches/Julian.Harvey
[DRY RUN] Would create unclaimed coach profile: Brad Butler (Brad.Butler@indstate.edu) → coaches/Brad.Butler
[DRY RUN] Would create unclaimed coach profile: Brandan Bettenhausen (Brandan.Bettenhausen@indstate.edu) → coaches/Brandan.Bettenhausen
[DRY RUN] Would create unclaimed coach profile: Erin Reese (Erin.Reese@indstate.edu) → coaches/Erin.Reese
[DRY RUN] Would create unclaimed coach profile: John Gartland (John.Gartland@indstate.edu) → coaches/John.Gartland
[DRY RUN] Would create unclaimed coach profile: Trevor Thompson (Trevor.Thompson@indstate.edu) → coaches/Trevor.Thompson
[DRY RUN] Would create unclaimed coach profile: Ethan Breen (Ethan.Breen@indstate.edu) → coaches/Ethan.Breen
[DRY RUN] Would create unclaimed coach profile: Sophie Seward (Sophie.Seward@indstate.edu) → coaches/Sophie.Seward
[DRY RUN] Would create unclaimed coach profile: Will Staggs (Will.Staggs@indstate.edu) → coaches/Will.Staggs
[DRY RUN] Would create unclaimed coach profile: Curt Mallory (ISU-SycamoreFB@indstate.edu) → coaches/ISU-SycamoreFB
[DRY RUN] Would create unclaimed coach profile: Greg Towne (Gregory.Towne@indstate.edu) → coaches/Gregory.Towne
[DRY RUN] Would create unclaimed coach profile: Paul Lawrence (paul.lawrence@indstate.edu) → coaches/paul.lawrence
[DRY RUN] Would create unclaimed coach profile: Chris Gnehm (Chris.Gnehm@indstate.edu) → coaches/Chris.Gnehm
[DRY RUN] Would create unclaimed coach profile: Isabella Hunter (ihunter3@sycamores.indstate.edu) → coaches/ihunter3
[DRY RUN] Would create unclaimed coach profile: Ola Shogelola (Ola.Shogelola@indstate.edu) → coaches/Ola.Shogelola
[DRY RUN] Would create unclaimed coach profile: Windy Thees (Windy.Thees@indstate.edu) → coaches/Windy.Thees
[DRY RUN] Would create unclaimed coach profile: Nicole Bechtel (Nicole.Bechtel@indstate.edu) → coaches/Nicole.Bechtel
[DRY RUN] Would create unclaimed coach profile: Emily Herren (Emily.Herren@indstate.edu) → coaches/Emily.Herren
[DRY RUN] Would create unclaimed coach profile: Josh Christensen (Joshua.Christensen@indstate.edu) → coaches/Joshua.Christensen
[DRY RUN] Would create unclaimed coach profile: Sean Sullivan (Sean.Sullivan@indstate.edu) → coaches/Sean.Sullivan
[DRY RUN] Would create unclaimed coach profile: Teresa Hall (Teresa.Hall@indstate.edu) → coaches/Teresa.Hall
[DRY RUN] Would create unclaimed coach profile: Ashlee Pritchard (Ashlee.Pritchard@indstate.edu) → coaches/Ashlee.Pritchard
[DRY RUN] Would create unclaimed coach profile: Justin Kean (Justin.Kean@indstate.edu) → coaches/Justin.Kean
[DRY RUN] Would create unclaimed coach profile: Randi Garrett (Randi.Garrett@indstate.edu) → coaches/Randi.Garrett
[DRY RUN] Would create unclaimed coach profile: Andy Rang (ranga@trine.edu) → coaches/ranga | Phone: 260.665.4143
[DRY RUN] Would create unclaimed coach profile: Kacie Allison (allisonk@trine.edu) → coaches/allisonk
[DRY RUN] Would create unclaimed coach profile: Q'Darr Robinson (robinsonq@trine.edu) → coaches/robinsonq
[DRY RUN] Would create unclaimed coach profile: Mikayla Sutherland (sutherlandm@trine.edu) → coaches/sutherlandm | Phone: 260.665.4418
[DRY RUN] Would create unclaimed coach profile: Brett Ratcliffe (ratcliffeb@trine.edu) → coaches/ratcliffeb | Phone: 260.665.4735
[DRY RUN] Would create unclaimed coach profile: Chris Rhodes (rhodesc@trine.edu) → coaches/rhodesc | Phone: 260.665.4838
[DRY RUN] Would create unclaimed coach profile: Christina Richardville (richardvillec@trine.edu) → coaches/richardvillec | Phone: 269.665.4589
[DRY RUN] Would create unclaimed coach profile: Troy Abbs (abbst@trine.edu) → coaches/abbst | Phone: 260.665.4649
[DRY RUN] Would create unclaimed coach profile: Wayne Racine (racinew@trine.edu) → coaches/racinew | Phone: 260.665.4651
[DRY RUN] Would create unclaimed coach profile: Doc Gamble (gamblec@trine.edu) → coaches/gamblec | Phone: 260.665.4652
[DRY RUN] Would create unclaimed coach profile: Justin Engle (englej1@trine.edu) → coaches/englej1
[DRY RUN] Would create unclaimed coach profile: Toney Bergman (bergmant@trine.edu) → coaches/bergmant
[DRY RUN] Would create unclaimed coach profile: Joe Oiler (oilerj@trine.edu) → coaches/oilerj
[DRY RUN] Would create unclaimed coach profile: Clint Davis (davisc1@trine.edu) → coaches/davisc1
[DRY RUN] Would create unclaimed coach profile: Casey Rowe (williamsj@trine.edu) → coaches/williamsj
[DRY RUN] Would create unclaimed coach profile: Neal Simmons (simmonsn@trine.edu) → coaches/simmonsn
[DRY RUN] Would create unclaimed coach profile: Jon VanderWal (vanderwalj@trine.edu) → coaches/vanderwalj | Phone: 260.665.4843
[DRY RUN] Would create unclaimed coach profile: Isaac Anderson (andersoni@trine.edu) → coaches/andersoni
[DRY RUN] Would create unclaimed coach profile: John Wysong (wysongj@trine.edu) → coaches/wysongj
[DRY RUN] Would create unclaimed coach profile: Alex Trevino (trevinod@trine.edu) → coaches/trevinod
[DRY RUN] Would create unclaimed coach profile: Hope Gramly (gramlyh@trine.edu) → coaches/gramlyh | Phone: 260.665.4363
[DRY RUN] Would create unclaimed coach profile: Zach Raber (raberz@trine.edu) → coaches/raberz | Phone: 260.665.4126
[DRY RUN] Would create unclaimed coach profile: Simon Shawk (shawks@trine.edu) → coaches/shawks | Phone: 260.665.4888
[DRY RUN] Would create unclaimed coach profile: Noah Acker (nmacker16@trine.edu) → coaches/nmacker16
[DRY RUN] Would create unclaimed coach profile: Mitch Lowney (lowneym@trine.edu) → coaches/lowneym | Phone: 260.665.4742
[DRY RUN] Would create unclaimed coach profile: Alex Todd (todda@trine.edu) → coaches/todda | Phone: 260.665.4259
[DRY RUN] Would create unclaimed coach profile: Lukas Samuelsson (samuelssonl@trine.edu) → coaches/samuelssonl | Phone: 260.665.4470
[DRY RUN] Would create unclaimed coach profile: Brennon Wachter (wachterb@trine.edu) → coaches/wachterb | Phone: 260.665.4470
[DRY RUN] Would create unclaimed coach profile: Cade Murnan-Mechor (murnanc@trine.edu) → coaches/murnanc | Phone: 260.665.4286
[DRY RUN] Would create unclaimed coach profile: Ryan Kuhn (kuhnr@trine.edu) → coaches/kuhnr | Phone: 260.665.4462
[DRY RUN] Would create unclaimed coach profile: Sam Puzevic (puzevics@trine.edu) → coaches/puzevics
[DRY RUN] Would create unclaimed coach profile: Vinnie Lang (langv@trine.edu) → coaches/langv | Phone: 260.665.4462
[DRY RUN] Would create unclaimed coach profile: Danny Breda (bredad@trine.edu) → coaches/bredad | Phone: 260.665.4570
[DRY RUN] Would create unclaimed coach profile: Tim McClements (mcclementst@trine.edu) → coaches/mcclementst | Phone: 260.665.4294
[DRY RUN] Would create unclaimed coach profile: Adrian Renteria (renteriaa@trine.edu) → coaches/renteriaa | Phone: 260.665.4294
[DRY RUN] Would create unclaimed coach profile: Erin Kolar (kolare@trine.edu) → coaches/kolare | Phone: 260.665.4640
[DRY RUN] Would create unclaimed coach profile: Eric Schilthuis (schilthuise@trine.edu) → coaches/schilthuise | Phone: 260.665.4662
[DRY RUN] Would create unclaimed coach profile: Marek Kolar (kolarm@trine.edu) → coaches/kolarm | Phone: 260.665.4180
[DRY RUN] Would create unclaimed coach profile: Ben Markison (markisonb@trine.edu) → coaches/markisonb | Phone: 260.665.4992
[DRY RUN] Would create unclaimed coach profile: Seth Ware (sgware@trine.edu) → coaches/sgware
[DRY RUN] Would create unclaimed coach profile: Brandt Marshall (marshallb@trine.edu) → coaches/marshallb | Phone: 260.665.4712
[DRY RUN] Would create unclaimed coach profile: Amanda Cope (copea@trine.edu) → coaches/copea
[DRY RUN] Would create unclaimed coach profile: William Dowdy (dowdyw@trine.edu) → coaches/dowdyw | Phone: 260.665.4367
[DRY RUN] Would create unclaimed coach profile: Disney Stallworth (stallworthd@trine.edu) → coaches/stallworthd | Phone: 317.590.1649
[DRY RUN] Would create unclaimed coach profile: Josh Stephenson (stephensonj@trine.edu) → coaches/stephensonj | Phone: 260.665.4856
[DRY RUN] Would create unclaimed coach profile: Donnie Danklefsen (danklefsend@trine.edu) → coaches/danklefsend | Phone: 260.665.4444
[DRY RUN] Would create unclaimed coach profile: Zech Huston (hustonz@trine.edu) → coaches/hustonz | Phone: 260.665.4872
[DRY RUN] Would create unclaimed coach profile: Dennis Smith (smithd@trine.edu) → coaches/smithd
[DRY RUN] Would create unclaimed coach profile: Rachel Franchock (franchockr@trine.edu) → coaches/franchockr | Phone: 260.665.4837
[DRY RUN] Would create unclaimed coach profile: Zak Yousef (zsyousef19@trine.edu) → coaches/zsyousef19 | Phone: 260.665.4391
[DRY RUN] Would create unclaimed coach profile: Josh Kruzel (kruzelj@trine.edu) → coaches/kruzelj | Phone: 260.665.4727
[DRY RUN] Would create unclaimed coach profile: Craig Taylor (taylorc@trine.edu) → coaches/taylorc
[DRY RUN] Would create unclaimed coach profile: Mackenna Kelly (kellym@trine.edu) → coaches/kellym | Phone: 260.665.4203
[DRY RUN] Would create unclaimed coach profile: Melissa Paluch (paluchm@trine.edu) → coaches/paluchm | Phone: 260.665.4303
[DRY RUN] Would create unclaimed coach profile: Abbie Bost (albost19@trine.edu) → coaches/albost19 | Phone: 260.665.4386
[DRY RUN] Would create unclaimed coach profile: Kevin Cooke (cookek@trine.edu) → coaches/cookek | Phone: 260.665.4463
[DRY RUN] Would create unclaimed coach profile: Adam Lang (langa@trine.edu) → coaches/langa
[DRY RUN] Would create unclaimed coach profile: Aidan Lang (langa1@trine.edu) → coaches/langa1
[DRY RUN] Would create unclaimed coach profile: Stacy Dibley (smdibley16@trine.edu) → coaches/smdibley16 | Phone: 260.665.4860
[DRY RUN] Would create unclaimed coach profile: Jamie Wozniak (wozniakj@trine.edu) → coaches/wozniakj | Phone: 260.665.4145
[DRY RUN] Would create unclaimed coach profile: Isaac Hawkins (idhawkins17@trine.edu) → coaches/idhawkins17 | Phone: 260.665.4890
[DRY RUN] Would create unclaimed coach profile: Lauren Tait (lntait@indianatech.edu) → coaches/lntait
[DRY RUN] Would create unclaimed coach profile: Dominic Greenman (dmgreenman@indianatech.edu) → coaches/dmgreenman
[DRY RUN] Would create unclaimed coach profile: Kip McWilliams (kdmcwilliams@indianatech.edu) → coaches/kdmcwilliams
[DRY RUN] Would create unclaimed coach profile: Brent Alwine (bjalwine@indianatech.edu) → coaches/bjalwine
[DRY RUN] Would create unclaimed coach profile: Gordon Turner (grturner@indianatech.edu) → coaches/grturner
[DRY RUN] Would create unclaimed coach profile: Tyler DeJonge (tjdejonge@indianatech.edu) → coaches/tjdejonge
[DRY RUN] Would create unclaimed coach profile: Doug Cutler (dacutler@indianatech.edu) → coaches/dacutler
[DRY RUN] Would create unclaimed coach profile: Alex Kluchki (arkluchki@indianatech.edu) → coaches/arkluchki
[DRY RUN] Would create unclaimed coach profile: Brandon Bronzan (bjbronzan@indianatech.edu) → coaches/bjbronzan
[DRY RUN] Would create unclaimed coach profile: Jake Middleton (JDMiddleton@indianatech.edu) → coaches/JDMiddleton
[DRY RUN] Would create unclaimed coach profile: Mark Beneke (mwbeneke@indianatech.edu) → coaches/mwbeneke
[DRY RUN] Would create unclaimed coach profile: Jessica Steward (jjsteward@indiantech.edu) → coaches/jjsteward
[DRY RUN] Would create unclaimed coach profile: Ted Albert (tcalbert@indianatech.edu) → coaches/tcalbert
[DRY RUN] Would create unclaimed coach profile: Javante Wilson (jjwilson-young@indianatech.edu) → coaches/jjwilson-young
[DRY RUN] Would create unclaimed coach profile: Frank DiCristofaro (fpdicristofaro@indianatech.edu) → coaches/fpdicristofaro
[DRY RUN] Would create unclaimed coach profile: Bryan Seaman (bcseaman@indianatech.edu) → coaches/bcseaman
[DRY RUN] Would create unclaimed coach profile: Sam DiFilippo (sjdifilippo@indianatech.edu) → coaches/sjdifilippo
[DRY RUN] Would create unclaimed coach profile: Anansa Harris (ARHarris@indianatech.edu) → coaches/ARHarris
[DRY RUN] Would create unclaimed coach profile: Keelan Barker (krbarker@indianatech.edu) → coaches/krbarker
[DRY RUN] Would create unclaimed coach profile: Jack Rose (jsrose@indianatech.edu) → coaches/jsrose
[DRY RUN] Would create unclaimed coach profile: Jordan Rosenberg (JXRosenberg@indianatech.edu) → coaches/JXRosenberg
[DRY RUN] Would create unclaimed coach profile: Byron VonGunten (bcvongunten@indianatech.edu) → coaches/bcvongunten
[DRY RUN] Would create unclaimed coach profile: Thomas Pompei (tapompei@indianatech.edu) → coaches/tapompei
[DRY RUN] Would create unclaimed coach profile: Travis Barroquillo (trbarroquillo@indianatech.edu) → coaches/trbarroquillo
[DRY RUN] Would create unclaimed coach profile: Wade McClurg (wtmcclurg@indianatech.edu) → coaches/wtmcclurg
[DRY RUN] Would create unclaimed coach profile: Chase Wilson (cawilson@indianatech.edu) → coaches/cawilson
[DRY RUN] Would create unclaimed coach profile: Stephanie Zimny (smzimny@indianatech.edu) → coaches/smzimny
[DRY RUN] Would create unclaimed coach profile: Doug Edgar (djedgar@indianatech.edu) → coaches/djedgar
[DRY RUN] Would create unclaimed coach profile: Wes Wheeler (wmwheeler@indianatech.edu) → coaches/wmwheeler
[DRY RUN] Would create unclaimed coach profile: Chauntiel Smith (cns01@indianatech.edu) → coaches/cns01
[DRY RUN] Would create unclaimed coach profile: JW Maierle (jtmaierle@indianatech.edu) → coaches/jtmaierle
[DRY RUN] Would create unclaimed coach profile: Jessie Biggs (jnbiggs@indianatech.edu) → coaches/jnbiggs
[DRY RUN] Would create unclaimed coach profile: Kylene Biggs (kmbiggs@indianatech.edu) → coaches/kmbiggs
[DRY RUN] Would create unclaimed coach profile: Ed DePrey (ecdeprey@indianatech.edu) → coaches/ecdeprey
[DRY RUN] Would create unclaimed coach profile: DeAnn Kauffman (dmhuber@indianatech.edu) → coaches/dmhuber
[DRY RUN] Would create unclaimed coach profile: Liam Ross (sfross@indianatech.edu) → coaches/sfross
[DRY RUN] Would create unclaimed coach profile: Alexis DiGiovanni (akdigiovanni@indianatech.edu) → coaches/akdigiovanni
[DRY RUN] Would create unclaimed coach profile: Amanda Belote (ambelote@indianatech.edu) → coaches/ambelote
[DRY RUN] Would create unclaimed coach profile: MiKayla Virden (dmvirden@indianatech.edu) → coaches/dmvirden
[DRY RUN] Would create unclaimed coach profile: Andrea Gorton (AMGorton@indianatech.edu) → coaches/AMGorton
[DRY RUN] Would create unclaimed coach profile: Chloe Smithley (casmithley@indianatech.edu) → coaches/casmithley
[DRY RUN] Would create unclaimed coach profile: Matt Fishman (mrfishman@indianatech.edu) → coaches/mrfishman
[DRY RUN] Would create unclaimed coach profile: Robert Ochoa (rlochoa@indianatech.edu) → coaches/rlochoa
[DRY RUN] Would create unclaimed coach profile: Nyssa Baker (ncbaker@indianatech.edu) → coaches/ncbaker
[DRY RUN] Would create unclaimed coach profile: Paul Rademacher (pdrademacher@indianatech.edu) → coaches/pdrademacher
[DRY RUN] Would create unclaimed coach profile: Zachary Brown (ztbrown@indianatech.edu) → coaches/ztbrown
