Could get FontBBox from font descriptor because None cannot be parsed as 4 floats
Could get FontBBox from font descriptor because None cannot be parsed as 4 floats
Could get FontBBox from font descriptor because None cannot be parsed as 4 floats
Could get FontBBox from font descriptor because None cannot be parsed as 4 floats
Could get FontBBox from font descriptor because None cannot be parsed as 4 floats
Could get FontBBox from font descriptor because None cannot be parsed as 4 floats
Could get FontBBox from font descriptor because None cannot be parsed as 4 floats
Could get FontBBox from font descriptor because None cannot be parsed as 4 floats
Cannot set gray stroke color because /'P17' is an invalid float value
Cannot set gray non-stroke color because /'P17' is an invalid float value
Could get FontBBox from font descriptor because None cannot be parsed as 4 floats
Could get FontBBox from font descriptor because None cannot be parsed as 4 floats
Could get FontBBox from font descriptor because None cannot be parsed as 4 floats
Could get FontBBox from font descriptor because None cannot be parsed as 4 floats
Could get FontBBox from font descriptor because None cannot be parsed as 4 floats
Cannot set gray stroke color because /'P680' is an invalid float value
Cannot set gray non-stroke color because /'P680' is an invalid float value
Cannot set gray stroke color because /'P683' is an invalid float value
Cannot set gray non-stroke color because /'P683' is an invalid float value
Could get FontBBox from font descriptor because None cannot be parsed as 4 floats
Could get FontBBox from font descriptor because None cannot be parsed as 4 floats
Could get FontBBox from font descriptor because None cannot be parsed as 4 floats
Could get FontBBox from font descriptor because None cannot be parsed as 4 floats
Could get FontBBox from font descriptor because None cannot be parsed as 4 floats
Could get FontBBox from font descriptor because None cannot be parsed as 4 floats
Could get FontBBox from font descriptor because None cannot be parsed as 4 floats
Could get FontBBox from font descriptor because None cannot be parsed as 4 floats
Could get FontBBox from font descriptor because None cannot be parsed as 4 floats
Could get FontBBox from font descriptor because None cannot be parsed as 4 floats
Could get FontBBox from font descriptor because None cannot be parsed as 4 floats
Cannot set gray stroke color because /'P9' is an invalid float value
Cannot set gray non-stroke color because /'P9' is an invalid float value
Cannot set gray stroke color because /'P11' is an invalid float value
Cannot set gray non-stroke color because /'P11' is an invalid float value
Cannot set gray stroke color because /'P12' is an invalid float value
Cannot set gray non-stroke color because /'P12' is an invalid float value
Cannot set gray stroke color because /'P75' is an invalid float value
Cannot set gray non-stroke color because /'P75' is an invalid float value
Cannot set gray stroke color because /'P94' is an invalid float value
Cannot set gray non-stroke color because /'P94' is an invalid float value
Cannot set gray stroke color because /'P96' is an invalid float value
Cannot set gray non-stroke color because /'P96' is an invalid float value
Cannot set gray stroke color because /'P6' is an invalid float value
Cannot set gray non-stroke color because /'P6' is an invalid float value
Cannot set gray stroke color because /'P31' is an invalid float value
Cannot set gray non-stroke color because /'P31' is an invalid float value
Cannot set gray stroke color because /'P73' is an invalid float value
Cannot set gray non-stroke color because /'P73' is an invalid float value
Cannot set gray stroke color because /'P95' is an invalid float value
Cannot set gray non-stroke color because /'P95' is an invalid float value
Cannot set gray stroke color because /'P89' is an invalid float value
Cannot set gray non-stroke color because /'P89' is an invalid float value
Cannot set gray stroke color because /'P89' is an invalid float value
Cannot set gray non-stroke color because /'P89' is an invalid float value
-> Reading CSV: /Users/kevinvera/Documents/GitHub/ReviewMyCoach.com/reviewmycoach/reviewmycoach-python-venv/pdfs-n-csvs/mo/Missouri College Athletics.csv
-> Output PDFs to: /Users/kevinvera/Documents/GitHub/ReviewMyCoach.com/reviewmycoach/reviewmycoach-python-venv/pdfs-n-csvs/mo

Printing completed in 114.3s
Success: 32 | Skipped: 3 | Errors: 0

Resolved URLs used:
- Missouri Western State University.pdf: https://gogriffons.com/staff-directory?print=true
- Webster University.pdf: https://websterathletics.com/staff-directory?print=true
- Southeast Missouri State University.pdf: https://semoredhawks.com/staff-directory?print=true
- Culver-Stockton College.pdf: https://culver.edu/athletics?print=true
- University of Missouri–Kansas City (UMKC).pdf: https://kcroos.com/staff-directory?print=true
- University of Missouri (Mizzou).pdf: https://mutigers.com/staff-directory/print
- Northwest Missouri State University.pdf: https://bearcatsports.com/staff-directory?print=true
- Rockhurst University.pdf: https://rockhursthawks.com/staff-directory?print=true
- Central Missouri, University of.pdf: https://ucmathletics.com/staff-directory?print=true
- Hannibal–LaGrange University.pdf: https://hlgtrojans.com/staff-directory?print=true
- Drury University.pdf: https://drurypanthers.com/staff-directory?print=true
- Washington University in St. Louis.pdf: https://washubears.com/staff-directory?print=true
- Evangel University.pdf: https://evangelathletics.com/staff-directory?print=true
- Southwest Baptist University.pdf: https://sbubearcats.com/staff-directory?print=true
- Avila University.pdf: https://avilaathletics.com/staff-directory?print=true
- Harris–Stowe State University.pdf: https://hornetsathletics.com/staff-directory?print=true
- Lincoln University (MO).pdf: https://lubluetigers.com/staff-directory?print=true
- Missouri Baptist University.pdf: https://mbuspartans.com/staff-directory?print=true
- Lindenwood University (reclassified DI).pdf: https://lindenwoodlions.com/staff-directory?print=true
- William Jewell College.pdf: https://jewellcardinals.com/staff-directory?print=true
- Central Methodist University.pdf: https://cmueagles.com/staff-directory?print=true
- Missouri State University.pdf: https://missouristatebears.com/staff-directory?print=true
- Park University.pdf: https://parkathletics.com/staff-directory?print=true
- Missouri Valley College.pdf: https://moval.edu/athletics?print=true
- Stephens College.pdf: https://stephensstars.com/staff-directory?print=true
- Saint Louis University.pdf: https://slubillikens.com/staff-directory?print=true
- Missouri Southern State University.pdf: https://mssulions.com/staff-directory?print=true
- Greenville University (IL, MO conf).pdf: https://athletics.greenville.edu/staff-directory?print=true
- William Woods University.pdf: https://wwuowls.com/staff-directory?print=true
- Columbia College (MO).pdf: https://columbiacougars.com/staff-directory?print=true
- Truman State University.pdf: https://trumanbulldogs.com/staff-directory/print
- Maryville University (MO).pdf: https://maryvillesaints.com/staff-directory/print

Skipped:
- https://wcbluedevilathletics.com/staff-directory -> Navigation failed: Page.goto: net::ERR_NAME_NOT_RESOLVED at https://wcbluedevilathletics.com/staff-directory/index
Call log:
  - navigating to "https://wcbluedevilathletics.com/staff-directory/index", waiting until "networkidle"
 (tried: https://wcbluedevilathletics.com/staff-directory?print=true, https://wcbluedevilathletics.com/staff-directory/print, https://wcbluedevilathletics.com/staff-directory, https://wcbluedevilathletics.com/staff-directory/index?print=true, https://wcbluedevilathletics.com/staff-directory/index/print, https://wcbluedevilathletics.com/staff-directory/index)
- https://bbceagles.com/staff-directory -> Navigation failed: Page.goto: net::ERR_NAME_NOT_RESOLVED at https://bbceagles.com/staff-directory/index
Call log:
  - navigating to "https://bbceagles.com/staff-directory/index", waiting until "networkidle"
 (tried: https://bbceagles.com/staff-directory?print=true, https://bbceagles.com/staff-directory/print, https://bbceagles.com/staff-directory, https://bbceagles.com/staff-directory/index?print=true, https://bbceagles.com/staff-directory/index/print, https://bbceagles.com/staff-directory/index)
- https://athletics.fontbonne.edu/staff-directory -> Navigation failed: Page.goto: net::ERR_NAME_NOT_RESOLVED at https://athletics.fontbonne.edu/staff-directory/index
Call log:
  - navigating to "https://athletics.fontbonne.edu/staff-directory/index", waiting until "networkidle"
 (tried: https://athletics.fontbonne.edu/staff-directory?print=true, https://athletics.fontbonne.edu/staff-directory/print, https://athletics.fontbonne.edu/staff-directory, https://athletics.fontbonne.edu/staff-directory/index?print=true, https://athletics.fontbonne.edu/staff-directory/index/print, https://athletics.fontbonne.edu/staff-directory/index)

Parsing printed PDFs and preparing upload entries...
✔ Total coach entries prepared: 724
DRY RUN MODE - No actual upload to Firestore
[DRY RUN] Would create unclaimed coach profile: Zach Fears (zfears@missouriwestern.edu) → coaches/zfears
[DRY RUN] Would create unclaimed coach profile: Emily Hanenberg (ehanenberg@missouriwestern.edu) → coaches/ehanenberg
[DRY RUN] Would create unclaimed coach profile: Alec Huhman (ahuhman@missouriwestern.edu) → coaches/ahuhman
[DRY RUN] Would create unclaimed coach profile: Michael Keeran (mkeeran@missouriwestern.edu) → coaches/mkeeran
[DRY RUN] Would create unclaimed coach profile: Connery O'Donnell-Smith (codonnellsmith@missouriwestern.edu) → coaches/codonnellsmith
[DRY RUN] Would create unclaimed coach profile: Christopher Monroe (cmonroe1@missouriwestern.edu) → coaches/cmonroe1
[DRY RUN] Would create unclaimed coach profile: Brooks McKowen (bmckowen@missouriwestern.edu) → coaches/bmckowen
[DRY RUN] Would create unclaimed coach profile: Joel Hanson (jhanson4@missouriwestern.edu) → coaches/jhanson4
[DRY RUN] Would create unclaimed coach profile: Danny Tabaska (dtabaska@missouriwestern.edu) → coaches/dtabaska
[DRY RUN] Would create unclaimed coach profile: Luke Scheidecker (lscheidecker@missouriwestern.edu) → coaches/lscheidecker
[DRY RUN] Would create unclaimed coach profile: Darvin Gill (dgill2@missouriwestern.edu) → coaches/dgill2
[DRY RUN] Would create unclaimed coach profile: Olivia Nelson (onelson3@missouriwestern.edu) → coaches/onelson3
[DRY RUN] Would create unclaimed coach profile: Sean Gosewisch (sgosewisch@missouriwestern.edu) → coaches/sgosewisch
[DRY RUN] Would create unclaimed coach profile: Jana Shawver (jshawver@missouriwestern.edu) → coaches/jshawver
[DRY RUN] Would create unclaimed coach profile: Tyler Fenwick (tfenwick@missouriwestern.edu) → coaches/tfenwick
[DRY RUN] Would create unclaimed coach profile: Erik Johnson (ejohnson27@missouriwestern.edu) → coaches/ejohnson27
[DRY RUN] Would create unclaimed coach profile: Todd Throckmorton (tthrock@missouriwestern.edu) → coaches/tthrock
[DRY RUN] Would create unclaimed coach profile: Michael Gallo (mgallo@missouriwestern.edu) → coaches/mgallo
[DRY RUN] Would create unclaimed coach profile: Patrick St. (pstlouis@missouriwestern.edu) → coaches/pstlouis
[DRY RUN] Would create unclaimed coach profile: Aaron Bell (abell4@missouriwestern.edu) → coaches/abell4
[DRY RUN] Would create unclaimed coach profile: Colin McQuillan (cmcquillan@missouriwestern.edu) → coaches/cmcquillan
[DRY RUN] Would create unclaimed coach profile: Brandon Sanders (bsanders7@missouriwestern.edu) → coaches/bsanders7
[DRY RUN] Would create unclaimed coach profile: Ace Ventura (aventura@missouriwestern.edu) → coaches/aventura
[DRY RUN] Would create unclaimed coach profile: Matthew Winter (mwinter2@missouriwestern.edu) → coaches/mwinter2
[DRY RUN] Would create unclaimed coach profile: Dominic Anderson (danderson32@missouriwestern.edu) → coaches/danderson32
[DRY RUN] Would create unclaimed coach profile: Victor Vera (vvera@missouriwestern.edu) → coaches/vvera
[DRY RUN] Would create unclaimed coach profile: Matt Thrasher (mthrasher1@missouriwestern.edu) → coaches/mthrasher1
[DRY RUN] Would create unclaimed coach profile: Brad Nurski (bnurski@missouriwestern.edu) → coaches/bnurski
[DRY RUN] Would create unclaimed coach profile: Tom Buffington (tbuffington@missouriwestern.edu) → coaches/tbuffington
[DRY RUN] Would create unclaimed coach profile: Jake Mikesch (jmikesch@missouriwestern.edu) → coaches/jmikesch
[DRY RUN] Would create unclaimed coach profile: Mike Habermehl (mhabermehl@missouriwestern.edu) → coaches/mhabermehl
[DRY RUN] Would create unclaimed coach profile: Jessica Berg (jberg2@missouriwestern.edu) → coaches/jberg2
[DRY RUN] Would create unclaimed coach profile: Felicia Dixon (fdixon@missouriwestern.edu) → coaches/fdixon
[DRY RUN] Would create unclaimed coach profile: Jacob Plocher (jplocher@missouriwestern.edu) → coaches/jplocher
[DRY RUN] Would create unclaimed coach profile: Madalyn Graham (mgraham10@missouriwestern.edu) → coaches/mgraham10
[DRY RUN] Would create unclaimed coach profile: Kyle Schumann (kschumann@missouriwestern.edu) → coaches/kschumann
[DRY RUN] Would create unclaimed coach profile: Nicole Thompson (nthompson3@missouriwestern.edu) → coaches/nthompson3
[DRY RUN] Would create unclaimed coach profile: Steffany Dickerson (sdickerson1@missouriwestern.edu) → coaches/sdickerson1
[DRY RUN] Would create unclaimed coach profile: Alejandro de (adelatorre@missouriwestern.edu) → coaches/adelatorre
[DRY RUN] Would create unclaimed coach profile: Jordan Garr (jgarr1@missouriwestern.edu) → coaches/jgarr1
[DRY RUN] Would create unclaimed coach profile: Jessica Fey (jfey@missouriwestern.edu) → coaches/jfey
[DRY RUN] Would create unclaimed coach profile: Kayla Ruff (kruff@missouriwestern.edu) → coaches/kruff
[DRY RUN] Would create unclaimed coach profile: Emily Jensen (ejensen2@missouriwestern.edu) → coaches/ejensen2
[DRY RUN] Would create unclaimed coach profile: Matt Saitz (matthewsaitz71@webster.edu) → coaches/matthewsaitz71 | Phone: (314) 246-2311
[DRY RUN] Would create unclaimed coach profile: Bill Kurich (billkurich40@webster.edu) → coaches/billkurich40 | Phone: (314) 246-7509
[DRY RUN] Would create unclaimed coach profile: Kase Lawson (kaselawson@webster.edu) → coaches/kaselawson | Phone: (314) 246-7866
[DRY RUN] Would create unclaimed coach profile: Austin LaHue (austinlahue10@webster.edu) → coaches/austinlahue10 | Phone: (314) 246-7723
[DRY RUN] Would create unclaimed coach profile: Chris Bunch (bunch@webster.edu) → coaches/bunch | Phone: (314) 246-7529
[DRY RUN] Would create unclaimed coach profile: Mike Siener (sienemic@webster.edu) → coaches/sienemic | Phone: (314) 246-7578
[DRY RUN] Would create unclaimed coach profile: George Little (georgelittle@webster.edu) → coaches/georgelittle | Phone: (314) 246-7578
[DRY RUN] Would create unclaimed coach profile: Greg Williams (gregwilliams@webster.edu) → coaches/gregwilliams | Phone: (314) 246-7578
[DRY RUN] Would create unclaimed coach profile: Cody Bradfisch (codybradfisch42@webster.edu) → coaches/codybradfisch42 | Phone: (314) 246-7578
[DRY RUN] Would create unclaimed coach profile: Lance Thornhill (lancethornhill@webster.edu) → coaches/lancethornhill | Phone: (314) 246-7858
[DRY RUN] Would create unclaimed coach profile: Jordan Olufson (jordanolufson86@webster.edu) → coaches/jordanolufson86 | Phone: (314) 246-7508
[DRY RUN] Would create unclaimed coach profile: Tanner Wilkenson (tannerwilkenson@webster.edu) → coaches/tannerwilkenson | Phone: (314) 246-8763
[DRY RUN] Would create unclaimed coach profile: Angel Saddler (angelsaddler87@webster.edu) → coaches/angelsaddler87
[DRY RUN] Would create unclaimed coach profile: Kyle Robinson (kylerobinson@webster.edu) → coaches/kylerobinson | Phone: (314) 246-7501
[DRY RUN] Would create unclaimed coach profile: Nick Homan (nicholashoman@webster.edu) → coaches/nicholashoman | Phone: (314) 246-7547
[DRY RUN] Would create unclaimed coach profile: TBA TBA (maureenburt@webster.edu) → coaches/maureenburt | Phone: (314) 246-4208
[DRY RUN] Would create unclaimed coach profile: Josh Hayes (joshuahayes@webster.edu) → coaches/joshuahayes | Phone: (314) 246-7858
[DRY RUN] Would create unclaimed coach profile: Nenad Curic (nenadcuric@webster.edu) → coaches/nenadcuric | Phone: (314) 246-7764
[DRY RUN] Would create unclaimed coach profile: Alen Bradaric (alenbradaric@webster.edu) → coaches/alenbradaric
[DRY RUN] Would create unclaimed coach profile: Joe Clarke (josephclarke@webster.edu) → coaches/josephclarke
[DRY RUN] Would create unclaimed coach profile: Luigi Scire (scirela@webster.edu) → coaches/scirela | Phone: (314) 246-7191
[DRY RUN] Would create unclaimed coach profile: Al Sampson (alsampson@webster.edu) → coaches/alsampson | Phone: (314) 246-8157
[DRY RUN] Would create unclaimed coach profile: Scott Charleville (scottcharleville@webster.edu) → coaches/scottcharleville
[DRY RUN] Would create unclaimed coach profile: Abbey McAteer (abbeymcateer@webster.edu) → coaches/abbeymcateer
[DRY RUN] Would create unclaimed coach profile: John Black (johnblack@webster.edu) → coaches/johnblack | Phone: (314) 246-8692
[DRY RUN] Would create unclaimed coach profile: Carl Walker (carlwalker74@webster.edu) → coaches/carlwalker74 | Phone: (314) 246-8692
[DRY RUN] Would create unclaimed coach profile: Riley Muren (rileymuren70@webster.edu) → coaches/rileymuren70
[DRY RUN] Would create unclaimed coach profile: Peter Juszczyk (peterjuszczyk@webster.edu) → coaches/peterjuszczyk
[DRY RUN] Would create unclaimed coach profile: Merry Graf (mgraf@webster.edu) → coaches/mgraf | Phone: (314) 246-7930
[DRY RUN] Would create unclaimed coach profile: Luke Young (lukeyoung@webster.edu) → coaches/lukeyoung
[DRY RUN] Would create unclaimed coach profile: Emily Knowles (emilyknowles99@webster.edu) → coaches/emilyknowles99
[DRY RUN] Would create unclaimed coach profile: Jameson Stanton (jamesonstanton@webster.edu) → coaches/jamesonstanton
[DRY RUN] Would create unclaimed coach profile: Jenna Rodriguez (jennarodriguez00@webster.edu) → coaches/jennarodriguez00
[DRY RUN] Would create unclaimed coach profile: Andy Sawyers (asawyers@semo.edu) → coaches/asawyers | Phone: (573) 986-6002
[DRY RUN] Would create unclaimed coach profile: Trevor Ezell (tezell@semo.edu) → coaches/tezell | Phone: (573) 986-6002
[DRY RUN] Would create unclaimed coach profile: Matthew Kinney (mkinney@semo.edu) → coaches/mkinney | Phone: (573) 986-6002
[DRY RUN] Would create unclaimed coach profile: Chance Resetich (cjresetich@semo.edu) → coaches/cjresetich
[DRY RUN] Would create unclaimed coach profile: Brad Korn (bkorn@semo.edu) → coaches/bkorn | Phone: (573) 651-5132
[DRY RUN] Would create unclaimed coach profile: J.R. Reynolds (jrreynolds@semo.edu) → coaches/jrreynolds | Phone: (573) 651-5132
[DRY RUN] Would create unclaimed coach profile: LaDon Champagnie (lchampagnie@semo.edu) → coaches/lchampagnie | Phone: (573) 651-5132
[DRY RUN] Would create unclaimed coach profile: DJ Byrd (djbyrd@semo.edu) → coaches/djbyrd | Phone: (573) 651-5132
[DRY RUN] Would create unclaimed coach profile: Ryan Strohm (rstrohm@semo.edu) → coaches/rstrohm | Phone: (573) 651-5132
[DRY RUN] Would create unclaimed coach profile: Briley Palmer (bpalmer@semo.edu) → coaches/bpalmer | Phone: (573) 651-2646
[DRY RUN] Would create unclaimed coach profile: Mike Geary (mgeary@semo.edu) → coaches/mgeary | Phone: (573) 651-5030
[DRY RUN] Would create unclaimed coach profile: Reginald Mosley (Rmosley@semo.edu) → coaches/Rmosley
[DRY RUN] Would create unclaimed coach profile: Kate Rolfes (Krolfes@semo.edu) → coaches/Krolfes
[DRY RUN] Would create unclaimed coach profile: Tom Matukewicz (tuke@semo.edu) → coaches/tuke | Phone: (573) 651-2110
[DRY RUN] Would create unclaimed coach profile: Ashley Lawson (alawson@semo.edu) → coaches/alawson | Phone: (573) 651-2604
[DRY RUN] Would create unclaimed coach profile: Lydia Test (ldtest@semo.edu) → coaches/ldtest
[DRY RUN] Would create unclaimed coach profile: Keira Boetel (kmboetel@semo.edu) → coaches/kmboetel
[DRY RUN] Would create unclaimed coach profile: John Klein (jklein@semo.edu) → coaches/jklein | Phone: (573) 986-6013
[DRY RUN] Would create unclaimed coach profile: Carter Redford (cmredford@semo.edu) → coaches/cmredford
[DRY RUN] Would create unclaimed coach profile: Mark Redburn (mredburn@semo.edu) → coaches/mredburn | Phone: (573) 651-2993
[DRY RUN] Would create unclaimed coach profile: Kristen Jones (kajones@semo.edu) → coaches/kajones | Phone: (573) 651-2993
[DRY RUN] Would create unclaimed coach profile: Bryan Wallen (bwallen@semo.edu) → coaches/bwallen | Phone: (573) 651-2993
[DRY RUN] Would create unclaimed coach profile: Steve Brooks (sbrooks@semo.edu) → coaches/sbrooks | Phone: (573) 651-2548
[DRY RUN] Would create unclaimed coach profile: Eric Crumpecker (ecrumpecker@semo.edu) → coaches/ecrumpecker | Phone: (573) 986-7302
[DRY RUN] Would create unclaimed coach profile: Ryan Lane (rlane@semo.edu) → coaches/rlane | Phone: (573) 986-7302
[DRY RUN] Would create unclaimed coach profile: Eric Fox (efox@semo.edu) → coaches/efox | Phone: (573) 986-7302
[DRY RUN] Would create unclaimed coach profile: Theresa Scott (tscott@semo.edu) → coaches/tscott
[DRY RUN] Would create unclaimed coach profile: Julie Yankus (jyankus@semo.edu) → coaches/jyankus | Phone: (573) 986-6140
[DRY RUN] Would create unclaimed coach profile: Maureen Johnson (mjohnson@semo.edu) → coaches/mjohnson | Phone: (573) 986-6140
[DRY RUN] Would create unclaimed coach profile: Tara Beilsmith (tnbeilsmith@semo.edu) → coaches/tnbeilsmith
[DRY RUN] Would create unclaimed coach profile: Jennifer Boyd (jmboyd@semo.edu) → coaches/jmboyd
[DRY RUN] Would create unclaimed coach profile: Katherine Hart (kahart@semo.edu) → coaches/kahart
[DRY RUN] Would create unclaimed coach profile: Head Coach (shirleybs@umkc.edu) → coaches/shirleybs
[DRY RUN] Would create unclaimed coach profile: Director of (vandenbornj@umkc.edu) → coaches/vandenbornj
[DRY RUN] Would create unclaimed coach profile: Head Coach (msoccer@umkc.edu) → coaches/msoccer
[DRY RUN] Would create unclaimed coach profile: Associate Head (rmb42@umkc.edu) → coaches/rmb42
[DRY RUN] Would create unclaimed coach profile: Head Coach (jessicasmith@umkc.edu) → coaches/jessicasmith
[DRY RUN] Would create unclaimed coach profile: Assistant Coach (marksheldon@umkc.edu) → coaches/marksheldon
[DRY RUN] Would create unclaimed coach profile: Head Coach (halekl@umkc.edu) → coaches/halekl
[DRY RUN] Would create unclaimed coach profile: Assistant Coach (ajmitchell@umkc.edu) → coaches/ajmitchell
[DRY RUN] Would create unclaimed coach profile: Head Coach (poseyc@umkc.edu) → coaches/poseyc
[DRY RUN] Would create unclaimed coach profile: Taylor Merrill (tmerrill@nwmissouri.edu) → coaches/tmerrill
[DRY RUN] Would create unclaimed coach profile: Tony Jandron (jandron@nwmissouri.edu) → coaches/jandron
[DRY RUN] Would create unclaimed coach profile: Theo Bartolomeo (theob@nwmissouri.edu) → coaches/theob
[DRY RUN] Would create unclaimed coach profile: Matt Keeley (mkeeley@nwmissouri.edu) → coaches/mkeeley
[DRY RUN] Would create unclaimed coach profile: Cale Brubaker (cbrubaker@nwmissouri.edu) → coaches/cbrubaker
[DRY RUN] Would create unclaimed coach profile: Braxton Williams (braxtonw@nwmissouri.edu) → coaches/braxtonw
[DRY RUN] Would create unclaimed coach profile: Austin Meyer (meyer@nwmissouri.edu) → coaches/meyer
[DRY RUN] Would create unclaimed coach profile: Daryle Tucker (dtucker@nwmissouri.edu) → coaches/dtucker
[DRY RUN] Would create unclaimed coach profile: John McMenamin (jmcmenamin@nwmissouri.edu) → coaches/jmcmenamin
[DRY RUN] Would create unclaimed coach profile: Lathan Croy (lcroy@nwmissouri.edu) → coaches/lcroy
[DRY RUN] Would create unclaimed coach profile: Marc Gordon (mgordon@nwmissouri.edu) → coaches/mgordon
[DRY RUN] Would create unclaimed coach profile: Quaid Curtin (qcurtin@nwmissouri.edu) → coaches/qcurtin
[DRY RUN] Would create unclaimed coach profile: Naomi Tellez (ntellez@nwmissouri.edu) → coaches/ntellez
[DRY RUN] Would create unclaimed coach profile: Mark Rosewell (mrosewe@nwmissouri.edu) → coaches/mrosewe
[DRY RUN] Would create unclaimed coach profile: Mason Meier (mmeier@nwmissouri.edu) → coaches/mmeier
[DRY RUN] Would create unclaimed coach profile: Brandon Masters (bmasters@nwmissouri.edu) → coaches/bmasters
[DRY RUN] Would create unclaimed coach profile: Cody Ingold (cingold@nwmissouri.edu) → coaches/cingold
[DRY RUN] Would create unclaimed coach profile: Wick Cunningham (wickc@nwmissouri.edu) → coaches/wickc
[DRY RUN] Would create unclaimed coach profile: Tanner Berg (tberg@nwmissouri.edu) → coaches/tberg
[DRY RUN] Would create unclaimed coach profile: Amy Woerth (aphelps@nwmissouri.edu) → coaches/aphelps
[DRY RUN] Would create unclaimed coach profile: Nick Sepulveda (nsepulveda@nwmissouri.edu) → coaches/nsepulveda
[DRY RUN] Would create unclaimed coach profile: Kathy Strecker (kathleen.strecker@rockhurst.edu) → coaches/kathleen.strecker
[DRY RUN] Would create unclaimed coach profile: Greg Herdlick (greg.herdlick@rockhurst.edu) → coaches/greg.herdlick
[DRY RUN] Would create unclaimed coach profile: Ryan Bruneel (bruneelr@hawks.rockhurst.edu) → coaches/bruneelr
[DRY RUN] Would create unclaimed coach profile: Gary Burns (gary.burns@rockhurst.edu) → coaches/gary.burns
[DRY RUN] Would create unclaimed coach profile: Mark Hays (mark.hays@rockhurst.edu) → coaches/mark.hays
[DRY RUN] Would create unclaimed coach profile: Bailey Graceffa (bailey.graceffa@rockhurst.edu) → coaches/bailey.graceffa
[DRY RUN] Would create unclaimed coach profile: Patrick Surmeier (Patrick.Surmeier@rockhurst.edu) → coaches/Patrick.Surmeier
[DRY RUN] Would create unclaimed coach profile: Kyle Blackbourn (kyle.blackbourn@rockhurst.edu) → coaches/kyle.blackbourn
[DRY RUN] Would create unclaimed coach profile: Levi Braun (braunl@hawks.rockhurst.edu) → coaches/braunl
[DRY RUN] Would create unclaimed coach profile: Nico Felici (felicin@hawks.rockhurst.edu) → coaches/felicin
[DRY RUN] Would create unclaimed coach profile: Cole Bosley (cole.bosley@rockhurst.edu) → coaches/cole.bosley
[DRY RUN] Would create unclaimed coach profile: Kevin Strahm (kevin.strahm@rockhurst.edu) → coaches/kevin.strahm
[DRY RUN] Would create unclaimed coach profile: Kevin Kelley (kevin.kelley@rockhurst.edu) → coaches/kevin.kelley
[DRY RUN] Would create unclaimed coach profile: Robbie McCarthy (rob.mccarthy@rockhurst.edu) → coaches/rob.mccarthy
[DRY RUN] Would create unclaimed coach profile: Tony Tocco (anthony.tocco@rockhurst.edu) → coaches/anthony.tocco
[DRY RUN] Would create unclaimed coach profile: Giorgio Antongirolami (giorgio.antongirolami@rockhurst.edu) → coaches/giorgio.antongirolami
[DRY RUN] Would create unclaimed coach profile: Doug Schranck (doug.schranck@rockhurst.edu) → coaches/doug.schranck
[DRY RUN] Would create unclaimed coach profile: Alex Moderski (alex.moderski@rockhurst.edu) → coaches/alex.moderski
[DRY RUN] Would create unclaimed coach profile: Jamie McDonald (Jamie.McDonald@rockhurst.edu) → coaches/Jamie.McDonald
[DRY RUN] Would create unclaimed coach profile: Ryan Moody (ryan.moody@rockhurst.edu) → coaches/ryan.moody
[DRY RUN] Would create unclaimed coach profile: Corey Marks (corey.marks@rockhurst.edu) → coaches/corey.marks
[DRY RUN] Would create unclaimed coach profile: Dana Goss (dana.goss@rockhurst.edu) → coaches/dana.goss
[DRY RUN] Would create unclaimed coach profile: Suzie Muenz (Suzanne.Muenz@rockhurst.edu) → coaches/Suzanne.Muenz
[DRY RUN] Would create unclaimed coach profile: Larry Park (larry.park@rockhurst.edu) → coaches/larry.park
[DRY RUN] Would create unclaimed coach profile: Brooke Shull (brooke.shull@rockhurst.edu) → coaches/brooke.shull
[DRY RUN] Would create unclaimed coach profile: Molly McCourt (Molly.McCourt@rockhurst.edu) → coaches/Molly.McCourt
[DRY RUN] Would create unclaimed coach profile: Jenn Douglas (jennifer.douglas@rockhurst.edu) → coaches/jennifer.douglas
[DRY RUN] Would create unclaimed coach profile: Kevin Krause (kevin.krause@rockhurst.edu) → coaches/kevin.krause
[DRY RUN] Would create unclaimed coach profile: Dani Mabry (mabryd@hawks.rockhurst.edu) → coaches/mabryd
[DRY RUN] Would create unclaimed coach profile: Trent Jones (trent.jones@rockhurst.edu) → coaches/trent.jones
[DRY RUN] Would create unclaimed coach profile: Leah Green (greenl1@hawks.rockhurst.edu) → coaches/greenl1
[DRY RUN] Would create unclaimed coach profile: Erin Ellefson (erin.ellefson@rockhurst.edu) → coaches/erin.ellefson
[DRY RUN] Would create unclaimed coach profile: Kenzie Dunaway (Dunaway.kenz@gmail.com) → coaches/Dunaway.kenz
[DRY RUN] Would create unclaimed coach profile: Jacqueline Nieters (nietersj@hawks.rockhurst.edu) → coaches/nietersj
[DRY RUN] Would create unclaimed coach profile: Tyler Davis (tdavis@ucmo.edu) → coaches/tdavis
[DRY RUN] Would create unclaimed coach profile: Kyle Crookes (crookes@ucmo.edu) → coaches/crookes
[DRY RUN] Would create unclaimed coach profile: Alex Backhaus (backhaus@ucmo.edu) → coaches/backhaus
[DRY RUN] Would create unclaimed coach profile: Eli McFadden (emcfadden@ucmo.edu) → coaches/emcfadden
[DRY RUN] Would create unclaimed coach profile: Jackson Bodinson (bodinson@ucmo.edu) → coaches/bodinson
[DRY RUN] Would create unclaimed coach profile: Kevin Paterson (paterson@ucmo.edu) → coaches/paterson
[DRY RUN] Would create unclaimed coach profile: Collin Nurenberg (nurenberg@ucmo.edu) → coaches/nurenberg
[DRY RUN] Would create unclaimed coach profile: Dan McCarty (dmccarty@ucmo.edu) → coaches/dmccarty
[DRY RUN] Would create unclaimed coach profile: Brent Fairbanks (fairbanks@ucmo.edu) → coaches/fairbanks
[DRY RUN] Would create unclaimed coach profile: Maggie Klover (klover@ucmo.edu) → coaches/klover
[DRY RUN] Would create unclaimed coach profile: Josh Lamberson (lamberson@ucmo.edu) → coaches/lamberson
[DRY RUN] Would create unclaimed coach profile: Hayden Hawk (hhawk@ucmo.edu) → coaches/hhawk
[DRY RUN] Would create unclaimed coach profile: Rich Wright (richardwright@ucmo.edu) → coaches/richardwright
[DRY RUN] Would create unclaimed coach profile: Joe Holtzclaw (hholtzclaw@ucmo.edu) → coaches/hholtzclaw
[DRY RUN] Would create unclaimed coach profile: Neil Novak (nnovak@ucmo.edu) → coaches/nnovak
[DRY RUN] Would create unclaimed coach profile: Vince Mayle (mayle@ucmo.edu) → coaches/mayle
[DRY RUN] Would create unclaimed coach profile: Jamal Morrow (jmorrow@ucmo.edu) → coaches/jmorrow
[DRY RUN] Would create unclaimed coach profile: Billy Musgrave (musgrave@ucmo.edu) → coaches/musgrave
[DRY RUN] Would create unclaimed coach profile: JaQuan Jenkins (jljenkins@ucmo.edu) → coaches/jljenkins
[DRY RUN] Would create unclaimed coach profile: Adam Bohac (bohac@ucmo.edu) → coaches/bohac
[DRY RUN] Would create unclaimed coach profile: Ryan Mahoney (rmahoney@ucmo.edu) → coaches/rmahoney
[DRY RUN] Would create unclaimed coach profile: Charlie Wilson (cfwilson@ucmo.edu) → coaches/cfwilson
[DRY RUN] Would create unclaimed coach profile: Tim Poe (tpoe@ucmo.edu) → coaches/tpoe
[DRY RUN] Would create unclaimed coach profile: Jessica Green (jcgreen@ucmo.edu) → coaches/jcgreen
[DRY RUN] Would create unclaimed coach profile: Susan Anderson (sanderson@ucmo.edu) → coaches/sanderson
[DRY RUN] Would create unclaimed coach profile: Jeremy Eilert (eilert@ucmo.edu) → coaches/eilert
[DRY RUN] Would create unclaimed coach profile: Taryan Barrick-Wessels (tlb91900@ucmo.edu) → coaches/tlb91900
[DRY RUN] Would create unclaimed coach profile: Mariah Ahmann (ahmann@ucmo.edu) → coaches/ahmann
[DRY RUN] Would create unclaimed coach profile: Kelli Woodson (woodson@ucmo.edu) → coaches/woodson
[DRY RUN] Would create unclaimed coach profile: Caitlin Peterson (cpeterson@ucmo.edu) → coaches/cpeterson
[DRY RUN] Would create unclaimed coach profile: Rylie Barnum (rbarnum@ucmo.edu) → coaches/rbarnum
[DRY RUN] Would create unclaimed coach profile: Kersti Nix (ken38700@ucmo.edu) → coaches/ken38700
[DRY RUN] Would create unclaimed coach profile: Dave Slifer (dslifer@ucmo.edu) → coaches/dslifer
[DRY RUN] Would create unclaimed coach profile: Josh Keister (keister@ucmo.edu) → coaches/keister
[DRY RUN] Would create unclaimed coach profile: Katie Kirkhart (kirkhart@ucmo.edu) → coaches/kirkhart
[DRY RUN] Would create unclaimed coach profile: Ron Holmes (holmes@ucmo.edu) → coaches/holmes
[DRY RUN] Would create unclaimed coach profile: Chris Port (cport@ucmo.edu) → coaches/cport
[DRY RUN] Would create unclaimed coach profile: Lewis Theobald (theobald@ucmo.edu) → coaches/theobald
[DRY RUN] Would create unclaimed coach profile: Jen Goethe (goethe@ucmo.edu) → coaches/goethe
[DRY RUN] Would create unclaimed coach profile: Cody Garcia (cgarcia@ucmo.edu) → coaches/cgarcia
[DRY RUN] Would create unclaimed coach profile: John Feeney (jfeeney@ucmo.edu) → coaches/jfeeney
[DRY RUN] Would create unclaimed coach profile: Erick Vargas (vargas@ucmo.edu) → coaches/vargas
[DRY RUN] Would create unclaimed coach profile: Jason Durst (jwdurst@hlg.edu) → coaches/jwdurst | Phone: (573) 629-3213
[DRY RUN] Would create unclaimed coach profile: David Babcock (david.babcock@hlg.edu) → coaches/david.babcock | Phone: (573) 629-3217
[DRY RUN] Would create unclaimed coach profile: Luke Stoffel (luke.stoffel@hlg.edu) → coaches/luke.stoffel | Phone: (573) 629-3221
[DRY RUN] Would create unclaimed coach profile: Lucas Almeida (lucas.almeida@hlg.edu) → coaches/lucas.almeida | Phone: (636) 248-9906
[DRY RUN] Would create unclaimed coach profile: Kristoff Burkett (kristoff.burkett@hlg.edu) → coaches/kristoff.burkett | Phone: (573) 629-3230
[DRY RUN] Would create unclaimed coach profile: Dan Hurst (dhurst@hlg.edu) → coaches/dhurst | Phone: (573) 629-3215
[DRY RUN] Would create unclaimed coach profile: Kelsey Pollard (Kelsey.pollard@hlg.edu) → coaches/Kelsey.pollard | Phone: (573) 629-3220
[DRY RUN] Would create unclaimed coach profile: Scott Nasby (snasby@drury.edu) → coaches/snasby | Phone: (417) 873-6363
[DRY RUN] Would create unclaimed coach profile: Gage Jacobs (djacobs003@drury.edu) → coaches/djacobs003 | Phone: (417) 873-7847
[DRY RUN] Would create unclaimed coach profile: Eric Briggs (jbriggs003@drury.edu) → coaches/jbriggs003 | Phone: (417) 873-6363
[DRY RUN] Would create unclaimed coach profile: Paul Evans (pevans004@drury.edu) → coaches/pevans004
[DRY RUN] Would create unclaimed coach profile: Cole Hill (chill018@drury.edu) → coaches/chill018
[DRY RUN] Would create unclaimed coach profile: Chris Foster (cfoster012@drury.edu) → coaches/cfoster012 | Phone: (417) 873-7321
[DRY RUN] Would create unclaimed coach profile: Sam Briscoe (sbriscoe@drury.edu) → coaches/sbriscoe | Phone: (417) 873-7297
[DRY RUN] Would create unclaimed coach profile: Brian Pearson (bpearson003@drury.edu) → coaches/bpearson003
[DRY RUN] Would create unclaimed coach profile: Kaci Bailey (kbailey012@drury.edu) → coaches/kbailey012 | Phone: (417) 873-7853
[DRY RUN] Would create unclaimed coach profile: Destiny Smith (dsmith060@drury.edu) → coaches/dsmith060 | Phone: (417) 873-6810
[DRY RUN] Would create unclaimed coach profile: Payton Richards (prichards003@drury.edu) → coaches/prichards003 | Phone: (417) 873-6995
[DRY RUN] Would create unclaimed coach profile: Luke Karamitros (lkaramitros@drury.edu) → coaches/lkaramitros | Phone: (417) 873-6388
[DRY RUN] Would create unclaimed coach profile: Bryan Daniels (bdaniels002@drury.edu) → coaches/bdaniels002 | Phone: (417) 873-6362
[DRY RUN] Would create unclaimed coach profile: Faith Hopkins (fhopkins@drury.edu) → coaches/fhopkins | Phone: (214) 620-9263
[DRY RUN] Would create unclaimed coach profile: Ben Taylor (btaylor03@drury.edu) → coaches/btaylor03 | Phone: (417) 873-7830
[DRY RUN] Would create unclaimed coach profile: Mark Campbell (mcampbell015@drury.edu) → coaches/mcampbell015
[DRY RUN] Would create unclaimed coach profile: Justin Olson (jolson003@drury.edu) → coaches/jolson003
[DRY RUN] Would create unclaimed coach profile: Josh Lewis-Evans (jlewis-evans@drury.edu) → coaches/jlewis-evans | Phone: (417) 763-8223
[DRY RUN] Would create unclaimed coach profile: Mackenzie Serrano (mserrano004@drury.edu) → coaches/mserrano004
[DRY RUN] Would create unclaimed coach profile: Nico Helin (nhelin@drury.edu) → coaches/nhelin
[DRY RUN] Would create unclaimed coach profile: Brooke Gajewski (bgajewski@drury.edu) → coaches/bgajewski | Phone: (417) 873-6364
[DRY RUN] Would create unclaimed coach profile: Miranda Gajewski (mgajewski@drury.edu) → coaches/mgajewski
[DRY RUN] Would create unclaimed coach profile: Tyler Dunlap (tdunlap002@drury.edu) → coaches/tdunlap002 | Phone: (417) 987-3314
[DRY RUN] Would create unclaimed coach profile: Trinity Morgan (tmorgan009@drury.edu) → coaches/tmorgan009
[DRY RUN] Would create unclaimed coach profile: Brian Reynolds (breynold@drury.edu) → coaches/breynold | Phone: (417) 873-7293
[DRY RUN] Would create unclaimed coach profile: Richard Hackett (rhackett@drury.edu) → coaches/rhackett | Phone: (417) 873-6877
[DRY RUN] Would create unclaimed coach profile: Patrick Waggoner (pwaggoner002@drury.edu) → coaches/pwaggoner002
[DRY RUN] Would create unclaimed coach profile: Ben Dodson (bdodson@drury.edu) → coaches/bdodson
[DRY RUN] Would create unclaimed coach profile: Brock Voth (bvoth002@drury.edu) → coaches/bvoth002
[DRY RUN] Would create unclaimed coach profile: Tim Garner (tgarner002@drury.edu) → coaches/tgarner002 | Phone: (417) 873-6846
[DRY RUN] Would create unclaimed coach profile: Terry Dean (tdean002@drury.edu) → coaches/tdean002
[DRY RUN] Would create unclaimed coach profile: Jenifer Bahner-Hill (jbahner@drury.edu) → coaches/jbahner | Phone: (417) 873-6824
[DRY RUN] Would create unclaimed coach profile: Julia Krebs (jkrebs002@drury.edu) → coaches/jkrebs002 | Phone: (417) 873-7252
[DRY RUN] Would create unclaimed coach profile: James Reynolds (jreynolds006@drury.edu) → coaches/jreynolds006 | Phone: (417) 493-9716
[DRY RUN] Would create unclaimed coach profile: Rick Emmitt (remmitt@drury.edu) → coaches/remmitt | Phone: (417) 873-7374
[DRY RUN] Would create unclaimed coach profile: Ted Barbee (tbarbee@drury.edu) → coaches/tbarbee | Phone: (417) 719-0828
[DRY RUN] Would create unclaimed coach profile: MacKenzie Burghardt (mburghardt001@drury.edu) → coaches/mburghardt001
[DRY RUN] Would create unclaimed coach profile: Dustin Rich (drich010@drury.edu) → coaches/drich010 | Phone: (417) 827-6503
[DRY RUN] Would create unclaimed coach profile: Tanner Crockett (tcrockett@drury.edu) → coaches/tcrockett
[DRY RUN] Would create unclaimed coach profile: Bryan Bevel (bbevel@drury.edu) → coaches/bbevel | Phone: (417) 873-7677
[DRY RUN] Would create unclaimed coach profile: Katie Scott (kscott019@drury.edu) → coaches/kscott019 | Phone: (417) 873-7678
[DRY RUN] Would create unclaimed coach profile: Jeremy Law (jlaw020@drury.edu) → coaches/jlaw020 | Phone: (417) 873-7681
[DRY RUN] Would create unclaimed coach profile: Cliff Cook (ccook017@drury.edu) → coaches/ccook017 | Phone: (817) 690-9486
[DRY RUN] Would create unclaimed coach profile: Brett Loethen (bloethen@drury.edu) → coaches/bloethen
[DRY RUN] Would create unclaimed coach profile: Jarrod Smith (jsmith17@drury.edu) → coaches/jsmith17 | Phone: (417) 873-6847
[DRY RUN] Would create unclaimed coach profile: Robert Brucken (rbrucken@drury.edu) → coaches/rbrucken | Phone: (417) 873-7680
[DRY RUN] Would create unclaimed coach profile: Josh Burgess (jburgess@drury.edu) → coaches/jburgess
[DRY RUN] Would create unclaimed coach profile: Kevin Boyer (kboyer002@drury.edu) → coaches/kboyer002 | Phone: (417) 873-6347
[DRY RUN] Would create unclaimed coach profile: Terry O'Neill (t.oneill@wustl.edu) → coaches/t.oneill
[DRY RUN] Would create unclaimed coach profile: Alicia Watson (alicia.watson@wustl.edu) → coaches/alicia.watson
[DRY RUN] Would create unclaimed coach profile: Leo Liu (leol@wustl.edu) → coaches/leol
[DRY RUN] Would create unclaimed coach profile: Pat Bloom (pbloom@wustl.edu) → coaches/pbloom
[DRY RUN] Would create unclaimed coach profile: Mike Gulve (gulvem@wustl.edu) → coaches/gulvem
[DRY RUN] Would create unclaimed coach profile: Pat Juckem (juckem@wustl.edu) → coaches/juckem
[DRY RUN] Would create unclaimed coach profile: Patrick McGrail (mcgrail@wustl.edu) → coaches/mcgrail
[DRY RUN] Would create unclaimed coach profile: Steve Wilcutt (swilcutt@wustl.edu) → coaches/swilcutt
[DRY RUN] Would create unclaimed coach profile: Jacob Stoecklin (stoecklin@wustl.edu) → coaches/stoecklin
[DRY RUN] Would create unclaimed coach profile: Lisa Stone (stonel@wustl.edu) → coaches/stonel
[DRY RUN] Would create unclaimed coach profile: Katie Hempen (hempen@wustl.edu) → coaches/hempen
[DRY RUN] Would create unclaimed coach profile: Andrew Black (agblack@wustl.edu) → coaches/agblack
[DRY RUN] Would create unclaimed coach profile: Jeff Stiles (stiles@wustl.edu) → coaches/stiles
[DRY RUN] Would create unclaimed coach profile: Aaron Keen (akeen@wustl.edu) → coaches/akeen
[DRY RUN] Would create unclaimed coach profile: Dave Reinhardt (dreinhardt@wustl.edu) → coaches/dreinhardt
[DRY RUN] Would create unclaimed coach profile: Andrew Bordelon (bordelon@wustl.edu) → coaches/bordelon
[DRY RUN] Would create unclaimed coach profile: Jack Mathis (jack.m@wustl.edu) → coaches/jack.m
[DRY RUN] Would create unclaimed coach profile: Jake Leeker (leeker@wustl.edu) → coaches/leeker
[DRY RUN] Would create unclaimed coach profile: Jim Conlon (jimconlon@wustl.edu) → coaches/jimconlon
[DRY RUN] Would create unclaimed coach profile: Taylor Imming (imming@wustl.edu) → coaches/imming
[DRY RUN] Would create unclaimed coach profile: Casey Cromwell (caseyc@wustl.edu) → coaches/caseyc
[DRY RUN] Would create unclaimed coach profile: Melissa "Skeeter" (gentilem@wustl.edu) → coaches/gentilem
[DRY RUN] Would create unclaimed coach profile: Natasha Ramakrishnan (natasha.ramakrishnan@wustl.edu) → coaches/natasha.ramakrishnan
[DRY RUN] Would create unclaimed coach profile: Brad Shively (bkswim@wustl.edu) → coaches/bkswim
[DRY RUN] Would create unclaimed coach profile: Jim Halliburton (halliburton@wustl.edu) → coaches/halliburton
[DRY RUN] Would create unclaimed coach profile: Meggie Meisinger (margaretm@wustl.edu) → coaches/margaretm
[DRY RUN] Would create unclaimed coach profile: Roger Follmer (follmer@wustl.edu) → coaches/follmer
[DRY RUN] Would create unclaimed coach profile: Bob Haugen (haugenrn@wustl.edu) → coaches/haugenrn
[DRY RUN] Would create unclaimed coach profile: Paige Madara (pemadara@wustl.edu) → coaches/pemadara
[DRY RUN] Would create unclaimed coach profile: Ray Williams (ray.williams@wustl.edu) → coaches/ray.williams
[DRY RUN] Would create unclaimed coach profile: Stephen Fleagle (fleagle@wustl.edu) → coaches/fleagle
[DRY RUN] Would create unclaimed coach profile: Vanessa Walby (vanessa.walby@wustl.edu) → coaches/vanessa.walby
[DRY RUN] Would create unclaimed coach profile: Greg Selle (gselle@wustl.edu) → coaches/gselle
[DRY RUN] Would create unclaimed coach profile: Chuck Hepola (hepolac@evangel.edu) → coaches/hepolac
[DRY RUN] Would create unclaimed coach profile: Brandon Staley (staleyb@evangel.edu) → coaches/staleyb
[DRY RUN] Would create unclaimed coach profile: Mary Whitehead (whiteheadm@evangel.edu) → coaches/whiteheadm
[DRY RUN] Would create unclaimed coach profile: Sam Jones (jonessam@evangel.edu) → coaches/jonessam
[DRY RUN] Would create unclaimed coach profile: Michael Thorne (thornem@evangel.edu) → coaches/thornem
[DRY RUN] Would create unclaimed coach profile: Steve Jones (jonesst@evangel.edu) → coaches/jonesst
[DRY RUN] Would create unclaimed coach profile: Todd Nix (nixt@evangel.edu) → coaches/nixt
[DRY RUN] Would create unclaimed coach profile: Bert Capel (capelb@evangel.edu) → coaches/capelb
[DRY RUN] Would create unclaimed coach profile: Jackson Capel (capelj@evangel.edu) → coaches/capelj
[DRY RUN] Would create unclaimed coach profile: Jeremy DeSoto (desotoj@evangel.edu) → coaches/desotoj
[DRY RUN] Would create unclaimed coach profile: Ryne Strickland (stricklandr@evangel.edu) → coaches/stricklandr
[DRY RUN] Would create unclaimed coach profile: Danny Sweet (sweetd@evangel.edu) → coaches/sweetd
[DRY RUN] Would create unclaimed coach profile: Taylor Higgins (higginst@evangel.edu) → coaches/higginst
[DRY RUN] Would create unclaimed coach profile: Jeff Klein (kleinj@evangel.edu) → coaches/kleinj
[DRY RUN] Would create unclaimed coach profile: Myles Williams (williamsmy@evangel.edu) → coaches/williamsmy
[DRY RUN] Would create unclaimed coach profile: Jai Melancon (melanconj@evangel.edu) → coaches/melanconj
[DRY RUN] Would create unclaimed coach profile: Clayton Uber (uberc@evangel.edu) → coaches/uberc
[DRY RUN] Would create unclaimed coach profile: Kevin King (kingk@evangel.edu) → coaches/kingk
[DRY RUN] Would create unclaimed coach profile: Jon Jenkins (jenkinsj@evangel.edu) → coaches/jenkinsj
[DRY RUN] Would create unclaimed coach profile: Kyle Beard (beardk@evangel.edu) → coaches/beardk
[DRY RUN] Would create unclaimed coach profile: Mirko Bjelica (bjelicam@evangel.edu) → coaches/bjelicam
[DRY RUN] Would create unclaimed coach profile: Madi Wallace (wallacem@evangel.edu) → coaches/wallacem
[DRY RUN] Would create unclaimed coach profile: Hannah Woodcock (woodcockh@evangel.edu) → coaches/woodcockh
[DRY RUN] Would create unclaimed coach profile: Camden Sesna (sesnac@evangel.edu) → coaches/sesnac
[DRY RUN] Would create unclaimed coach profile: Bruce Deaton (deatonb@evangel.edu) → coaches/deatonb
[DRY RUN] Would create unclaimed coach profile: Joanna Scott (scottjo@evangel.edu) → coaches/scottjo
[DRY RUN] Would create unclaimed coach profile: Jessy Bond (bondj@evangel.edu) → coaches/bondj
[DRY RUN] Would create unclaimed coach profile: Jay Halbrook (halbrookja@evangel.edu) → coaches/halbrookja
[DRY RUN] Would create unclaimed coach profile: Sony Mitchell (mitchells@evangel.edu) → coaches/mitchells
[DRY RUN] Would create unclaimed coach profile: Rob Brice (bricer@evangel.edu) → coaches/bricer
[DRY RUN] Would create unclaimed coach profile: Justin Hale (halej@evangel.edu) → coaches/halej
[DRY RUN] Would create unclaimed coach profile: Cayleigh Berry (berryc@evangel.edu) → coaches/berryc
[DRY RUN] Would create unclaimed coach profile: Nick Van (vanvalkenburg@evangel.edu) → coaches/vanvalkenburg
[DRY RUN] Would create unclaimed coach profile: Brooke Arnold (arnoldb@evangel.edu) → coaches/arnoldb
[DRY RUN] Would create unclaimed coach profile: Preston Martin (preston.martin@sbuniv.edu) → coaches/preston.martin
[DRY RUN] Would create unclaimed coach profile: Charles Bradley (ctbradley@sbuniv.edu) → coaches/ctbradley
[DRY RUN] Would create unclaimed coach profile: Pat Miner (patrick.miner@sbuniv.edu) → coaches/patrick.miner
[DRY RUN] Would create unclaimed coach profile: Aaron Niven (aniven@sbuniv.edu) → coaches/aniven
[DRY RUN] Would create unclaimed coach profile: Derald Henderson (derald.henderson@sbuniv.edu) → coaches/derald.henderson
[DRY RUN] Would create unclaimed coach profile: Wyketha Harrell (wyketha.harrell@sbuniv.edu) → coaches/wyketha.harrell | Phone: (417) 328-1706
[DRY RUN] Would create unclaimed coach profile: Lola Reed (lola.bracy@sbuniv.edu) → coaches/lola.bracy | Phone: (314) 717-9827
[DRY RUN] Would create unclaimed coach profile: Paityn Walker (paityn.walker@sbuniv.edu) → coaches/paityn.walker
[DRY RUN] Would create unclaimed coach profile: Ashley Vest (ashley.vest@sbuniv.edu) → coaches/ashley.vest | Phone: (417) 399-3014
[DRY RUN] Would create unclaimed coach profile: Corey McElhaney (cmcelhaney@sbuniv.edu) → coaches/cmcelhaney
[DRY RUN] Would create unclaimed coach profile: Sterlen Paul (spaul@sbuniv.edu) → coaches/spaul
[DRY RUN] Would create unclaimed coach profile: Mike McIntosh (mmcintosh@sbuniv.edu) → coaches/mmcintosh
[DRY RUN] Would create unclaimed coach profile: Kimone Green (kgreen@sbuniv.edu) → coaches/kgreen
[DRY RUN] Would create unclaimed coach profile: Paul Hansen (paul.hansen@sbuniv.edu) → coaches/paul.hansen
[DRY RUN] Would create unclaimed coach profile: Tyler Curts (tcurts@sbuniv.edu) → coaches/tcurts
[DRY RUN] Would create unclaimed coach profile: Donavan Newman (donavan.newman@sbuniv.edu) → coaches/donavan.newman
[DRY RUN] Would create unclaimed coach profile: Ethan Smith (ethan.smith@sbuniv.edu) → coaches/ethan.smith
[DRY RUN] Would create unclaimed coach profile: Kenny Thomason (kenny.thomason@sbuniv.edu) → coaches/kenny.thomason
[DRY RUN] Would create unclaimed coach profile: Steve Bushre (steve.bushre@sbuniv.edu) → coaches/steve.bushre
[DRY RUN] Would create unclaimed coach profile: Andrew Percic (andrew.percic@sbuniv.edu) → coaches/andrew.percic
[DRY RUN] Would create unclaimed coach profile: Tripp Swisher (tswisher@sbuniv.edu) → coaches/tswisher | Phone: (417) 328-1738
[DRY RUN] Would create unclaimed coach profile: Brady Matthews (brady.matthews@sbuniv.edu) → coaches/brady.matthews
[DRY RUN] Would create unclaimed coach profile: John Bryant (jabryant@sbuniv.edu) → coaches/jabryant
[DRY RUN] Would create unclaimed coach profile: James Hanger (jhanger@sbuniv.edu) → coaches/jhanger
[DRY RUN] Would create unclaimed coach profile: Pono Yin (bronson.yin@sbuniv.edu) → coaches/bronson.yin
[DRY RUN] Would create unclaimed coach profile: Gavin Hagar (gavin.hagar@sbuniv.edu) → coaches/gavin.hagar
[DRY RUN] Would create unclaimed coach profile: Pernell Roberts (robertsp@hssu.edu) → coaches/robertsp
[DRY RUN] Would create unclaimed coach profile: Levar Alton (altonl@hssu.edu) → coaches/altonl
[DRY RUN] Would create unclaimed coach profile: Nenad Todorovic (todorovicn@hssu.edu) → coaches/todorovicn
[DRY RUN] Would create unclaimed coach profile: Joshua Reed (reedj@hssu.edu) → coaches/reedj
[DRY RUN] Would create unclaimed coach profile: Jason Norsic (norsicj@hssu.edu) → coaches/norsicj
[DRY RUN] Would create unclaimed coach profile: Larry Young (younglar@hssu.edu) → coaches/younglar
[DRY RUN] Would create unclaimed coach profile: Brittany Stewart (stewartb@hssu.edu) → coaches/stewartb
[DRY RUN] Would create unclaimed coach profile: Whitney McDaniel (mcdaniew@hssu.edu) → coaches/mcdaniew
[DRY RUN] Would create unclaimed coach profile: Rashandra Burnett (burnettr@hssu.edu) → coaches/burnettr
[DRY RUN] Would create unclaimed coach profile: Grant Reynolds (reynoldsg@lincolnu.edu) → coaches/reynoldsg
[DRY RUN] Would create unclaimed coach profile: Curtis Vaughan (curtis.vaughan656@lincolnu.edu) → coaches/curtis.vaughan656
[DRY RUN] Would create unclaimed coach profile: Jimmy Drew (drewj@lincolnu.edu) → coaches/drewj
[DRY RUN] Would create unclaimed coach profile: Nick Carty (cartyn@lincolnu.edu) → coaches/cartyn
[DRY RUN] Would create unclaimed coach profile: Leonard Erickson (ericksonl@lincolnu.edu) → coaches/ericksonl
[DRY RUN] Would create unclaimed coach profile: Vivian Chigbu (vivian.chigbu764@my.lincolnu.edu) → coaches/vivian.chigbu764
[DRY RUN] Would create unclaimed coach profile: Moses Harper (harperm2@lincolnu.edu) → coaches/harperm2
[DRY RUN] Would create unclaimed coach profile: Terrence Campbell (campbellt@lincolnu.edu) → coaches/campbellt
[DRY RUN] Would create unclaimed coach profile: Randy Bickel (bickelr@lincolnu.edu) → coaches/bickelr
[DRY RUN] Would create unclaimed coach profile: Sammy Samuels (SamuelsO@lincolnu.edu) → coaches/SamuelsO
[DRY RUN] Would create unclaimed coach profile: Andre Ireland (andre.ireland547@my.lincolnu.edu) → coaches/andre.ireland547
[DRY RUN] Would create unclaimed coach profile: Leah Stringer (StringerL@lincolnu.edu) → coaches/StringerL
[DRY RUN] Would create unclaimed coach profile: Jon DeSha (deshaj@lincolnu.edu) → coaches/deshaj
[DRY RUN] Would create unclaimed coach profile: Jason Ollison (ollisonj@lincolnu.edu) → coaches/ollisonj
[DRY RUN] Would create unclaimed coach profile: Brent Schnieders (schniedersb@lincolnu.edu) → coaches/schniedersb
[DRY RUN] Would create unclaimed coach profile: Ross Wilson, (2179168@mobap.edu) → coaches/2179168 | Phone: 2179168
[DRY RUN] Would create unclaimed coach profile: Jakob Kouneski (2285110@mobap.edu) → coaches/2285110 | Phone: 2285110
[DRY RUN] Would create unclaimed coach profile: Levi Smith (2494925@mobap.edu) → coaches/2494925 | Phone: 2494925
[DRY RUN] Would create unclaimed coach profile: Kayleigh Winch (Kayleigh.Winch@mobap.edu) → coaches/Kayleigh.Winch
[DRY RUN] Would create unclaimed coach profile: Eddie Uschold (Eddie.Uschold@mobap.edu) → coaches/Eddie.Uschold
[DRY RUN] Would create unclaimed coach profile: Kenny Graser (Kenny.Graser@mobap.edu) → coaches/Kenny.Graser
[DRY RUN] Would create unclaimed coach profile: Taylor Jarvis (Taylor.Jarvis@mobap.edu) → coaches/Taylor.Jarvis
[DRY RUN] Would create unclaimed coach profile: Chris Forrest (Christopher.Forrest@mobap.edu) → coaches/Christopher.Forrest
[DRY RUN] Would create unclaimed coach profile: Harley Story (Harley.Story@mobap.edu) → coaches/Harley.Story
[DRY RUN] Would create unclaimed coach profile: Taylor Jacobsen (Taylor.Jacobsen@mobap.edu) → coaches/Taylor.Jacobsen
[DRY RUN] Would create unclaimed coach profile: Aleia Milano (Aleia.Milano@mobap.edu) → coaches/Aleia.Milano
[DRY RUN] Would create unclaimed coach profile: Rhonda Loos (Rhonda.Loos@mobap.edu) → coaches/Rhonda.Loos
[DRY RUN] Would create unclaimed coach profile: Don Griffin (Donald.Griffin1@mobap.edu) → coaches/Donald.Griffin1
[DRY RUN] Would create unclaimed coach profile: Mike Solovic (Michael.Solovic@mobap.edu) → coaches/Michael.Solovic
[DRY RUN] Would create unclaimed coach profile: Emilee Mitchell (Emilee.Mitchell@mobap.edu) → coaches/Emilee.Mitchell
[DRY RUN] Would create unclaimed coach profile: Jerry McQueen (Jerry.McQueen@mobap.edu) → coaches/Jerry.McQueen
[DRY RUN] Would create unclaimed coach profile: Proleine Williams (Proleine.Pierre@mobap.edu) → coaches/Proleine.Pierre
[DRY RUN] Would create unclaimed coach profile: Trey Peugeot (Richard.Peugeot@mobap.edu) → coaches/Richard.Peugeot
[DRY RUN] Would create unclaimed coach profile: Gracie Kopala (Gracie.Kopala@mobap.edu) → coaches/Gracie.Kopala
[DRY RUN] Would create unclaimed coach profile: Abby Jeschke (Abby.Jeschke@mobap.edu) → coaches/Abby.Jeschke
[DRY RUN] Would create unclaimed coach profile: Miranda Payne (Miranda.Payne@mobap.edu) → coaches/Miranda.Payne
[DRY RUN] Would create unclaimed coach profile: Alex Ardolf (Alexander.Ardolf@mobap.edu) → coaches/Alexander.Ardolf
[DRY RUN] Would create unclaimed coach profile: Jason Burianek (Jason.Burianek@mobap.edu) → coaches/Jason.Burianek
[DRY RUN] Would create unclaimed coach profile: Charles Coe (Charles.Coe@mobap.edu) → coaches/Charles.Coe
[DRY RUN] Would create unclaimed coach profile: Jarren Hightower (Jarren.Hightower@mobap.edu) → coaches/Jarren.Hightower
[DRY RUN] Would create unclaimed coach profile: Zack Kern (Zachary.Kern@mobap.edu) → coaches/Zachary.Kern
[DRY RUN] Would create unclaimed coach profile: Louis Findley (Louis.Findley@mobap.edu) → coaches/Louis.Findley
[DRY RUN] Would create unclaimed coach profile: Jordan Osborne (Jordan.Osborne@mobap.edu) → coaches/Jordan.Osborne
[DRY RUN] Would create unclaimed coach profile: Sam Shreffler (Samuel.Shreffler@mobap.edu) → coaches/Samuel.Shreffler
[DRY RUN] Would create unclaimed coach profile: Alec Burton (Alec.Burton@mobap.edu) → coaches/Alec.Burton
[DRY RUN] Would create unclaimed coach profile: Justin Hoagland (Justin.Hoagland@mobap.edu) → coaches/Justin.Hoagland
[DRY RUN] Would create unclaimed coach profile: Sam Beggs (Samuel.Beggs@mobap.edu) → coaches/Samuel.Beggs
[DRY RUN] Would create unclaimed coach profile: Kelly Howell (Kelly.Howell@mobap.edu) → coaches/Kelly.Howell
[DRY RUN] Would create unclaimed coach profile: Colin Klahs (1868796@mobap.edu) → coaches/1868796 | Phone: 1868796
[DRY RUN] Would create unclaimed coach profile: Max Ruhl (Max.Ruhl@mobap.edu) → coaches/Max.Ruhl
[DRY RUN] Would create unclaimed coach profile: Sophia Zegar (2284144@mobap.edu) → coaches/2284144 | Phone: 2284144
[DRY RUN] Would create unclaimed coach profile: Alyssa Graebner (2284449@mobap.edu) → coaches/2284449 | Phone: 2284449
[DRY RUN] Would create unclaimed coach profile: Jake Alvernia (Jacob.Alvernia@mobap.edu) → coaches/Jacob.Alvernia
[DRY RUN] Would create unclaimed coach profile: Jack Ridley (Jack.Ridley@mobap.edu) → coaches/Jack.Ridley
[DRY RUN] Would create unclaimed coach profile: Deno Merrick (Deno.Merrick@mobap.edu) → coaches/Deno.Merrick
[DRY RUN] Would create unclaimed coach profile: Lauren Poggemoeller (2179721@mobap.edu) → coaches/2179721 | Phone: 2179721
[DRY RUN] Would create unclaimed coach profile: Ted Leigraf (Ted.Leigraf@mobap.edu) → coaches/Ted.Leigraf
[DRY RUN] Would create unclaimed coach profile: Patrick Acheson (Patrick.Acheson@mobap.edu) → coaches/Patrick.Acheson
[DRY RUN] Would create unclaimed coach profile: Grace Hejl (2502306@mobap.edu) → coaches/2502306 | Phone: 2502306
[DRY RUN] Would create unclaimed coach profile: Scott Goodyear (Scott.Goodyear@mobap.edu) → coaches/Scott.Goodyear
[DRY RUN] Would create unclaimed coach profile: Nirva Patel (2495702@mobap.edu) → coaches/2495702 | Phone: 2495702
[DRY RUN] Would create unclaimed coach profile: Kameron Lewis (Kameron.Lewis@mobap.edu) → coaches/Kameron.Lewis
[DRY RUN] Would create unclaimed coach profile: Tom Young (Tom.Young@mobap.edu) → coaches/Tom.Young
[DRY RUN] Would create unclaimed coach profile: Claire Ochs (Claire.Ochs@mobap.edu) → coaches/Claire.Ochs
[DRY RUN] Would create unclaimed coach profile: Chris Nichols (Chris.Nichols@mobap.edu) → coaches/Chris.Nichols
[DRY RUN] Would create unclaimed coach profile: Jackie Drury (2495774@mobap.edu) → coaches/2495774 | Phone: 2495774
[DRY RUN] Would create unclaimed coach profile: Luiza Arsufi (Luiza.Arsufi@mobap.edu) → coaches/Luiza.Arsufi
[DRY RUN] Would create unclaimed coach profile: Caleb McElfresh (Caleb.McElfresh@mobap.edu) → coaches/Caleb.McElfresh
[DRY RUN] Would create unclaimed coach profile: Tyler Deen (2495799@mobap.edu) → coaches/2495799 | Phone: 2495799
[DRY RUN] Would create unclaimed coach profile: Amond Prater (Amond.Prater@mobap.edu) → coaches/Amond.Prater
[DRY RUN] Would create unclaimed coach profile: Elise Falcetti (2400219@mobap.edu) → coaches/2400219 | Phone: 2400219
[DRY RUN] Would create unclaimed coach profile: JC Hull (jhull@lindenwood.edu) → coaches/jhull
[DRY RUN] Would create unclaimed coach profile: Julius Armstead (jarmstead@lindenwood.edu) → coaches/jarmstead
[DRY RUN] Would create unclaimed coach profile: Collin Kohlasch (ckohlasch@lindenwood.edu) → coaches/ckohlasch
[DRY RUN] Would create unclaimed coach profile: Daniel Sheehan (dsheehan@lindenwood.edu) → coaches/dsheehan
[DRY RUN] Would create unclaimed coach profile: Connor Straton (cstratton@lindenwood.edu) → coaches/cstratton
[DRY RUN] Would create unclaimed coach profile: PJ Finigan (pfinigan@lindenwood.edu) → coaches/pfinigan
[DRY RUN] Would create unclaimed coach profile: Denton McNamee (dmcnamee@lindenwood.edu) → coaches/dmcnamee
[DRY RUN] Would create unclaimed coach profile: Kyle Gerdeman (kgerdeman@lindenwood.edu) → coaches/kgerdeman
[DRY RUN] Would create unclaimed coach profile: Justin Walker (jwalker@lindenwood.edu) → coaches/jwalker
[DRY RUN] Would create unclaimed coach profile: Jestin Anderson (janderson4@lindenwood.edu) → coaches/janderson4
[DRY RUN] Would create unclaimed coach profile: Amy Eagan (aeagan@lindenwood.edu) → coaches/aeagan
[DRY RUN] Would create unclaimed coach profile: Jordan Mellott (jmellott@lindenwood.edu) → coaches/jmellott
[DRY RUN] Would create unclaimed coach profile: Aaron Beadle (abeadle@lindenwood.edu) → coaches/abeadle
[DRY RUN] Would create unclaimed coach profile: Lindsay Ward (lward@lindenwood.edu) → coaches/lward
[DRY RUN] Would create unclaimed coach profile: Kayla Kregel (kkregel@lindenwood.edu) → coaches/kkregel
[DRY RUN] Would create unclaimed coach profile: Vicente Blanco (vblanco@lindenwood.edu) → coaches/vblanco
[DRY RUN] Would create unclaimed coach profile: Andrew Mudd (amudd@lindenwood.edu) → coaches/amudd
[DRY RUN] Would create unclaimed coach profile: Glenn Norwood (gnorwood.vol@lindenwood.edu) → coaches/gnorwood.vol
[DRY RUN] Would create unclaimed coach profile: Eric Inama (einama@lindenwood.edu) → coaches/einama
[DRY RUN] Would create unclaimed coach profile: Ray Farnell (rfarnell@lindenwood.edu) → coaches/rfarnell
[DRY RUN] Would create unclaimed coach profile: Tavia Rutherford (trutherford@lindenwood.edu) → coaches/trutherford
[DRY RUN] Would create unclaimed coach profile: Keith Fisher (kfisher1@lindenwood.edu) → coaches/kfisher1
[DRY RUN] Would create unclaimed coach profile: Jack Combs (jcombs@lindenwood.edu) → coaches/jcombs
[DRY RUN] Would create unclaimed coach profile: Andrew Magera (amagera@lindenwood.edu) → coaches/amagera
[DRY RUN] Would create unclaimed coach profile: Mark Abney (mabney@lindenwood.edu) → coaches/mabney
[DRY RUN] Would create unclaimed coach profile: Taylor Wasylk (twasylk@lindenwood.edu) → coaches/twasylk
[DRY RUN] Would create unclaimed coach profile: Arielle DeSmet (Adesmet@lindenwood.edu) → coaches/Adesmet
[DRY RUN] Would create unclaimed coach profile: Connor Chatham (cchatham@lindenwood.edu) → coaches/cchatham
[DRY RUN] Would create unclaimed coach profile: Jack Cribbin (jcribbin@lindenwood.edu) → coaches/jcribbin
[DRY RUN] Would create unclaimed coach profile: Brian Smith (bsmith@lindenwood.edu) → coaches/bsmith
[DRY RUN] Would create unclaimed coach profile: Ryleigh Cavanaugh (rcavanaugh@lindenwood.edu) → coaches/rcavanaugh
[DRY RUN] Would create unclaimed coach profile: Nat Hubert (nhubert@lindenwood.edu) → coaches/nhubert
[DRY RUN] Would create unclaimed coach profile: Dave Musso (dmusso@lindenwood.edu) → coaches/dmusso
[DRY RUN] Would create unclaimed coach profile: Euan Morton (emorton@lindenwood.edu) → coaches/emorton
[DRY RUN] Would create unclaimed coach profile: Megan McClure (mmcclure@lindenwood.edu) → coaches/mmcclure
[DRY RUN] Would create unclaimed coach profile: Erin Brown (ebrown2@lindenwood.edu) → coaches/ebrown2
[DRY RUN] Would create unclaimed coach profile: Chris Iliopoulos (ciliopoulos@lindenwood.edu) → coaches/ciliopoulos
[DRY RUN] Would create unclaimed coach profile: Anthony Ruggiero (aruggiero@lindenwood.edu) → coaches/aruggiero
[DRY RUN] Would create unclaimed coach profile: Cole Stevenson (cstevenson@lindenwood.edu) → coaches/cstevenson
[DRY RUN] Would create unclaimed coach profile: Alli Duckworth (aduckworth@lindenwood.edu) → coaches/aduckworth
[DRY RUN] Would create unclaimed coach profile: Lauren Zabriskie (lzabriskie@lindenwood.edu) → coaches/lzabriskie
[DRY RUN] Would create unclaimed coach profile: Joe Kosciw (jkosciw@lindenwood.edu) → coaches/jkosciw
[DRY RUN] Would create unclaimed coach profile: Michael Lanera (mlanera@lindenwood.edu) → coaches/mlanera
[DRY RUN] Would create unclaimed coach profile: Will Condon (wcondon@lindenwood.edu) → coaches/wcondon
[DRY RUN] Would create unclaimed coach profile: Tyler Fenton (tfenton@lindenwood.edu) → coaches/tfenton
[DRY RUN] Would create unclaimed coach profile: Frank Yattoni (fyattoni@lindenwood.edu) → coaches/fyattoni
[DRY RUN] Would create unclaimed coach profile: Charles McNeal (cmcneal2@lindenwood.edu) → coaches/cmcneal2
[DRY RUN] Would create unclaimed coach profile: Trevor Locke (tlocke@lindenwood.edu) → coaches/tlocke
[DRY RUN] Would create unclaimed coach profile: Colten Hernandez (chernandez@lindenwood.edu) → coaches/chernandez
[DRY RUN] Would create unclaimed coach profile: Sean Dunston, (dunstons@william.jewell.edu) → coaches/dunstons
[DRY RUN] Would create unclaimed coach profile: Mike Stockton (mstockton@william.jewell.edu) → coaches/mstockton
[DRY RUN] Would create unclaimed coach profile: Jake Johnson (johnsonj@william.jewell.edu) → coaches/johnsonj
[DRY RUN] Would create unclaimed coach profile: Kaden Fowler (fowlerk@william.jewell.edu) → coaches/fowlerk
[DRY RUN] Would create unclaimed coach profile: Christian Hildebrandt (hildebrandtc@william.jewell.edu) → coaches/hildebrandtc
[DRY RUN] Would create unclaimed coach profile: Mason Alexander, (alexanderm@william.jewell.edu) → coaches/alexanderm
[DRY RUN] Would create unclaimed coach profile: Jenni Croy (croyj@william.jewell.edu) → coaches/croyj
[DRY RUN] Would create unclaimed coach profile: Lesli Collins (collinsl@william.jewell.edu) → coaches/collinsl
[DRY RUN] Would create unclaimed coach profile: Jason Ambroson (ambrosonj@william.jewell.edu) → coaches/ambrosonj
[DRY RUN] Would create unclaimed coach profile: Corey Bethany, (bethanyc@william.jewell.edu) → coaches/bethanyc
[DRY RUN] Would create unclaimed coach profile: Kevin Corless (corlessk@william.jewell.edu) → coaches/corlessk
[DRY RUN] Would create unclaimed coach profile: Mark Faubion, (faubionm@william.jewell.edu) → coaches/faubionm
[DRY RUN] Would create unclaimed coach profile: Jack Connelly (connellyj@william.jewell.edu) → coaches/connellyj
[DRY RUN] Would create unclaimed coach profile: Terrance Dennis (dennist@william.jewell.edu) → coaches/dennist
[DRY RUN] Would create unclaimed coach profile: Simeon Blair (blairs@william.jewell.edu) → coaches/blairs
[DRY RUN] Would create unclaimed coach profile: Ian Barnes (barnesi@william.jewell.edu) → coaches/barnesi
[DRY RUN] Would create unclaimed coach profile: Becky Crosby (crosbyr@william.jewell.edu) → coaches/crosbyr
[DRY RUN] Would create unclaimed coach profile: Andrew Briones (brionesa@william.jewell.edu) → coaches/brionesa
[DRY RUN] Would create unclaimed coach profile: Kevin Grelle (grellek@william.jewell.edu) → coaches/grellek
[DRY RUN] Would create unclaimed coach profile: Mackenzie Porter (porterm@william.jewell.edu) → coaches/porterm
[DRY RUN] Would create unclaimed coach profile: Eddie Horn (horne@william.jewell.edu) → coaches/horne
[DRY RUN] Would create unclaimed coach profile: Emily Key (keye@william.jewell.edu) → coaches/keye
[DRY RUN] Would create unclaimed coach profile: Kaely Watt (wattk@william.jewell.edu) → coaches/wattk
[DRY RUN] Would create unclaimed coach profile: Taylor Wagner (wagnert@william.jewell.edu) → coaches/wagnert
[DRY RUN] Would create unclaimed coach profile: Emma Ryan (ryane@william.jewell.edu) → coaches/ryane
[DRY RUN] Would create unclaimed coach profile: Greg Temple (templeg@william.jewell.edu) → coaches/templeg
[DRY RUN] Would create unclaimed coach profile: Ben Ford (fordb@william.jewell.edu) → coaches/fordb
[DRY RUN] Would create unclaimed coach profile: Brian Cooper (cooperb@william.jewell.edu) → coaches/cooperb
[DRY RUN] Would create unclaimed coach profile: Joe Adams (adamsj@william.jewell.edu) → coaches/adamsj
[DRY RUN] Would create unclaimed coach profile: Rachel Hinojosa (hinojosar@william.jewell.edu) → coaches/hinojosar
[DRY RUN] Would create unclaimed coach profile: Desiree Ramos (ramosd@william.jewell.edu) → coaches/ramosd
[DRY RUN] Would create unclaimed coach profile: Tanya Callaway (callawayt@william.jewell.edu) → coaches/callawayt
[DRY RUN] Would create unclaimed coach profile: Kevin Kane (kevinkane@missouristate.edu) → coaches/kevinkane
[DRY RUN] Would create unclaimed coach profile: Emily Dryden (EmilyDryden@MissouriState.edu) → coaches/EmilyDryden
[DRY RUN] Would create unclaimed coach profile: Noah Sturgeon (noahsturgeon@missouristate.edu) → coaches/noahsturgeon
[DRY RUN] Would create unclaimed coach profile: Mahaylee Peterman-Sturgeon (mahayleepetermansturgeon@missouristate.edu) → coaches/mahayleepetermansturgeon
[DRY RUN] Would create unclaimed coach profile: Kimberlee Adkins (kadkins@missouristate.edu) → coaches/kadkins
[DRY RUN] Would create unclaimed coach profile: Joey Hawkins (Baseball@MissouriState.edu) → coaches/Baseball
[DRY RUN] Would create unclaimed coach profile: Tarrance Crump (tarrancecrump@missouristate.edu) → coaches/tarrancecrump
[DRY RUN] Would create unclaimed coach profile: Carson Cunningham (cc29e@missouristate.edu) → coaches/cc29e
[DRY RUN] Would create unclaimed coach profile: Marco Harris (mh63e@missouristate.edu) → coaches/mh63e
[DRY RUN] Would create unclaimed coach profile: Steve Woodberry (stevewoodberry@missouristate.edu) → coaches/stevewoodberry
[DRY RUN] Would create unclaimed coach profile: Olivia Malcolm (oapplewhite@missouristate.edu) → coaches/oapplewhite
[DRY RUN] Would create unclaimed coach profile: Jay Spoonhour (jspoonhour@missouristate.edu) → coaches/jspoonhour
[DRY RUN] Would create unclaimed coach profile: Abby Emmert (aemmert@missouristate.edu) → coaches/aemmert
[DRY RUN] Would create unclaimed coach profile: Jordan Chavis (jkc94e@missouristate.edu) → coaches/jkc94e
[DRY RUN] Would create unclaimed coach profile: Ashley Emery (ashleyemery@missouristate.edu) → coaches/ashleyemery
[DRY RUN] Would create unclaimed coach profile: Manuela Ibarguen (mi786s@missouristate.edu) → coaches/mi786s
[DRY RUN] Would create unclaimed coach profile: Ryan Beard (RyanBeard@MissouriState.edu) → coaches/RyanBeard
[DRY RUN] Would create unclaimed coach profile: Max Halpin (mch588e@missouristate.edu) → coaches/mch588e
[DRY RUN] Would create unclaimed coach profile: Tramain Thomas (tthomas@missouristate.edu) → coaches/tthomas
[DRY RUN] Would create unclaimed coach profile: David Clowney (dc55e@missouristate.edu) → coaches/dc55e
[DRY RUN] Would create unclaimed coach profile: Chris Franklin (cdf49e@missouristate.edu) → coaches/cdf49e
[DRY RUN] Would create unclaimed coach profile: Ace Wales (aw684e@missouristate.edu) → coaches/aw684e
[DRY RUN] Would create unclaimed coach profile: Connor Benado (connorbenado@missouristate.edu) → coaches/connorbenado
[DRY RUN] Would create unclaimed coach profile: Neal Stafford (nealstafford@missouristate.edu) → coaches/nealstafford
[DRY RUN] Would create unclaimed coach profile: Dawna Hartman (DBakerHartman@MissouriState.edu) → coaches/DBakerHartman
[DRY RUN] Would create unclaimed coach profile: Michael Seabolt (mseabolt@missouristate.edu) → coaches/mseabolt
[DRY RUN] Would create unclaimed coach profile: Keith Fulk (wf4885e@missouristate.edu) → coaches/wf4885e
[DRY RUN] Would create unclaimed coach profile: Kian Yari (kian10@live.missouristate.edu) → coaches/kian10
[DRY RUN] Would create unclaimed coach profile: Micah Adkins-Estes (msa2e@missouristate.edu) → coaches/msa2e
[DRY RUN] Would create unclaimed coach profile: Kirk Nelson (KirkNelson@missouristate.edu) → coaches/KirkNelson
[DRY RUN] Would create unclaimed coach profile: Cory Herchenroeder (CHerchenroeder@missouristate.edu) → coaches/CHerchenroeder
[DRY RUN] Would create unclaimed coach profile: Sara Halilhodzic (SHalilhodzic@MissouriState.edu) → coaches/SHalilhodzic
[DRY RUN] Would create unclaimed coach profile: Christy Kononiuk (ChristinaKononiuk@MissouriState.edu) → coaches/ChristinaKononiuk
[DRY RUN] Would create unclaimed coach profile: Kasey Griffith (KaseyGriffith@MissouriState.edu) → coaches/KaseyGriffith
[DRY RUN] Would create unclaimed coach profile: Shelby Hiers (srh276e@missouristate.edu) → coaches/srh276e
[DRY RUN] Would create unclaimed coach profile: Jess Weber (jmv522s@MissouriState.edu) → coaches/jmv522s
[DRY RUN] Would create unclaimed coach profile: Brittany Gray-Cardenas (bjg675e@MissouriState.edu) → coaches/bjg675e
[DRY RUN] Would create unclaimed coach profile: Kennedy Wingbermuehle (kwingbermuehle@missouristate.edu) → coaches/kwingbermuehle
[DRY RUN] Would create unclaimed coach profile: Dave Collins (davidcollins@missouristate.edu) → coaches/davidcollins
[DRY RUN] Would create unclaimed coach profile: Chelsea Dirks-Ham (chelseadirks-ham@missouristate.edu) → coaches/chelseadirks-ham
[DRY RUN] Would create unclaimed coach profile: James Huelskamp (jameshuelskamp@missouristate.edu) → coaches/jameshuelskamp
[DRY RUN] Would create unclaimed coach profile: Anna Miller (annamiller@missouristate.edu) → coaches/annamiller
[DRY RUN] Would create unclaimed coach profile: Austin Hale (ahale@missouristate.edu) → coaches/ahale
[DRY RUN] Would create unclaimed coach profile: Taryn Smiley (tarynsmiley@missouristate.edu) → coaches/tarynsmiley
[DRY RUN] Would create unclaimed coach profile: Bryan Mack (bm7e@MissouriState.edu) → coaches/bm7e
[DRY RUN] Would create unclaimed coach profile: Steven McRoberts (StevenMcRoberts@MissouriState.edu) → coaches/StevenMcRoberts
[DRY RUN] Would create unclaimed coach profile: Bri Walsh (brianawalsh@missouristate.edu) → coaches/brianawalsh
[DRY RUN] Would create unclaimed coach profile: Lori Endicott-Vandersnick (lorivandersnick@missouristate.edu) → coaches/lorivandersnick
[DRY RUN] Would create unclaimed coach profile: Zerek Langley (ZerekLangley@MissouriState.edu) → coaches/ZerekLangley
[DRY RUN] Would create unclaimed coach profile: Lindsey Derry (lderry@park.edu) → coaches/lderry
[DRY RUN] Would create unclaimed coach profile: Adam Farm (adam.farm@park.edu) → coaches/adam.farm
[DRY RUN] Would create unclaimed coach profile: Cary Lundy (clundy@park.edu) → coaches/clundy
[DRY RUN] Would create unclaimed coach profile: Bill Sobbe (william.sobbe@park.edu) → coaches/william.sobbe
[DRY RUN] Would create unclaimed coach profile: Adam Clay (james.clay@park.edu) → coaches/james.clay
[DRY RUN] Would create unclaimed coach profile: Augusto Hausmann (Augusto.Hausmann@park.edu) → coaches/Augusto.Hausmann
[DRY RUN] Would create unclaimed coach profile: Cody Reynolds (cody.reynolds@park.edu) → coaches/cody.reynolds
[DRY RUN] Would create unclaimed coach profile: Norman Kenneth (norman.cooper@park.edu) → coaches/norman.cooper
[DRY RUN] Would create unclaimed coach profile: Antowin Edwards (antowin.edwards92@gmail.com) → coaches/antowin.edwards92
[DRY RUN] Would create unclaimed coach profile: Amanda Alexander (amanda.alexander02@park.edu) → coaches/amanda.alexander02
[DRY RUN] Would create unclaimed coach profile: Amanda Laurenceau (Amanda.Laurenceau@park.edu) → coaches/Amanda.Laurenceau
[DRY RUN] Would create unclaimed coach profile: Jamal Butler (jamal.butler@park.edu) → coaches/jamal.butler
[DRY RUN] Would create unclaimed coach profile: Ronald Stallard (ronald.stallard@park.edu) → coaches/ronald.stallard
[DRY RUN] Would create unclaimed coach profile: Laura Padgett (laura.padgett@park.edu) → coaches/laura.padgett
[DRY RUN] Would create unclaimed coach profile: Efrem Shimlis (eshimlis@park.edu) → coaches/eshimlis
[DRY RUN] Would create unclaimed coach profile: Goran Karadjov (goran.karadjov@park.edu) → coaches/goran.karadjov
[DRY RUN] Would create unclaimed coach profile: Ken Hefner (ken.hefner@park.edu) → coaches/ken.hefner
[DRY RUN] Would create unclaimed coach profile: Abdulhamid Zlitni (azlitni@park.edu) → coaches/azlitni
[DRY RUN] Would create unclaimed coach profile: Alyssa Ramirez (alyssa.ramirez@park.edu) → coaches/alyssa.ramirez
[DRY RUN] Would create unclaimed coach profile: Luciano Bucci (lbucci@park.edu) → coaches/lbucci
[DRY RUN] Would create unclaimed coach profile: Izabella Ceratti (izabella.ceratti@park.edu) → coaches/izabella.ceratti
[DRY RUN] Would create unclaimed coach profile: Kaci Swank (kcrabtree@park.edu) → coaches/kcrabtree
[DRY RUN] Would create unclaimed coach profile: Martha Linscott (martha.linscott@park.edu) → coaches/martha.linscott
[DRY RUN] Would create unclaimed coach profile: Evan Scobie (evan.scobie@park.edu) → coaches/evan.scobie
[DRY RUN] Would create unclaimed coach profile: Madalyn Coffman (madalyn.coffman@park.edu) → coaches/madalyn.coffman
[DRY RUN] Would create unclaimed coach profile: Andre Bell (abell@stephens.edu) → coaches/abell
[DRY RUN] Would create unclaimed coach profile: Daryl Betts (dbetts@stephens.edu) → coaches/dbetts
[DRY RUN] Would create unclaimed coach profile: Don Trentham (dtrentham@stephens.edu) → coaches/dtrentham
[DRY RUN] Would create unclaimed coach profile: Clint Poulsen (cpoulsen@stephens.edu) → coaches/cpoulsen
[DRY RUN] Would create unclaimed coach profile: Emily King (eking@stephens.edu) → coaches/eking
[DRY RUN] Would create unclaimed coach profile: Maggie Hans (mhans@stephens.edu) → coaches/mhans
[DRY RUN] Would create unclaimed coach profile: Naomi Franco (nfranco@stephens.edu) → coaches/nfranco
[DRY RUN] Would create unclaimed coach profile: Grace Shultz (grace.shultz@slu.edu) → coaches/grace.shultz
[DRY RUN] Would create unclaimed coach profile: Emily Cichon (emily.m.thibon@slu.edu) → coaches/emily.m.thibon
[DRY RUN] Would create unclaimed coach profile: Stephanie Dankenbring (stephanie.dankenbring@slu.edu) → coaches/stephanie.dankenbring
[DRY RUN] Would create unclaimed coach profile: Clare LaBlance (clare.lablance@slu.edu) → coaches/clare.lablance
[DRY RUN] Would create unclaimed coach profile: Miles Miller (miles.miller@slu.edu) → coaches/miles.miller
[DRY RUN] Would create unclaimed coach profile: Jason Eary (jason.eary@slu.edu) → coaches/jason.eary
[DRY RUN] Would create unclaimed coach profile: Zak Boisvert (zachary.boisvert@slu.edu) → coaches/zachary.boisvert
[DRY RUN] Would create unclaimed coach profile: Antone Gray (antone.gray@slu.edu) → coaches/antone.gray
[DRY RUN] Would create unclaimed coach profile: Corey Tate (corey.tate@slu.edu) → coaches/corey.tate
[DRY RUN] Would create unclaimed coach profile: Rob Gardiner (robert.gardiner@slu.edu) → coaches/robert.gardiner
[DRY RUN] Would create unclaimed coach profile: Phil Gaetano (philip.gaetano@slu.edu) → coaches/philip.gaetano
[DRY RUN] Would create unclaimed coach profile: Rebecca Tillett (rebecca.tillett@slu.edu) → coaches/rebecca.tillett
[DRY RUN] Would create unclaimed coach profile: Jimmy Colloton (jimmy.colloton@slu.edu) → coaches/jimmy.colloton
[DRY RUN] Would create unclaimed coach profile: Ka'lia Johnson (kalia.johnson@slu.edu) → coaches/kalia.johnson
[DRY RUN] Would create unclaimed coach profile: Frozena Jerro (frozena.jerro@slu.edu) → coaches/frozena.jerro
[DRY RUN] Would create unclaimed coach profile: Chyna Latimer (chyna.latimer@slu.edu) → coaches/chyna.latimer
[DRY RUN] Would create unclaimed coach profile: Jon Bell (jon.bell@slu.edu) → coaches/jon.bell
[DRY RUN] Would create unclaimed coach profile: Rexi Parcells (rexi.parcells@slu.edu) → coaches/rexi.parcells
[DRY RUN] Would create unclaimed coach profile: Laura Hurff (laura.hurff@slu.edu) → coaches/laura.hurff
[DRY RUN] Would create unclaimed coach profile: Teresa Schmidt (teresa.schmidt.1@slu.edu) → coaches/teresa.schmidt.1
[DRY RUN] Would create unclaimed coach profile: Kevin Kalish (kkalish2@slu.edu) → coaches/kkalish2
[DRY RUN] Would create unclaimed coach profile: Kevin Stoll (kevin.stoll@slu.edu) → coaches/kevin.stoll
[DRY RUN] Would create unclaimed coach profile: Jack Roberts (jack.roberts@slu.edu) → coaches/jack.roberts
[DRY RUN] Would create unclaimed coach profile: Carlos Tofern (jan.tofern@slu.edu) → coaches/jan.tofern
[DRY RUN] Would create unclaimed coach profile: Katie Shields (katie.shields@slu.edu) → coaches/katie.shields
[DRY RUN] Would create unclaimed coach profile: Megan Link (megan.link@slu.edu) → coaches/megan.link
[DRY RUN] Would create unclaimed coach profile: Cal McKee (caleb.mckee@slu.edu) → coaches/caleb.mckee
[DRY RUN] Would create unclaimed coach profile: Brionna Halverson (brionna.halverson@slu.edu) → coaches/brionna.halverson
[DRY RUN] Would create unclaimed coach profile: Christy Connoyer (christy.connoyer@slu.edu) → coaches/christy.connoyer
[DRY RUN] Would create unclaimed coach profile: Maxine Rodriguez (maxine.rodriguez@slu.edu) → coaches/maxine.rodriguez
[DRY RUN] Would create unclaimed coach profile: Carter LaValley (carterlavalley@slu.edu) → coaches/carterlavalley
[DRY RUN] Would create unclaimed coach profile: Ryan McCoy (ryan.mccoy@slu.edu) → coaches/ryan.mccoy
[DRY RUN] Would create unclaimed coach profile: Austin Mayer (austin.mayer@slu.edu) → coaches/austin.mayer
[DRY RUN] Would create unclaimed coach profile: Cortney Teague (cortney.teague@slu.edu) → coaches/cortney.teague
[DRY RUN] Would create unclaimed coach profile: James Tobin (james.tobin.1@slu.edu) → coaches/james.tobin.1
[DRY RUN] Would create unclaimed coach profile: Lizzie Barlow (elizabeth.barlow@health.slu.edu) → coaches/elizabeth.barlow
[DRY RUN] Would create unclaimed coach profile: Lindsay Walker (lindsay.walker@slu.edu) → coaches/lindsay.walker
[DRY RUN] Would create unclaimed coach profile: Lina Schubert (lina.schubert@slu.edu) → coaches/lina.schubert
[DRY RUN] Would create unclaimed coach profile: Andrea Beaty-Cain (andrea.beaty@slu.edu) → coaches/andrea.beaty
[DRY RUN] Would create unclaimed coach profile: Steven Zarzycki (steven.zarzycki@slu.edu) → coaches/steven.zarzycki
[DRY RUN] Would create unclaimed coach profile: Kyle Cohan (kyle.cohan@slu.edu) → coaches/kyle.cohan
[DRY RUN] Would create unclaimed coach profile: Anna Bair (anna.bair@slu.edu) → coaches/anna.bair
[DRY RUN] Would create unclaimed coach profile: Bryce Darnell (darnell-b@mssu.edu) → coaches/darnell-b
[DRY RUN] Would create unclaimed coach profile: Nick Tuck (tuck-n@mssu.edu) → coaches/tuck-n
[DRY RUN] Would create unclaimed coach profile: Octavio Sanchez (Sanchezii-O@mssu.edu) → coaches/Sanchezii-O
[DRY RUN] Would create unclaimed coach profile: Kristen Hermann (Hermann-k@mssu.edu) → coaches/Hermann-k
[DRY RUN] Would create unclaimed coach profile: Ashleigh Fyock (fyock-a@mssu.edu) → coaches/fyock-a
[DRY RUN] Would create unclaimed coach profile: Atiba Bradley (bradley-a@mssu.edu) → coaches/bradley-a
[DRY RUN] Would create unclaimed coach profile: Joe Bettasso (bettasso-j@mssu.edu) → coaches/bettasso-j
[DRY RUN] Would create unclaimed coach profile: Colton Meyers (meyers-c@mssu.edu) → coaches/meyers-c
[DRY RUN] Would create unclaimed coach profile: Casey Carlo (carlo-c@mssu.edu) → coaches/carlo-c
[DRY RUN] Would create unclaimed coach profile: Ashly Salomonsky (salomonsky-a@mssu.edu) → coaches/salomonsky-a
[DRY RUN] Would create unclaimed coach profile: Zion Williams (williams-z@mssu.edu) → coaches/williams-z
[DRY RUN] Would create unclaimed coach profile: Akeem Judd (judd-a@mssu.edu) → coaches/judd-a
[DRY RUN] Would create unclaimed coach profile: Herbert Moore (moore-h@mssu.edu) → coaches/moore-h
[DRY RUN] Would create unclaimed coach profile: Derrick Catron (Catron-d@mssu.edu) → coaches/Catron-d
[DRY RUN] Would create unclaimed coach profile: Sam McMahon (mcmahon-s@mssu.edu) → coaches/mcmahon-s
[DRY RUN] Would create unclaimed coach profile: Jason Owens (owens-j@mssu.edu) → coaches/owens-j
[DRY RUN] Would create unclaimed coach profile: Ronnie Ressel (ressel-r@mssu.edu) → coaches/ressel-r
[DRY RUN] Would create unclaimed coach profile: Bryant Porter (porter-b@mssu.edu) → coaches/porter-b
[DRY RUN] Would create unclaimed coach profile: Rebekah Wendland (wendland-r@mssu.edu) → coaches/wendland-r
[DRY RUN] Would create unclaimed coach profile: Luke Huddleston (huddleston-t@mssu.edu) → coaches/huddleston-t
[DRY RUN] Would create unclaimed coach profile: Brian Allen (allen-b@mssu.edu) → coaches/allen-b
[DRY RUN] Would create unclaimed coach profile: Jamie Burnham (burnham-j@mssu.edu) → coaches/burnham-j
[DRY RUN] Would create unclaimed coach profile: Jason Francis (francis-j@mssu.edu) → coaches/francis-j
[DRY RUN] Would create unclaimed coach profile: Hallie Blackney (blackney-h@mssu.edu) → coaches/blackney-h
[DRY RUN] Would create unclaimed coach profile: Lexi Kinnaird (kinnaird-a@mssu.edu) → coaches/kinnaird-a
[DRY RUN] Would create unclaimed coach profile: Justin Rodriguez (rodriguez-j@mssu.edu) → coaches/rodriguez-j
[DRY RUN] Would create unclaimed coach profile: Joshua Moore (moore-j@mssu.edu) → coaches/moore-j
[DRY RUN] Would create unclaimed coach profile: Hannah Poynor (poynor-h@mssu.edu) → coaches/poynor-h
[DRY RUN] Would create unclaimed coach profile: Sierra Zadravecz (Sierra.Zadravecz@williamwoods.edu) → coaches/Sierra.Zadravecz
[DRY RUN] Would create unclaimed coach profile: John Cavness (John.Cavness@williamwoods.edu) → coaches/John.Cavness | Phone: (573) 592-1187
[DRY RUN] Would create unclaimed coach profile: Tyler Bracht (Tyler.Bracht@williamwoods.edu) → coaches/Tyler.Bracht
[DRY RUN] Would create unclaimed coach profile: Isaiah Gibbs (isaiah.gibbs@williamwoods.edu) → coaches/isaiah.gibbs
[DRY RUN] Would create unclaimed coach profile: Andrew Green (andrew.green@williamwoods.edu) → coaches/andrew.green
[DRY RUN] Would create unclaimed coach profile: Michael Ward (michael.ward@williamwoods.edu) → coaches/michael.ward
[DRY RUN] Would create unclaimed coach profile: Morgan Scott (morgan.scott@williamwoods.edu) → coaches/morgan.scott
[DRY RUN] Would create unclaimed coach profile: Charlie Holloway (charle.holloway@williamwoods.edu) → coaches/charle.holloway
[DRY RUN] Would create unclaimed coach profile: Sam Camp (Sam.Camp@williamwoods.edu) → coaches/Sam.Camp
[DRY RUN] Would create unclaimed coach profile: Troy Kowal (troy.kowal@williamwoods.edu) → coaches/troy.kowal
[DRY RUN] Would create unclaimed coach profile: Charles Barnes (charles.barnes@williamwoods.edu) → coaches/charles.barnes
[DRY RUN] Would create unclaimed coach profile: Chuck Wade (charles.wade@williamwoods.edu) → coaches/charles.wade
[DRY RUN] Would create unclaimed coach profile: Seth Matlock (seth.matlock@williamwoods.edu) → coaches/seth.matlock
[DRY RUN] Would create unclaimed coach profile: Joseph Ceto (joseph.ceto@williamwoods.edu) → coaches/joseph.ceto
[DRY RUN] Would create unclaimed coach profile: Connor Hess (connor.hess@williamwoods.edu) → coaches/connor.hess
[DRY RUN] Would create unclaimed coach profile: Ivan Lloay (ivan.lloay@williamwoods.edu) → coaches/ivan.lloay
[DRY RUN] Would create unclaimed coach profile: William Francoletti (william.francoletti@williamwoods.edu) → coaches/william.francoletti
[DRY RUN] Would create unclaimed coach profile: Tracy Gastineau (Tracy.Gastineau@williamwoods.edu) → coaches/Tracy.Gastineau
[DRY RUN] Would create unclaimed coach profile: Mia Santos (mia.santos@williamwoods.edu) → coaches/mia.santos
[DRY RUN] Would create unclaimed coach profile: Aubrey Wilson (aubrey.wilson@williamwoods.edu) → coaches/aubrey.wilson
[DRY RUN] Would create unclaimed coach profile: Tony Eierman (tony.eierman@williamwoods.edu) → coaches/tony.eierman
[DRY RUN] Would create unclaimed coach profile: Mike Eierman (mike.eierman@williamwoods.edu) → coaches/mike.eierman
[DRY RUN] Would create unclaimed coach profile: Darren Munns (ddmunns@ccis.edu) → coaches/ddmunns
[DRY RUN] Would create unclaimed coach profile: Craig "Boomer" (cemcandrews@ccis.edu) → coaches/cemcandrews
[DRY RUN] Would create unclaimed coach profile: Zach Bishop (zbishop@ccis.edu) → coaches/zbishop
[DRY RUN] Would create unclaimed coach profile: Tomas Brock (thbrock@ccis.edu) → coaches/thbrock
[DRY RUN] Would create unclaimed coach profile: Matt Woodcock (mrwoodcock1@ccis.edu) → coaches/mrwoodcock1
[DRY RUN] Would create unclaimed coach profile: Makiah Wade (mwade@ccis.edu) → coaches/mwade
[DRY RUN] Would create unclaimed coach profile: Matt Moore (mmoore31@ccis.edu) → coaches/mmoore31
[DRY RUN] Would create unclaimed coach profile: Allison Helsel (arhelsel@ccis.edu) → coaches/arhelsel
[DRY RUN] Would create unclaimed coach profile: Damon Helgevold (dhelgevold@ccis.edu) → coaches/dhelgevold
[DRY RUN] Would create unclaimed coach profile: Danniele Liles (drliles1@ccis.edu) → coaches/drliles1
[DRY RUN] Would create unclaimed coach profile: Amanda Roberts (aroberts@ccis.edu) → coaches/aroberts
[DRY RUN] Would create unclaimed coach profile: Mason McCaleb (mdmccaleb1@ccis.edu) → coaches/mdmccaleb1
[DRY RUN] Would create unclaimed coach profile: Ryan Bontz (rbontz@ccis.edu) → coaches/rbontz
[DRY RUN] Would create unclaimed coach profile: Nadia Fanjul (nfanjulsanchezp1@cougars.ccis.edu) → coaches/nfanjulsanchezp1
[DRY RUN] Would create unclaimed coach profile: Lindsay Zeiter (lzeiter@ccis.edu) → coaches/lzeiter
[DRY RUN] Would create unclaimed coach profile: Noah Wilson (ndwilson4@ccis.edu) → coaches/ndwilson4
[DRY RUN] Would create unclaimed coach profile: Carson Hall (crhall4@ccis.edu) → coaches/crhall4
[DRY RUN] Would create unclaimed coach profile: Barry Doty (bdoty@ccis.edu) → coaches/bdoty
[DRY RUN] Would create unclaimed coach profile: Billy Dineen (wtdineen@ccis.edu) → coaches/wtdineen
[DRY RUN] Would create unclaimed coach profile: Cooper Bryant (cebryant1@ccis.edu) → coaches/cebryant1
[DRY RUN] Would create unclaimed coach profile: Nathan Mason (ntmason@ccis.edu) → coaches/ntmason
[DRY RUN] Would create unclaimed coach profile: Jackson Schrum (jrschrum1@ccis.edu) → coaches/jrschrum1
[DRY RUN] Would create unclaimed coach profile: Lauren Robb (lrobb@ccis.edu) → coaches/lrobb
[DRY RUN] Would create unclaimed coach profile: Kevin Roderique (klroderique@ccis.edu) → coaches/klroderique
[DRY RUN] Would create unclaimed coach profile: Wendy Spratt (wsspratt@ccis.edu) → coaches/wsspratt
[DRY RUN] Would create unclaimed coach profile: Jordan Logan (jclogan1@ccis.edu) → coaches/jclogan1
[DRY RUN] Would create unclaimed coach profile: Allison Jones-Olson (ajonesolson@ccis.edu) → coaches/ajonesolson
[DRY RUN] Would create unclaimed coach profile: Annabelle Maassen (ammaassen@ccis.edu) → coaches/ammaassen
